22 37 187 205 2740 2745
2745 194 208 986 1816 2739
208 14 209 298 1315 2738
1315 3 4 5 648 1345
648 2 8 12
1345 2 4 8 9 10
2738 4 224 240 493 2737
493 2 8
2737 11 14 217 412 648
217 2 8 10 12 219
219 1 9
412 5 6
224 5 9
240 11 13 14
209 5 14 356 1314 1616
1616 7 8 10 12 13
1314 6 11 441 1352 1630
1630 2 8 9 11 221
221 3 4
1352 2 8 10 12
441 2 8 10
356 2 3 6
298 7 11
194 3 1214 1217 1812 1814
1812 5 13 14 296 311
296 8 10 12
311 1 3 6
1214 5 255 1216 1323 1619
1323 4 9 226 251 1832
251 11 13 14
226 2 8 10
1832 9 11 14 221 226
1619 13 14 170 298 356
170 2 3 4
1216 4 7 1217 1826 2682
2682 8 12 251 647 1824
647 5 7 9
1824 3 5 9 226 369
369 7 11 14
1826 11 14 255 343 1325
343 5 6
1325 3 7 9 14 226
255 8 10 12
1814 1 4 296 359 360
360 5 6
359 7 13 14
1217 5 8 10 12 251
2739 175 179 441 695 2673
179 9 14 493 691 1463
691 5 6 14 70 221
70 7 13
1463 3 4 7 13 412
695 12 13 14 412 697
697 4 7 13 14 412
175 5 177 240 687 1459
687 2 8 12 272 647
272 3 5
177 11 14 454 1886 1888
1886 8 11 151 440 684
684 1 2 6 10 14
151 1 2 12
440 6 14
1888 3 13 14 412 441
454 1 2 8 10 12
1459 3 4 7 441 648
2673 5 7 14 692 1881
1881 4 14 70 412 648
692 3 4 6 441 648
986 1 296 983 987 1836
983 7 347 369 401 1180
401 3 4 6
1180 5 14
347 3 4 5
987 5 240 979 1540
1540 4 7 231 364 521
231 1 8 9
521 1 8 10
364 1 8 12
979 1 8 10 362 366
366 3 5
362 5 7 9
1836 11 14 296 360 981
981 3 7 9 14 495
495 1 8 12
1816 347 378 495 1220 2684
1220 3 5 9 369 1601
1601 4 11 13 14 401
378 9 11 14
2684 4 9 238 359 360
238 9 13 14
187 1073 1082 1851 1852 2678
1852 2 13 296 1351 1560
1351 4 5 6 7
1560 3 5 6 11 13
1851 5 299 442 443 894
443 1 2 8 10 12
894 1 2 8 9 12
299 3 13
442 4 7
1073 211 374 1069 1074 1858
1069 3 4 5 215 368
215 9 11 13
368 7 9 11
211 2 8 12
1074 5 219 226 1860 1862
1862 11 170 212 224 1072
1072 2 3 6 7 224
212 8 12
1860 2 8 11 342 360
342 10 12
1858 5 296 298 486 570
486 5 6 7
570 2 3 4
374 8 9 12 170 412
1082 4 163 296 1083 1855
163 2 5 7 11 13
1855 7 150 255 370 1080
150 5 6
1080 1 5 6 11 1343
1343 1 3 4 5 298
370 1 3 4
1083 214 819 872 1078 1109
1109 1 3 5 9 298
214 8 10
819 5 6 13
872 1 3 12
1078 5 9 13 234 2677
2677 5 9 11 154 1095
1095 5 7 9 311
154 1 3 4
234 1 4 6
2678 2 212 224 235 1090
235 2 4 6 13
1090 5 6 9 70 164
164 7 11 13
2740 184 191 255 1202 2681
2681 11 14 150 521 1842
1842 7 12 77 363 569
77 5 14
363 1 8
569 3 4 6
184 77 827 1865 1868 1870
1865 1 3 5 240 568
568 8 12
1868 7 13 14 150 824
824 4 9 12 363 521
1870 12 14 521 819 823
823 1 3 4 231 568
827 13 231 297 311 401
297 8 10
1202 1 4 5 164 466
466 1 4 6 7 13
191 150 214 499 1591 2680
499 1 4 5 215
1591 1 7 9 13 154
2680 5 11 13 872 1039
1039 5 7 11 13 219
37 181 196 200 201 202
200 7 11 77 1605 1608
1608 3 4 12 231 521
1605 1 12 297 311 401
202 204 541 1280 2710 2712
2712 1196 1248 1756 1758 1762
1756 3 14 46 1026 1156
1026 2 5 6 12
1156 1 5 6 12
46 7 9
1758 3 5 9 349 354
354 1 12
349 7 11 14
1762 4 5 354 594 1246
1246 1 9 342 404 492
492 9 11 13
404 11 13 14
594 9 11 13 14
1248 4 5 333 594 1754
1754 1 14 247 329 342
247 5 7 9
329 3 6
333 2 12
1196 3 342 1187 1193 1788
1788 3 9 349 1333 1585
1585 1 3 5 10 333
1333 1 2 5 10
1193 1 5 9 327 1195
327 7 11
1195 5 7 9 11 14
1187 14 46 150 350 1188
350 1 10
1188 11 14 257 353 1589
1589 2 5 7 9 11
353 10 12
257 5 7 9
541 9 11
2710 9 333 1277 1718 1723
1718 5 6 10 12 1720
1720 1 4 9 13 14
1277 1 13 221 232 440
232 4 5
1723 4 5 9 354 439
439 6 13 14
1280 1 5 221 342 1614
1614 5 14 333 342 354
204 1036 1130 1273 1767 2699
1130 7 401 1122 1132 1571
1571 5 12 14 348 350
348 1 2 10
1132 69 75 1124 1127 1771
1127 5 7 10 328 341
328 7 11 13
341 11 13 14
1771 12 14 350 351 361
361 4 5 6
351 7 13
75 7 13 14
1124 4 5 6 348 350
69 1 4
1122 5 10 12 69 404
1273 9 850 1270 1275 2706
850 341 402 1752 2703 2704
402 1 5 7 9
2703 5 10 12 46 404
1752 1 5 10 250 601
601 7 9 11 13
250 2 12
2704 2 14 353 1749 1750
1750 1 3 5 6 1751
1751 2 7 9 10 14
1749 3 5 6 7 9
1270 75 353 401 1026 1180
2706 1 339 342 343 1727
1727 6 13 14 247 342
339 7 9 13
1275 353 541 1262 1269 1611
1262 2 257 341 1261 1264
1261 10 12 13 404 1307
1307 6 14
1264 9 75 876 1256 1739
1256 5 6 350 354 1333
876 1 2 7 9 341
1739 2 5 6 339 353
1269 14 326 345 347 1737
326 1 3 4
345 2 10
1737 3 4 5 14 350
1611 2 3 4 5 14
2699 6 14 921 1765 1768
1765 5 7 14 350 401
921 1 4 9 13 345
1768 9 12 77 350 1207
1207 1 5 10 14 333
1036 5 594 613 1037 1777
613 1 4 10
1777 2 4 5 353 492
1037 4 9 1551 1785 2696
1551 5 341 353 404 1333
2696 6 14 326 345 1783
1783 2 3 4 353 360
1785 5 14 345 350 401
1767 14 150 338 613 1211
338 9 13
1211 2 10 12 14 361
181 8 14 182 700 1466
700 13 219 454 493 1340
1340 4 7 8 151 454
1466 3 13 151 153 442
153 1 2 10
182 3 5 13 47 453
453 1 2 8 10 12
47 4 7
201 14 298 366 1250 2695
2695 3 14 149 231 1794
149 5 6 7
1794 5 6 11 14 364
1250 4 9 12 363 521
196 197 1222 1226 1804 2690
197 5 255 1228 2691 2693
1228 3 47 236 251 359
236 2 4 6
2691 12 214 251 362 1094
1094 7 9 14 311
2693 343 355 1167 1231 1233
1231 2 7 9 12 214
1233 4 9 226 238 359
355 3 4 6
1167 5 14
1226 227 372 377 733
377 9 11 14 170 213
213 8 10 12
227 2 4 9 213 251
372 6 9 14 170 213
733 7 9 14 213 356
1222 213 500 1093 1223 1811
500 4 219 234 238 251
1093 6 7 13 14 219
1223 7 222 251 1806 1809
1809 1 3 4 6 14
1806 1 9 221 342 343
222 8 9 10 12
1811 9 77 354 355 1335
1335 2 5 10 12 14
1804 154 213 237 378 1108
1108 3 7 11 14 219
237 9 13 14 236
2690 2 3 222 369 510
510 2 6 7 13 14
205 206 788 789 1297 1298
788 1 11 779 1698 2716
779 5 6 10 12 14
1698 6 13 14 348 783
783 2 5 6 12 350
2716 11 14 45 334 785
334 1 2 12
785 5 6 10 13 14
45 1 2
206 81 1164 1176 1304 2733
1304 5 10 12 14 223
223 11 13
2733 3 5 45 341 2732
2732 1 14 333 1301 1636
1301 3 4 7 10 13
1636 13 337 353 766 1180
337 1 3 6
766 2 5 10 14
81 1 3
1176 3 354 1173 1178 2720
1173 5 6 10 13 14
2720 1 5 8 10 14
1178 10 14 39 1677 1680
1680 7 77 330 354 1171
1171 3 4 5 14 327
330 3 4 6
1677 5 6 7 11 1678
1678 1 3 4 10 12
39 8 12
1164 347 613 1158 1161 1166
1166 4 75 1156 1692 2718
2718 10 13 77 1157 1685
1685 1 4 13 342 344
344 5 6 7
1157 1 3 6 12
1692 4 5 7 45 341
1158 12 14 327 348 350
1161 7 12 77 349 366
789 490 763 770 777 2715
2715 3 6 13 766 1707
1707 2 11 12 14 412
770 5 6 10 11 13
490 2 3 12
763 11 760 1711 1715 2713
1711 1 10 14 70 333
760 1 2 5 10 12
1715 2 3 5 341 758
758 3 13 14 342 343
2713 10 272 333 439 1710
1710 3 5 13 14
777 10 11 14 769 1488
1488 2 5 6 12
769 2 3 5 12 404
1298 333 1182 1183 1186 2731
1186 1 5 264 2725 2726
2725 2 5 14 39 416
416 1 2 8 10 12
264 8 10
2726 1 2 5 8 14
2731 4 75 1026 1291 2729
2729 5 13 327 426 1647
1647 3 4 5 345 349
426 2 4 12
1291 10 13 14 333 344
1183 5 7 10 14 355
1182 5 10 14 221 327
1297 1673 2722 2723 2724 2730
1673 4 75 345 360 868
868 5 7 10 14 333
2730 2 4 7 1293 2728
2728 7 569 766 1288 1644
1644 2 3 4 10 12
1288 5 6 7 11
1293 5 10 12 341 404
2723 5 221 333 349 1661
1661 2 4 7 404 861
861 5 10
2724 3 45 342 344 1667
1667 5 6 7 353 863
863 1 2 3 4 13
2722 7 14 337 345 1674
1674 3 6 7 14 334
21 36 1113 1154 1155 2665
2665 12 998 1004 1009 2663
998 12 993 994 1948 1949
1949 7 12 170 369 1265
1265 6 14
1948 6 13 14 489 872
489 2 3 12
993 1 2 4 6 359
994 3 11 47 251 1265
2663 7 412 1329 2660 2661
2661 5 10 12 14 1906
1906 1 7 13 156 412
156 2 10 12
2660 5 12 70 236 1904
1904 1 3 10 12 149
1329 2 3 4 10 12
1004 2 11 412 1006 1203
1006 7 369 370 1080 1307
1203 1 4 5 164
1009 5 12 170 298 2641
2641 5 11 13 489 872
36 159 170 378 2640 2671
2671 1 172 2666 2667 2668
2667 5 6 11 153 156
2666 6 11 151 170 224
172 10 11 12 819 1357
1357 2 5 6 10 12
2668 7 10 150 154 1894
1894 2 4 5 12 164
159 2 4 1556 2638 2639
2639 3 5 9 164 369
2638 10 11 272 360 368
1556 5 9 11 13 14
2640 7 9 251 1039
1155 10 1142 1151 1915 2656
1915 5 12 149 370 466
2656 3 13 47 151 2655
2655 5 6 13 489 872
1142 2 11 13 367 1578
1578 3 5 6 11 13
367 1 3 5
1151 234 359 1152 1910 1911
1152 4 7 251 510 1167
1911 5 6 7 11 570
1910 6 7 11 14 154
1154 154 455 591 1136 1140
455 1 2 3 10 13
1140 4 10 163 1134 2653
1134 2 7 13 233 1351
233 1 4 5 6
2653 1 3 164 819 971
971 1 4 5
1136 9 150 298 861 1307
591 1 2 4 7 10
1113 1096 1103 1109 1926 2651
1926 6 10 14 1112 1564
1112 14 154 298 570 2650
2650 3 11 13 14 311
1564 2 3 4 7 13
1103 2 219 237 1105 2648
2648 2 5 6 450 1072
450 7 9 13
1105 5 9 235 1101 1934
1101 5 6 14 170 510
1934 7 9 14 356
2651 5 9 11 154 1108
1096 499 1095 2644 2645 2646
2646 9 13 233 1093 1094
2645 1 150 154 378 450
2644 4 219 234 238 251
20 141 2624 2625 2636 2637
2637 3 143 962 965 2635
143 9 145 925 950 1969
145 7 957 2630 2631 2633
957 3 10 12 13 69
2631 3 13 39 416 1972
1972 2 3 8 12 13
2630 7 8 13 45 326
2633 1 7 490 945 1967
1967 9 10 13 326 949
949 1 3 4 333 345
945 1 2 10 12 13
950 4 10 12 490 702
702 3 13
925 13 923 2627 2628
923 7 10 39 426 703
703 2 3 4
2628 264 299 351 413 921
413 2 3 4
2627 4 7 8 80 490
80 1 3 13
1969 1 2 3 7 10
962 7 9 13 214 1535
1535 4 7 12 231 521
965 212 442 450 478 1963
478 8 10 12 13
1963 4 9 13 495
2635 7 13 154 297 1961
1961 4 7 225 255 299
225 2 8 9 10
141 3 7 9 211 929
929 13 219 493 955 1340
955 8 9 170 591 1995
1995 3 7 8 156 1532
1532 8 10 12 170 570
2636 137 138 338 855 856
138 81 139 339 1998 2000
139 12 46 490 702 885
885 1 3 10 12 13
1998 4 8 9 13 230
230 2 10 12
2000 4 13 213 219 450
855 1 3 4 10 12
856 1 3 4 10 333
137 1 2 3 339 2005
2005 4 9 81 299 342
2625 9 211 221 2620 2623
2623 3 7 13 932 937
932 4 7 9 12 363
937 3 12 214 219 370
2620 3 13 219 226 1987
1987 2 7 8 9
2624 9 154 214 217 1989
1989 3 4 7 592 894
592 2 8 10 12
19 31 123 130 131 132
132 6 676 680 972 2614
676 11 70 170 1345 1457
1457 7 8 9 11 12
2614 2 8 11 219 975
975 3 13 47 151 591
680 8 9 11 457 2613
2613 8 12 217 236 312
312 7 11 13
457 2 3 6 7 235
972 11 299 441 973 2015
973 8 11 13 156 489
2015 7 11 297 489 570
123 6 321 322 2123 2585
2123 6 9 164 212 319
319 1 3 4 215 368
321 7 8 11 12 370
2585 11 13 297 311 2584
2584 12 234 297 312 2126
2126 1 3 6 7 11
322 8 11 13 822 872
822 1 8 10 12
131 620 634 2606 2607 2612
2612 6 604 612 744 755
755 9 11 747 750 2035
2035 1 4 6 10 492
747 11 353 371 520 1355
1355 2 3 6 12
520 3 4 6
371 4 10
750 3 6 10 69 829
829 1 2 4
612 10 12 602 2071 2599
2071 1 6 10 333 541
602 7 9 11 13
2599 2 6 12 339 601
604 1 10 339 601 606
606 1 10 12 541 602
744 9 13 1483 2041 2043
1483 2 4 10 11 12
2043 4 9 11 13 345
2041 2 3 4 10 541
634 326 628 635 2052 2054
628 6 7 10 11 12
2052 6 10 69 328 351
635 12 327 334 625 631
625 2 3 4 6
631 3 6 7 10 11
2054 6 10 11 351 623
623 1 4 12
2606 10 11 13 337 2047
2047 6 10 11 12 80
2607 11 13 45 639 2045
2045 3 6 7 10 426
639 1 2 6 10 12
620 6 615 2060 2063 2602
615 4 250 351 1443 2068
1443 2 10 12 13 327
2068 2 3 4 10 327
2060 6 7 11 342 413
2063 2 4 6 12 2064
2064 7 10 11 13
2602 1 10 327 333 2065
2065 4 6 12 327 350
31 459 474 2591 2592 2615
474 255 466 475 2111 2113
2113 7 13 234 311 465
465 8 9 11
2111 6 8 219 312 472
472 1 4 6 8 12
475 6 154 255 1415 1418
1415 1 3 4 7 13
1418 7 8 9 10 11
2592 6 9 214 480 483
480 299 442 443 592 894
483 3 7 13 234 311
2591 2 6 442 478 2590
2590 2 7 296 330 2104
2104 1 6 8 10 450
459 8 11 455 461 2586
461 8 9 12 456 2587
2587 6 47 211 450 453
456 3 7 13 236 356
2586 1 6 9 226 2114
2114 7 11 13 454
2615 118 121 122 2145 2146
2146 1 4 213 215 292
292 1 2 3 9 298
118 6 226 255 288 2144
288 3 7 11 13 170
2144 4 9 11 12 13
122 6 226 304 307 2582
304 9 11 164 170 214
2582 4 6 164 255 2133
2133 3 6 11 13 296
307 3 4 6 215 368
121 4 6 164 296 303
303 154 212 296 298 494
494 9 11
2145 11 154 164 170 222
130 9 327 565 888 2610
565 7 553 562 566 2597
562 1 10 12 252 1355
252 3 4 6
566 327 540 559 2098 2099
559 1 2 3 10 561
561 6 252 326 345 354
2098 1 2 6 8 11
540 6 11 264 416 2594
2594 2 6 10 11 39
2099 1 6 8 10 11
553 9 11 12 544 555
544 1 2 3 4 6
555 9 342 550 2088 2093
2093 4 6 333 354 492
550 1 3 4 6 11
2088 1 11 300 338 342
300 4 6
2597 6 13 490 2077 2079
2077 2 3 6 12 2078
2078 10 11 13
2079 2 3 6 11 13
2610 6 12 46 602 891
891 3 6 10 250 893
893 3 6 11 353 2028
2028 1 10 11 12
888 3 6 345 354 890
890 1 3 6 10 333
18 93 102 108 2577 2581
93 95 269 427 438 2523
427 5 6 13 14 429
429 3 5 6 14 223
2523 9 439 442 443 2359
2359 5 330 341 441 523
523 7 9
95 39 264 420 425 447
425 8 341 411 413 2520
411 5 6 7
2520 7 39 416 418 2375
418 11 13 14
2375 1 3 4 5 6
420 245 411 422 703 1405
245 11 13 14
422 2 221 324 485 1402
324 11 13 14
1402 5 6 7 404 418
485 5 6 7
1405 5 6 7 240 251
447 4 81 448 1406 2522
2522 7 221 251 412 2362
2362 4 5 7 337 404
1406 5 6 7 324 341
448 1 149 221 245 1410
1410 5 6 7 240 332
332 11 13 14
269 1 2 4 8 12
438 3 264 426 430 433
430 8 10 11 14 412
433 3 5 11 426 435
435 2 3 4 332 344
108 109 504 581 810 2557
810 217 226 812 906 2190
906 5 7 9 1519 1522
1522 3 4 6 245 1524
1524 3 4 6 240 418
1519 251 355 404 569 1521
1521 3 4 6 324 332
812 3 6 903 919 2563
919 211 230 363 496 1525
1525 1 5 7 9 14
496 5 7 9
2563 226 916 2187 2188 2561
2188 2 7 8 219 341
2561 6 7 13 217 2181
2181 3 11 230 363 496
916 6 13 75 219 485
2187 5 7 11 13 894
903 894 901 2204 2205 2559
2559 3 6 7 217 2201
2201 5 6 7 13 229
229 2 9 10 12 363
2204 7 14 225 311 900
900 1 3 5 7 11
901 5 6 7 13 14
2205 3 219 226 349 897
897 5 219 311 328 496
2190 7 224 341 355 493
109 1 221 383 388 2568
388 170 372 374 377 380
380 1 5 9 11 213
2568 227 244 2234 2546 2567
2546 2 213 215 232 237
244 5 222 235 2237 2548
2548 4 11 13 217 2241
2241 5 9 13 226 234
2237 4 13 229 240 440
2234 1 11 211 221 224
2567 4 814 894 1499 2566
1499 5 6 11 13 14
2566 1 221 230 2176 2178
2176 8 9 11 14
2178 3 211 219 349 817
817 1 5 7 9 11
814 5 6 11 13 229
383 6 9 14 211 1388
1388 11 14 211 230 1391
1391 5 6 8 11
2557 47 151 670 2214 2555
2555 9 13 453 667 2208
667 4 5 6 7 14
2208 2 248 255 418 446
248 3 4 6
446 5 7 9
670 5 8 10 492 594
2214 252 330 495 1451 1454
1451 5 7 9 240 251
1454 5 7 9 245 332
581 154 576 583 2553 2554
2554 6 9 14 213 226
576 5 9 11 213 226
2553 9 12 150 214 378
583 9 226 341 574 578
578 11 13 14 234 971
574 1 4 9
504 495 503 506 520 1420
1420 5 7 9 324 418
506 213 499 500 2227 2551
2551 341 363 401 496 2229
2229 9 11 14 154 226
2227 5 9 13 213 234
503 5 7 9 401 404
2581 89 111 277 278 2579
278 264 275 426 1374 1375
275 5 6 13 14 829
1374 5 6 11 13 14
1375 11 13 14 329 412
89 264 265 279 281 284
281 11 366 623 829 1377
1377 5 6 11 13 14
265 3 829 1366 1369 2513
1366 6 11 14 623 829
1369 5 11 13 14
2513 11 150 326 366 623
284 5 6 7 245 332
279 1 3 4 8 12
2579 84 92 114 326 405
405 6 257 830 1397 2516
2516 10 150 601 602 2391
2391 2 5 6 8 342
1397 2 6 418 478 1352
830 7 9 10 12 404
84 1 245 258 261 2512
258 247 250 259 1360 2419
1360 1 8 10 248 300
2419 1 5 46 441 520
259 1 257 330 648 1364
1364 1 4 6 8 156
2512 247 248 249 251 2407
249 2 8 10 12
2407 1 240 252 254 257
254 2 8 10 12
261 247 251 252 255 262
262 2 247 255 330 332
92 354 409 520 878 2517
409 8 10 257 324 401
2517 1 247 341 401 2384
2384 1 12 257 401 404
878 5 8 10 46 251
114 45 839 840 881 882
881 6 13 39 75 411
840 39 264 841 1507 1510
1510 5 13 327 485 1052
1052 3 7 11 14
841 7 8 324 341 1513
1513 5 6 46 255 296
1507 3 7 349 412 1509
1509 3 5 13 327 859
859 3 6 7 14
882 6 75 264 601 861
839 601 761 876 2154 2157
2157 1 3 6 333 878
761 1 2 5 10 12
2154 3 6 249 251 402
277 3 5 11 14 269
111 2 113 355 834 1505
1505 5 10 46 341 404
834 245 247 521 569 2170
2170 1 13 247 248 255
113 333 625 830 835 2163
835 257 332 521 569 837
837 240 247 414 521 878
414 3 4 6
2163 2 12 221 412 601
2577 96 99 107 2248 2253
99 8 100 591 594 2527
100 338 443 596 1351 2526
596 3 4 11 446 1439
1439 4 7 9 11 14
2526 7 9 14 330 2339
2339 5 9 11 13 442
2527 1 296 520 598 2336
2336 2 8 330 342 446
598 5 11 13 14 523
2248 1 221 249 343 602
96 1 296 525 2524 2525
2524 251 296 330 446 2347
2347 5 341 401 521 523
2525 1 257 418 528 2344
528 3 4 6 441 648
2344 1 247 255 324 520
525 401 404 446 526 2354
2354 5 7 9 240 330
526 5 245 252 332 523
2253 247 249 324 355 797
797 8 10 248 257 333
107 247 264 418 790 793
793 1 2 3 485 795
795 2 7 14 337 2259
2259 1 2 3 5 327
790 2 12 248 521 1490
1490 1 6 8 10 221
102 103 264 398 738 741
741 7 490 1475 1478 2542
2542 3 4 149 251 2265
2265 2 3 4 245 486
1478 5 6 7 11 14
1475 2 3 4 1476 1480
1476 2 5 330 404
1480 5 6 11 13 14
103 588 660 714 2288 2531
660 5 523 652 653 662
653 3 4 11 453 2312
2312 1 8 12 341 569
652 6 221 254 324 404
662 341 648 657 2305 2307
657 1 5 6 221 523
2305 14 453 523 569 655
655 3 4 7 9 11
2307 1 5 255 523 569
588 7 251 531 589 2314
2314 2 5 12 164 264
531 8 10 12
589 1 12 264 1429 1432
1432 5 6 7 13 14
1429 1 5 164 1430 2320
2320 1 3 6 7 14
1430 5 14 81 149 298
714 414 708 2293 2295 2297
2297 5 251 255 523 569
708 254 324 495 647 1469
1469 5 11 13 14 523
2295 404 495 569 647 712
712 2 5 240 255 523
2293 240 355 362 495 707
707 3 4 6 341 418
2288 12 297 341 721 1472
1472 5 7 9 311 356
721 226 330 454 523 647
2531 248 495 722 2284 2289
722 5 7 9 245 332
2289 8 12 251 355 647
2284 3 4 6 226 725
725 5 7 9 324 418
398 279 326 392 395 2322
395 5 6 7 240 251
2322 73 264 341 391 1351
391 4 7 150 324 2328
2328 4 5 6 7 418
73 2 3
392 8 12 341 485 1394
1394 5 6 7 324 1396
1396 5 6 7 404 418
738 226 517 732 739 804
804 5 7 9 1493 1496
1493 3 4 6 332 404
1496 3 4 6 240 245
732 229 401 801 807 2535
2535 2 3 222 369 2276
2276 2 3 5 213 368
801 5 7 9 214 251
807 3 6 7 11 14
739 213 733 735 2269 2539
735 1072 1094 1095 1108 1109
2539 7 163 222 229 240
2269 1 2 3 213 368
517 213 513 519 1039 1093
519 7 222 251 2280 2534
2280 6 7 13 14 229
2534 222 250 264 510 514
514 5 6 7 13 14
513 1 2 5 6 450
17 27 2423 2506 2507 2508
2508 1 6 11 13 73
27 2 4 6 75 2509
2509 1 2 4 7 13
2507 2 5 13 14 81
2506 1 2 4 7 77
2423 1 2 6 11
16 25 64 65 67 68
25 5 56 57 60 1010
57 13 58 150 1020 2458
2458 3 4 7 10 150
58 10 13 485 2461 2491
2491 11 150 350 366 371
2461 3 5 11 13 345
1020 1 2 3 4 10
60 6 14 1028 2494 2495
2494 6 10 11 75 1026
2495 7 12 13 412 2493
2493 10 13 14 337 2452
2452 4 5 6 12 13
1028 3 4 7 10 1029
1029 2 3 4 10 13
1010 11 12 328 334 1011
1011 1 3 4 12 223
56 11 354 360 2465 2466
2466 4 5 10 11 13
2465 3 5 11 287 1015
1015 2 7 11 12 13
287 4 12
64 12 341 1050 1062 2502
1062 1 2 3 287 371
1050 3 4 10 11 14
2502 3 7 341 1065 2439
2439 2 6 11 14
1065 4 7 11 12 14
68 10 327 366 2431 2504
2504 11 12 350 366 2433
2433 3 5 11 13 350
2431 2 5 6 10 11
65 439 1047 1056 1060 2442
1060 3 10 349 1050 2443
2443 3 4 6 12 14
1047 13 412 1046 1049 2497
2497 1 2 6 11 14
1049 3 13 1026 1043 2496
1043 4 5 6 7 12
2496 1 2 5 14
1046 1 2 3 12
1056 1 2 3 4 12
2442 6 10 12 75 859
67 5 10 11 348 1567
1567 7 11 13 326 337
15 40 43 44 2473 2488
44 7 8 222 531 1283
1283 1 2 4 7 12
2488 1 2 4 46 2487
2487 4 7 8 12 45
40 4 9 42 211 2485
42 7 214 217 574 1236
1236 1 2 4 8 9
2485 4 10 12 523 2482
2482 4 7 8 9 12
43 8 9 10 416 442
2473 9 10 50 69 442
50 1 2 4 10 12
