22 38 198 202 1797 1801 2692 2741
38 193 207 1164 1176 2734 2742 2743
2734 3 5 45 341 1634 1636 1640
1640 1 3 5 10 12 14 223
223 11 13
1634 3 4 7 10 13 14 334
334 1 2 12
45 1 2
1636 2 5 10 12 13 14 337
337 1 3 6
341 11 13 14
1164 3 4 5 1158 1694 2718 2719
2718 5 6 7 13 69 342 1688
1688 3 5 10 13 14 337 354
354 1 12
342 10 12
69 1 4
1158 1 2 7 10 11 12 14
2719 4 5 6 45 75 354 911
75 7 13 14
911 7 11 13 14
1694 3 5 7 11 12 14 613
613 1 4 10
2743 5 14 186 187 190 827 1865
827 1 8 9 10 13 311 401
401 3 4 6
311 1 3 6
190 12 214 499 1200 1202 2680 2681
2680 1 3 5 9 12 164 216
216 11 13
164 7 11 13
499 1 4 5 9 11 13
1202 1 4 5 6 7 11 13
2681 5 6 7 11 14 521 1844
1844 1 3 4 6 8 12
521 1 8 10
1200 1 5 6 7 9 13 154
154 1 3 4
214 8 10
1865 1 3 5 8 12 240
240 11 13 14
186 5 6 7 13 14 821 824
821 1 3 4 8 9 10 12
824 1 4 8 9 10 12
187 2 1075 1082 1085 1862 2675 2679
1085 3 5 6 11 13 296 1351
1351 4 5 6 7
296 8 10 12
1075 2 9 212 221 412 1069 1858
1069 3 4 5 7 9 11 13
221 3 4
412 5 6
1858 2 3 4 5 296 298 486
486 5 6 7
298 7 11
212 8 12
2679 3 5 13 442 443 894 2678
894 1 2 8 9 12
2678 5 8 9 12 13 236 1850
1850 5 6 7 9 11 13 211
211 2 8 12
236 2 4 6
442 4 7
443 1 2 8 10 12
1862 5 7 9 11 170 212 356
356 2 3 6
170 2 3 4
1082 4 8 10 12 163 1076 1079
1076 1 3 12 13 150 1078 1109
1078 1 4 5 6 9 13 2677
2677 5 7 9 11 154 311
1109 1 3 5 7 9 11
150 5 6
1079 1 3 4 5 6 7 11
163 2 5 7 11 13
2675 1 5 6 9 11 226 592
226 2 8 10
592 2 8 10 12
193 3 5 195 251 296 1214 2685
195 5 240 495 979 988 1219 1540
1219 3 4 5 9 378 1599 2684
1599 3 4 6 7 11 13 14
2684 4 5 6 7 9 13 14
378 9 11 14
495 1 8 12
979 1 3 5 7 8 9 10
1540 1 4 7 8 9 10 12
988 1 11 14 296 360 981 983
981 1 3 7 8 9 12 14
360 5 6
983 3 4 5 6 7 11 14
251 11 13 14
2685 1 5 13 14 296 311 1815
1815 4 5 6 7 13 14
1214 5 6 255 1323 1324 1619 2683
1323 3 4 9 11 13 14 226
2683 5 212 251 296 442 647 1824
647 5 7 9
1824 3 5 7 9 11 14 226
255 8 10 12
1619 2 3 4 6 13 14 298
1324 3 7 9 11 14 226 255
2742 5 14 298 1312 1315 2738 2739
1312 7 8 10 12 13 356 1314
1314 2 6 8 10 11 12 1630
1630 2 3 4 8 9 11
2738 2 4 5 8 9 240 2737
2737 2 8 11 12 14 217 412
217 1 2 8 9 10 12
2739 8 11 178 240 682 685 2672
178 2 8 9 10 689 695 2673
689 3 4 5 6 7 13 14
695 4 5 6 7 12 13 14
2673 5 6 7 13 14 692 1882
1882 2 4 8 12
692 2 3 4 6 8 10 12
2672 3 11 13 14 412 441 454
441 2 8 10
454 1 2 8 10 12
682 1 2 6 10 12 14
685 2 3 5 8 12 647 1459
1459 2 3 4 7 8 10 12
1315 3 4 5 9 12 441 493
493 2 8
1176 1 5 8 10 14 1178 1679
1178 1 8 10 12 14 1170 1677
1677 3 5 6 7 11 69 342
1170 3 4 5 6 7 11 14
1679 3 5 6 10 13 14 354
207 4 787 866 871 1298 2722 2730
2722 1 3 6 7 14 333 345
345 2 10
333 2 12
787 2 757 764 777 778 788 2714
788 11 13 14 45 782 1697 1699
782 1 2 5 6 10 12 14
1697 1 5 6 10 13 14 333
1699 1 5 6 10 11 12 14
778 5 6 10 11 13 490 2715
2715 2 5 6 11 12 14 1705
1705 2 3 5 6 10 13 14
490 2 3 12
764 1 2 5 10 11 12
757 3 5 6 11 13 14 342
777 2 3 5 10 12 404 768
768 2 5 6 11 12 14
404 11 13 14
2714 1 7 10 13 14 333 2713
2713 3 5 6 10 13 14 333
871 5 6 7 353 863 1669 2723
863 1 2 3 4 13
1669 3 5 6 7 10 12 45
353 10 12
2723 2 4 5 7 10 404 1664
1664 2 5 7 11 12 14 221
866 2 7 10 12 75 79 360
79 5 14
1298 2 4 12 1181 1186 1290 2729
1181 5 6 7 10 11 14 221
1290 5 6 7 10 13 14 333
2729 2 4 5 10 12 328 1052
328 7 11 13
1052 3 7 11 14
1186 1 2 5 8 10 12 14
2730 2 4 7 1293 1643 1645
1643 5 6 7 10 11 12 703
703 2 3 4
1293 5 10 11 12 13 14
1645 3 4 5 6 7 14 345
198 213 1223 1224 1318 2688 2689 2690
1223 6 7 14 154 216 222 1806
1806 1 5 6 9 10 12 221
222 8 9 10 12
2689 7 9 11 14 170 213 356
1318 9 11 13 14 154 236 1108
1108 1 3 7 9 11 14
2690 2 3 9 14 213 298 510
510 2 6 7 13 14
213 8 10 12
1224 6 213 219 221 359 500 1308
219 1 9
1308 1 2 5 9 10 12 14
359 7 13 14
500 1 4 6 9 11 13 14
2688 2 3 4 6 14 216 222
202 9 203 850 1212 1270 1275 2706
1212 7 1036 1121 1771 1774 1775 2700
1774 5 7 10 11 13 14 69
1036 5 9 341 613 1034 1035 1777
1035 1 2 5 10 14 401 2696
2696 2 3 4 5 6 353 1781
1781 1 2 3 4 6 10 14
1034 1 4 5 14 223 345 353
1777 2 4 5 9 11 13 353
2700 6 14 338 921 1209 1765 1768
1765 1 5 7 10 14 401
338 9 13
1209 2 10 12 14 150 361 613
361 4 5 6
921 1 2 4 9 10 13
1768 1 2 5 9 10 12 14
1771 1 7 10 12 13 14 361
1775 1 2 4 5 6 10 75
1121 1 4 5 10 12 404 1123
1123 1 2 5 10 12 14 401
850 5 10 12 46 404 851 2704
46 7 9
851 1 5 10 46 250 341 601
250 2 12
601 7 9 11 13
2704 2 3 6 14 257 353 1750
257 5 7 9
1750 1 3 5 6 14 46 345
2706 1 6 13 14 247 342 1731
1731 5 6 7 9 13
247 5 7 9
1275 5 7 9 11 1259 1264 1267
1259 2 6 10 11 12 13 14
1267 2 3 4 5 14 353 1269
1269 1 2 3 4 5 10 14
1264 7 9 45 75 341 1256 1739
1739 2 5 6 7 9 13 353
1256 1 2 5 6 10 12
1270 5 7 13 14 353 401 1026
1026 2 5 6 12
203 9 11 333 1277 1280 2709 2712
1280 1 2 5 10 12 14 221
2709 1 4 5 9 12 439 1718
439 6 13 14
1718 1 4 5 6 14 338 342
2712 4 5 1196 1244 1248 1756 1758
1244 1 9 10 11 12 13 14
1248 2 4 5 9 12 341 1754
1754 1 3 6 10 12 14 247
1196 3 9 10 12 1187 1190 1193
1193 1 5 7 9 11 14
1187 1 5 6 10 14 46 1188
1188 2 5 7 9 11 14 353
1190 1 2 3 5 10 12 349
349 7 11 14
1756 3 5 6 14 46 333 354
1758 3 5 7 9 11 14 354
1277 1 3 4 5 6 13 14
1797 5 6 7 14 221 225 254
225 2 8 9 10
254 2 8 10 12
2741 5 11 14 181 201 1255 1608
201 3 5 7 11 14 1250 2695
1250 1 4 8 9 10 12
2695 1 3 8 9 14 149 1794
149 5 6 7
1794 1 5 6 8 11 12 14
181 3 4 5 7 13 183 453
183 8 13 14 454 912 1340 1466
1466 1 2 3 10 12 13 442
912 1 2 8 9
1340 1 2 4 7 8 10 12
453 1 2 8 10 12
1608 1 3 4 8 9 10 12
1255 1 3 4 6 7 12 297
297 8 10
1801 4 7 9 13 14 226 343
343 5 6
2692 7 9 14 213 311 801 1799
1799 3 5 47 236 251 255 359
47 4 7
801 5 7 8 9 10 251
21 1 35 158 172 2666 2667 2668
172 2 5 6 10 11 12 13
158 2 9 11 14 221 1040 2640
2640 1 5 7 9 11 13 14
1040 4 5 9 11 13 14 1042
1042 3 5 9 13 14 298 1954
1954 5 6 10 11
2666 1 2 6 11 12 221 224
224 5 9
2667 1 2 5 6 10 11 12
35 999 1000 1007 1113 1154 1155 2663
2663 2 5 10 12 14 1331 2662
1331 1 5 6 7 13
2662 5 7 12 13 236 1904 1907
1907 2 3 4 7 10 12 412
1904 1 3 5 6 7 10 12
999 1 2 4 6 12 359 994
994 3 4 6 7 11 13 14
1155 10 12 1142 1145 1151 2654 2655
2655 1 2 3 5 6 12 13
2654 1 2 3 4 7 12 13
1145 1 3 4 5 6 7 13
1151 6 7 11 14 154 1152 2658
2658 1 4 6 7 13 14 1911
1911 2 3 4 5 6 7 11
1152 4 5 7 11 13 14 510
1142 1 2 3 5 6 11 13
1154 4 10 163 591 1134 1141 2653
1134 1 2 4 5 6 7 13
1141 1 2 3 4 10 13 1136
1136 5 6 7 9 10 11 14
2653 1 3 4 5 6 13 298
591 1 2 4 7 10
1007 5 12 170 298 1005 1006 2641
2641 1 2 3 5 11 12 13
1005 1 2 4 5 6 11 164
1006 1 5 6 7 11 14 370
370 1 3 4
1113 9 10 1101 1104 1110 1114 2649
1114 5 9 11 154 1096 1108 1109
1096 5 7 9 311 499 1098 2644
1098 5 9 13 234 2642 2645
2645 1 7 9 13 150 154 378
234 1 4 6
2642 1 3 6 7 9 13 14
2644 1 4 6 9 11 13 14
1110 3 11 13 14 311 1111 1929
1111 2 3 4 6 7 13 14
1929 1 2 3 4 7 11 14
1101 2 5 6 7 13 14 221
2649 5 7 9 13 14 236 356
1104 1 2 9 13 14 236 2648
2648 2 3 5 6 7 9 13
1000 6 7 11 12 14 170 1948
1948 1 2 3 6 12 13 14
2668 1 3 4 10 12 149 163
20 33 135 139 140 143 147 148
139 1 2 3 10 12 13 46
143 3 7 10 45 145 925 1966
145 9 13 941 947 1968 2630 2631
941 1 3 4 7 10 12 13
2630 1 2 3 4 7 8 13
2631 1 2 3 8 10 12 13
1968 1 2 3 7 10 12 13
947 1 2 3 4 10 12
925 2 7 13 221 923 2626 2627
2627 1 3 4 7 8 13 250
2626 1 3 4 9 13 264 345
264 8 10
923 2 3 4 7 8 10 12
1966 2 3 4 9 10 12 13
33 3 7 9 13 142 211 953
953 8 9 170 591 912 1340 1995
1995 2 3 4 7 8 10 12
142 3 7 13 932 937 2622 2624
2622 1 3 4 9 211 226 1986
1986 2 3 7 8 9 13
937 1 3 4 8 9 10 12
932 1 4 7 8 9 12
2624 3 8 9 10 154 217 935
935 1 2 8 9 10 12 442
147 3 7 8 9 10 13 1535
1535 1 4 7 8 9 10 12
140 7 9 13 81 213 574 1998
1998 2 4 8 9 10 12 13
574 1 4 9
81 1 3
135 1 2 3 7 338 854 2005
854 1 2 3 4 10 12
2005 1 3 4 9 10 12 13
148 3 7 13 154 297 965 968
968 2 4 7 8 9 10 12
965 4 7 9 13 212 296 495
19 123 126 130 132 643 2612 2615
643 6 615 634 2601 2602 2606 2607
2606 1 3 6 10 11 12 13
2601 2 6 7 11 221 342 2063
2063 2 4 6 10 11 12 351
351 7 13
2602 1 2 4 6 10 12 327
327 7 11
2607 1 2 6 10 12 13 2605
2605 3 6 7 10 45 223 426
426 2 4 12
634 2 6 12 221 327 636 2056
636 6 7 10 11 12 326 2603
326 1 3 4
2603 6 7 10 11 12 13 69
2056 1 3 6 7 10 11 333
615 7 10 11 13 426 616 703
616 2 4 7 10 11 12 13
2612 6 604 745 746 755 2599 2600
2599 2 6 7 9 11 12 13
604 1 7 9 10 11 12 13
745 2 4 9 10 11 12 13
2600 1 2 6 10 12 541 602
541 9 11
602 7 9 11 13
755 6 9 11 13 613 747 750
750 1 2 3 4 6 10
747 2 3 4 6 10 11 12
746 2 3 4 9 10 11 13
132 6 676 973 974 2022 2613 2614
2614 1 2 8 9 11 591 976
976 1 2 3 4 7 12 13
676 7 8 9 11 12 170 678
678 2 4 8 9 10 11 70
70 7 13
2613 7 8 11 12 13 217 236
973 2 3 8 10 11 12 13
974 2 3 7 11 13 297 1539
1539 2 3 4 12
2022 7 8 9 11 13 236 356
123 6 8 12 317 321 322 2585
321 1 3 4 7 8 11 12
322 1 3 8 10 11 12 13
317 1 3 4 7 9 11 13
2585 7 11 12 13 234 297 311
126 8 9 10 128 483 2109 2591
128 6 460 468 2113 2120 2587 2588
2120 3 7 9 13 212 236 356
460 7 8 11 13 454 455 2122
2122 1 2 6 8 9 10
455 1 2 3 10 13
2113 7 8 9 11 13 234 311
2588 1 4 6 11 70 255 471
471 1 4 6 8 9 12
2587 4 6 7 9 13 211 453
468 1 3 4 7 13 255 1418
1418 7 8 9 10 11
483 1 3 4 6 7 13
2591 2 4 6 7 13 296 2590
2590 2 3 4 6 7 296 2104
2104 1 6 7 8 9 10 13
2109 3 6 13 442 443 592 894
2615 4 6 117 122 164 296 303
122 4 6 164 255 304 2133 2137
304 7 8 9 10 11 13 170
2133 3 6 8 10 11 12 13
2137 3 4 6 9 216 226 298
303 7 8 9 10 11 12 154
117 4 9 12 119 216 226 2141
2141 3 6 7 11 13 170 255
119 9 11 154 164 170 213 291
291 1 2 3 4 9 216 298
130 9 327 538 559 567 888 2610
2610 6 7 9 11 12 13 891
891 1 2 3 6 10 11 12
559 1 2 3 4 6 10 12
538 1 2 6 8 10 11 12
888 1 2 3 6 10 12
567 7 554 562 2088 2092 2093 2597
2092 1 6 9 10 11 12 221
2597 2 3 6 10 11 12 13
554 1 2 3 4 6 12 541
562 1 2 3 4 6 10 12
2088 1 4 6 9 11 13 342
2093 1 2 4 6 11 12 338
18 29 85 86 90 114 2578 2580
29 1 102 110 221 383 388 2568
110 226 581 674 812 907 908 910
812 9 226 895 898 2203 2559 2564
895 1 5 7 9 311 328 1052
2203 5 6 7 13 14 894
898 1 3 5 6 7 11 14
2559 3 5 6 7 13 217 229
229 1 2 8 9 10 12
2564 3 6 11 914 920 2183 2562
920 1 5 7 9 14 211
914 1 2 8 10 12 496
496 5 7 9
2562 5 7 328 341 894 912 2186
2186 5 6 7 13 14 219 226
2183 1 2 6 7 9 13 213
910 2 6 8 217 221 341 853
853 5 7 9
908 3 4 6 11 13 14 496
581 9 154 226 341 574 575 578
575 5 6 11 14 222 225 2553
2553 8 9 10 11 12 14 150
578 1 4 5 6 11 13 14
907 3 4 6 11 13 14 853
674 1 8 12 501 506 664 2556
501 11 13 14 401 496 520 853
520 3 4 6
506 9 13 213 233 499 500 2551
233 1 4 5 6
2551 9 11 14 154 226 2224
2224 1 5 7 8 9 341 401
664 11 13 14 252 330 496 853
330 3 4 6
252 3 4 6
2556 1 2 12 47 670 2208 2211
670 5 8 9 10 11 13 14
2211 4 5 6 7 14 338 453
2208 5 6 7 9 221 254 418
418 11 13 14
2568 3 4 211 242 813 816 2175
2175 1 2 3 4 10 12 2176
2176 8 9 11 14
242 5 13 222 236 243 2237 2548
2237 4 6 11 13 14 229
2548 4 5 11 13 217 225 234
243 2 4 9 213 251 2234 2546
2546 2 4 5 9 213 216 237
237 2 4 6 9 13 14
2234 1 3 4 5 9 11 211
816 1 5 7 9 11 14
813 5 6 11 13 14 229 894
383 6 9 11 14 211 1389
1389 2 5 6 8 10 11 12
388 1 5 9 11 170 213 2550
2550 6 9 11 14 170 213 374
374 2 5 6 8 9 12 221
102 104 341 588 660 714 719 2531
2531 6 8 12 221 251 647 2530
2530 3 4 6 226 495 722 725
725 5 7 9 11 13 14
722 5 7 9 11 13 14
588 7 8 10 12 251 585 2314
2314 2 5 8 10 12 13 298
585 1 6 13 149 264 359 1429
1429 5 6 7 11 14 81 2318
2318 1 5 7 11 13
719 5 7 9 226 330 454 720
720 5 7 9 12 297 311 356
104 7 264 399 400 738 743 1475
400 2 3 39 69 264 389 395
395 5 6 7 11 13 14
39 8 12
389 4 5 6 7 11 13 14
738 401 517 731 739 801 2275 2535
2535 2 3 5 9 14 213 298
517 9 213 510 512 513 2278 2533
2533 6 7 11 13 14 222 229
2278 5 6 7 13 14 250 264
512 1 5 6 9 13 298 359
513 1 2 5 6 7 9 13
731 5 7 9 226 1493 1496
1493 3 4 6 11 13 14
1496 3 4 6 11 13 14
739 213 356 647 1108 1109 2537 2540
2537 1 3 5 6 7 9 14
2540 7 9 14 213 356 2269 2539
2539 2 5 7 164 222 229 240
2269 1 2 3 7 9 11 213
2275 3 6 7 11 14 229
399 7 8 12 150 326 341 1394
1394 5 6 7 11 13 14
743 5 6 7 11 14 490 2542
2542 2 3 4 149 245 251 486
245 11 13 14
1475 2 3 4 5 6 404 1480
1480 5 6 11 13 14
660 1 5 255 523 569 651 2529
2529 11 13 14 453 648 654 657
654 3 4 6 7 9 11
657 1 3 4 5 6 7 9
648 2 8 12
569 3 4 6
523 7 9
651 6 11 13 14 221 254 653
653 3 4 6 11 341 364 453
364 1 8 12
714 3 4 6 709 710 711 715
711 5 7 9 240 254 404 495
709 1 5 7 8 9 12 324
324 11 13 14
715 5 7 9 251 495 649 705
649 3 4 5 6 7 9 255
705 3 4 6 11 13 14
710 5 7 9 11 13 14 254
86 1 240 252 254 257 261 2410
2410 2 6 12 214 221 247 251
261 2 247 251 252 255 330 332
332 11 13 14
85 1 245 257 260 330 648 1364
1364 1 2 4 6 8 10 12
260 1 5 46 250 441 520 1360
1360 1 3 4 6 8 10
114 45 46 341 840 880 2154 2573
840 8 10 12 911 1507 1510 2147
2147 5 6 8 10 12 46 324
1510 3 5 6 7 11 13 14
1507 3 5 6 7 11 13 14
2573 1 2 5 10 12 601 2157
2157 1 3 6 251 257 297 333
880 5 6 8 10 75 601 881
881 5 6 7 8 12 13 14
2154 1 3 5 6 46 249 251
249 2 8 10 12
2578 2 12 87 833 834 835 2571
833 5 6 10 14 46 221 223
2571 2 5 6 12 221 601 830
830 7 9 10 11 12 13 14
834 1 6 13 221 247 255 2172
2172 1 11 13 14 247 297 569
87 8 10 275 276 277 281 2515
277 3 4 5 11 14 39 45
276 3 5 6 11 13 14 426
275 1 2 4 5 6 13 14
281 1 2 3 4 5 11 282
282 5 6 11 12 13 14 69
2515 3 39 69 264 267 284 1366
1366 1 2 4 6 11 12 14
284 5 6 7 11 13 14
267 4 5 11 13 14 45 2513
2513 1 3 4 5 6 11 12
835 3 4 6 257 332 521 1503
1503 1 5 11 13 14 46 297
90 1 3 4 12 405 408 2517
405 2 6 13 257 296 407 1398
407 5 6 10 592 601 602 830
1398 2 8 10 11 12 13 14
2517 1 5 12 14 46 223 401
408 3 4 6 251 257 297 324
2580 93 96 101 105 443 596 597
105 8 10 106 247 418 790 793
106 1 221 249 324 343 602 796
796 5 6 46 221 249 297 333
793 3 5 6 7 11 45 2257
2257 1 2 3 6 7 14
790 1 2 6 8 10 12 221
101 8 9 341 445 591 592 2332
445 3 4 5 6 7 9
2332 5 7 9 11 13 14 2333
2333 1 3 4 6 8 10 12
96 1 251 296 445 525 2347 2525
2347 1 5 7 9 297 341 401
2525 1 11 13 14 257 528 2344
528 2 3 4 6 8 10 12
2344 1 3 4 6 247 255 324
525 5 11 13 14 252 523 527
527 3 4 5 6 240 404 523
93 8 12 94 424 447 2377 2520
2377 2 5 6 7 8 221 341
94 4 8 12 45 427 438 2523
427 3 5 6 11 13 14
438 3 5 11 264 426 430 435
430 5 6 8 10 11 14
435 2 3 4 5 6 7 332
2523 9 341 439 441 442 443 445
2520 1 7 39 250 264 418 2375
2375 1 3 4 5 6
447 1 3 4 1406 1409 2522
2522 3 4 5 6 7 251 2364
2364 1 3 6 11 13 14
1406 5 6 7 11 13 14
1409 5 6 7 11 13 14
424 2 3 4 8 10 1400 1403
1400 5 6 7 11 13 14
1403 5 6 7 11 13 14
596 3 4 5 7 9 11 14
597 4 5 6 7 11 338 2337
2337 3 4 6 7 9 14
17 1 2 6 11 27 2506 2511
2506 1 2 4 5 7 14
2511 1 2 3 6 11 13 79
27 1 2 4 6 7 13 14
16 6 14 62 63 66 1028 2505
62 5 6 10 11 75 333 2495
2495 4 5 6 7 12 13 2450
2450 1 3 6 10 13 14
66 1 2 5 10 11 68 1567
1567 1 3 4 6 7 11 13
68 3 5 11 12 13 350 2503
2503 2 3 5 6 7 10 11
350 1 10
2505 3 5 58 59 1010 1013 2490
2490 4 5 6 10 11 13 354
1013 2 4 7 11 12 13
59 3 4 5 6 7 10 2456
2456 1 2 3 4 10 13 150
58 5 6 7 10 13 2461 2491
2461 2 3 5 10 11 13
2491 1 3 4 5 6 10 11
1010 1 2 7 11 12 13 1011
1011 1 3 4 11 12 13
1028 2 3 4 7 10 13
63 10 1047 1052 1061 2499 2501 2502
2502 2 6 7 11 13 14 2437
2437 3 4 7 11 12 14
1061 1 2 3 4 12 439 1054
1054 3 6 7 10 13 14
2501 3 4 10 11 12 14 2438
2438 1 2 3 4 10 12 341
1047 1 2 6 11 14 1049 2445
1049 3 4 5 6 7 12 2498
2498 1 2 3 5 13 14 1026
2445 1 2 3 5 6 12 13
2499 3 4 6 10 11 12 14
15 7 23 41 1236 2473 2486 2488
2488 1 2 4 7 8 9 12
23 7 8 9 10 12 43 1283
1283 1 2 4 7 12
43 1 2 8 9 10 12 442
1236 1 2 4 8 9
41 2 4 7 8 9 10 12
2473 1 2 4 7 9 10 12
2486 1 2 4 8 9 10 12
