22 196 203 204 206 207 2741 2743 2745
196 5 255 1222 1226 1227 1228 2691 2693
255 8 10 12
2693 5 6 7 14 221 225 254 1233
254 2 8 10 12
225 2 8 9 10
1233 2 4 7 8 9 10 13 14
221 3 4
2691 5 7 9 12 14 214 216 311
311 1 3 6
216 11 13
214 8 10
1226 7 9 11 14 170 213 356 2688
213 8 10 12
356 2 3 6
2688 2 3 4 6 11 13 14 222
222 8 9 10 12
170 2 3 4
1227 2 3 6 9 213 359 369 1318
1318 1 3 4 7 9 11 14 237
237 2 4 6 9 13 14
369 7 11 14
359 7 13 14
1222 6 9 14 154 213 1311 1811 2687
1811 1 2 5 9 10 12 14 355
355 3 4 6
1311 1 4 6 7 9 11 13 14
154 1 3 4
2687 1 7 9 213 221 251 342 343
251 11 13 14
343 5 6
342 10 12
1228 2 3 4 6 7 11 13 14
203 9 11 1190 1197 1247 1280 1787 2710
1197 1 3 5 6 10 14 46 1188
46 7 9
1188 2 5 7 9 10 11 12 14
1247 4 5 9 333 341 1244 1754 2701
333 2 12
2701 3 5 7 9 11 14 354 1241
354 1 12
1241 1 2 5 6 12
341 11 13 14
1244 1 9 10 11 12 13 14
1754 1 3 5 6 7 9 14 342
1190 1 2 3 5 10 12 14 327
327 7 11
1787 1 3 5 7 9 11 14 342
1280 1 2 3 4 5 10 12 14
2710 4 5 9 333 354 439 1277 1718
1277 1 3 4 5 6 13 14
439 6 13 14
1718 1 4 5 6 9 13 14 342
207 11 14 45 763 776 1296 1697 2717
763 1 2 5 10 11 12 757 2714
757 3 5 6 10 11 12 13 14
2714 1 2 7 10 12 13 14 2713
2713 2 3 5 6 10 12 13 14
1296 4 866 871 1184 1290 2722 2729 2730
1184 1 2 5 8 10 12 14 1181
1181 3 4 5 6 7 10 11 14
871 5 7 11 14 221 333 1661 2724
1661 2 4 5 7 10 11 13 14
2724 3 5 6 7 10 12 45 863
863 1 2 3 4 13
866 2 5 6 7 10 12 13 14
1290 2 5 6 7 10 12 13 14
2729 2 3 4 5 10 12 328 349
328 7 11 13
349 7 11 14
2722 1 2 3 6 7 10 12 14
2730 2 5 7 10 14 569 1643 1649
1649 2 4 5 7 10 12 14 223
223 11 13
569 3 4 6
1643 2 3 4 5 6 7 11 353
353 10 12
1697 1 2 5 6 10 12 13 14
776 5 6 10 11 13 490 767 2715
767 2 3 5 6 11 12 13 14
2715 2 3 5 6 10 13 14 773
773 2 11 12 14
490 2 3 12
2717 1 5 6 10 11 12 14 1698
1698 1 2 5 6 10 12 13 14
45 1 2
2741 3 5 14 181 298 1250 1253 2695
298 7 11
1253 1 3 4 6 7 12 297 1254
1254 1 3 4 8 9 10 11 12
297 8 10
2695 1 5 6 8 11 12 14 1790
1790 1 3 5 6 7 8 9 14
1250 1 4 8 9 10 12
181 3 4 5 7 13 14 453 698
453 1 2 8 10 12
698 1 2 8 9 13 454 1340 1466
1340 1 2 4 7 8 10 12
454 1 2 8 10 12
1466 1 2 3 4 7 10 12 13
206 1 2 3 5 341 1304 2732 2735
1304 5 10 11 12 13 14
2735 3 4 5 1158 1176 1694 2718 2719
2719 4 5 6 7 45 75 341 354
75 7 13 14
1176 1 8 10 12 14 1170 1177 1677
1177 1 5 6 8 10 13 14 491
491 1 3 12
1170 3 4 5 6 7 11 14
1677 3 5 6 7 10 11 12 69
69 1 4
1694 3 4 5 7 11 12 14 350
350 1 10
2718 5 6 7 10 12 13 69 1688
1688 1 3 5 6 10 12 13 14
1158 1 2 7 10 11 12 14
2732 2 5 10 12 13 14 337 1634
337 1 3 6
1634 1 3 4 7 10 13 14 333
2743 2 184 189 191 1073 1085 1847 2681
2681 5 6 7 11 14 364 521 569
364 1 8 12
521 1 8 10
189 3 5 13 442 443 894 1082 2678
1082 4 8 10 12 163 1077 1078 1079
1079 1 3 4 5 6 7 11
1077 1 3 5 6 9 12 13 298
1078 5 7 9 11 13 154 234 311
234 1 4 6
163 2 5 7 11 13
894 1 2 8 9 12
2678 2 4 5 6 9 13 212 1090
212 8 12
1090 5 6 7 9 11 13
442 4 7
443 1 2 8 10 12
191 1 7 9 13 150 154 214 1201
150 5 6
1201 1 3 4 5 9 12 164 216
164 7 11 13
1085 3 4 5 6 7 11 13 296
296 8 10 12
184 5 6 7 13 14 185 821 824
824 1 4 8 9 10 12
821 1 3 4 8 9 10 12
185 1 3 5 8 12 14 216 827
827 1 3 4 6 8 9 10 13
1847 1 4 5 6 7 11 13 255
1073 9 170 212 412 1071 1858 1863 2675
2675 2 5 6 8 10 11 12 219
219 1 9
1858 2 3 4 5 6 7 11 296
1863 3 4 5 7 9 11 13 211
211 2 8 12
1071 2 3 4 5 6 7 9 11
412 5 6
2745 5 6 195 1321 1324 2683 2686 2742
2683 4 5 7 9 212 251 296 1824
1824 3 5 7 9 11 14 226
226 2 8 10
2686 3 5 11 13 14 296 311 1814
1814 1 4 5 6 7 13 14 296
1324 2 3 7 9 11 12 14 214
2742 5 14 298 1313 1314 1315 2738 2739
2739 2 8 9 177 180 240 685 689
689 3 4 5 6 7 13 14
180 4 7 12 13 14 412 441 2673
2673 4 5 6 7 13 14 648 692
692 2 3 4 6 8 10 12
648 2 8 12
441 2 8 10
177 3 11 13 14 412 441 454 1886
1886 1 2 6 8 10 11 12 14
685 2 3 5 7 8 9 12 1459
1459 2 3 4 7 8 10 12
240 11 13 14
1315 2 3 4 5 8 9 10 12
1313 2 3 6 7 8 10 12 13
1314 2 6 8 9 10 11 12 221
2738 2 8 11 12 14 217 412 1623
1623 2 4 5 8 9 11 13 14
217 1 2 8 9 10 12
1321 3 4 9 11 13 14 226 1322
1322 2 3 4 6 13 14 255 298
195 5 6 240 495 977 980 1219 1835
1835 3 4 5 6 7 11 14 524
524 1 8 10 12
1219 3 4 5 9 11 14 1599 2684
2684 4 5 6 7 9 13 14
1599 3 4 6 7 11 13 14
495 1 8 12
980 3 7 9 11 14 296 495
977 1 3 5 7 8 9 10 1540
1540 1 4 7 8 9 10 12
204 9 11 850 1212 1262 1267 1270 2706
2706 1 5 6 7 9 13 14 342
1267 1 2 3 4 5 10 12 14
850 5 7 9 10 12 404 851 2704
851 1 2 5 10 12 46 341 601
601 7 9 11 13
404 11 13 14
2704 2 3 6 10 12 14 257 1750
257 5 7 9
1750 1 2 3 5 6 10 14 46
1212 7 9 13 1036 1121 1132 1209 2699
2699 1 2 5 9 10 12 14 2698
2698 1 5 7 10 14 401 1769
401 3 4 6
1769 1 2 4 6 9 10 13 14
1036 1 4 5 9 10 341 1033 1777
1033 1 2 5 10 14 401 1034 2696
2696 1 2 3 4 10 12 360 1025
360 5 6
1025 6 14
1034 1 2 4 5 10 12 14 223
1777 2 4 5 9 10 11 12 13
1132 5 7 10 11 13 14 69 2697
2697 4 5 6 12 14 348 350 351
348 1 2 10
351 7 13
1209 1 2 4 5 6 10 12 14
1121 1 2 5 10 12 14 401 1122
1122 1 4 5 10 11 12 13 14
1262 1 2 5 46 341 1259 1739 1742
1259 2 6 10 11 12 13 14
1739 2 5 6 7 9 10 12 13
1742 1 2 5 6 9 10 12 75
1270 3 4 5 6 14 333 351 353
21 1 159 160 161 162 172 2668 2669
2668 1 3 4 7 10 12 150 163
160 1 5 7 9 11 13 14 170
161 10 12 1142 1145 1152 1153 1154 2656
1142 1 2 3 5 6 11 13
2656 1 2 3 5 6 12 13 47
47 4 7
1152 2 4 5 6 7 11 13 14
1153 5 6 7 11 14 154 570 1914
570 2 3 4
1914 1 4 6 7 13 14
1145 1 3 4 5 6 7 13
1154 1 2 3 10 13 442 1133 1919
1919 5 6 7 9 10 11 14 154
1133 1 2 4 5 6 7 13 1135
1135 1 2 3 4 5 6 13 298
2669 1 2 5 6 10 11 12 169
169 2 3 4 5 9 11
159 2 4 5 9 11 13 14 1042
1042 3 5 6 7 9 10 11 2639
2639 3 5 7 9 11 13 14
162 12 1004 1009 1097 1098 1115 2652 2664
2652 1 3 4 5 7 9 11 14
1097 1 4 6 9 11 13 14 2643
2643 1 4 5 7 9 11 13 311
1004 1 2 4 5 6 11 164 1006
1006 1 3 4 5 6 7 11 14
1115 1 2 9 10 237 1105 1110 2648
1110 2 3 4 6 7 13 14 1112
1112 3 7 11 13 14 154 311 570
1105 5 7 9 13 14 236 356 1101
236 2 4 6
1101 2 3 4 5 6 7 13 14
2648 2 3 5 6 7 9 13
2664 5 10 12 14 992 1000 1906 2662
1000 1 2 3 6 12 13 14 1949
1949 2 3 4 6 7 11 12 14
992 1 2 4 6 7 13 14 994
994 3 4 6 7 11 13 14
1906 1 2 5 6 7 10 12 13
2662 2 3 4 7 10 12 412 2660
2660 5 6 7 10 12 13 155 236
155 1 3
1098 1 9 11 14 70 150 154 2646
70 7 13
2646 1 3 6 7 9 13 14 233
233 1 4 5 6
1009 1 2 3 4 5 12 216 298
172 2 5 6 10 11 12 13
20 3 7 9 13 34 142 211 953
34 3 136 137 138 143 962 965 2635
138 1 2 3 10 12 13 46 140
140 1 3 4 7 9 13 213 1998
1998 2 4 8 9 10 12 13
137 1 2 3 4 7 9 13 342
136 1 2 3 4 9 10 12 13
2635 1 3 4 7 13 225 255 297
143 3 7 10 45 145 926 927 1966
1966 2 3 4 9 10 12 13
926 2 3 4 7 8 10 12 13
927 1 3 4 7 8 13 250 2628
250 2 12
2628 2 3 4 7 9 13 264 348
264 8 10
145 3 7 10 12 13 69 942 2633
942 1 2 3 4 7 8 13 2631
2631 1 2 3 8 10 12 13
2633 1 2 3 7 10 12 13 1967
1967 1 2 3 4 9 10 12 13
962 1 4 7 8 9 10 12 13
965 1 4 7 8 9 10 12 13
142 3 4 9 211 1984 1988 2620 2624
1988 1 3 4 7 8 9 10 12
1984 1 3 4 7 8 9 12 13
2620 1 2 3 7 8 9 10 13
2624 3 9 154 214 217 442 592 894
592 2 8 10 12
953 1 2 8 9 221 591 1340 1995
591 1 2 4 7 10
1995 2 3 4 7 8 10 12
19 31 131 554 555 566 2598 2611 2616
2598 2 3 6 10 11 12 13 2083
2083 1 2 3 4 6 7 10 12
555 1 6 9 10 11 12 221 2595
2595 1 2 4 6 10 11 12 338
338 9 13
131 6 604 612 620 644 744 2038 2609
2609 1 2 3 4 6 10 492 541
492 9 11 13
541 9 11
620 6 7 11 342 413 615 2063 2602
615 2 3 4 7 10 11 12 13
413 2 3 4
2063 2 4 6 7 10 11 12 13
2602 1 2 4 6 7 10 11 12
2038 2 3 4 6 9 10 11 12
612 2 6 7 9 11 12 13 2600
2600 1 2 6 9 10 11 12 351
744 2 3 4 9 10 11 12 13
644 2 6 12 221 327 636 2056 2608
636 3 6 7 10 11 12 13 69
2056 1 2 3 6 7 10 11 12
2608 1 3 6 10 11 12 13 2607
2607 1 2 6 10 11 12 13 2045
2045 2 3 4 6 7 10 12
604 1 7 9 10 11 12 13
566 1 2 6 8 10 11 12 2084
2084 1 2 3 4 6 10 12 327
2616 6 134 212 317 320 676 680 2585
676 2 7 8 9 11 12 221 678
678 2 4 7 8 9 10 11 13
317 1 3 4 7 9 11 13
320 1 3 4 7 8 11 12 322
322 1 3 8 10 11 12 13
134 1 2 6 8 9 11 972 975
975 1 2 3 4 7 10 12 13
972 2 3 8 10 11 12 13 2015
2015 2 3 4 7 8 10 11 12
2585 7 8 10 11 12 13 234 311
680 8 9 11 12 70 217 236 457
457 2 3 4 6 7 13
2611 6 7 9 11 12 13 888 891
888 1 2 3 6 10 12
891 1 2 3 6 10 11 12
31 6 117 122 128 301 480 2108 2591
2108 1 3 4 6 7 9 13 214
2591 2 3 4 6 7 13 296 2104
2104 1 6 7 8 9 10 13
122 6 9 11 164 170 214 2137 2582
2582 3 4 6 7 11 13 255 296
2137 3 4 6 7 9 11 13 226
480 2 3 8 13 342 442 443 894
117 4 9 11 12 13 119 226 2141
2141 2 3 4 6 7 11 13 255
119 7 9 11 13 154 170 213 291
291 1 2 3 4 7 9 11 13
301 4 7 9 11 13 155 212 296
128 8 11 455 475 476 2120 2586 2587
475 1 3 4 6 7 13 255 469
469 1 3 4 7 8 9 10 11
2586 1 6 7 9 11 13 226 454
2587 2 4 6 7 9 13 212 453
455 1 2 3 10 13
2120 2 3 4 6 7 9 13 212
476 7 8 9 11 13 234 311 2588
2588 6 8 10 11 12 70 219 467
467 1 4 6
554 1 2 3 4 6 9 11 12
18 12 104 108 585 590 728 2580 2581
2580 1 93 99 105 296 525 2524 2525
525 3 4 5 6 11 13 14 523
523 7 9
99 8 9 341 443 591 595 2527
2527 5 324 330 418 520 523 524 592
520 3 4 6
324 11 13 14
418 11 13 14
330 3 4 6
595 3 4 5 7 9 11 14 597
597 4 5 6 7 9 11 13 2337
2337 3 4 6 7 9 14
93 8 12 423 436 448 2365 2522 2523
448 1 5 6 7 11 13 14 221
2523 4 6 7 9 13 14 443 2359
2359 2 5 7 8 9 10 330 341
2522 1 3 4 5 6 7 251 404
436 4 8 10 12 45 427 433 2369
427 3 5 6 11 13 14
2369 3 4 8 10 11 14 250 412
433 2 3 4 5 11 12 332 344
344 5 6 7
332 11 13 14
2365 1 3 4 5 6 7 324 341
423 1 2 8 10 12 420 2374 2377
2374 1 3 4 5 6 7 39 418
39 8 12
2377 2 3 4 5 6 7 8 341
420 5 6 7 11 13 14 413 703
703 2 3 4
2524 5 251 296 330 341 401 521 523
2525 1 5 46 255 324 418 520 528
528 2 3 4 6 8 10 12
105 247 264 324 418 790 793 796 2248
247 5 7 9
790 1 2 3 4 6 8 10 12
793 1 2 3 5 6 7 11 14
2248 1 2 5 6 12 214 221 602
602 7 9 11 13
796 2 5 6 8 10 12 46 221
590 2 5 7 8 10 12 164 251
2581 2 89 113 264 274 277 832 2579
89 3 8 10 12 69 265 281 284
281 3 5 6 11 13 14 623 829
829 1 2 4
623 1 4 12
284 5 6 7 11 13 14
265 3 5 6 11 12 69 1366 2405
2405 1 2 4 5 11 13 14
1366 1 2 4 6 11 12 14
2579 45 46 341 840 880 2154 2573 2576
2576 1 11 13 14 90 258 261 2512
90 3 6 69 92 257 830 1397 2516
92 1 5 12 14 46 223 401 408
408 3 4 6 11 13 14 257 297
830 7 9 10 11 12 13 14
1397 2 6 8 10 11 12 13 14
2516 5 6 7 9 10 11 13 592
261 2 3 4 6 247 251 255 332
2512 1 3 4 6 240 254 257 2410
2410 2 6 8 10 12 221 247 251
258 1 3 4 6 257 441 1363 2417
1363 1 2 3 4 6 8 10 12
2417 1 3 4 6 8 10 247 250
840 7 8 10 12 341 1507 1510 2147
1507 3 5 6 7 11 13 14
1510 3 5 6 7 11 13 14
2147 5 6 7 8 9 10 12 324
2154 1 2 3 6 12 214 247 251
880 5 6 7 8 12 13 14 882
882 5 6 7 8 10 13 14 601
2573 1 2 5 10 12 415 601 878
415 3 6
878 5 7 8 9 10 11 13 14
113 2 5 6 12 221 601 830 835
835 1 3 4 6 257 297 332 1503
1503 1 5 7 9 11 13 14 297
832 5 10 11 13 14 46 355 834
834 1 13 246 247 248 255 297 569
246 11 14
248 3 4 6
277 3 4 5 8 11 12 14 45
274 3 5 6 11 13 14 426 829
426 2 4 12
728 3 4 6 708 711 715 729
708 5 7 9 11 13 14 254 495
729 8 12 251 355 647 660 2288 2530
647 5 7 9
2530 5 7 9 11 13 14 2285 2287
2285 2 3 4 6 8 10
2287 1 3 4 6 8 12
660 1 5 7 9 255 569 651 2529
2529 1 5 6 221 341 523 648 2305
2305 3 4 6 7 9 11 14 453
651 3 4 6 11 341 364 453 652
652 2 3 4 6 11 13 14 255
2288 5 7 9 226 330 341 454 720
720 1 2 3 5 6 12 297 523
715 5 7 9 251 255 495 569 705
705 3 4 6 11 13 14
711 5 7 9 11 13 14 254 495
104 213 226 511 519 732 739 804 2543
739 7 9 14 213 356 735 2269 2539
2539 2 5 7 11 13 14 222 229
229 1 2 8 9 10 12
2269 1 2 3 7 9 11 213
735 2 3 6 14 219 298 647 737
737 1 3 5 6 7 9 11 14
804 3 4 6 11 13 14 362 647
362 5 7 9
511 1 2 5 6 9 14 70 164
519 6 7 11 13 14 222 229 2534
2534 2 5 6 7 13 14 222 2279
2279 2 8 10 12
732 2 3 5 9 14 213 298 2536
2536 3 4 6 7 11 14 229 801
801 5 7 8 9 10 11 13 14
2543 2 3 69 264 389 392 741 2324
741 5 6 7 11 14 490 1475 2542
2542 2 3 4 5 6 7 245 251
245 11 13 14
1475 2 3 4 5 6 11 13 14
389 4 5 6 7 11 13 14
392 5 6 7 8 11 12 13 14
2324 3 5 6 7 39 69 240 251
108 1 110 221 242 383 388 2180 2566
242 2 4 9 213 244 251 2234 2546
2546 2 4 5 9 11 13 213 237
244 4 6 11 13 14 229 2239 2548
2548 1 4 5 6 11 13 217 225
2239 2 4 5 6 9 13 213
2234 1 2 5 8 9 11 12 221
2566 1 8 9 11 14 221 230 2178
2178 1 3 5 7 9 11 14 211
230 2 10 12
383 5 6 8 9 11 14 211 230
388 1 5 9 11 14 170 213 2549
2549 5 6 8 9 10 12 14 170
2180 4 5 6 11 13 14 229 894
110 226 673 895 904 906 910 2559 2564
2564 3 6 11 217 351 914 920 2562
914 1 2 5 7 8 9 10 12
920 1 2 5 7 8 9 12 14
2562 5 6 7 13 14 219 226 2560
2560 2 5 7 8 12 219 328 341
906 3 4 6 11 13 14 496 853
853 5 7 9
496 5 7 9
910 2 5 7 8 9 217 341 355
673 213 495 498 501 581 664 2552 2556
581 1 3 4 9 226 341 575 578
575 2 5 6 9 11 12 14 214
578 1 4 5 6 11 13 14
2556 1 2 4 7 12 670 2555
670 5 8 9 10 11 13 14
2555 5 6 7 9 221 254 418 2211
2211 4 5 6 7 9 13 14 453
501 5 7 9 11 13 14 401 520
664 5 7 9 11 13 14 252 330
252 3 4 6
498 1 4 5 6 9 11 13 14
2552 11 13 14 154 222 225 233 2224
2224 1 5 7 8 9 341 401
895 1 3 5 6 7 9 328 349
2559 3 5 6 7 13 217 229
904 5 6 7 13 14 225 894 898
898 1 3 5 6 7 11 14
585 1 5 6 7 13 14 264 1429
1429 1 3 5 6 7 11 13 14
17 1 2 4 6 7 13 14 28
28 1 2 3 6 11 13 79 2506
2506 1 2 4 5 7 14
79 5 14
16 5 25 64 68 1047 1060 1061 1117
64 2 6 7 11 13 14 2437 2501
2501 1 2 3 4 10 12 246 341
2437 3 4 7 11 12 14
1060 3 4 6 7 10 11 12 14
25 5 58 59 61 62 1010 2465 2490
58 1 3 4 5 6 10 11 2492
2492 2 3 5 6 7 10 11 13
2465 2 3 4 5 7 11 12 13
2490 1 4 5 6 10 11 12 13
1010 1 2 3 4 7 11 12 13
62 2 5 6 10 11 12 75 2495
2495 4 7 10 12 13 14 337 412
59 1 2 3 4 7 10 13 150
61 2 3 4 6 7 10 13 14
1117 3 7 10 11 13 69 337 348
1047 1 2 6 11 14 1049 2445
1049 3 4 5 6 7 12 2498
2498 1 2 3 5 6 12 13 14
2445 1 2 3 5 6 12 13
1061 3 6 7 10 12 13 14 1056
1056 1 2 3 4 12
68 1 3 5 10 11 12 13 2503
2503 2 3 5 6 7 10 11
15 1 2 4 7 8 9 10 12
