22 38 202 2744
2744 181 196 199
181 14 182 698
182 5 453 701
453 8 10 151
151 1 2 12
701 3 13 47
47 4 7
698 699 1340 2674
2674 13 454 912
912 2 8 219
219 1 9
454 1 8 156
156 2 10 12
699 8 1467 1468
1468 153 299 442
442 4 7
153 1 2 10
299 3 13
1467 3 13 151
1340 7 454 1341
1341 8 47 151
196 198 2692 2693
2693 343 1233 1797
1797 355 1167 1231
355 3 4 6
1167 5 14
1231 7 225 254
225 2 9 214
214 8 10
254 2 12 214
343 5 6
1233 225 359 1234
1234 4 226 238
226 2 8 10
238 9 13 14
359 7 13 14
2692 801 1799 1802
1799 5 255 1228
1228 236 359 1229
1229 3 47 251
251 11 13 14
236 2 4 6
255 8 10 12
801 214 251 362
362 5 7 9
1802 213 311 358
358 7 9 14
311 1 3 6
213 8 10 12
198 1222 1226 1227
1226 227 372 2689
2689 377 733
377 170 213 378
378 9 11 14
170 2 3 4
733 213 356 358
356 2 3 6
372 170 222 1265
1265 6 14
222 9 12 214
227 9 213 228
228 2 4 251
1227 213 1318 2690
2690 222 510 800
800 2 3 369
369 7 11 14
510 2 6 359
1318 154 378 1320
1320 236 238 1108
1108 3 219 369
154 1 3 4
1222 1224 1808 2687
1224 355 1308 1810
1810 213 500 1093
1093 6 219 359
500 234 238 1348
1348 4 219 251
234 1 4 6
1308 9 1309 1335
1335 79 333 1336
333 2 12
79 5 14
1336 5 14 342
342 10 12
1309 9 77 354
77 5 14
354 1 12
2687 508 543 1807
1807 1 221 343
221 3 4
543 9 10 12
508 7 222 251
1808 154 222 1307
1307 6 14
199 77 201 1253
1253 7 1254 1605
1605 401 521 1606
521 1 8 10
401 3 4 6
1606 12 297 311
297 8 10
1254 11 822 1609
1609 3 4 231
231 1 8 9
822 1 12 297
201 1250 1793 2695
1793 14 298 366
298 7 11
366 3 5
2695 231 1791 1794
1791 3 14 149
149 5 6 7
1794 343 364 419
364 1 8 12
419 11 14
1250 4 364 1252
1252 4 231 521
38 205 2743 2745
205 206 787 1296
1296 869 1298 2730
1298 1185 1186 2731
2731 4 1290 2729
1290 75 1026 1291
1026 2 12 412
412 5 6
1291 14 333 1653
1653 10 13 344
344 5 6 7
75 7 13 14
2729 1052 1648 1651
1648 4 5 345
345 2 10
1052 3 14 327
327 7 11
1651 5 328 426
328 7 11 13
426 2 4 12
1185 333 1182 1183
1183 7 355 1583
1583 5 10 14
1182 14 221 1659
1659 5 10 327
1186 1657 2725 2726
1657 1 5 264
264 8 10
2726 8 78 1655
1655 8 14 45
45 1 2
78 2 5 14
2725 39 416 1179
416 1 250 264
250 2 12
39 8 12
1179 2 5 14
869 871 1673 2722
871 1661 1664 2724
1664 5 221 1666
1666 2 12 349
349 7 11 14
1661 7 52 1663
52 2 4
1663 5 10 404
404 11 13 14
2724 863 1668 1669
1668 7 353 360
360 5 6
353 10 12
863 13 52 864
864 1 2 3
1669 45 344 862
862 3 10 12
2722 334 859 1671
859 7 14 329
329 3 6
334 1 2 12
1671 337 345 860
860 7 14
337 1 3 6
1673 4 867 868
867 75 345 360
868 7 79 335
335 2 10 12
2730 1643 1645 1649
1645 7 569 766
766 5 14 345
569 3 4 6
1649 7 52 1293
1293 5 341 1294
1294 10 12 404
341 11 13 14
1643 353 703 1288
703 2 3 4
1288 7 360 1289
1289 5 7 11
206 1640 2733 2735
2733 1634 1636 1638
1636 13 337 1299
1299 353 766 1180
1180 5 14
1638 5 341 864
1634 14 334 1301
1301 7 371 1302
371 4 10
1302 3 10 13
2735 1165 1166 1176
1165 347 1158 1694
1158 348 349 1159
1159 12 14 1696
1696 1 10 327
348 1 2 10
347 3 4 5
1694 613 1162 1163
1163 3 5 349
1162 7 12 77
613 1 4 10
1166 1685 1688 2719
1688 337 491 1689
1689 10 13 77
491 1 3 12
2719 911 1690 1693
1693 4 5 45
911 7 341
1690 4 75 1156
1156 1 12 343
1685 342 344 1686
1686 1 4 13
1176 1177 1680 2721
2721 14 531 1677
1677 69 862 1168
69 1 4
1168 5 327 344
531 8 10 12
1680 1 12 1170
1170 349 1172 1684
1684 3 4 5
1172 7 77 330
330 3 4 6
1177 491 1173 2720
2720 8 76 1682
1682 5 14 264
76 1 5 14
1173 5 439 1174
1174 10 13 343
439 6 13 14
1640 1 3 1304
1304 5 341 1306
1306 404 1327 1642
1327 5 10 12
1642 5 10 223
223 11 13
787 789 2716 2717
2717 13 782 1699
1699 1 11 779
779 781 1353 1702
1702 12 14 360
1353 5 6 10
781 14 150 1703
150 5 6
1703 6 14 157
157 10 12
782 348 783 1025
783 250 350 360
350 1 10
1025 6 14
789 763 777 778
777 10 768 769
768 11 14 1488
1488 2 343 603
603 2 6 12
769 404 490 1487
1487 2 3 5
490 2 3 12
763 11 760 765
765 2 757 2714
757 272 341 758
758 14 342 1717
1717 3 13 343
272 3 5
2714 1709 1711 1713
1709 79 335 756
756 3 13
1713 272 333 439
1711 14 70 608
608 1 10 333
70 7 13
760 45 761 861
861 5 10
761 45 157 874
874 1 5 250
778 490 770 2715
770 5 223 771
771 10 13 360
2715 412 773 1705
773 11 250 774
774 2 11 14
1705 13 253 766
253 3 6
2716 45 246 1697
1697 334 439 786
786 10 13 343
246 11 14
2745 193 208 2739
2739 175 179 180
179 9 493 689
493 2 8
689 14 691 1463
1463 3 486 1464
1464 4 13 412
486 5 6 7
691 79 355 688
688 14 70 412
175 177 240 685
177 1886 1888 1890
1890 11 14 454
1888 14 441 681
681 3 13 412
441 2 8 10
1886 8 11 682
682 153 683 1025
683 6 14 151
685 5 687 1459
687 493 647 1891
647 5 7 9
1891 2 272 568
568 8 12
1459 47 648 1460
648 2 8 12
1460 3 441 442
240 11 13 14
180 441 695 2673
695 4 688 696
696 12 14 572
572 5 6 13
2673 692 1879 1881
1879 5 7 14
692 355 648 693
693 2 297 330
1881 4 648 688
208 79 210 1312
1312 356 1314 1616
1314 11 1352 2736
2736 167 441 1630
167 6 11
1630 221 493 494
494 9 11
1352 2 8 157
1616 13 568 1617
1617 7 12 297
210 1623 1628 2737
1623 4 224 1625
1625 2 8 240
224 5 9
2737 217 648 1627
217 2 213 219
1627 11 14 412
1628 14 298 1315
1315 272 1316 1345
1345 4 441 1347
1347 2 8 9
1316 5 221 648
193 195 1214 2686
1214 5 1216 1321
1216 1826 1827 2682
1826 343 1325 1326
1325 3 226 358
1326 11 14 255
2682 225 717 1825
717 212 251 647
212 8 12
1825 3 5 369
1827 4 7 1217
1217 5 251 296
296 8 10 12
1321 255 1323 1619
1619 170 369 1620
1620 13 14 356
1323 378 1830 1833
1830 4 225 251
1833 3 4 226
195 495 986 1219
1219 224 1221 1599
1221 347 378 2684
2684 238 361 1818
361 4 5 6
1818 9 359 360
1599 3 369 1601
1601 4 251 1823
1823 14 401
986 240 977 988
977 5 979 1540
1540 442 521 1542
1542 47 364 1237
1237 4 231
979 362 363 1839
1839 1 297 366
363 1 8
988 524 983 1836
1836 360 981 982
982 11 14 296
981 3 358 495
524 1 12 297
983 347 369 984
984 7 401 1180
495 1 8 12
2686 3 1217 2685
2685 478 1813 1814
478 12 13 297
1813 5 14 311
1814 359 361 524
2743 188 189 2740
189 1082 1851 2678
2678 211 1090 1848
1848 212 224 235
235 13 236
211 2 8 12
1090 412 450 1091
450 7 9 13
1091 5 9 164
164 7 11 13
1851 5 894 1089
1089 299 442 443
443 1 2 444
444 8 10 12
894 1 9 211
1082 214 1076 1084
1084 255 1079 1853
1079 149 370 1080
370 1 3 4
1080 370 1344 1946
1946 5 7 11
1344 1 11 343
1853 4 163 296
163 2 5 164
1076 1077 1856 2677
1856 9 13 233
233 5 234
1077 819 872 1109
1109 1 366 368
368 7 9 11
819 5 6 13
872 1 3 12
2677 311 362 1106
1106 5 154 494
2740 185 186 190
185 77 827 1865
827 231 315 401
315 13 297 311
1865 1 568 1867
1867 3 5 240
190 192 214 1199
1199 150 1201 1591
1201 499 1001 1039
1039 5 164 219
1001 5 216 872
216 11 13
499 215 971
215 9 11 13
971 1 4 5
1591 9 154 479
479 1 9 70
192 255 1202 2681
1202 5 466 1203
466 7 13 467
467 1 4 6
1203 1 164 1239
1239 4 5
2681 521 1842 1846
1842 364 569 1843
1843 5 7 14
1846 11 14 150
186 824 1869 1870
1869 14 70 150
1870 14 819 821
821 822 1237 1874
1874 1 3 568
824 4 364 826
826 4 231 521
188 1074 1075 1852
1075 374 1858 1863
1858 296 570 1068
1068 5 298 486
570 2 3 4
374 170 375 412
375 8 9 12
1863 211 803 1070
803 3 5 368
1070 4 5 215
1852 2 1086 1087
1086 296 681 1561
1561 5 11 299
1087 4 478 486
1074 1860 1862 1864
1864 5 219 226
1860 11 360 592
592 2 8 342
1862 169 212 1072
1072 7 224 356
169 11 170 224
202 204 2711 2712
2711 541 1280 2710
1280 221 1281 1614
1614 77 354 1335
1281 5 325 342
325 1 3 4
2710 1718 1721 1723
1723 439 1239 1240
1240 1 9 12
1721 9 333 1277
1277 232 439 1278
1278 6 14 325
232 4 5
1718 342 343 1720
1720 1 14 2708
2708 4 9 13
541 9 11
204 1212 1274 1275
1274 851 852 2707
852 830 843 2704
830 46 157 404
46 7 9
843 10 247 404
247 5 7 9
2704 1748 1749 1750
1748 2 14 353
1750 345 352 846
352 7 9 14
846 3 337 360
1749 3 6 257
257 5 7 9
2707 1727 1730 1732
1727 13 342 1729
1729 6 14 247
1730 1 342 1731
1731 7 338 343
338 9 13
1732 9 1271 1272
1272 75 333 412
1271 353 401 1180
851 601 848 1753
601 9 13 327
1753 1 247 341
848 1 584 861
584 2 5 12
1275 541 1262 1267
1267 353 1269 1611
1611 5 704 1613
1613 14 347
704 2 3 4
1269 613 1735 1738
1735 326 347 1736
1736 2 10 14
326 1 3 4
1738 3 5 14
1262 257 1259 1264
1264 876 1739 1742
1742 9 75 1256
1256 6 1258 1333
1258 150 350 1156
1333 1 5 345
1739 2 353 1741
1741 7 338 360
876 45 46 341
1259 2 341 1261
1261 12 404 1744
1744 13 353 1307
1212 1036 1130 2700
2700 338 1209 2699
1209 361 1210 1593
1210 14 150 613
1593 14 345 1594
1594 2 14 353
2699 9 1206 2698
1206 335 1208 1596
1596 1 5 14
1208 12 77 350
2698 921 1025 1765
921 4 338 348
1765 350 401 1205
1205 5 7 14
1130 7 1121 1132
1132 69 1127 2697
2697 75 1124 1771
1124 150 613 1126
1126 4 348 360
1771 350 351 1773
1773 12 14 361
351 7 13
1127 328 861 1128
1128 5 7 341
1121 404 1123 1574
1123 401 1572 1573
1573 5 14 348
1572 12 350 1180
1574 69 157 1576
1576 5 12 69
1036 9 1033 1038
1038 594 1777 1780
1777 4 353 1778
1778 2 5 492
492 9 11 13
594 9 341
1780 4 5 350
1033 4 1035 1551
1035 401 1554 2696
2696 326 1782 1783
1783 353 360 704
1782 6 14 345
1554 77 350 766
1551 341 1333 1552
1552 5 353 404
2712 1197 1198 1247
1247 1249 1754 1760
1760 232 333 594
1249 1239 1244 2701
2701 1240 1756 1759
1759 3 5 349
1756 1026 1156 1757
1757 3 14 46
1244 354 594 1246
1246 404 543 1763
1763 1 342 492
1754 329 342 1242
1242 1 14 247
1198 9 1190 1787
1787 862 1194 1195
1194 1 5 336
336 7 9 11
1195 11 14 247
1190 349 1192 1585
1192 3 349 1333
1585 350 366 1587
1587 3 5 333
1197 3 1188 1189
1188 353 1589 1590
1590 11 14 257
1589 2 5 336
1189 150 350 352
21 35 158 2671
35 162 1154 1155
1154 591 1140 1141
591 4 7 153
1141 154 455 1136
455 3 13 153
1136 298 861 1137
1137 9 150 1307
1140 10 1134 1135
1134 70 233 1920
1920 2 13 1351
1351 4 7 412
1135 4 163 2653
2653 164 971 1924
1924 1 3 819
162 1007 1113 2664
1007 12 1004 1009
1004 1006 1203 1943
1943 2 11 412
1006 370 1080 1545
1545 7 369 1307
1009 1001 1940 1942
1942 12 170 1003
1003 5 7 11
1940 5 216 489
489 2 3 12
2664 998 2661 2662
2661 14 1327 1906
1906 156 572 1332
1332 1 7 13
998 12 992 1000
992 993 1950 1951
1950 3 47 251
1951 6 11 14
993 236 359 467
1000 13 995 1949
1949 12 170 989
989 7 369 1265
995 872 996 1307
996 6 14 489
2662 486 1329 2660
1329 10 489 991
991 2 12 221
2660 236 1903 1904
1903 5 12 70
1904 149 155 157
155 1 3
1113 1096 1115 2652
2652 1106 1108 1109
1115 10 1103 1110
1110 1111 1929 2650
2650 3 251 1927
1927 13 14 311
1111 6 14 1564
1564 7 570 1565
1565 2 3 13
1929 154 369 570
1103 1104 1931 2649
1931 9 510 1102
1102 170 412 1265
2649 356 358 1932
1932 13 224 236
1104 1072 1099 2647
1099 2 412 450
2647 2 219 237
237 236 238
1096 1097 2645 2646
2646 233 571 2642
2642 311 358 1093
571 9 13
2645 154 378 1935
1935 1 150 450
1097 499 1095 2644
2644 234 238 1937
1937 4 219 251
1095 311 362
1155 1149 1150 1909
1149 10 1143 1144
1144 1 216 366
1143 2 681 1579
1579 5 11 299
1909 10 1152 1153
1153 1307 1581 2658
2658 234 359 1911
1911 486 570 1003
1581 7 11 154
1152 4 510 2657
2657 251 442 1167
1150 12 1145 2656
2656 1917 1918 2654
2654 47 151 702
702 3 13
1917 13 150 872
1918 13 412 489
1145 149 370 1146
1146 5 70 467
158 2 160 1040
160 170 378 2640
2640 251 357 1039
357 7 9
1040 4 1042 1556
1556 5 215 1557
1557 9 251
1042 803 1954 2639
1954 10 11 360
2639 164 224 1956
1956 3 9 369
2671 1 172 2670
172 11 174 1357
174 13 150 157
1357 5 157 1359
1359 10 150 156
2670 1894 1896 2669
1894 4 12 163
2669 169 1899 2667
2667 153 167 1901
1901 5 11 156
1899 6 11 151
1896 10 149 154
20 34 141 142
141 13 928 953
928 3 211 357
953 912 955 1340
955 8 1533 1995
1995 7 1531 1532
1532 297 570 1997
1997 8 12 170
1531 3 8 156
1533 9 170 591
142 2622 2623 2624
2622 1986 1990 1991
1991 3 219 226
1990 9 211 221
1986 357 493 756
2623 7 937 1984
937 255 370 938
938 3 214 219
1984 3 13 932
932 7 231 934
934 4 7 364
2624 217 1989 1992
1989 3 894 936
936 4 7 592
1992 9 154 214
34 143 146 2636
143 144 940 2633
940 7 942 957
957 10 326 959
959 623 702 1976
623 1 4 12
1976 13 69 157
942 1972 2629 2630
2629 39 416 702
1972 8 490 961
961 2 3 13
2630 326 351 1973
1973 8 13 45
2633 7 944 1967
1967 9 13 947
947 10 326 949
949 4 334 1017
1017 2 3 10
944 1 490 945
945 13 45 157
144 926 927 2632
927 1979 1981 2628
1981 8 13 81
81 1 3
2628 351 413 2626
413 2 3 4
2626 264 299 921
1979 4 7 490
2632 9 950 1969
1969 7 10 864
950 371 490 951
951 4 353 702
926 13 531 924
924 7 10 1528
1528 3 52 426
2636 135 139 140
135 136 2005 2007
2005 4 543 857
857 1 3 13
2007 45 73 339
73 2 3
339 7 9 13
136 338 855 856
856 3 335 2617
2617 221 333 608
855 4 491 2008
2008 3 12 350
139 46 884 885
885 13 157 2002
2002 10 81 299
884 12 490 702
140 213 886 2619
886 13 450 574
574 1 4 9
2619 230 1999 2001
2001 1 3 339
230 2 10 12
1999 4 8 571
146 3 148 962
962 214 450 963
963 13 1237 1536
1536 7 12 521
148 3 965 2635
2635 154 1960 1961
1960 7 13 297
1961 3 13 968
968 4 225 970
970 4 7 255
965 442 478 967
967 212 450 1963
1963 4 495 571
19 32 126 2615
2615 118 119 120
118 226 2141 2144
2141 6 255 288
288 170 289 298
289 3 11 13
2144 4 12 215
120 6 122 301
122 2133 2135 2583
2583 226 307 2138
307 253 308 368
308 4 6 215
2138 6 305 306
306 9 164 214
305 170 214 494
2135 164 255 300
300 4 6
2133 168 296 299
168 6 11
301 154 302 1382
302 4 164 296
1382 296 298 1383
1383 9 11 212
119 213 291 2145
2145 164 222 295
295 11 154 170
291 293 368 1381
293 1 4 215
1381 1 2 3
32 130 131 2616
130 566 567 2611
2611 2023 2025 2026
2023 6 12 602
602 9 11 351
2026 336 889 890
890 10 337 2033
2033 3 6 333
889 253 354 2032
2032 3 6 345
2025 46 892 893
893 253 2028 2029
2028 1 11 342
2029 11 353 415
415 3 6
892 10 250 415
566 327 538 559
559 3 348 561
561 252 354 2085
252 3 4 6
2085 6 326 345
538 539 2593 2594
2594 11 531 2097
2097 39 83 168
83 2 6
2593 167 264 416
539 11 534 2099
534 8 45 83
2099 6 417 533
417 1 8 10
533 1 8 11
567 553 2083 2597
2083 7 563 564
564 1 252 342
563 250 350 415
553 554 2092 2595
2092 9 342 550
550 11 248 552
552 1 6 221
248 3 4 6
554 12 541 544
544 6 325 546
546 6 413 2095
2095 3 4 45
2595 492 547 2088
547 300 354 548
548 4 6 333
2088 300 338 2090
2090 1 11 342
2597 2077 2079 2081
2079 2 223 329
2077 11 556 557
557 2 253 490
556 10 13
2081 6 13 490
2616 123 133 134
123 6 125 320
125 317 2124 2585
2124 6 8 12
317 9 164 319
319 155 368 2131
2131 1 4 215
2585 11 315 2584
2584 314 2126 2127
2127 234 297 312
312 7 11 13
2126 7 11 311
314 8 10 12
320 322 370 2130
2130 7 11 568
322 13 1386 1387
1387 8 11 872
1386 11 12 521
134 6 972 2614
2614 11 912 2012
2012 452 591 976
976 47 151 702
452 8 11
972 973 2015 2018
973 156 489 2017
2017 8 11 13
2018 11 299 441
2015 489 570 2016
2016 7 11 297
133 6 676 680
676 312 677 1345
677 170 465 1458
465 8 9 11
1458 7 11 568
680 457 465 2613
2613 217 236 2021
2021 11 70 568
457 7 235 356
131 610 643 753
610 6 604 612
604 1 606 1441
1441 10 339 601
606 10 602 2075
2075 12 350 541
612 2072 2073 2600
2600 157 602 2071
2071 9 11 607
607 1 6 335
2072 6 250 339
2073 2 6 601
643 620 634 2608
620 6 615 622
622 2060 2063 2602
2060 342 413 2061
2061 6 7 11
2063 10 487 618
618 6 52 426
487 7 11 13
2602 327 608 2065
2065 6 613 614
614 7 11 12
615 4 617 1443
617 351 426 2068
2068 10 327 703
1443 2 328 1444
1444 10 327 333
634 635 2057 2603
635 334 631 2058
631 3 327 632
632 7 10 253
2058 6 413 614
2603 623 2052 2055
2052 6 69 626
626 10 328 351
2055 6 10 487
2057 326 629 630
630 6 10 327
629 7 168 353
2608 2047 2049 2607
2049 223 337 556
2047 11 80 637
80 1 3 13
637 6 10 12
2607 13 639 2605
639 45 641 1446
1446 6 10 12
641 1 6 250
2605 426 2046 2051
2051 11 13 45
2046 7 10 415
753 6 744 755
755 2035 2037 2038
2035 6 492 613
2038 9 748 749
749 250 371 415
748 11 353 520
520 3 4 6
2037 541 751 752
752 6 10 326
751 3 10 829
829 1 2 4
744 338 746 1483
746 704 2042 2043
2042 9 10 11
2043 4 345 492
1483 250 371 1484
1484 4 11 353
126 128 2591 2592
2592 6 480 2108
480 442 443 482
482 299 592 894
2108 9 214 483
483 3 234 462
462 7 311 464
464 13 234
128 460 461 474
474 6 468 476
476 462 465 2588
2588 255 466 2111
2111 11 70 471
471 467 473 568
473 6 8 219
468 255 469 1415
1415 7 370 1416
1416 1 3 13
469 154 465 1419
1419 7 11 297
461 2116 2118 2120
2116 6 47 453
2120 9 212 456
456 3 236 457
2118 6 211 450
460 452 455 2586
2586 226 451 2114
451 1 6 9
2114 11 351 454
2591 478 2107 2590
2590 330 2103 2104
2104 6 214 479
2103 2 7 296
2107 2 6 442
18 30 102 108
30 93 2577 2581
2577 96 99 105
96 98 524 525
98 2347 2352 2525
2347 341 401 2349
2349 1 297 522
522 5 7 9
2525 528 2344 2351
2344 255 324 2346
324 11 13 14
2346 1 247 520
2351 1 257 418
418 11 13 14
528 520 529 648
529 2 297 401
2352 251 296 445
445 330 446
446 5 7 9
525 252 527 1423
527 403 446 2354
403 401 404
2354 240 330 522
1423 245 522 1424
245 11 13 14
1424 332 446
332 11 13 14
105 107 2248 2253
2253 324 797 798
797 248 333 879
879 8 10 257
798 247 249 355
249 2 12 214
107 264 793 2251
793 485 795 864
795 337 2258 2259
2259 45 327 366
2258 2 7 14
485 5 6 7
2251 247 418 790
790 250 791 1490
1490 220 297 1492
1492 1 8 355
220 1 3 4
791 2 248 521
2248 220 343 2250
2250 214 250 602
99 100 2334 2527
100 443 596 597
596 3 1439 1440
1439 14 442 541
1440 4 11 446
597 2337 2339 2341
2339 5 442 492
2337 14 330 523
523 7 9
2341 4 338 486
2527 445 592 2332
2332 520 524 598
598 324 446 600
600 418 522
2334 8 591 594
93 95 436 2523
436 437 2369 2371
2369 3 426 430
430 8 412 431
431 11 14 264
2371 264 434 435
434 11 272 426
435 332 344 703
437 269 428 429
429 14 329 1338
1338 5 14 223
428 13 412 440
440 6 14
269 4 39 45
95 39 423 447
423 424 2377 2520
424 264 421 422
421 703 1404 1405
1405 251 485 2380
2380 7 240 360
1404 7 245 412
422 2 221 1400
1400 324 485 1402
1402 344 404 2382
2382 7 360 418
2520 416 2375 2376
2375 1 5 414
414 3 4 6
2376 7 39 418
2377 8 341 2379
2379 7 412 413
447 325 449 1409
449 2362 2365 2367
2365 4 81 1406
1406 149 341 1407
1407 7 324 412
2367 221 251 486
2362 337 404 2363
2363 4 5 7
1409 149 245 1410
1410 7 1413 1414
1413 5 6 332
1414 5 6 240
2523 443 2358 2359
2359 341 441 445
2358 9 439 442
2581 87 111 2579
2579 84 90 114
90 92 326 405
92 354 408 2517
2517 403 2385 2386
2386 1 247 2387
2387 341 401
2385 1 12 257
408 409 520 878
409 324 401 879
878 251 257 297
405 257 407 1397
1397 418 1352 1399
1399 2 6 478
407 6 830 2516
2516 601 1353 2390
2390 360 592 602
84 86 245 258
258 259 2417 2419
259 257 1364 1365
1365 1 330 648
1364 6 69 1352
2419 1 257 2420
2420 2 297 520
2417 247 250 1360
1360 297 467 1362
1362 1 8 248
86 2407 2410 2413
2413 1 262 263
262 247 330 2415
2415 2 255 332
263 251 252 1354
1354 12 214 247
2407 240 252 2409
2409 1 254 257
2410 247 248 2412
2412 214 250 251
114 116 838 839
838 45 881 882
881 39 74 902
74 6 75
902 7 13 412
882 601 861 2160
2160 6 75 264
116 45 841 842
841 8 911 2147
2147 324 1514 1515
1514 6 257 296
1515 6 247 255
842 264 1510 2149
2149 39 1508 1509
1509 5 328 2574
2574 272 327 859
1508 3 349 411
411 5 6 7
1510 5 328 1512
1512 13 485 1052
839 876 2154 2573
2573 601 761 2157
2157 334 415 878
2154 249 253 2156
2156 1 247 251
87 89 277 278
277 11 269 271
271 3 5 14
278 264 275 276
275 13 829 1376
1376 5 6 14
276 426 1374 1375
1374 5 216 2400
2400 6 13 14
1375 14 329 2514
2514 13 251 412
89 264 281 2515
281 283 623 1377
283 11 366 829
1377 251 819 1379
1379 13 1307 2396
2396 5 11 13
2515 268 279 284
268 264 266 267
266 3 1367 1368
1368 12 69 1370
1370 6 11 14
1367 246 829 1025
267 829 1369 2513
2513 150 326 2403
2403 11 366 623
1369 5 14 223
279 3 39 69
284 245 285 485
285 7 332 360
111 2 113 832
832 355 834 1505
834 1354 2171 2172
2172 245 247 2174
2174 1 297 569
2171 1 13 248
1505 257 341 843
113 2163 2165 2166
2165 333 836 837
837 414 878 1504
1504 240 247 521
836 257 332 2168
2168 1 297 569
2163 413 601 2569
2569 5 6 12
2166 6 413 830
108 110 386 2568
386 387 2232 2550
387 1 221 383
383 9 385 1388
1388 230 1390 1391
1390 11 14 211
1391 8 343 1392
1392 5 8 11
385 9 211 440
2550 372 374 377
2232 170 381 382
381 11 213 219
382 5 11 222
2568 243 244 2567
2567 4 813 2566
813 229 815 1501
1501 13 343 956
956 5 11 13
815 894 1338 1500
1500 13 412 440
229 230 231
2566 2176 2177 2178
2177 1 221 230
2178 3 211 816
816 219 349 817
817 1 11 853
853 5 7 9
2176 8 14 494
244 2237 2239 2548
2239 5 222 235
2548 217 2241 2246
2241 13 225 233
2246 4 11 13
2237 4 229 239
239 13 240 440
243 227 2234 2546
2234 11 224 2236
2236 1 211 221
2546 213 237 2243
2243 215 218 232
218 2 12 214
110 673 811 812
673 504 581 2557
2557 495 664 2556
664 330 665 1451
665 4 253 1454
1454 245 496 1456
1456 7 224 332
496 5 7 9
1451 240 496 1453
1453 7 224 251
2556 2208 2211 2213
2211 338 453 667
667 4 149 668
668 6 14 47
2213 47 151 670
670 8 594 671
671 5 214 492
2208 248 418 2210
2210 2 255 446
581 154 575 583
575 5 577 1426
1426 11 222 225
577 2221 2222 2553
2222 6 14 225
2553 213 378 2220
2220 9 150 214
2221 6 14 222
583 225 578 2216
578 223 579 971
579 13 14 234
2216 226 341 574
504 495 501 506
506 2227 2231 2551
2551 225 2224 2230
2224 401 496 2225
2225 1 8 341
2230 11 14 154
2231 213 499 500
2227 13 222 233
501 503 520 1420
503 401 404 853
1420 418 496 1422
1422 7 224 324
811 217 909 2190
909 226 907 908
908 496 1520 1521
1521 332 414 2198
2198 6 221 324
1520 251 569 2195
2195 6 221 404
907 7 224 1522
1522 245 414 1524
1524 240 569 2193
2193 6 221 418
2190 341 493 2192
2192 7 224 355
812 904 905 2564
905 226 895 2559
2559 217 2200 2201
2200 3 6 7
2201 13 229 344
895 219 897 1052
897 311 496 2207
2207 5 219 328
904 225 898 2203
898 311 860 900
900 1 327 366
2203 74 894 902
2564 329 919 2563
919 211 914 1525
1525 1 853 1526
1526 7 14 219
914 230 363 496
2563 2181 2183 2562
2183 6 217 351
2562 226 916 2560
916 75 451 917
917 13 219 485
2560 911 912 2187
2187 5 328 894
2181 3 11 914
102 103 738 2543
738 517 730 739
517 213 511 519
519 508 2280 2534
2534 222 510 2278
2278 250 264 514
514 6 359 515
515 7 13 412
2280 6 229 507
507 7 13 14
511 513 1039 1093
513 150 479 1099
739 213 735 2540
2540 733 2269 2539
2539 163 222 2271
2271 7 229 240
2269 155 218 368
735 736 1109 2537
2537 311 358 362
736 356 647 1108
730 731 2535 2536
731 2 214 804
804 362 805 1493
805 7 224 1496
1496 240 401 1497
1497 245 520
1493 330 404 1495
1495 332 520
2535 222 800 2276
2276 2 213 803
2536 401 801 2275
2275 229 808 809
809 3 14 298
808 7 14 329
2543 264 398 741
398 326 392 400
392 39 393 1394
1394 324 411 1396
1396 344 418 2326
2326 7 360 404
393 8 341 485
400 279 395 2322
395 240 344 396
396 7 251 412
2322 73 264 389
389 390 2328 2330
390 4 341 486
2330 4 149 324
2328 7 361 418
741 7 743 1475
743 490 1478 2542
2542 251 2264 2265
2264 3 4 149
2265 245 486 704
1478 486 989 1003
1475 404 1477 2268
1477 704 1481 1482
1481 5 6 240
1482 5 6 332
2268 2 5 330
103 588 714 729
588 12 585 590
585 264 586 1429
1429 1430 2318 2320
2320 7 14 337
1430 1 3 1435
1435 149 369 1436
1436 5 7 11
2318 1 5 164
586 1 264 1432
1432 6 359 1434
1434 7 13 150
590 584 2315 2316
2316 7 251 531
2315 8 10 164
729 660 2288 2531
2288 341 720 721
721 454 523 2290
2290 226 330 647
720 12 297 1472
1472 311 522 1473
1473 2 329 446
2531 355 717 2530
2530 722 2284 2287
2284 226 252 725
725 324 362 726
726 7 224 418
2287 6 221 495
722 245 362 723
723 7 224 332
660 522 651 662
651 254 653 1448
1448 355 404 1450
1450 6 221 324
653 453 2311 2312
2312 341 364 569
2311 3 4 11
662 1 649 2529
2529 654 2303 2306
2303 341 648 657
657 355 446 658
658 6 220 523
654 523 569 655
655 3 47 541
2306 14 151 214
649 255 522 569
714 715 2295 2296
2296 414 709 710
709 324 495 647
710 2 255 1469
1469 245 446 1471
1471 332 522
2295 569 712 713
713 404 495 647
712 240 254 446
715 251 649 2293
2293 362 495 705
705 240 355 707
707 341 569 2301
2301 4 415 418
17 27 2510 2511
2510 11 82 2506
2506 7 52 76
82 1 2 6
2511 78 80 2508
2508 13 73 2426
2426 1 6 11
27 52 74 2509
2509 7 69 2427
2427 7 13 45
16 25 63 66
25 54 57 60
60 62 1025 1028
1028 3 1029 1548
1029 13 371 1017
1548 4 7 10
62 2453 2493 2494
2494 11 1026 2455
2455 6 10 75
2453 12 13 411
2493 337 2451 2452
2452 13 287 412
287 4 12
2451 10 13 14
54 5 56 1010
1010 223 1012 1547
1012 12 328 2468
2468 1 11 333
1547 4 12 491
56 272 1013 2490
1013 11 287 1015
1015 223 333 614
2490 371 956 2463
2463 11 354 360
57 59 2491 2492
2491 371 1018 2459
1018 3 5 11
2459 11 150 350
59 3 1022 2456
2456 13 150 1020
1020 348 371 1017
1022 10 485 1023
1023 4 10 150
2492 956 1017 2462
2462 10 13 485
66 5 68 1117
1117 11 348 1118
1118 10 1568 1569
1568 11 326 337
1569 13 327 337
68 2433 2435 2503
2503 10 2430 2431
2430 3 5 327
2431 11 343 345
2435 12 350 1018
2433 3 350 956
63 65 2501 2502
2502 3 1065 2500
1065 12 349 1066
1066 4 12 246
2500 83 246 911
65 1047 1060 1061
1061 439 1056 2442
1056 3 333 1058
1058 4 12 491
2442 12 74 1055
1055 10 329 860
1047 1049 2445 2497
1049 3 1043 2498
1043 12 411 1044
1044 4 12 412
2498 76 78 2447
2447 3 13 1026
2445 334 491 1027
1027 5 6 13
2497 14 45 2448
2448 1 11 1025
1060 1050 2443 2444
1050 3 246 371
2443 14 287 329
2444 3 10 349
2501 12 1050 2438
2438 341 1063 1064
1064 1 3 371
1063 2 3 287
15 24 43 44
24 40 2473 2488
40 42 2483 2485
2485 47 375 2479
2479 12 371 523
42 7 1236 2486
2486 214 217 574
1236 493 1237 1603
1603 1 4 9
2483 4 9 211
2488 46 51 2487
2487 39 47 2470
2470 7 8 45
51 1 2 4
2473 9 49 50
49 10 69 442
50 45 157 426
43 416 442 1287
1287 8 9 10
44 8 1283 2477
2477 7 222 531
1283 7 69 1285
1285 7 52 426
