22 202 2744 2745 2746
202 203 1036 1213 1273
203 541 1280 2710 2712
2712 1196 1249 1754 1760
1196 9 1190 1197 1787
1190 3 349 1333 1585
1585 3 5 333 350
333 2 12
350 1 10
1333 1 2 5 10
349 7 11 14
1197 3 352 1019 1188
352 7 9 14
1188 257 331 353 1589
1589 2 5 9 327
327 7 11
257 5 7 9
353 10 12
331 11 14
1019 1 5 6 10
1787 3 10 12 1193
1193 11 14 247 1194
1194 1 5 9 327
247 5 7 9
1754 1 14 247 1755
1755 3 6 10 12
1760 4 5 333 594
594 9 11 13 14
1249 4 5 1244 2701
1244 9 341 354 1246
354 1 12
341 11 13 14
1246 404 492 543 1266
543 9 10 12
1266 1 10 12
492 9 11 13
404 11 13 14
2701 349 820 1240 1756
1240 1 9 12
1756 3 352 1026 1156
1026 2 5 6 12
1156 1 5 6 12
820 3 5
2710 9 333 1277 2709
2709 342 343 1720 1723
1723 4 5 439 1240
439 6 13 14
342 10 12
343 5 6
1720 1 4 14 338
338 9 13
1277 4 5 439 1278
1278 1 6 14 221
221 3 4
1280 5 325 342 1282
325 1 3 4
1282 77 221 354 1335
77 5 14
1335 5 14 333 342
541 9 11
1036 9 1033 1777 1779
1033 401 1034 1554 2696
2696 353 360 704 1781
1781 6 14 326 345
326 1 3 4
345 2 10
704 2 3 4
360 5 6
1554 5 14 345 350
401 3 4 6
1034 4 341 1333 1552
1552 5 10 12 404
1777 2 5 492 1032
1032 4 10 12
1779 5 9 341 613
613 1 4 10
1273 1263 1264 1274 1733
1274 850 1727 1730 1732
1730 1 339 342 343
339 7 9 13
1727 13 247 342 1265
1265 6 14
850 830 843 851 2704
851 341 402 601 848
402 1 5 7 9
601 7 9 11 13
848 1 5 10 250
250 2 12
2704 345 352 846 1747
1747 3 6 257 1748
1748 2 10 12 14
846 1 3 5 6
843 10 247 404
830 7 9 157 404
157 10 12
1732 9 75 1026 1271
75 7 13 14
1271 5 14 353 401
1733 353 541 1269 1611
1269 3 77 613 1735
1735 14 326 345 347
347 3 4 5
1611 2 5 14 346
346 3 4
1263 2 257 341 1261
1261 12 404 1744
1744 6 13 14 353
1264 9 75 1256 2705
1256 6 1019 1156 1333
2705 45 46 341 1739
1739 2 339 353 360
45 1 2
46 7 9
1213 338 1130 1209 2699
1130 69 1127 1131 2697
69 1 4
1131 7 404 1123 1574
1574 5 10 12 69
1123 79 348 401 1572
79 5 14
1572 5 12 14 350
348 1 2 10
1127 5 10 328 911
911 7 11 13 14
328 7 11 13
2697 75 1124 1772 1773
1124 150 348 361 613
150 5 6
361 4 5 6
1773 4 12 14 360
1772 1 7 10 13
2699 921 1025 1765 1768
921 4 9 13 348
1768 9 77 1116 1207
1116 1 10 12
1207 1 5 14 335
335 2 10 12
1765 7 77 350 401
1025 6 14
1209 14 150 613 1211
1211 4 5 6 1593
1593 2 10 12 14
2744 182 183 196 199
182 5 47 453 702
702 3 13
453 1 2 12 214
214 8 10
47 4 7
196 198 1797 1801 2692
198 1224 1225 1808 2687
1224 213 355 1308 1311
213 8 10 12
355 3 4 6
1311 6 219 359 500
359 7 13 14
500 234 238 251 574
238 9 13 14
234 1 4 6
251 11 13 14
574 1 4 9
219 1 9
1308 9 77 354 1335
1225 213 1226 1318 2690
2690 222 369 488 510
222 8 9 10 12
510 2 6 359
369 7 11 14
488 2 3
1226 227 372 377 733
227 2 4 222 251
372 6 14 170 222
170 2 3 4
377 170 213 378
378 9 11 14
733 2 213 329 358
358 7 9 14
329 3 6
1318 154 237 378 1108
237 9 13 14 236
236 2 4 6
1108 1 3 9 369
154 1 3 4
2687 7 222 251 1806
1806 9 325 342 343
1808 6 14 154 222
2692 5 255 1228 2691
255 8 10 12
1228 3 47 251 1230
1230 2 4 6 359
2691 213 311 358 801
801 8 10 251 362
362 5 7 9
311 1 3 6
1801 225 343 359 1234
225 2 8 9 10
1234 4 14 226 571
226 2 8 10
571 9 13
1797 5 14 355 1231
1231 2 7 225 255
183 8 14 700 1466
1466 151 455 591 702
591 1 2 10 442
442 4 7
151 1 2 12
455 1 2 10 299
299 3 13
700 13 454 912 1340
1340 7 8 454 663
663 1 2 12 47
912 1 2 8 9
454 1 2 8 157
199 5 14 201 1253
201 1250 1790 1793 1794
1250 4 231 364 521
521 1 8 10
364 1 8 12
231 1 8 9
1793 3 5 14 298
298 7 11
1794 11 14 343 364
1790 3 14 149 231
149 5 6 7
1253 7 11 1605 1608
1605 311 314 401 521
314 8 10 12
1608 3 4 231 822
822 1 8 10 12
2745 193 209 210 2739
210 217 1623 1626 1628
1623 4 224 240 493
493 2 8
224 5 9
240 11 13 14
1628 7 11 14 1315
1315 3 5 1316 1345
1345 4 9 441 493
441 2 8 10
1316 3 4 5 648
648 2 8 12
217 1 2 9 213
1626 11 14 412 648
412 5 6
193 194 495 986 1219
495 1 8 12
986 240 978 979 988
978 5 442 521 1542
1542 4 7 231 364
988 5 6 980 1835
980 3 358 495 982
982 11 14 296
296 8 10 12
1835 347 369 524 984
984 5 7 14 401
524 1 8 10 12
979 297 362 363 367
367 1 3 5
363 1 8
297 8 10
1219 347 378 1220 2684
1220 3 224 369 1601
1601 4 14 216 401
216 11 13
2684 9 359 360 1820
1820 9 13 14 361
194 1214 1812 1814 1817
1812 5 14 311 478
478 8 10 12 13
1817 3 5 251 296
1214 5 1216 1322 1323
1323 4 225 251 1832
1832 3 4 226 378
1216 343 1324 1827 2682
1324 3 226 358 1326
1326 11 14 255
2682 225 369 717 820
717 8 12 251 647
647 5 7 9
1827 5 251 296 442
1322 170 255 369 1620
1620 2 13 14 329
1814 1 296 359 361
2739 175 179 1883 2673
179 9 493 690 691
690 3 14 486 1464
486 5 6 7
1464 4 5 6 13
691 5 14 355 688
688 7 13 14 412
2673 4 648 688 1878
1878 5 7 14 692
692 330 355 441 648
330 3 4 6
1883 4 441 688 696
696 12 13 14 412
175 177 240 686 687
177 8 11 682 2672
2672 11 14 454 1888
1888 3 14 441 572
572 5 6 13
682 6 14 151 153
153 1 2 10
687 2 8 647 1891
1891 2 3 5 568
568 8 12
686 5 47 648 1460
1460 3 4 7 441
209 79 356 1314 1616
356 2 3 6
1616 7 13 314 568
1314 8 11 156 2736
2736 6 11 441 1630
1630 9 11 221 493
156 2 10 12
2746 187 206 207 2740
2740 186 190 1865 1872
190 191 1842 1845 1847
1842 7 77 364 569
569 3 4 6
1847 5 255 466 1203
466 1 4 6 70
70 7 13
1203 1 4 5 164
164 7 11 13
191 214 499 1200 2680
499 1 4 5 215
215 9 11 13
1200 9 150 154 479
479 1 7 9 13
2680 5 216 872 1039
872 1 3 12
1039 1 5 9 164
1845 11 14 150 521
186 14 819 821 1868
821 4 231 822 1874
1874 1 3 8 12
819 5 6 13
1868 14 70 150 824
824 4 231 364 521
1865 1 240 568 820
1872 77 231 315 401
315 8 10 13 311
206 1638 1640 2732 2735
1640 5 81 341 1306
81 1 3
1306 10 404 956 1327
956 5 11 13
1327 5 10 12
2732 13 337 1299 1634
337 1 3 6
1299 5 14 345 353
1634 1 14 333 1301
1301 3 7 371 1016
371 4 10
1016 10 13
1638 3 5 45 341
2735 1164 1177 1680 2721
1164 613 1161 1166 1695
1166 1685 1688 1690 1692
1685 13 69 342 344
344 5 6 7
1692 5 7 341 829
829 1 2 4
1688 77 337 491 1016
491 1 3 12
1690 4 75 343 354
1695 347 348 349 1159
1159 12 14 327 350
1161 12 349 366 1205
366 3 5
1205 5 7 14
1177 3 354 1173 2720
2720 5 14 264 1681
1681 1 5 8 14
264 8 10
1173 5 6 439 556
556 10 13
1680 330 354 1171 1205
1171 3 4 5 349
2721 10 14 39 1677
39 8 12
1677 3 69 342 1168
1168 5 6 7 11
207 763 776 788 1296
788 45 246 1697 2717
1697 334 343 439 556
334 1 2 12
2717 1 11 779 1698
779 10 150 781 1702
781 5 6 14 157
1702 5 6 12 14
1698 13 348 783 1025
783 2 12 350 360
246 11 14
763 764 1711 1715 2713
1715 2 272 341 758
272 3 5
758 14 342 343 756
756 3 13
2713 272 333 439 1709
1709 3 13 79 335
764 11 45 761 861
761 10 12 45 874
874 1 2 5 12
861 5 10
1711 1 14 70 335
776 490 770 777 2715
2715 5 6 773 1705
1705 13 79 253 345
253 3 6
773 2 11 12 14
490 2 3 12
777 10 331 769 1488
1488 2 5 6 12
769 5 73 404 490
73 2 3
770 5 6 223 1016
223 11 13
1296 869 1298 1649 2728
1298 333 1181 1186 2731
1186 416 1654 1657 2726
2726 8 14 45 78
78 2 5 14
1654 2 5 14 39
416 1 2 12 264
1657 1 5 8 10
1181 7 355 1182 1583
1182 14 221 327 861
1583 5 10 14
2731 426 913 1647 1650
1650 4 75 1026 1291
1291 14 333 344 556
913 5 7 11 13
1647 3 14 327 1648
1648 2 4 5 10
426 2 4 12
2728 353 703 1288 1645
1645 7 79 345 569
703 2 3 4
1288 5 6 7 11
1649 2 4 7 1293
1293 5 157 341 404
869 870 1661 1664 2724
870 4 866 1671 1674
1671 7 14 337 345
1674 7 14 329 334
866 75 345 360 868
868 5 7 14 335
1661 7 52 404 861
52 2 4
2724 353 646 863 1669
646 5 6 7
1669 3 45 342 344
863 3 13 45 52
1664 5 221 333 349
187 189 1074 1075 1852
189 214 1076 1084 2679
2679 211 1090 1848 1851
1090 164 224 412 450
450 7 9 13
1848 13 212 224 236
212 8 12
211 2 8 12
1851 5 443 894 1559
894 1 9 211
1559 3 4 7 13
443 1 2 12 297
1084 4 163 296 1855
1855 149 255 370 1080
1080 1 11 343 1343
1343 5 7 11 370
370 1 3 4
163 2 5 164
1076 819 872 1078 1109
1078 233 571 1095 1106
1106 5 9 11 154
233 1 4 5 6
1095 5 7 9 311
1109 1 3 5 368
368 7 9 11
1074 169 212 1072 2675
2675 11 360 592 1864
592 2 8 10 12
1864 1 5 9 226
169 5 9 11 170
1072 2 3 6 647
1075 211 374 1069 1858
374 9 170 212 412
1858 296 486 570 1003
1003 5 7 11
570 2 3 4
1069 4 5 215 803
803 3 5 9 298
1852 2 296 1087 1560
1560 3 13 166 412
166 5 11
1087 4 13 296 486
21 35 158 1898 2670
2670 169 1899 2667 2668
2667 153 156 166 167
167 6 11
2668 4 12 163 1896
1896 7 10 150 154
1899 6 11 151
158 159 170 378 2640
159 2 4 1042 1556
1556 5 9 14 216
1042 164 224 1956 2638
2638 10 11 360 803
1956 3 9 369
2640 7 9 251 1039
35 162 591 1139 1155
1155 10 1142 1150 1151
1151 4 510 1153 2657
2657 5 14 216 442
1153 234 359 1910 1911
1911 5 298 486 570
1910 7 11 154 1307
1307 6 14
1142 2 216 367 1578
1578 3 13 166 412
1150 12 1145 2654 2655
2654 3 13 47 151
1145 5 149 370 466
2655 489 572 819 872
489 2 3 12
162 1103 1114 1926 2665
1926 10 1112 1265 1564
1112 154 369 570 2650
2650 13 14 311 1930
1930 3 11 13 14
1564 2 7 299 570
1103 9 1101 1104 2649
2649 13 224 236 1934
1934 2 3 6 358
1104 2 219 237 2648
2648 2 412 450 1072
1101 170 412 510 1265
1114 1096 1106 1108 1109
1096 499 1095 1098 2644
1098 233 571 2642 2645
2642 311 358 359 451
451 1 6 9
2645 150 154 378 479
2644 234 238 251 574
2665 998 1007 2661 2662
998 13 995 999 1949
1949 12 170 989
989 6 7 11 14
995 6 14 489 872
999 12 359 994 1543
1543 1 2 4 6
994 6 11 14 1950
1950 3 4 7 251
1007 12 1004 1942 2641
1004 370 1005 1080 1545
1545 6 7 11 14
1005 2 11 412 1203
1942 5 12 170 298
2641 5 216 489 872
2661 14 156 1327 1331
1331 1 7 13 412
2662 486 1329 1902 1904
1329 10 12 170 488
1902 5 12 70 236
1904 1 3 149 157
1139 10 455 1133 1919
1133 4 163 1134 2653
2653 1 3 819 1925
1925 1 4 5 164
1134 7 13 233 1920
1920 2 4 13 486
1919 154 298 861 1137
1137 5 6 9 14
1898 1 157 173 819
173 5 11 157 1359
1359 2 10 12 150
20 33 143 146 2636
146 3 962 965 2635
962 13 214 450 1535
1535 4 7 231 822
2635 3 13 968 1959
1959 7 13 154 297
968 4 7 225 255
965 13 296 442 967
967 8 12 450 1963
1963 4 9 13 495
33 13 142 928 953
953 912 1340 1994 1995
1994 8 9 170 591
1995 3 7 1352 1532
1352 2 8 10 12
1532 170 297 568 570
142 1989 2621 2622 2623
2622 9 211 221 2620
2620 3 219 226 1986
1986 7 9 493 756
1989 3 442 592 894
2623 3 13 932 1988
932 4 7 231 364
1988 7 255 370 938
938 1 3 9 214
2621 9 154 214 217
928 3 7 9 211
2636 137 138 338 854
138 46 883 2000 2619
2000 13 213 450 574
2619 81 230 339 1999
1999 4 8 9 13
230 2 10 12
883 13 157 884 2002
884 2 3 12 13
2002 1 3 10 13
854 3 335 855 2617
2617 1 10 221 333
855 3 4 354 1116
137 45 73 339 2005
2005 4 81 299 543
143 144 940 1967 1968
940 941 1972 2629 2630
1972 8 13 73 490
2629 3 13 39 416
2630 7 13 326 535
535 1 2 8
941 7 10 326 959
959 13 69 157 1978
1978 3 12 13 69
1968 1 7 490 945
945 10 12 13 45
1967 10 326 338 949
949 3 4 334 345
144 9 925 950 1969
950 371 490 702 1032
925 13 923 2627 2628
2628 7 13 413 2626
413 2 3 4
2626 3 13 264 921
2627 4 7 490 1981
1981 1 3 8 13
923 7 10 39 1528
1528 2 3 4 12
1969 3 7 10 45
19 31 130 131 2616
131 610 643 754 755
754 6 338 746 1483
746 4 345 492 2041
2041 9 10 11 704
1483 11 250 371 1032
755 541 750 2035 2038
750 6 10 326 751
751 3 4 10 45
2038 9 371 748 1355
748 10 11 12 520
520 3 4 6
1355 2 3 6 12
2035 4 6 350 492
643 621 644 2601 2602
2602 1 327 335 2065
2065 6 12 327 613
2601 10 487 618 2060
618 2 4 6 12
2060 7 167 342 413
487 7 11 13
621 4 6 617 1443
617 7 13 426 2068
2068 7 10 11 703
1443 2 13 327 335
644 636 2056 2058 2608
2056 3 327 334 632
632 3 6 7 10
2608 13 639 2605 2606
2605 45 223 426 2046
2046 3 6 7 10
2606 223 337 556 2047
2047 6 10 12 2048
2048 1 3 11 13
639 1 6 250 640
640 6 10 12 45
636 326 628 2052 2054
628 6 10 327 629
629 6 7 11 353
2054 6 10 487 623
623 1 4 12
2052 1 4 6 626
626 7 10 11 13
2058 6 12 327 413
610 6 605 606 612
606 10 541 602 1116
602 7 9 11 13
605 1 10 339 601
612 157 602 2071 2599
2071 1 6 335 541
2599 2 6 601 2072
2072 2 6 12 339
31 118 119 120 126
120 6 301 2582 2583
301 4 164 296 303
303 154 296 298 1383
1383 8 9 11 12
2582 164 255 300 2133
2133 6 11 296 299
300 4 6
2583 6 226 304 307
304 9 164 214 305
305 9 11 170 214
307 215 253 300 368
119 9 213 291 294
291 1 4 215 292
292 1 2 3 368
294 11 154 164 170
118 6 255 288 2143
2143 4 12 215 226
288 3 170 216 298
126 127 460 461 474
461 9 212 456 2587
2587 6 211 450 2116
2116 4 6 7 453
456 3 236 457
457 7 13 236 356
460 8 11 455 2586
2586 6 219 226 2114
2114 7 11 13 454
474 462 465 475 2588
462 7 13 234 311
2588 255 312 466 471
312 7 11 13
471 8 12 451 467
467 1 4 6
475 6 255 469 1415
1415 1 7 370 702
469 154 297 313 465
313 7 11
465 8 9 11
127 2106 2108 2109 2590
2108 3 234 462 477
477 8 9 10
2106 2 6 442 478
2590 6 214 479 2102
2102 2 7 296 330
2109 6 442 443 482
482 3 13 592 894
130 566 567 2026 2610
2610 6 12 602 2025
2025 10 46 893 1355
893 3 6 2028 2030
2030 10 11 12
2028 1 10 11 12
567 7 553 562 2597
553 12 541 544 555
555 492 547 2088 2092
2092 9 10 12 550
550 1 6 11 221
547 4 6 333 354
2088 300 338 342 542
542 1 11
544 6 325 413 2095
2095 1 2 3 4
2597 11 556 557 2596
2596 6 13 490 2079
2079 2 3 6 223
557 2 3 6 12
562 252 350 1266 1355
252 3 4 6
566 539 2084 2593 2594
2594 10 11 39 537
537 2 6 11
2593 6 11 264 416
539 6 11 532 534
532 1 8 10 11
534 1 2 6 8
2084 3 327 348 561
561 1 12 252 2085
2085 2 6 10 326
2026 9 327 889 890
889 3 6 345 354
890 10 329 333 337
2616 124 125 133 134
133 457 465 679 2613
679 6 312 677 1345
677 170 313 465 568
2613 217 236 312 568
134 6 973 974 2614
974 11 299 441 2015
2015 297 313 489 570
2614 8 11 912 975
975 47 151 591 702
973 8 11 13 1538
1538 2 3 10 12
125 11 315 2123 2584
2584 234 297 312 2125
2125 7 11 311 314
2123 6 8 12 317
317 9 164 2131 2132
2132 1 3 9 298
2131 1 4 9 216
124 6 13 321 1385
1385 8 11 822 872
321 7 11 370 568
18 102 108 2580 2581
2581 88 89 111 2579
88 264 269 274 2398
2398 3 5 11 14
274 275 426 1374 1375
275 13 150 829 1025
1374 5 11 13 1265
1375 14 216 329 572
269 4 8 12 45
111 2 832 2165 2571
2571 6 413 830 2163
2163 12 412 413 601
832 833 1354 2171 2172
833 257 341 355 843
2172 245 247 521 569
245 11 13 14
1354 5 7 9 255
2171 1 6 13 221
2165 333 414 836 1503
414 3 4 6
836 257 332 521 569
332 11 13 14
1503 240 247 521 878
878 8 10 251 257
2579 85 86 90 114
90 326 405 2388 2517
2388 354 409 520 878
409 257 297 324 401
324 11 13 14
405 6 406 830 2516
2516 10 150 601 2390
2390 5 6 592 602
406 257 418 1352 1399
1399 2 6 13 296
418 11 13 14
2517 341 401 402 2384
2384 12 256 401 404
256 1 5 7 9
86 1 261 2407 2410
2410 247 248 249 251
248 3 4 6
249 2 8 10 12
2407 240 252 254 256
254 2 8 10 12
261 251 252 262 1354
262 247 254 330 332
85 245 257 260 1363
1363 1 330 648 1364
1364 6 8 69 156
260 247 250 1360 2419
1360 248 297 363 467
2419 1 257 441 520
114 45 839 840 880
880 8 12 882 1517
882 5 10 601 2160
2160 6 8 10 75
1517 6 13 75 411
411 5 6 7
840 39 841 1507 2148
1507 3 349 411 1509
1509 272 327 859 913
859 3 6 7 14
841 8 324 911 1513
1513 6 257 296 1354
2148 5 264 328 1512
1512 3 13 349 485
485 5 6 7
839 601 761 2157 2572
2157 3 6 334 878
2572 45 46 341 2154
2154 249 251 253 402
89 264 265 281 2394
281 11 282 366 829
282 251 623 819 1379
1379 5 11 13 1307
2394 3 39 69 284
284 245 332 485 646
265 3 267 1367 1368
1367 6 11 14 829
267 150 326 2403 2405
2403 3 5 11 623
2405 4 45 341 956
1368 6 11 14 623
2580 94 423 2361 2577
2361 39 325 449 1409
449 4 81 1406 2522
1406 149 324 341 486
2522 221 251 486 2362
2362 5 47 337 404
1409 7 150 245 1412
1412 5 6 240 332
94 436 443 2358 2359
2358 4 7 9 439
436 264 433 437 2369
433 332 344 434 703
434 3 5 11 426
437 269 429 439 1027
429 5 14 223 329
1027 5 6 13
2369 8 412 431 2370
2370 2 3 4 12
431 8 10 11 14
2359 330 341 441 446
446 5 7 9
423 416 424 2374 2377
2374 1 5 414 2376
2376 7 8 12 418
2377 8 341 411 413
424 264 422 703 1403
422 324 413 485 1402
1402 344 404 418 646
1403 7 245 412 1405
1405 240 251 485 646
2577 96 100 101 105
96 97 2347 2352 2525
2525 256 418 528 2344
528 401 441 520 648
2344 255 324 402 520
2347 341 401 521 522
522 5 7 9
97 252 524 527 1423
527 240 330 522 2356
2356 401 404 446
1423 5 245 332 523
523 7 9
2352 251 296 330 446
101 8 591 594 2527
2527 330 446 592 2332
2332 1 296 520 598
598 5 324 418 523
105 107 324 796 2248
2248 220 249 343 602
220 1 3 4
796 247 249 355 797
797 248 257 297 333
107 247 418 790 2254
790 2 248 521 792
792 220 250 297 1492
1492 1 6 8 221
2254 264 794 2257 2259
2257 2 7 14 337
794 3 7 45 150
2259 3 5 45 327
100 3 443 597 1438
1438 4 11 446 1439
1439 9 11 14 442
597 4 338 486 2526
2526 5 442 492 2337
2337 7 9 14 330
108 110 387 388 2568
388 372 374 377 2232
2232 166 170 222 381
381 1 9 11 213
2568 243 2547 2548 2567
2548 4 217 223 2241
2241 5 13 225 234
2567 4 814 815 2566
815 439 894 1027 1338
1338 5 11 13 14
2566 3 211 816 2175
816 219 349 542 853
853 5 7 9
2175 1 221 230 2176
2176 8 9 11 14
814 13 229 343 956
229 2 10 12 231
2547 4 229 239 2239
239 6 11 13 14
2239 5 13 222 236
243 227 2234 2546
2234 11 211 220 224
2546 2 213 237 2244
2244 4 5 9 216
110 673 811 903 2564
673 505 506 581 2557
2557 495 664 2213 2555
664 252 330 1451 1454
1451 240 251 496 853
496 5 7 9
1454 245 332 496 853
2213 8 594 663 671
671 5 8 10 492
2555 338 453 667 2208
667 4 7 150 1025
2208 248 254 418 446
505 495 503 520 1420
1420 324 418 496 853
503 7 224 401 404
506 213 499 500 2552
2552 13 222 233 2551
2551 154 225 246 2224
2224 341 363 401 496
581 225 578 582 2216
2216 4 219 226 341
582 154 576 2553 2554
576 5 11 222 225
2553 150 213 378 477
2554 6 14 222 225
578 13 14 234 580
580 1 4 5 223
903 226 895 904 2559
904 225 894 898 901
901 6 13 75 411
898 311 327 367 860
860 7 14
895 311 496 896 2207
896 1 3 9 349
2207 5 13 219 327
2559 13 229 344 2199
2199 3 6 7 217
2564 2185 2186 2560 2561
2561 3 11 914 2183
914 1 8 230 496
2183 6 7 13 217
2186 75 226 451 917
917 1 9 13 485
2185 211 329 914 1525
1525 1 9 853 860
2560 894 911 912 913
811 217 226 906 2190
906 496 907 1520 1521
907 245 414 853 1524
1524 240 248 418 569
1520 251 355 404 569
1521 248 324 332 414
2190 341 355 493 853
387 9 220 385 1388
1388 211 230 246 1391
1391 5 6 8 11
385 6 9 14 211
102 104 588 714 729
729 661 2307 2529 2532
2532 355 717 2288 2530
2530 226 252 725 2286
725 324 362 418 647
2286 6 221 495 722
722 245 332 362 647
2288 314 341 721 1472
721 7 9 454 2290
2290 7 224 226 330
1472 5 311 356 523
661 254 522 653 1448
653 341 364 569 2310
2310 3 4 11 453
1448 6 221 324 404
2529 14 453 654 2303
654 7 9 569 655
655 3 9 11 47
2303 341 648 658 659
659 5 7 9 355
658 6 7 9 220
2307 1 255 522 569
104 740 2273 2540 2543
740 213 511 519 730
519 222 510 2278 2533
2533 7 222 251 2280
2280 6 14 70 229
2278 2 12 264 514
514 6 13 359 486
511 359 451 513 1039
513 1 150 450 1100
1100 2 5 6
730 226 804 2535 2536
2535 2 213 799 803
799 2 3 222 369
2536 229 401 801 807
807 7 14 329 809
809 3 7 11 14
804 362 647 1493 1496
1493 330 332 404 520
1496 240 245 401 520
2543 326 392 400 2262
392 8 341 394 485
394 39 324 411 1396
1396 344 404 418 646
2262 264 742 2267 2542
2267 486 490 989 1003
2542 245 486 704 2263
2263 3 4 149 251
742 7 704 1476 1480
1480 5 6 240 332
1476 2 5 330 404
400 73 264 389 2324
2324 3 39 69 395
395 240 251 344 411
389 4 341 391 486
391 4 149 324 2328
2328 4 7 360 418
2540 163 222 2271 2538
2538 2 213 733 2270
2270 1 3 9 298
2271 7 229 240
2273 213 737 1072 1108
737 311 358 362 1109
714 569 711 715 2296
2296 254 414 709 1469
709 7 224 324 495
1469 5 245 332 523
715 362 495 705 2297
2297 251 255 522 569
705 6 221 240 707
707 341 414 418 569
711 404 495 647 712
712 2 240 255 446
588 12 585 2314 2316
585 1 264 1429 1432
1429 1 3 1431 1435
1435 5 14 149 298
1431 1 5 164 2320
2320 7 14 337
1432 6 13 149 359
2316 7 10 39 251
2314 5 164 250 264
17 27 2423 2506 2511
27 6 52 75 2509
2509 7 13 45 69
2511 13 78 81 2508
2508 6 13 72 73
72 1 11
2506 1 7 52 77
2423 1 2 6 11
16 60 63 66 2505
60 62 1025 1029 1030
1029 3 13 345 371
1030 3 4 7 10
62 11 1026 2455 2495
2455 6 10 75
2495 12 13 411 2493
2493 13 287 412 2450
287 4 12
2450 10 13 14 337
2505 5 56 57 1010
1010 223 287 491 1012
1012 11 12 328 334
56 371 956 2463 2465
2465 11 272 287 1015
1015 2 12 223 327
2463 5 6 11 354
57 3 58 1022 2456
1022 4 7 10 150
2456 5 6 13 1020
1020 1 3 345 371
58 485 1016 2461 2491
2461 3 5 223 345
2491 11 366 371 1019
66 5 1117 2503 2504
2503 11 343 345 2429
2429 3 5 10 327
2504 3 350 956 2435
2435 11 12 350 366
1117 10 11 348 1567
1567 11 326 337 1569
1569 7 11 13 337
63 64 1047 1060 1061
64 3 1065 2500 2501
1065 4 12 246 349
2501 12 341 1050 1062
1062 73 81 287 371
1050 3 11 14 371
2500 2 6 246 911
1060 3 10 349 2499
2499 14 287 329 1050
1047 3 1043 1048 2498
1043 4 7 12 412
2498 3 13 1026 2496
2496 1 2 5 14
1048 334 491 1027 2497
2497 6 14 45 72
1061 12 439 1054 1056
1056 3 287 333 354
1054 6 10 75 859
15 23 41 42 2489
2489 9 48 2472 2487
2487 7 8 45 2474
2474 4 7 8 12
48 45 49 157 426
49 1 4 7 10
2472 1 2 4 46
23 8 43 1283 2477
1283 7 52 69 426
43 264 416 442 477
2477 7 10 39 222
41 4 9 211 2485
2485 9 47 212 2479
2479 7 9 12 371
42 214 217 574 2481
2481 4 7 231 1238
1238 1 4 9 493
