22 38 203 1212 1274 1275 2744
1274 1 247 341 852 1752 2707
2707 9 75 333 412 1271 2706
2706 6 13 14 247 342 1730
1730 1 5 6 7 338 342
338 9 13
342 10 12
333 2 12
412 5 6
1271 5 10 12 14 401
401 3 4 6
75 7 13 14
852 2 14 353 1749 1750 2703
1750 3 14 46 337 345 360
345 2 10
337 1 3 6
46 7 9
360 5 6
2703 5 7 9 10 12 404
404 11 13 14
353 10 12
1749 3 5 6 7 9
1752 1 2 5 10 12 601
601 7 9 11 13
247 5 7 9
341 11 13 14
203 1196 1248 1725 1762 2701 2710
2701 3 7 9 14 1241 1758
1241 1 2 5 6 12
1758 3 5 9 14 327 354
327 7 11
354 1 12
1196 3 9 342 1187 1190 1193
1187 14 46 150 350 353 1588
150 5 6
350 1 10
1588 2 5 7 9 11 14
1190 1 2 5 10 1052 1191
1191 3 5 14 327 333 350
1052 3 7 11 14
1193 1 5 7 9 11 14
1725 1 5 221 342 541 1614
541 9 11
1614 1 2 5 10 12 14
221 3 4
1762 4 5 9 341 354 1246
1246 1 9 11 13 14 342
2710 9 333 354 1277 1718 1724
1718 1 4 14 338 342 343
343 5 6
1277 1 3 4 5 13 440
440 6 14
1724 4 5 6 13 14
1248 4 5 9 333 341 1754
1754 1 3 6 14 247 342
38 194 495 986 1219 2742 2746
194 3 5 251 296 1214 2685
2685 5 13 14 296 311 1814
311 1 3 6
1814 1 4 5 6 296 359
359 7 13 14
251 11 13 14
296 8 10 12
1214 5 6 1322 1323 1324 2683
2683 5 251 296 442 717 1824
1824 3 5 9 14 226 298
298 7 11
226 2 8 10
717 5 7 8 9 12 251
442 4 7
1322 13 14 170 255 298 356
356 2 3 6
255 8 10 12
170 2 3 4
1324 3 11 14 226 255 357
357 7 9
1323 3 4 9 226 251 378
378 9 11 14
2746 188 205 1082 1851 2678 2740
2740 186 192 214 1199 1865 1872
214 8 10
1865 1 3 5 8 12 240
240 11 13 14
1199 5 164 219 499 1001 1200
1001 1 3 5 11 12 13
219 1 9
1200 1 7 9 13 150 154
154 1 3 4
164 7 11 13
499 1 4 5 9 11 13
1872 13 77 231 297 311 401
77 5 14
297 8 10
231 1 8 9
192 11 14 150 521 1842 1847
1847 1 4 5 164 255 466
466 1 4 6 7 13
521 1 8 10
1842 1 7 8 12 77 569
569 3 4 6
186 7 13 14 150 821 824
821 1 3 8 10 12 1237
1237 1 4 8 9
824 1 4 8 9 10 12
1851 3 5 13 442 443 894
894 1 2 8 9 12
443 1 2 8 10 12
1082 4 163 255 296 1079 1083
1083 9 13 214 233 1077 2677
233 1 4 5 6
2677 5 7 9 11 154 311
1077 1 3 12 13 150 1109
1109 1 3 5 7 9 11
163 2 5 7 11 13
1079 1 5 6 7 11 370
370 1 3 4
2678 2 8 12 224 235 1090
224 5 9
235 2 4 6 13
1090 5 6 7 9 11 13
188 2 13 296 1073 1351 1560
1073 211 374 1069 1858 1862 2675
1069 3 4 5 9 216 298
216 11 13
374 5 6 8 9 12 170
1858 5 6 7 11 1859
1859 2 3 4 8 10 12
211 2 8 12
2675 5 6 11 219 226 592
592 2 8 10 12
1862 8 11 12 170 224 1072
1072 2 3 5 6 7 9
1560 3 5 6 11 13
1351 4 5 6 7
205 1 3 207 1304 2733 2735
207 788 789 870 871 1298 2730
789 10 764 765 767 1708 2715
2715 2 11 12 14 412 1705
1705 3 5 6 13 14 345
765 2 3 5 341 758 2714
758 3 5 6 13 14 342
2714 1 7 13 14 335 2713
335 2 10 12
2713 3 5 13 14 335 1713
1713 3 5 6 13 14 333
767 2 3 5 12 404 768
768 2 5 6 11 12 14
764 1 2 5 10 11 12
1708 5 6 10 11 13 490
490 2 3 12
871 3 45 342 344 1667 2723
344 5 6 7
45 1 2
2723 5 14 221 327 333 1661
1661 2 4 5 7 10 404
1667 1 2 3 4 13 1668
1668 5 6 7 10 12
1298 4 333 1181 1186 1290 2729
1186 1 2 5 8 14 2727
2727 2 5 8 12 14 417
417 1 8 10
2729 4 5 250 328 345 1052
250 2 12
328 7 11 13
1181 5 10 14 221 327 1660
1660 3 4 6 7
1290 14 333 344 351 412 556
351 7 13
556 10 13
788 1 11 13 779 782 2716
782 1 2 10 12 360 1025
1025 6 14
779 5 6 10 12 14
2716 1 2 11 12 14 785
785 5 6 10 13 14
870 4 75 345 360 868 2722
868 2 5 7 10 12 14
2722 1 3 6 333 345 860
860 7 14
2730 2 4 7 1293 1643 1645
1643 5 6 7 11 353 703
703 2 3 4
1293 5 10 11 12 13 14
1645 2 5 7 10 14 569
2733 1 2 3 5 341 2732
2732 1 2 12 14 1301 1636
1636 5 13 14 337 345 353
1301 3 4 7 10 13
1304 5 10 11 12 13 14
2735 3 354 1164 1173 1178 2720
1178 8 10 12 14 1677 1680
1677 3 5 69 327 342 344
69 1 4
1680 5 7 14 330 354 1171
1171 3 4 5 7 11 14
330 3 4 6
2720 1 5 8 10 14
1173 5 6 10 13 14
1164 5 346 613 1158 1161 1166
1161 3 5 7 11 12 14
1166 13 69 342 344 1688 2719
2719 4 5 6 75 354 1692
1692 1 2 4 5 7 341
1688 3 10 13 77 337 354
1158 1 2 10 12 14 327
613 1 4 10
346 3 4
1219 5 9 346 378 1599 2684
2684 4 7 9 13 14 360
1599 3 4 6 14 216 298
495 1 8 12
986 1 296 360 980 983 987
980 3 11 14 296 357 495
987 5 240 442 521 979 1542
1542 1 4 7 8 9 12
979 1 3 5 8 10 357
983 5 6 7 11 14 346
2742 177 178 208 240 686 687
208 5 14 298 1312 1315 2738
1312 2 8 11 157 1313 2736
1313 7 8 10 12 13 356
2736 6 9 11 221 441 493
493 2 8
441 2 8 10
157 10 12
2738 11 14 217 412 648 1623
648 2 8 12
1623 2 4 5 8 9 240
217 1 2 8 9 10 12
1315 3 4 5 648 1345
1345 2 4 8 9 10
177 8 11 14 454 682 1888
1888 3 5 6 13 14 441
682 1 2 6 10 12 14
454 1 2 8 10 12
687 2 3 5 8 12 647
647 5 7 9
178 2 8 10 179 695 2673
179 2 8 9 14 691 1463
1463 3 4 5 6 7 13
691 5 6 7 13 14 221
695 4 7 12 13 14 412
2673 5 7 14 692 1881
692 3 4 6 441 648
1881 4 7 13 14 412 648
686 3 4 5 7 441 648
1275 9 75 1256 1263 1733 2705
2705 1 2 7 9 341 1739
1739 2 5 6 7 338 353
1733 3 77 541 613 1268 1735
1268 2 3 4 5 14 353
1735 1 3 4 5 14 345
1256 1 2 5 6 10 12
1263 2 5 7 9 341 1261
1261 6 10 11 12 13 14
2744 197 1223 1224 1226 1227 2741
1223 7 9 213 251 1806 1809
1806 1 5 6 9 221 342
213 8 10 12
1809 1 3 4 6 14
2741 5 14 182 201 698 1253
201 3 5 14 298 1250 2695
1250 1 4 8 9 10 12
2695 3 7 14 150 231 1794
1794 1 8 11 12 14 343
182 3 4 5 7 13 453
453 1 2 8 10 12
1253 11 12 231 346 521 1255
1255 1 7 12 297 311 401
698 13 219 454 493 699 1340
1340 4 7 8 151 454
151 1 2 12
699 3 8 13 151 153 442
153 1 2 10
1226 170 213 356 358 378 2688
2688 2 3 4 222 251 1265
1265 6 14
222 8 9 10 12
358 7 9 14
197 5 255 1229 1230 2691 2693
1229 3 4 7 11 13 14
2693 5 6 14 221 1231 1233
1231 2 7 8 9 10 12
1233 4 7 9 13 14 226
1230 2 4 6 7 13 14
2691 7 9 14 213 311 801
801 5 7 8 9 10 251
1227 154 213 237 378 1108 2690
237 2 4 6 9 13 14
2690 2 3 14 222 298 510
510 2 6 7 13 14
1108 1 3 7 9 11 14
1224 6 213 221 500 1093 1308
1308 5 9 14 333 342 354
1093 1 6 7 9 13 14
500 1 4 6 9 238 251
238 9 13 14
1212 4 9 1035 1038 1213 1551
1213 7 401 1122 1132 1571 2700
1571 1 2 5 10 12 14
1132 1 4 75 1124 1127 1771
1771 4 12 14 350 351 360
1127 5 7 10 11 13 14
1124 1 2 4 5 6 10
2700 14 150 338 613 1211 2699
1211 2 4 10 12 14 360
2699 6 9 14 921 1206 1765
1206 1 2 5 10 12 14
921 1 2 4 9 10 13
1765 1 5 7 10 14 401
1122 1 4 5 10 12 404
1035 6 14 326 345 1783 1785
326 1 3 4
1783 2 3 4 5 6 353
1785 1 2 5 10 14 401
1551 1 5 341 345 353 404
1038 2 4 5 353 492 1779
492 9 11 13
1779 1 4 5 9 10 341
21 36 161 1007 1114 1115 2664
161 10 591 1134 1135 1141 1155
1135 1 2 4 5 164 1924
1924 1 3 5 6 13
591 1 2 4 7 10
1134 2 4 7 13 233 412
1141 1 3 4 13 153 1136
1136 5 6 9 10 14 298
1155 10 1142 1152 1153 1915 2656
1153 6 7 11 14 154 2658
2658 1 4 6 359 1911
1911 2 3 4 5 298 486
486 5 6 7
1915 5 6 7 12 370 466
1142 1 3 5 11 13 1143
1143 2 3 5 6 11 13
2656 3 4 7 13 151 2655
2655 1 3 12 13 150 1918
1918 2 3 5 6 12 13
1152 4 5 7 14 216 510
2664 12 13 992 995 1949 2663
995 1 2 3 6 12 14
2663 5 10 12 14 1906 2662
2662 2 4 6 1903 1904 1907
1907 2 3 4 10 12 486
1904 1 3 7 10 12 150
1903 5 7 12 13
1906 1 2 7 13 157 412
992 1 2 4 6 359 994
994 3 4 7 11 251 1265
1949 6 7 11 12 14 170
1114 311 362 499 1098 2644 2652
1098 1 150 154 378 450 2646
450 7 9 13
2646 9 13 233 311 358 1093
362 5 7 9
2644 1 4 6 9 238 251
2652 5 9 11 154 1108 1109
36 2 221 378 1040 2640 2671
1040 4 5 9 14 216 1042
1042 5 6 10 11 803 2639
803 3 5 7 9 11
2639 3 5 9 13 14 298
2640 1 5 7 9 164 251
2671 1 13 150 157 173 2670
2670 7 10 150 154 1894 2669
1894 2 4 5 12 13 298
2669 6 11 151 170 224 2667
2667 2 5 6 11 153 157
173 2 5 6 10 11 12
1115 10 1104 1111 1112 1931 2649
1111 2 3 4 7 13 1265
1112 3 11 13 14 311 1929
1929 1 2 3 4 14 298
1931 5 6 9 14 170 510
2649 5 7 9 14 235 356
1104 2 219 237 412 450 1072
1007 5 12 170 298 1004 2641
1004 2 5 6 11 1006 1203
1006 6 7 11 14 370 1080
1080 1 5 6 7 11 370
1203 1 4 5 7 11 13
2641 1 2 3 5 12 216
20 33 145 146 925 2632 2636
925 8 13 81 923 1979 2628
1979 2 3 4 7 12
81 1 3
923 7 8 10 12 426 703
426 2 4 12
2628 3 7 13 264 413 921
264 8 10
413 2 3 4
2632 3 7 9 10 45 950
950 2 3 4 10 12 13
145 7 338 942 944 947 957
947 1 2 3 4 10 12
944 1 2 3 10 12 13
942 7 8 13 45 326 2631
2631 2 3 8 12 13 416
416 1 2 8 10 12
957 1 3 4 10 12 13
146 3 214 450 963 965 2635
965 8 12 442 450 478 1963
1963 1 4 8 9 12 13
478 8 10 12 13
2635 3 7 13 154 297 968
968 2 4 7 9 12 214
963 4 7 12 13 231 521
33 3 7 9 142 211 929
142 9 211 221 2620 2623 2624
2620 3 13 219 226 357 493
2624 3 9 154 214 217 935
935 2 8 10 12 219 442
2623 3 7 13 932 937
932 1 4 7 8 9 12
937 1 3 4 9 12 214
929 2 8 13 219 955 1340
955 7 8 9 170 591 1530
1530 2 3 4 8 10 12
2636 46 137 140 338 854 883
140 1 3 7 338 1998 2000
1998 4 8 9 13 230
230 2 10 12
2000 1 4 7 9 13 213
854 1 2 3 4 10 12
137 1 2 3 7 338 2005
2005 1 3 4 9 13 342
883 1 2 3 10 12 13
19 118 119 120 126 129 2616
129 9 131 327 565 888 2610
888 1 2 3 6 10 12
2610 6 12 46 602 891
891 2 3 6 10 12 893
893 1 3 6 10 11 12
602 7 9 11 13
565 7 553 562 566 2077 2596
2077 2 3 6 11 12 556
562 1 2 10 12 252 415
415 3 6
252 3 4 6
2596 2 3 6 11 12 13
553 9 11 12 544 2092 2595
2595 4 6 333 354 492 2088
2088 1 4 6 11 338 342
544 1 2 3 4 6
2092 1 6 9 11 221 342
566 7 11 539 559 2593 2594
2593 1 2 6 11 12 264
2594 2 6 8 10 11 12
559 1 3 4 6 12 345
539 1 2 6 8 10 11
131 6 615 622 634 2608 2612
634 1 333 631 2057 2058 2603
2603 6 10 11 351 623 2052
2052 6 7 10 11 13 69
623 1 4 12
2058 2 6 7 11 12 221
2057 6 7 10 11 12 326
631 3 6 7 10 11
615 10 327 351 426 616 703
616 2 4 10 12 13 327
622 10 11 351 618 2060 2602
2060 2 6 7 11 221 342
2602 1 6 12 327 335 613
618 2 4 6 12
2608 11 13 45 639 2045 2606
2045 3 6 7 10 426
2606 6 10 11 12 13 81
639 1 2 6 10 12
2612 6 605 606 753 2599 2600
753 6 9 745 746 747 2609
747 2 4 10 11 12 415
746 2 3 4 10 492 541
745 2 4 10 11 12 338
2609 6 9 11 13 613 750
750 1 2 3 4 6 10
606 1 9 10 11 12 351
605 1 7 9 10 11 13
2600 1 6 157 335 541 602
2599 2 6 7 12 338 601
2616 6 13 125 132 321 1385
132 6 134 312 677 680 1345
134 2 8 11 219 975 2013
975 3 4 7 13 151 153
2013 6 8 11 13 974 1538
974 2 3 4 12 2016 2018
2016 7 8 10 11
2018 2 3 8 10 11 13
1538 2 3 10 12
312 7 11 13
677 7 8 9 11 12 170
680 8 9 11 217 457 2020
457 2 3 4 6 7 13
2020 2 4 6 8 12 312
125 11 13 297 311 2123 2584
2123 6 8 9 12 164 319
319 1 3 4 9 216 298
2584 1 4 6 297 312 2125
2125 7 8 10 11 12 311
321 7 8 11 12 370
1385 1 3 8 10 11 12
126 6 127 459 469 470 476
459 8 9 12 456 460 2587
460 3 8 11 13 153 2586
2586 6 11 219 226 351 454
2587 4 6 7 211 450 453
456 2 3 4 6 7 13
469 7 8 9 10 11 154
476 8 9 11 462 2588
2588 7 11 13 255 466 471
471 1 4 6 8 9 12
462 1 3 4 6 7 13
127 6 9 214 480 483 2591
2591 2 7 296 330 2104 2106
2106 2 4 6 7 13 296
2104 1 6 7 9 13 214
483 1 3 4 6 7 13
480 3 13 442 443 592 894
470 1 3 4 7 13 255
119 11 154 164 170 222 2146
2146 1 4 9 213 216 292
292 1 2 3 7 9 11
120 6 226 301 304 307 2582
304 7 9 11 13 170 214
2582 3 6 11 13 296 2135
2135 4 6 7 11 13 255
301 1 3 4 164 296 1382
1382 7 8 9 10 11 12
307 3 4 6 9 216 298
118 4 9 12 216 226 2141
2141 3 6 170 216 255 298
18 94 95 102 108 2577 2581
102 12 585 590 728 738 2543
585 1 3 264 1431 1432 1435
1432 5 6 7 13 14
1431 1 5 7 14 164 337
1435 5 6 7 11 14
728 341 660 714 720 721 2531
720 5 12 297 311 356 523
523 7 9
2531 6 221 495 717 722 2284
2284 3 4 6 226 725
725 5 7 9 11 13 14
722 5 7 9 11 13 14
721 5 7 9 226 330 454
660 1 255 522 569 651 2529
522 5 7 9
2529 14 223 453 648 654 657
654 3 4 6 7 9 11
657 1 5 6 7 9 221
223 11 13
651 3 4 11 453 652 2312
2312 1 8 12 341 569
652 2 6 221 255 324 404
324 11 13 14
714 3 4 6 708 711 715
715 5 7 9 495 705 2297
705 3 4 6 11 13 14
2297 5 7 9 251 255 569
711 5 7 9 404 495 712
712 2 5 7 9 240 255
708 2 255 324 495 647 1469
1469 5 7 9 11 13 14
2543 7 264 398 1475 2267 2542
2542 2 7 150 251 346 2266
2266 5 6 7 11 13 14
398 3 39 69 392 395 2322
395 5 6 7 11 13 14
2322 2 3 264 341 391 1351
391 4 5 6 7 324 418
418 11 13 14
39 8 12
392 7 8 12 150 341 1394
1394 5 6 7 11 13 14
1475 2 5 330 346 404 1480
1480 5 6 11 13 14
2267 5 6 7 11 14 490
590 7 8 10 12 251 2314
2314 2 5 8 10 12 164
738 213 511 519 730 735 2540
511 1 2 5 6 450 512
512 1 5 6 9 164 359
519 7 222 251 510 2278 2280
2280 6 7 13 14 229
229 1 2 8 9 10 12
2278 6 13 250 264 359 486
730 401 731 799 801 2275 2276
2276 2 3 5 9 213 298
799 2 3 9 14 213 298
731 5 7 9 226 1493 1496
1493 3 4 6 11 13 14
1496 3 4 6 11 13 14
2275 3 6 7 11 14 229
2540 7 163 222 229 240 2538
2538 2 3 6 213 358 2270
2270 1 3 7 9 11
735 311 358 362 1072 1108 1109
2577 96 99 107 324 796 2248
107 8 10 247 418 790 793
793 1 2 3 7 150 795
795 1 2 3 5 327 2257
2257 1 2 3 6 7 14
790 2 6 12 221 521 1490
1490 1 3 4 6 8 10
2248 1 5 6 221 249 602
249 2 8 10 12
96 1 98 252 296 527 1423
98 251 296 330 446 2347 2525
446 5 7 9
2525 1 247 255 324 520 2350
2350 256 401 418 441 520 648
256 1 5 7 9
520 3 4 6
2347 5 7 9 341 401 521
1423 5 7 9 11 13 14
527 5 240 330 401 404 523
99 8 9 100 341 591 2527
100 3 338 443 1351 1438 2526
1438 4 5 7 9 11 14
2526 5 14 330 442 492 523
2527 5 7 9 330 592 2332
2332 1 3 4 6 296 598
598 5 7 9 11 13 14
796 6 221 247 249 333 879
879 5 7 8 9 10
108 109 217 673 812 909 2190
812 9 226 898 905 2203 2564
905 13 226 229 344 895 2199
895 5 219 311 328 496 1052
496 5 7 9
2199 3 6 7 217
898 1 7 11 14 311 366
366 3 5
2203 5 6 7 13 14 894
2564 3 6 914 920 2561 2562
914 1 2 8 10 12 496
2561 3 6 11 217 351 914
2562 5 226 328 894 916 2188
2188 1 2 7 8 9 341
916 5 6 7 13 14 219
920 1 5 7 9 14 211
909 5 7 9 226 1519 1522
1519 3 4 6 11 13 14
1522 3 4 6 11 13 14
2190 6 7 221 224 341 493
109 1 221 383 2232 2550 2568
2232 1 5 9 11 170 213
2550 9 170 213 374 378 1265
383 6 9 11 14 211 1389
1389 5 6 8 11 230
2568 213 237 244 2243 2545 2567
244 4 217 223 2237 2239 2241
2237 4 6 11 13 14 229
2241 2 8 9 10 13 233
2239 2 4 5 6 13 222
2567 3 4 211 813 816 2175
813 5 6 11 13 229 815
815 5 6 11 13 14 894
2175 8 9 11 14 2177
2177 1 2 3 4 10 12
816 1 5 7 9 11 14
2243 2 4 5 9 213 216
2545 2 4 9 213 251 2234
2234 1 5 9 11 211 221
673 154 504 575 583 2214 2556
2214 3 4 6 495 1451 1454
1451 5 7 9 11 13 14
1454 5 7 9 11 13 14
504 213 495 499 500 501 2552
501 7 224 401 404 520 1420
1420 5 7 9 11 13 14
2552 9 13 213 233 2224 2229
2224 1 8 341 401 496
2229 9 11 14 154 226
575 5 9 11 213 226 577
577 6 9 14 213 226 2553
2553 9 11 12 14 150 214
2556 4 7 151 670 2208 2211
670 5 8 9 10 341 492
2211 4 7 150 338 453 1025
2208 2 6 221 255 418 446
583 1 4 9 226 341 578
578 1 4 5 11 13 579
579 1 4 6 13 14
2581 87 112 333 835 2571 2579
835 3 4 6 521 1503 2167
1503 1 5 14 46 216 297
2167 5 7 9 11 13 14
2571 5 6 12 413 601 830
830 7 9 10 12 404
87 264 265 274 277 281 2394
281 3 4 5 11 45 282
282 5 6 11 13 14 623
277 3 5 11 14 269
269 1 2 4 8 12
2394 1 3 4 8 12 284
284 5 6 7 11 13 14
274 13 150 426 829 1025 1373
829 1 2 4
1373 3 5 6 11 13 14
265 5 14 223 266 829 2513
2513 3 5 6 11 12 69
266 3 6 11 14 623 829
2579 45 839 840 881 882 2576
881 5 6 7 13 14 39
2576 84 326 354 405 408 2517
405 5 6 46 830 1397 2516
2516 5 6 10 592 601 602
1397 2 6 8 157 418 478
408 3 4 6 251 324 879
2517 1 247 341 401 404 2385
2385 1 5 7 9 12
84 11 13 14 86 259 260
86 1 240 252 261 2409 2410
261 247 251 252 255 330 2415
2415 2 11 13 14 255
2409 1 2 5 7 9 255
2410 3 4 6 247 249 251
260 247 250 256 441 520 1360
1360 1 3 4 6 8 10
259 1 5 46 330 648 1364
1364 1 2 4 6 8 157
839 45 46 341 2154 2157 2159
2159 1 2 5 10 12 601
2154 1 3 6 247 249 251
2157 1 3 6 251 333 879
840 8 10 12 841 1507 1510
1507 3 7 11 14 412 1509
1509 3 5 6 13 327 860
841 7 8 11 13 14 1513
1513 5 6 8 10 12 46
1510 5 6 7 11 13 1052
882 5 6 8 10 75 601
112 2 6 221 1505 2170 2172
1505 5 10 11 13 14 46
2170 1 6 13 221 247 255
2172 11 13 14 247 521 569
94 330 341 436 441 446 2357
2357 6 9 13 14 442 443
436 3 269 426 427 430 2371
427 3 5 6 11 13 14
430 5 6 8 10 11 14
2371 3 5 11 264 426 435
435 11 13 14 344 703
95 8 12 424 447 2377 2520
2520 7 8 12 416 418 2375
2375 1 3 4 5 6
447 1 3 4 1406 1409 2522
1409 5 6 7 11 13 14
2522 4 5 7 337 404 2367
2367 3 4 5 6 7 251
1406 5 6 7 11 13 14
2377 2 7 8 221 341 412
424 2 3 4 264 1400 1403
1400 5 6 7 11 13 14
1403 5 6 7 11 13 14
17 2 4 6 28 75 2509
28 1 2 6 11 2506 2511
2506 1 2 4 5 7 14
2511 2 5 13 14 81 2508
2508 1 2 3 6 11 13
2509 1 2 4 7 13
16 5 25 63 1117 2503 2504
1117 1 2 10 11 1567
1567 3 7 11 13 69 337
25 6 14 1028 2494 2495 2505
1028 2 3 4 7 10 13
2495 4 7 12 13 412 2450
2450 1 3 6 10 13 14
2494 5 6 10 11 75 333
2505 13 54 58 150 1020 2458
1020 1 2 3 4 10
2458 3 4 5 6 7 10
58 7 10 13 150 2461 2491
2491 1 4 10 11 150 366
2461 2 3 5 10 11 13
54 3 5 1011 1012 1013 2490
2490 1 5 6 11 12 2466
2466 4 5 10 11 13
1011 1 3 4 11 12 13
1013 2 4 7 11 12 13
1012 1 2 7 11 12 13
2504 3 5 11 12 13 350
2503 2 7 10 11 343 366
63 65 341 1062 2437 2440 2500
2437 3 4 7 11 12 14
65 10 1048 1049 1052 1061 2499
2499 3 4 6 12 14 1050
1050 3 4 10 11 14
1048 1 2 6 11 14 2445
2445 1 2 3 12 13 412
1061 6 12 13 14 1054 1056
1054 3 6 7 10 13 14
1056 1 2 3 4 12
1049 1 2 5 14 2446 2447
2447 2 3 5 6 12 13
2446 3 4 5 6 7 12
1062 1 2 3 4 10 12
2440 3 4 10 11 12 14
2500 2 6 7 11 13 14
15 9 40 43 44 48 2488
43 1 8 9 10 250 442
40 4 9 211 2481 2485 2486
2485 4 7 8 9 10 12
2481 1 2 4 7 8 9
2486 1 2 4 9 12 214
2488 1 2 4 7 9 2487
2487 1 2 4 7 8 12
48 1 2 4 7 10 12
44 7 8 9 10 12 1283
1283 1 2 4 7 12
