27 711 715 2198 2199 2201 2203
2201 313 620 630 721 2188 2189
313 1 2 4 92 163 232
163 3 5 6 7 8 9
92 7 8 9
232 3 5 6
630 72 90 95 98 156 232
90 3 5 6
98 7 8 9
156 1 2 4
72 1 2 4
95 7 8 9
620 1 2 4 92 188 232
188 3 5 6 7 8 9
2189 72 100 101 209 373 423
209 7 8 9 127 187
187 3 5 6
127 1 2 4
101 7 8 9
423 1 2 3 4 6 95
373 3 5 6 80 98
80 1 2 4
100 3 5 6
2188 2 6 70 182 725 727
182 3 5 6 80 92
725 5 8 9
727 1 2 4 101 187 325
325 3 5 6 7 8 9
70 1 4
721 1 2 4 93 95 434
93 3 5 6
434 3 5 6 7 8 9
711 712 757 817 860 862 2143
712 96 127 515 805 907 2134
2134 67 75 92 138 156 232
138 7 8 9
75 1 2 4
67 3 5 6
515 4 98 104 156 321 770
770 1 2 5 7 9
104 3 5 6
321 3 6
805 1 2 100 138 352 940
352 3 4 5
940 1 2 5 8 9 425
425 3 4 6
907 2 4 90 101 547
547 1 2 101 138 144 671
671 3 4 6
144 3 4 6
96 3 5 6 7 8 9
757 3 5 6 95 138 154
154 1 2 4
817 3 5 6 77 92 156
77 1 2 4
2143 75 81 489 866 2131 2132
2132 1 2 4 67 98 285
285 7 8 9
2131 8 9 69 77 96 321
69 1 2 4
866 1 2 4 96 101 187
489 1 2 4 5 6 91
91 7 8 9
81 3 5 6 7 8 9
860 1 2 4 95 104 142
142 3 5 6 7 8 9
862 5 6 70 80 91 259
259 3 5 6 7 8 9
2198 80 483 523 564 698 2191
698 1 2 5 7 8 671
523 3 5 6 75 95
2191 75 77 95 100 135 2179
135 3 5 6 7 8 9
2179 72 75 93 95 98 104
564 3 5 6 98 156
483 3 5 6 7 8 9
715 717 2149 2150 2151 2152 2167
2149 1 2 64 91 144 933
933 3 4 5
64 5 8 9
717 694 898 2157 2158 2163 2165
2165 67 75 138 237 253 333
333 1 2 4 90 138 640
640 3 5 6 7 8 9
237 1 2 4 100 101 157
157 3 5 6 7 8 9
253 1 2 4 92 93 98
2158 77 104 156 259 285 893
893 1 2 67 92 100 670
670 1 2 4 7 8 9
898 67 72 80 95 102 220
220 3 5 6 7 8 9
102 3 5 6 7 8 9
2157 80 95 138 187 232 672
672 66 67 72 92 138 370
370 3 4 6
66 1 2
694 67 69 101 490 933 983
490 1 2 7 8 9
983 3 5 6 75 95
2163 1 2 4 175 364 2154
2154 67 80 90 95 98 154
175 3 5 6 7 8 9
364 3 5 6 7 8 9
2152 1 2 4 5 91 321
2150 1 2 67 91 92 352
2151 1 2 4 104 138 186
186 3 5 6 7 8 9
2167 72 77 354 434 955 2159
2159 77 91 93 285 301 413
413 7 8 9 80 104
301 3 5 6 98 154
354 1 2 4 92 104
955 1 2 3 4 6 138
2203 563 707 720 785 944 2195
720 7 8 9 100 156 814
814 7 8 9 67 72 812
812 1 3 4 5 95 743
743 7 8 9 75 104
563 1 2 4 135 391 430
430 3 5 6 7 8 9
391 3 5 6 7 8 9
707 72 93 138 156 188 430
2195 1 2 259 451 506 555
506 67 69 98 101 104 127
451 3 4 6 71 665 771
771 5 7 9
665 1 2 7 8 9
71 1 2
555 64 76 138 156 187 425
76 1 2
944 1 2 4 90 95 430
785 1 2 4 93 101 138
2199 8 77 187 532 2182 2192
532 1 2 4 7 8 9
2182 1 2 4 93 101 231
231 3 5 6 7 8 9
2192 72 80 188 372 445 640
372 3 5 6 7 8 9
445 3 5 6 7 8 9
26 60 448 578 2117 2125 2130
448 77 95 100 156 364 483
2117 69 75 90 138 186 2107
2107 1 2 4 95 232 640
60 658 661 667 2103 2104 2116
2116 1 2 4 102 142 2105
2105 5 7 8 75 161 427
427 3 5 6 7 8 9
161 1 2 3 4 6
2104 5 7 8 71 425 671
658 156 500 598 660 812
598 3 5 6 95 154
660 1 2 4 142 430 618
618 3 4 6 95 119 771
119 1 2
500 3 5 6 7 8 9
2103 3 4 6 72 180 665
180 3 5 6 7 8 9
661 67 138 154 539 555 563
539 2 4 5 6 101 540
540 1 2 4 7 188 858
858 3 4 5 6 9
667 77 83 640 748 879 2100
83 3 5 6 7 8 9
879 1 2 4 95 142 232
748 75 77 90 98 101 232
2100 1 2 4 106 233 430
233 3 5 6 7 8 9
106 3 5 6 7 8 9
2130 655 675 679 682 684 2122
679 1 2 4 89 95 97
89 3 5 6 7 8 9
97 3 5 6
682 1 2 4 92 93 530
530 4 5 6
675 1 2 144 156 163 441
441 5 7 8
655 75 157 317 657 2085 2093
2093 75 97 138 511 550 630
511 1 2 4 89 97 98
550 5 6 7 9 80 552
552 1 2 5 7 9 671
317 1 2 4 5 6 98
657 182 374 802 817 2079 2095
2079 1 2 4 93 98 427
802 3 4 6 71 138 840
840 1 2 7 8 9
374 3 5 6 72 98
2095 103 142 156 565 698 2091
103 3 5 6 7 8 9
2091 77 104 532 729 762 796
729 3 5 6 7 8 9
796 7 8 9 75 232
762 1 2 5 7 8 425
565 1 2 4 5 6 98
2085 1 2 4 67 81 98
2122 77 372 529 687 689 2101
529 1 2 4 5 6 92
2101 69 80 90 98 101 104
687 3 5 6 72 101 156
689 75 80 90 91 92 104
684 1 2 4 90 138 186
2125 241 586 613 641 672 694
586 3 5 6 72 80 95
241 1 2 4 95 106 187
641 1 2 4 100 138 175
613 1 2 4 186 259 692
692 1 2 4 92 187 188
578 1 2 4 175 483 798
798 3 5 6 7 8 9
25 632 633 638 639 2075 2076
2076 643 646 2063 2064 2065 2073
643 3 4 5 80 325 840
2065 1 2 91 138 352 2053
2053 5 71 75 285 640 648
648 3 4
2063 77 90 93 285 402 413
402 1 2 4 90 98
2073 120 237 255 581 641 2060
2060 72 89 95 127 187 365
365 1 2 4 95 233 321
581 7 8 9 90 127 1041
1041 1 2 4 5 6
120 75 90 95 101 156 232
255 1 2 4 231 284 364
284 3 5 6 7 8 9
646 5 8 9 72 142 161
2064 77 80 90 98 232 2052
2052 67 80 90 101 138 154
2075 80 96 434 634 2058 2066
2066 90 92 127 154 285 2055
2055 1 2 4 92 97 104
2058 1 2 4 95 232 640
634 69 175 209 767 945 2033
2033 7 9 69 144 446
446 1 2 4 98 104 157
945 6 101 119 196 285 648
196 4 5 6
767 7 8 9 72 154 187
638 506 510 518 534 628 2039
2039 1 2 9 100 372 771
628 3 5 6 138 156
518 7 8 9 72 80 100
510 7 8 9 67 127
534 77 81 156 231 370 490
633 448 793 2013 2020 2026 2028
2028 613 707 741 805
741 92 127 156 232 391 598
2026 80 415 438 785 944 2009
2009 1 2 4 7 64 321
438 3 5 6 77 101
415 3 5 6 7 8 9
2020 75 106 156 372 523 744
744 3 5 6 80 101
2013 1 2 4 95 100 142
793 7 76 562 620 858 1114
562 75 90 98 104 285 563
1114 2 4 5 6 101
632 465 561 739 753 868 2024
561 1 2 4 93 95 427
465 1 2 4 67 98 138
753 7 8 9 75 97 127
868 757 817 825 860 869 2008
825 1 2 3 4 95 175
2008 75 81 477 862 864 866
864 1 2 4 5 95 259
477 2 3 4 5 6 98
869 77 317 729 808 867 2000
867 3 4 5 490 782
782 92 98 100 119 144 156
2000 1 4 67 101 828
828 1 2 5 7 9 567
567 3 4 6
808 75 77 90 97 98 295
295 1 2 4 104 138 163
2024 80 93 101 451 555 618
739 1 4 100 138 529
639 553 559 621 925 2043 2044
2044 80 89 154 434 445 606
606 1 2 3 4 5 98
2043 72 78 114 163 182 264
114 3 5 6 7 8 9
264 1 2 5 8 9 671
78 1 4
925 3 5 75 101 927
927 1 2 3 4 6 98
621 67 75 80 93 138 285
559 1 2 4 98 100 104
553 1 2 4 67 98 188
24 57 901 1947 1948 1954 1955
1948 73 80 391 640 745 762
73 1 4
745 3 5 6 77 98
1954 67 72 95 1014 1941 1950
1941 1 2 100 127 138 370
1014 5 6 7 9 75
1950 67 75 98 106 154 872
872 80 92 96 104 156 415
1955 253 687 767 879 1945 1946
1945 95 154 156 187 285 885
885 1 2 4 95 100 729
1946 67 77 101 156 285 904
904 3 5 66 95 601 670
601 3 4 6
1947 69 80 106 163 400 698
400 3 5 6 98 156
901 111 675 846 1932 1934 1935
111 3 5 6 80 92 156
1935 72 89 354 434 1022 1931
1022 1 2 3 4 5 101
1931 67 72 138 490 530 1923
1923 1 2 98 144 678 933
678 5 7 8
1934 77 100 175 684 706 1929
1929 72 75 134 180 218 640
134 3 5 6 80 101
218 7 8 9 90 127
706 1 2 4 7 8 9
1932 75 80 100 138 231 1925
1925 67 72 80 92 93 101
846 67 75 80 138 232 364
57 404 611 814 1963 1994 1995
1995 553 615 616 618 1988 1993
616 1 2 154 157 370 441
1993 80 106 159 630 1982 1990
159 1 2 5 8 9 144
1982 67 75 95 264 454 489
454 1 2 3 4 6 92
1990 75 180 516 529 598 1984
516 3 5 6 98 156
1984 69 92 156 232 500 606
615 1 2 4 90 98 430
1988 540 620 621 628 671 770
611 802 817 845 860 866 1962
1962 1 2 4 259 430 1957
1957 95 100 104 138 154 156
845 67 80 91 98 154 753
1963 77 98 100 156 729 1959
1959 5 7 8 9 69 763
763 1 2 3 4 6
1994 309 451 501 503 612 1985
501 1 2 4 97 98 232
503 1 2 4 81 321 441
1985 1 2 93 98 461 1007
461 72 75 98 104 217 500
217 3 5 6 7 8 9
1007 1 5 8 9 601
309 3 5 6 69 98 127
612 80 102 352 464 613 665
464 3 5 6 95 154 465
404 1 2 4 157 175 406
406 3 5 6 75 77 98
23 576 577 1908 1909 1915 1918
1918 386 575 852 1850 1912 1913
1913 72 77 106 430 595 1906
1906 69 72 83 98 104 586
595 7 8 9 72 77 104
575 76 111 231 336 913 1853
913 1 2 4 67 95 163
1853 80 232 364 670 918 1849
918 1 2 4 102 232 285
1849 75 77 89 163 217 434
336 5 8 9 75 161 186
386 1 2 4 98 180 187
1912 92 104 156 415 578 581
1850 1 2 91 98 933 1845
1845 5 8 9 127 364 420
420 1 2 3 4 6
852 75 77 104 285 427 854
854 3 5 6 75 127 285
1915 69 72 88 328 569 1910
569 2 4 67 138 570
570 3 5 6 75 98 138
328 3 5 6 7 8 9
1910 3 5 6 80 98 1903
1903 4 76 90 95 321 490
88 3 5 6 7 8 9
577 741 805 808 811 1857 1895
1857 101 104 127 138 154 187
811 77 188 303 315 458 1865
458 1 2 4 95 100 142
303 7 8 9 72 80 100
315 1 2 4 95 100 317
1865 127 142 154 157 1856 1860
1856 1 2 4 67 81 92
1860 67 75 88 95 127 802
1895 203 513 555 557 1885 1891
203 1 2 91 104 259
557 1 2 4 90 95 430
513 1 2 4 89 95 97
1885 1 2 4 259 729 907
1891 80 90 92 562 729 1872
1872 7 71 80 98 187 601
1908 3 5 70 98 134 1899
1899 1 2 4 93 98 187
576 721 756 789 922 1887 1894
922 1 2 4 95 97 500
789 3 4 6 119 523 771
1887 540 616 620 628 671 770
756 4 77 101 104 232 285
1894 72 454 483 945 1880 1890
1890 77 415 492 1868 1869 1870
1868 1 2 4 98 100 500
1869 67 75 90 92 95 127
492 1 2 5 8 9 144
1870 1 2 4 231 321 771
1880 77 95 100 156 483 928
928 1 2 4 104 106 285
1909 69 80 157 175 564 565
22 53 537 876 1788 1789 1797
53 544 845 867 1807 1839 1840
544 567 736 770 787 802 1810
1810 95 100 154 796 944 1805
1805 92 127 156 232 391 864
787 1 5 7 8 144 432
432 3 5 6 75 95
736 3 5 6 77 101 127
1839 467 534 539 560 562 1828
1828 2 4 186 448 545
545 4 5 8 9 76 321
467 80 90 92 352 665 729
560 1 2 4 64 321 561
1840 553 555 557 559 1831 1838
1831 80 106 210 374 547 550
210 3 5 6 75 92 98
1838 72 175 523 1816 1827 1833
1827 72 100 138 529 1818
1818 1 2 4 97 98 100
1816 1 2 4 92 232 415
1833 154 157 273 438 477 1825
1825 80 154 259 434 492 521
521 7 8 9 100 127
273 1 2 5 8 9 144
1807 1 2 138 352 730 828
730 1 2 4 106 157 188
1789 67 77 101 156 285 893
537 689 879 882 885 1794 1798
882 1 2 4 83 321 725
1794 1 4 163 402 646 898
1798 67 93 95 127 1784 1792
1792 67 72 98 156 217 1781
1781 1 2 104 138 671 678
1784 3 5 6 69 92 127
876 570 621 641 727 877 1776
877 69 93 138 565 1766 1774
1774 80 93 95 446 455 595
455 1 2 93 98 196 285
1766 1 2 4 101 104 640
1776 69 175 922 925 928 1077
1077 2 3 6 7 9 70
1788 67 92 154 156 175 888
888 7 8 9 154 156 187
1797 77 218 259 373 564 1791
1791 72 98 106 187 427 653
653 3 5 6 80 138
21 475 612 793 1760 1761 1762
1761 481 484 846 849 852 1703
481 75 83 128 679 682 1711
128 1 2 4 67 98 427
1711 80 81 106 154 1700 1707
1700 72 91 98 104 156 187
1707 77 90 98 138 154 1701
1701 72 98 101 156 187 232
484 72 486 640 643 909 1723
486 251 748 882 918 1721 1722
251 1 2 4 138 232 434
1721 72 75 89 142 373 640
1722 75 77 90 92 640 1714
1714 1 2 4 98 104 163
1723 67 69 77 93 101 1716
1716 3 5 6 95 127 1097
1097 1 2 5 7 8 671
909 69 72 101 142 232 434
1703 75 80 90 95 98 187
849 77 83 100 154 175 706
475 64 76 425 448 707 756
1760 473 560 730 741 1686 1757
473 458 782 785 787 1689 1690
1690 80 95 100 154 430 1685
1685 1 2 4 100 138 188
1689 80 100 101 127 232 789
1757 511 513 515 518 1747 1748
1747 75 77 88 157 163 1082
1082 1 5 7 8 370
1748 1 2 4 259 325 1735
1735 1 2 4 100 101 328
1686 5 70 71 95 100 138
1762 496 935 1728 1749 1750 1759
1728 1 2 3 4 186 285
1749 72 80 98 232 427 1738
1738 66 67 95 154 196 285
496 77 80 93 98 232 1730
1730 3 5 7 8 72 922
1759 292 545 559 616 874 1756
874 2 5 7 9 370 521
292 1 2 4 98 100 640
1756 80 370 490 500 1741 1752
1752 72 175 501 503 506 510
1741 2 4 5 6 138 1088
1088 1 3 4 5 6 95
935 67 75 93 98 101 154
1750 67 78 95 489 492 1084
1084 2 5 8 9 144
20 417 418 435 1681 1682
417 286 849 913 1604 1628 1629
1628 75 80 83 95 100 776
776 1 2 90 93 138 671
1629 75 131 138 187 200 234
234 3 5 6 80 101 127
200 1 2 4 93 103 285
131 3 5 6 72 80 101
286 72 95 97 98 100 154
1604 5 8 9 76 370 375
375 3 5 6 77 285
435 303 436 821 827 834 1651
834 1 2 4 100 101 352
821 3 5 6 69 95 156
1651 142 156 743 874 1638 1639
1638 1 2 4 5 114 138
1639 1 2 4 98 100 104
436 101 127 157 232 1642 1649
1642 1 2 4 92 101 187
1649 1 4 95 104 295 867
827 5 6 70 138 828 1243
1243 2 5 6 7 9 70
1681 206 312 448 461 464 1670
312 73 77 101 187 232 313
1670 90 101 104 127 1122 1661
1661 1 2 4 321 328 441
1122 1 2 3 6 7 8
206 5 6 7 9 75 207
207 66 70 95 104 370 430
1682 197 446 467 1674 1675 1676
1674 2 442 451 455 458
442 3 5 8 9 370 1249
1249 1 4 7 8
1675 127 159 273 374 415 1667
1667 64 154 420 421 423 427
421 3 5 6 138 156
197 1 2 4 100 101 231
1676 75 434 438 439 454 1668
439 1 2 3 4 6 285
1668 72 80 188 415 430 432
418 767 772 1620 1631 1632 1633
1631 72 427 762 1607 1622
1622 75 77 89 180 373 1133
1133 2 3 6 7 8 73
1607 7 8 9 80 93 156
772 5 7 8 77 430 763
1620 1 2 4 83 103 301
1633 80 105 154 325 1615 1626
105 3 5 6 7 8 9
1615 3 5 6 75 285 770
1626 1 2 91 92 352 1614
1614 5 8 9 420 490 530
1632 71 73 163 391 1610 1625
1625 7 9 75 97 1147 1611
1147 1 2 4 5 6 101
1611 4 5 6 66 92 1141
1141 1 2 7 8 187 671
1610 3 4 5 71 285 1136
1136 1 2 5 7 8 370
19 46 377 380 383 410
410 3 5 6 69 75 98
46 98 156 187 218 373 413
380 3 5 6 72 75 285
377 67 75 98 156 187 285
383 4 7 8 9 232 530
18 395 404 407 1596 1597 1599
1599 73 154 217 391 410 1595
1595 4 7 76 175 330 374
330 1 3 5 6 9
395 1 2 4 90 98 175
407 4 5 7 8 9 321
1597 72 77 157 163 325 402
1596 80 154 157 175 375 391
17 42 395 397 1581 1582 1583
42 240 368 380 383 386 404
240 1 2 4 91 163 232
368 3 5 6 77 80 285
397 1 2 4 90 98 285
1583 77 93 98 154 157 400
1581 70 75 163 175 222 402
222 2 3 5 7 9 78
1582 75 80 163 175 218 391
16 41 222 373 377 380 383
41 70 75 163 374 375 1572
1572 77 80 81 163 217 386
15 38 361 1530 1531 1532 1533
1531 70 127 197 430 445 748
1530 72 80 90 101 106 1524
1524 77 93 95 103 127 187
1533 77 156 220 325 454 1529
1529 69 75 104 285 500 1522
1522 67 80 91 101 104 154
38 333 339 342 345 1562 1563
1563 75 191 240 244 364 1559
191 3 5 6 80 92 95
1559 1 2 4 217 284 1163
1163 1 2 5 8 9 370
244 1 2 4 67 89 101
1562 156 175 301 365 368 1550
1550 7 8 9 72 77 104
339 1 2 4 81 93 285
345 1 2 4 98 232 434
342 75 77 98 100 101 187
1532 73 210 233 237 354 586
361 362 756 757 1541 1543 1544
1543 80 127 188 407 421 427
362 98 156 232 430 1538 1546
1546 1 2 138 144 561 563
1538 1 2 4 90 98
1544 75 106 156 372 598 744
1541 1 2 4 188 430 434
14 37 320 730 741 1479 1517
1479 72 156 188 364 500 523
37 323 501 513 1487 1494 1518
323 90 101 127 207 748 1491
1491 67 75 77 92 312 372
1518 191 286 1501 1509 1510 1512
1512 289 333 336 339
289 5 7 8 187 670 1186
1186 1 2 3 4 6
1510 75 93 95 127 306 328
306 7 8 9 69 80 187
1501 83 115 127 138 156 232
115 7 8 9 72 104 117
117 1 2 5 7 9 370
1509 71 72 138 217 352 1498
1498 1 2 4 98 106 187
1487 2 4 67 138 292
1494 69 80 83 175 689 1490
1490 98 100 101 127 276 532
276 3 5 6 95 156
1517 69 218 325 1497 1507 1513
1507 4 7 76 175 222 330
1497 1 2 4 92 93 175
1513 73 233 342 345 348 354
348 1 2 72 138 671 729
320 407 421 736 739 1472 1481
1481 80 102 315 465 620 729
1472 1 2 4 67 95 98
13 34 272 464 845 1442 1470
272 383 739 817 831 1439 1441
831 3 5 6 95 127
1441 75 90 98 104 285 1435
1435 1 2 4 92 232 500
1439 1 2 4 88 102 729
1442 92 135 156 232 743 824
824 1 3 4 5 6 101
1470 73 96 286 312 1464 1467
1467 72 80 163 217 1451 1462
1462 1 2 4 231 284 306
1451 90 95 98 100 127 156
1464 83 156 289 292 295 301
34 267 303 309 1458 1459 1460
1460 77 96 105 156 264 273
1458 66 70 95 104 315 370
1459 69 75 106 175 182 259
267 108 234 269 569 1424 1425
108 1 2 4 101 187 427
269 69 142 175 1421 1430 1433
1430 72 104 106 138 564 703
703 3 5 6 75 101
1421 1 2 4 83 98 187
1433 80 95 187 233 348 1428
1428 75 77 83 155 186 328
155 7 8 9 67 156
1425 3 4 5 154 233 840
1424 7 8 9 72 75 90
12 33 241 244 1410 1416 1417
1410 72 89 95 127 187 253
33 225 230 385 461 557 1399
1399 104 138 142 154 824 831
225 78 227 231 309 808 1385
1385 80 89 97 445 670 745
227 586 595 928 935 1383 1384
1383 69 77 155 259 273 325
1384 1 2 4 135 427 500
230 561 615 756 817 1397 1398
1398 98 156 232 364 500 744
1397 7 8 9 75 187 732
732 1 2 4 67 188 285
385 4 5 6 7 8 9
1416 69 77 142 259 1406 1411
1411 1 2 4 217 220 222
1406 1 2 4 95 138 232
1417 108 234 237 240 250 255
250 5 7 9 71 144 251
11 30 150 151 164 170 1371
1371 148 303 821 1305 1311 1367
1305 8 9 70 71 425 640
1367 75 175 182 1348 1357 1364
1364 3 77 92 1199 1350 1360
1199 3 5 6 7 8 69
1350 71 98 100 101 154 196
1360 78 83 89 154 186 188
1357 69 97 104 156 285 1345
1345 5 8 9 77 161 163
1348 1 2 4 100 101 186
148 2 442 825 827 1298 1314
1298 1 2 4 98 100 259
1314 95 100 154 796 1301 1309
1309 80 90 259 516 545 706
1301 3 4 5 142 156 490
1311 104 138 156 232 824 1238
1238 4 5 7 9 80 321
150 75 217 467 560 730 1235
1235 1 3 5 6 8 9
151 135 156 831 1319 1324 1328
1324 90 98 127 156 364 1318
1318 1 2 4 67 100 138
1319 1 2 4 98 100 430
1328 67 75 95 434 834 1322
1322 67 80 91 98 154 557
164 77 103 234 640 772 872
170 66 75 142 171 186 250
171 7 9 75 97 1224 1334
1334 4 5 6 66 92 653
1224 1 2 3 4 5 95
30 183 354 776 904 909 1370
183 69 93 138 185 606 1337
1337 1 2 4 95 97 328
185 93 127 138 721 1339
1339 1 2 4 67 98 285
1370 167 197 200 206 1353 1362
1353 3 6 64 76 191 1196
1196 2 3 5 7 9 73
167 83 89 127 154 168 1333
1333 1 2 4 95 142 232
168 1 2 4 217 364 395
1362 77 88 155 203 210 1343
1343 7 9 67 76 80 106
10 29 86 276 438 1269 1294
29 115 120 123 128 1293 1295
1293 77 80 81 83 131 1287
1287 72 75 88 89 134 142
1295 72 80 95 97 1281 1291
1291 69 89 97 98 108 111
1281 72 77 98 100 101 104
123 1 2 4 83 138 232
1269 1 2 4 67 95 483
86 75 101 104 138 154 1271
1271 69 92 100 119 144 264
1294 72 83 102 127 1279 1288
1288 67 73 138 1250 1252 1253
1253 1 2 4 5 6 92
1250 1 2 4 7 8 67
1252 1 2 5 8 9 144
1279 1 2 4 67 95 106
