27 63 712 757 817 860 862 2143 2203
63 313 620 630 716 717 721 2197 2202
2197 1 2 4 101 187 325 2173 2189
2189 1 2 4 98 100 101 186 423
186 3 5 6 7 8 9
423 1 2 3 4 6 7 8 9
100 3 5 6
98 7 8 9
2173 1 2 4 5 6 8 9 83
83 3 5 6 7 8 9
101 7 8 9
187 3 5 6
325 3 5 6 7 8 9
716 77 80 104 285 640 2145 2160 2168
80 1 2 4
77 1 2 4
2168 1 2 67 91 92 352 2149 2162
2162 1 2 3 4 5 6 91 138
138 7 8 9
92 7 8 9
2149 1 2 3 4 5 6 64 91
64 5 8 9
352 3 4 5
91 7 8 9
67 3 5 6
640 3 5 6 7 8 9
104 3 5 6
2160 1 2 3 4 5 6 92 138
285 7 8 9
2145 1 2 3 4 5 6 98 285
717 80 95 187 233 672 2158 2165 2169
672 1 2 3 4 5 6 92 138
2158 1 2 4 97 100 138 180 798
798 3 5 6 7 8 9
180 3 5 6 7 8 9
97 3 5 6
2165 67 72 75 90 138 237 253 640
75 1 2 4
237 1 2 3 4 5 6 101 285
72 1 2 4
90 3 5 6
253 1 2 3 4 5 6 92 98
95 7 8 9
2169 72 92 97 127 285 694 898 2154
898 1 2 3 4 5 6 92 95
2154 1 2 3 4 5 6 95 98
694 1 2 3 4 5 6 101 696
696 1 2 3 4 5 6 91 95
127 1 2 4
233 3 5 6 7 8 9
620 1 2 3 4 5 6 92 101
721 1 2 3 4 5 6 92 95
2202 75 77 95 100 135 2179 2190 2199
135 3 5 6 7 8 9
2179 1 2 3 4 5 6 95 98
2199 3 5 6 72 80 91 101 2193
2193 1 2 4 8 187 194 231 729
729 3 5 6 7 8 9
231 3 5 6 7 8 9
194 7 9
2190 3 5 6 80 98 156 523 698
523 1 2 3 4 5 6 95
698 1 2 3 4 5 6 7 8
156 1 2 4
313 1 2 3 4 5 6 92 285
630 1 2 3 4 5 6 95 98
2143 67 98 127 154 285 489 796 2138
489 1 2 4 5 6 7 8 9
796 3 5 6 7 8 9 75
2138 7 8 9 69 77 97 321 866
866 1 2 3 4 5 6 98 101
69 1 2 4
321 3 6
154 1 2 4
757 1 2 3 4 5 6 95 138
817 1 2 3 4 5 6 92
860 1 2 3 4 5 6 91 95
862 1 2 3 4 5 6 91 138
712 67 75 92 156 233 805 907 2135
2135 1 2 4 97 98 104 321 771
771 5 7 9
907 1 2 3 4 5 6 101 138
805 1 2 3 4 5 6 138 160
160 5 8 9
2203 7 8 9 100 156 719 814 2200
814 1 2 3 4 5 95 157 372
157 3 5 6 7 8 9
372 3 5 6 7 8 9
719 1 2 4 90 95 430 500 729
430 3 5 6 7 8 9
500 3 5 6 7 8 9
2200 1 2 259 451 506 555 563 707
506 1 2 3 4 5 6 98 101
451 1 2 3 4 6 138 771
259 3 5 6 7 8 9
563 1 2 4 90 91 97 98 135
555 1 2 3 4 5 6 64 138
707 3 5 6 7 8 9 72 156
26 60 656 802 817 2089 2095 2126 2129
656 67 75 285 317 550 630 2085 2086
550 1 2 3 4 5 6 7 9
317 1 2 4 5 6 7 8 9
2086 1 2 4 7 8 9 90 97
2085 1 2 3 4 5 6 91 98
2095 72 77 104 138 729 762 796 2090
2090 7 8 9 67 104 156 565 698
565 1 2 4 5 6 7 8 9
762 1 2 3 4 5 6 7 8
2129 448 578 613 641 672 694 2109 2117
613 1 2 4 7 8 9 97 187
2109 1 2 3 4 5 6 92 95
2117 1 2 4 90 138 186 231 640
448 3 5 6 7 8 9 77 156
641 1 2 3 4 5 6 138 285
578 1 2 4 67 92 98 175 232
175 3 5 6 7 8 9
232 3 5 6
2089 1 2 4 7 8 9 93 100
93 3 5 6
2126 72 93 100 101 156 689 2114 2121
2114 1 2 4 90 98 135 372 529
529 1 2 4 5 6 7 8 9
689 3 5 6 7 8 9 75 80
2121 72 77 90 138 186 675 679 682
675 1 2 5 7 8 144 156 163
144 3 4 6
163 3 5 6 7 8 9
682 1 2 3 4 5 6 92
679 1 2 3 4 5 6 91 95
802 1 2 3 4 6 7 8 9
60 156 500 598 660 812 2115 2116 2128
2128 67 138 154 539 555 563 668 669
668 3 5 6 75 77 98 101 879
879 1 2 3 4 5 6 91 95
539 2 4 5 6 7 8 9 540
540 1 2 3 4 5 6 101 624
624 1 2 3 4 5 6 7 9
669 1 2 4 83 106 233 430 640
106 3 5 6 7 8 9
2115 3 4 5 6 7 8 71 2103
2103 1 2 3 4 5 6 138 285
71 1 2
598 1 2 3 4 5 6 95
660 1 2 3 4 5 6 91 618
618 1 2 3 4 6 95 771
2116 1 2 4 102 142 161 427 678
427 3 5 6 7 8 9
142 3 5 6 7 8 9
102 3 5 6 7 8 9
161 1 2 3 4 6
678 5 7 8
812 1 2 3 4 5 6 91 95
25 58 636 637 767 945 2066 2067 2076
767 1 2 4 7 8 9 187
58 80 451 555 618 633 729 868 2025
2025 75 91 97 101 127 465 561 739
739 1 2 3 4 5 6 92 138
561 1 2 3 4 5 6 91 95
465 1 2 3 4 5 6 98 138
633 613 707 741 793 805 2018 2019 2027
2018 1 2 4 90 95 430 500 729
741 3 5 6 92 98 127 156 598
793 2 4 5 6 101 562 620 624
562 3 5 6 7 8 9 75 563
2019 1 2 4 7 64 135 321 415
415 3 5 6 7 8 9
2027 1 2 4 95 100 142 448 2020
2020 1 2 4 92 100 101 372 523
868 757 808 817 825 860 867 2005 2008
808 1 2 3 4 5 6 98 295
295 1 2 3 4 5 6 138 285
867 1 2 3 4 5 91 782
782 1 2 3 4 5 6 92 98
825 1 2 3 4 7 8 9 97
2005 1 2 4 67 93 101 317 828
828 1 2 3 4 5 6 7 9
2008 1 2 4 91 232 325 866 2003
2003 1 2 4 5 6 91 95 259
2066 1 2 3 4 5 6 92 285
945 1 2 3 4 5 6 101 285
637 553 559 621 638 925 2043 2044
2043 1 2 4 67 83 95 163 264
264 1 2 3 4 5 6 8 9
559 1 2 3 4 5 6 98
553 1 2 3 4 5 6 98 101
925 1 2 3 4 5 6 98 101
2044 7 8 9 80 90 154 187 606
606 1 2 3 4 5 7 8 9
638 127 156 157 233 506 518 534 2039
534 1 2 3 4 5 6 91 95
518 1 2 4 7 8 9 100
2039 1 2 3 5 6 7 8 9
621 1 2 3 4 5 6 138 285
636 7 9 69 127 144 175 186 446
446 1 2 3 4 5 6 98 285
2067 1 2 4 97 98 231 434 640
434 3 5 6 7 8 9
2076 120 237 255 581 641 2060 2070 2071
255 1 2 4 90 92 97 138 231
2070 5 8 9 72 142 161 643 2063
2063 1 2 3 4 5 6 98 285
643 1 2 3 4 5 6 95 98
120 1 2 3 4 5 6 95 101
2060 1 2 4 89 95 187 233 321
89 3 5 6 7 8 9
2071 1 2 7 8 9 352 2053 2064
2064 1 2 4 90 98 138 232 652
652 3 5 6 7 8 9
2053 1 2 3 4 5 6 91 285
581 1 2 3 4 5 6 101 138
24 604 1947 1948 1949 1950 1992 1993 1996
604 767 879 902 1928 1929 1935 1943 1952
1943 1 2 4 7 8 9 93 100
1952 1 2 4 67 101 285 904 1945
1945 1 2 4 95 100 187 285 729
904 1 2 3 4 5 6 95 138
1929 1 2 4 90 101 104 285 640
902 80 90 92 156 187 675 846 1932
1932 1 2 4 100 138 231 729 798
846 1 2 3 4 5 6 92 138
1928 72 77 90 100 138 175 186 706
706 1 2 4 7 8 9
1935 69 72 89 92 104 1922 1923 1924
1924 1 2 3 4 5 6 91 138
1923 1 2 3 4 5 6 98 678
1922 1 2 3 4 5 6 92 101
1947 1 2 4 98 106 163 187 698
1948 1 2 4 90 98 104 640 762
1949 1 2 3 4 5 6 138 1940
1940 3 5 6 7 8 9 72 75
1950 1 2 3 4 5 6 92 98
1993 69 92 156 232 500 606 1983 1989
1989 80 106 159 264 432 454 489 630
159 1 2 3 4 5 6 8 9
454 1 2 3 4 6 7 8 9
432 1 2 3 4 5 6 95
1983 1 2 4 98 104 285 529 598
1996 309 451 461 501 503 609 612 1974
503 1 2 4 5 7 8 9 321
501 1 2 3 4 5 6 98
1974 1 2 3 4 5 6 98 160
609 610 802 817 845 860 866 1962
610 77 98 100 156 404 729 814 1959
1959 1 2 4 5 7 8 9 321
404 1 2 3 4 5 6 98 285
845 1 2 4 7 8 9 67 97
1962 1 2 4 95 100 259 430 758
758 1 2 3 4 5 6 138
612 1 2 4 102 138 352 464 613
464 1 2 4 7 8 9 67 90
461 3 5 6 7 8 9 72 75
309 1 2 3 4 5 6 98
1992 540 553 615 616 618 620 621 627
615 1 2 3 4 5 6 91 98
627 1 2 3 4 6 138 232 771
616 1 2 5 7 8 154 157 370
370 3 4 6
23 573 577 1893 1894 1908 1909 1915 1916
1908 1 2 3 4 5 6 98 101
1894 72 98 232 454 945 1880 1882 1883
1882 1 2 4 67 98 100 492 500
492 1 2 3 4 5 6 8 9
1880 3 5 6 77 95 98 156 928
928 1 2 3 4 5 6 92 285
1883 1 2 4 67 90 92 95 1870
1870 1 2 4 5 7 8 9 321
577 80 102 562 729 809 1872 1885 1886
1872 1 2 3 4 5 6 7 98
1885 1 2 3 4 5 6 101 138
1886 1 2 97 138 372 513 555 557
557 1 2 3 4 5 6 91 95
513 1 2 3 4 5 6 91 95
809 101 127 187 741 758 805 808 811
811 77 97 101 303 315 458 1860 1861
315 1 2 3 4 5 6 95 98
1860 3 5 6 75 95 101 127 802
1861 1 2 4 7 8 9 67 232
458 1 2 3 4 5 6 91 95
303 1 2 4 7 8 9 100
1909 1 2 3 4 5 6 98 285
1916 67 92 98 104 156 578 581 1913
1913 1 2 4 83 98 104 586 1907
1907 3 5 6 7 8 9 72 77
586 1 2 3 4 5 6 95
573 336 386 852 913 1846 1848 1849 1850
1849 3 5 6 7 8 9 75 77
852 1 2 3 4 5 6 91 285
913 1 2 3 4 5 6 95 285
1846 1 2 3 4 5 6 92 95
1848 1 2 4 102 138 232 285 364
364 3 5 6 7 8 9
386 1 2 3 4 5 6 98 285
1850 1 2 3 4 5 91 98 1845
1845 1 2 4 5 8 9 321 364
336 3 5 6 7 8 9 75 161
1893 540 616 620 627 721 756 789 922
922 1 2 3 4 5 6 95 138
789 1 2 3 4 6 523 771
756 3 4 5 6 7 8 9 77
1915 3 5 6 80 98 569 1903 1904
1904 1 2 3 4 5 6 101 285
1903 1 2 3 4 5 6 91 95
569 1 2 3 4 5 6 98 138
22 537 876 1788 1789 1790 1791 1840 1841
1790 1 2 4 93 98 100 217 259
217 3 5 6 7 8 9
876 621 641 922 925 1770 1772 1773 1774
1770 1 2 4 93 97 98 138 800
800 3 5 6 7 8 9
1774 3 5 6 80 95 446 455 595
595 1 2 3 4 5 6 91 138
455 1 2 3 4 5 6 98 285
1772 1 2 4 7 9 175 321 928
1773 1 2 4 101 104 500 565 640
537 75 80 102 372 879 1787 1794 1798
1787 1 2 4 95 100 729 882
882 1 2 4 5 7 8 9 321
1794 1 2 4 90 98 163 646 898
646 3 5 6 7 8 9 72 161
1798 67 72 90 98 156 285 1781 1793
1793 1 2 3 4 5 6 92 95
1781 1 2 3 4 5 6 138 678
1791 3 5 6 7 8 9 72 80
1840 210 518 553 555 557 559 1821 1838
1838 72 75 95 175 187 1816 1827 1833
1827 1 2 4 97 98 100 138 529
1833 1 2 4 259 427 434 492 1824
1824 1 2 4 67 135 273 285 325
273 1 2 3 4 5 6 8 9
1816 1 2 3 4 5 6 92 98
210 3 5 6 7 8 9 75
1821 1 2 3 4 6 101 138 550
1841 448 467 534 539 542 560 562 1819
467 1 2 3 4 5 102 138 729
560 1 2 4 5 8 9 321 561
1819 1 2 4 5 8 9 186 321
542 787 802 845 867 1803 1805 1806 1807
787 1 3 4 5 6 7 8 432
1806 1 2 3 4 5 6 91 95
1803 1 2 4 5 7 8 9 321
1805 3 5 6 92 98 127 156 864
864 1 2 3 4 5 6 95 138
1807 1 2 3 4 5 138 730 828
730 1 2 4 67 97 101 106 285
1788 3 5 6 7 8 9 154 156
1789 1 2 4 7 8 9 67 100
21 50 484 849 852 1708 1710 1711 1762
1711 72 88 98 156 187 372 1699 1702
1699 1 2 3 4 5 6 91 92
1702 1 2 3 4 5 6 98 138
88 3 5 6 7 8 9
50 473 475 612 730 741 793 1691 1757
1691 1 2 4 5 95 100 138 560
475 1 2 4 64 321 448 707 756
1757 67 75 77 100 285 1733 1748 1753
1748 1 2 4 100 101 259 325 328
328 3 5 6 7 8 9
1753 1 2 4 89 95 97 98 1746
1746 1 2 4 98 104 321 518 771
1733 1 5 7 8 9 77 321 370
473 80 100 101 127 232 789 1690 1693
1690 1 2 4 7 8 9 97 100
1693 1 2 4 458 500 729 782 787
484 72 640 643 909 1721 1722 1723 1725
1723 1 2 3 4 5 6 101 1716
1716 1 2 3 4 5 6 9 107
107 7 8
1722 1 2 4 98 102 104 163 640
1725 1 2 4 92 187 233 882 1720
1720 1 2 4 7 8 9 90 232
909 3 5 6 7 8 9 69 72
1721 1 2 3 4 5 6 91 98
849 1 2 4 83 97 98 100 285
1708 3 5 6 7 8 9 75 80
1710 67 75 83 98 156 427 679 682
1762 292 545 559 616 874 1751 1752 1758
545 1 2 3 4 5 6 8 9
1752 67 72 97 127 285 501 503 506
874 2 5 7 8 9 100 127 370
1758 72 80 98 232 427 494 1738 1750
494 1 2 3 4 186 285 496 935
935 1 2 3 4 5 6 98 101
496 3 5 72 77 107 325 572 922
572 1 2 3 4 5 6 98
1738 1 2 3 4 5 6 95 285
1750 1 2 5 8 9 144 489 520
520 1 3 4 5 6 7 8 9
292 1 2 3 4 5 6 91 98
1751 1 2 3 4 6 91 500 1741
1741 1 2 3 4 5 6 95 138
20 48 416 1666 1667 1668 1669 1679
48 206 312 435 448 461 464 1661 1662
1662 3 5 6 7 8 9 71 127
206 1 2 4 5 6 7 9 207
207 1 2 3 4 5 6 91 95
312 1 2 4 92 101 163 187 232
1661 1 2 4 5 7 8 321 328
435 303 436 821 827 834 874 1638 1647
1647 1 2 3 4 5 6 91 98
821 1 2 3 4 5 6 95
436 92 101 127 156 157 187 232 1649
1649 1 2 4 95 104 138 163 867
834 1 2 3 4 5 6 101
1638 1 2 3 4 5 6 95 138
827 1 2 4 5 7 9 321 829
829 1 2 4 5 6 7 8 9
1666 1 2 4 67 98 100 159 273
1667 1 2 4 64 138 187 321 1656
1656 1 2 3 4 5 6 91 95
1679 2 197 442 446 451 455 458 467
442 1 3 4 5 6 7 8 9
197 1 2 3 4 5 6 95 101
1669 1 2 3 4 6 92 285 1659
1659 1 2 3 4 5 6 92 101
1668 1 2 4 7 8 9 67 97
416 200 234 286 418 766 913 1618 1628
286 1 2 3 4 5 6 95 98
766 1 2 77 93 265 285 370 849
265 5 8 9
1628 3 5 6 75 80 92 95 776
776 1 2 3 4 5 6 138
200 1 2 3 4 5 6 98 285
234 1 2 3 4 5 6 101
1618 1 2 3 4 5 6 101 138
418 767 772 1620 1622 1623 1626 1627 1632
1632 7 9 75 97 1147 1609 1610 1611
1147 1 2 4 5 6 7 8 9
1609 1 2 3 4 5 6 98 285
1611 1 2 3 4 5 6 92 107
1610 3 4 5 6 7 8 9 71
1622 3 5 6 77 80 98 285 1605
1605 1 2 3 4 6 7 8 89
1623 1 2 4 91 93 100 101 762
1626 1 2 3 4 5 91 92 1614
1614 1 2 3 4 5 6 91 725
725 5 8 9
1627 3 5 6 80 95 98 154 1615
1615 1 2 3 4 6 93 285 771
1620 1 2 3 4 5 6 92 98
772 1 2 4 5 7 8 321 430
19 46 69 75 97 98 104 383 1602
1602 1 2 3 4 5 6 98 285
383 3 4 5 6 7 8 9
46 1 2 3 4 5 6 98 285
18 44 395 404 407 1594 1595
407 3 4 5 6 7 8 9
1594 1 2 3 4 5 6 98 285
395 1 2 3 4 5 6 98 285
44 1 2 3 4 5 6 98 285
1595 1 2 3 5 6 7 9 1588
1588 1 2 3 4 5 6 98 285
17 380 383 386 404 1578 1580 1581 1587
1581 1 2 4 90 98 163 175 222
222 1 2 3 4 5 7 9
380 1 2 3 4 5 6 285
1578 1 2 3 4 5 6 91 285
1580 1 2 3 4 5 6 98 285
1587 1 2 3 4 5 6 98 285
16 80 98 100 222 383 1569 1571 1572
1571 1 2 3 4 5 6 98 285
1572 3 5 6 77 80 91 285 386
1569 1 2 3 4 5 6 98 285
15 39 333 339 1556 1557 1558 1559 1560
1556 1 2 4 92 98 99 187 232
99 3 5 6 7 8 9
1558 1 2 4 98 175 180 232 372
1560 1 2 4 89 191 240 364 652
240 1 2 3 4 5 6 91 285
191 3 5 6 7 8 9 80
1559 1 2 4 7 8 9 90 1163
1163 1 2 3 4 5 6 8 9
333 1 2 3 4 5 6 91 138
1557 1 2 4 95 163 217 233 321
39 210 237 353 359 361 586 1528 1529
359 72 80 90 101 106 747 1524 1525
1524 1 2 3 4 5 6 95 98
747 1 2 3 4 5 6 98 101
1525 1 2 4 91 97 100 101 231
353 1 2 3 4 5 6 92 138
1528 1 2 3 4 5 6 92 98
361 138 161 561 563 1543 1544 1545 1547
1544 1 2 4 92 100 101 372 598
1543 1 2 4 138 187 188 407 427
188 3 5 6 7 8 9
1545 1 2 3 4 5 6 91 98
1547 1 2 4 188 430 434 756 757
1529 1 2 4 91 104 285 500 652
339 1 2 3 4 5 6 91 285
14 37 75 175 222 318 1171 1508 1513
1513 1 2 4 92 104 233 348 1505
1505 1 2 4 92 98 99 187 232
348 1 2 3 4 5 6 101 138
318 80 102 315 319 465 620 729 1482
319 72 156 188 364 500 523 730 741
1482 1 2 4 67 95 98 1471 1477
1477 1 2 3 4 5 6 101 739
1471 3 4 5 6 7 8 9 156
37 289 322 333 336 339 1509 1510 1511
1510 1 2 4 7 8 9 93 187
1511 1 2 4 83 115 191 233 286
115 1 2 5 7 9 72 370 372
289 1 2 3 4 5 6 107 138
1509 1 2 4 92 98 100 187 1499
1499 1 2 3 4 5 6 138 285
322 75 77 207 312 324 372 747 798
324 2 4 67 138 292 501 513 1494
1494 1 2 4 83 102 175 372 1490
1490 1 2 4 7 8 9 90 100
1508 1 2 4 83 90 97 285 325
1171 1 2 3 5 6 7 9
13 35 268 269 303 309 1458 1459 1460
269 80 95 187 233 348 1428 1429 1430
1430 1 2 4 101 104 106 138 325
1428 1 2 4 67 83 91 187 285
1429 1 2 4 83 98 142 175 187
268 72 75 89 102 108 234 569 1425
1425 1 2 3 4 5 6 95 138
108 1 2 3 4 5 6 91 101
1460 1 2 4 95 97 98 264 273
35 272 464 845 1442 1461 1462 1463 1464
1463 1 2 4 95 97 98 100 312
1461 1 2 4 7 8 9 90 100
272 90 95 127 383 739 817 1439 1441
1441 1 2 4 5 92 138 321 463
463 3 5 6 7 8 9 75
1439 1 2 3 4 5 6 92 101
1464 83 98 154 156 232 289 292 295
1462 1 2 4 90 138 186 231 328
1442 1 2 4 92 135 232 372 652
1459 1 2 4 83 97 106 138 285
1458 1 2 3 4 5 6 95 98
12 33 108 234 237 240 250 255 1418
1418 72 89 95 127 187 253 1409 1416
1416 1 2 4 92 104 217 222 1412
1412 1 2 4 95 97 138 142 232
1409 1 2 4 89 95 106 187 652
33 1 4 227 228 231 309 808 1385
228 561 615 756 817 1397 1398 1399 1400
1400 4 5 6 7 8 9 461 557
1399 1 2 4 90 95 142 652 758
1398 3 5 6 7 8 9 80 156
1397 1 2 4 92 95 157 187 188
227 1 2 4 135 427 500 1383 1387
1383 1 2 4 67 259 273 285 325
1387 75 93 98 154 586 595 652 928
1385 3 5 6 75 80 91 138 1378
1378 1 2 3 4 5 6 98 101
250 5 7 9 69 154 161 233 434
11 30 151 467 560 730 1321 1368 1371
30 167 191 197 200 206 1342 1362 1369
1362 77 101 156 157 203 210 232 1343
203 1 2 3 5 6 7 8 9
1343 1 2 4 7 8 9 67 100
167 1 2 4 83 89 142 168 231
168 1 2 4 7 8 9 90 97
1342 1 2 3 4 5 7 9 1201
1201 1 2 3 5 6 8 9
1369 69 92 104 184 185 776 904 909
185 1 2 4 67 98 285 500 721
184 1 2 4 95 97 328 500 606
1321 1 3 5 6 7 8 9 75
1368 77 98 104 170 234 640 772 872
872 1 2 3 4 5 6 92 98
170 1 2 4 142 186 250 1334 1335
1334 1 2 3 4 5 6 92 138
1335 3 4 5 6 7 8 9 76
76 1 2
151 67 75 95 434 834 1322 1324 1325
1324 1 2 4 67 100 138 364 391
391 3 5 6 7 8 9
1322 1 2 4 7 8 9 67 557
1325 3 5 6 7 8 9 127 156
1371 147 825 827 1308 1309 1310 1363 1364
1308 1 2 4 97 98 100 138 442
1310 1 2 3 4 5 6 91 95
147 104 138 156 232 303 821 1304 1305
1305 1 2 4 5 7 8 9 321
1304 1 2 4 5 7 9 321 652
1364 1 2 4 83 89 186 188 1359
1359 3 7 8 9 69 77 97 1350
1350 1 2 3 4 5 6 98 101
1309 1 2 4 90 98 104 259 545
1363 1 2 4 83 99 175 186 1357
1357 1 2 3 4 5 6 159 285
10 28 115 120 1285 1286 1287 1290 1291
1285 1 2 4 67 83 98 233 427
1291 3 5 6 7 8 9 69 1283
1283 1 2 4 90 92 101 187 427
28 75 85 135 758 1271 1276 1277 1289
85 1 2 4 67 90 95 135 572
1271 1 2 3 4 5 6 92 264
1289 1 2 3 4 5 6 92 95
1277 1 2 3 4 5 6 92 138
1276 1 2 3 4 5 6 64 107
1290 1 2 4 95 97 98 99 104
1286 1 2 4 83 91 101 104 232
1287 1 2 3 4 5 6 91 101
