27 712 713 715 2203 2204
712 96 127 515 907 2140
127 1 2 4
2140 138 156 211 232 805
211 7 8 9 67 75
67 3 5 6
75 1 2 4
156 1 2 4
138 7 8 9
805 1 2 138 352 807
352 3 4 5
807 71 100 138 160 763
763 1 2 3 4 6
71 1 2
100 3 5 6
160 5 8 9
232 3 5 6
907 2 4 90 101 547
101 7 8 9
90 3 5 6
547 101 119 138 161 671
119 1 2
671 3 4 6
161 1 2 3 4 6
515 98 104 156 567 770
770 1 2 5 7 9
567 3 4 6
104 3 5 6
98 7 8 9
96 3 5 6 98
2203 563 707 718 2195
718 459 731 785 814 944
731 7 8 9 100 156
459 3 5 6 95 156
95 7 8 9
944 80 90 95 127 430
430 3 5 6 91
91 7 8 9
80 1 2 4
785 93 101 119 138 156
93 3 5 6
814 1 2 4 157 812
812 75 91 104 813
813 1 3 4 5 95
157 7 8 9 67
2195 119 259 451 506 555
259 3 5 6 138
555 1 2 64 421 425
421 3 5 6 138 156
64 5 8 9
425 3 4 6
451 3 4 6 453 665
453 5 7 9 71 425
665 1 2 7 8 9
506 69 101 104 127 415
415 3 5 6 98
69 1 2 4
707 72 156 188 430 500
72 1 2 4
500 3 5 6 138
188 3 5 6 101
563 101 104 156 615
615 72 80 90 98 430
2204 620 630 2187 2197 2202
620 1 2 4 188 528
528 7 8 9 232
2187 72 78 163 528 721
721 71 93 95 154 434
154 1 2 4
434 3 5 6 92
92 7 8 9
78 1 4
163 7 8 9 100
2197 373 423 727 2173 2174
727 76 78 101 187 325
325 3 5 6 98
76 1 2
187 3 5 6
2174 72 100 101 127 186
186 7 8 9 187
423 3 4 6 95 119
2173 2 6 70 182 725
182 3 5 6 80 92
725 5 8 9
70 1 4
373 3 5 6 80 98
2202 2178 2179 2190 2192 2193
2190 156 325 523 572 698
572 3 5 6 80 98
523 3 5 6 75 95
698 5 7 8 76 671
2193 8 77 187 532 2182
2182 1 2 4 231 729
729 3 5 6 101
231 3 5 6 95
77 1 2 4
532 7 8 9 72
2178 75 77 101 104 702
702 3 5 6 95
2192 80 90 101 640 2180
640 7 8 9 93
2180 72 80 91 104 188
2179 72 93 95 104 706
706 1 2 4 98
630 72 90 95 156 483
483 3 5 6 98
713 757 817 860 862 2143
2143 77 96 866 970 2139
2139 75 91 232 489 2132
2132 67 98 127 154 285
285 7 8 9
489 4 5 6 71 91
866 2 4 97 98 799
97 3 5 6
799 3 5 6 101 127
970 3 6 8 9 69
817 67 77 92 156 187
860 71 73 95 104 142
142 7 8 9 67
73 1 4
757 67 95 104 138 154
862 5 6 70 91 478
478 3 5 6 80 138
715 694 716 898 2163 2170
2170 672 842 893 2144 2165
893 67 92 100 119 670
670 7 8 9 75
2165 67 237 253 333 670
253 69 77 92 93 98
237 69 75 100 101 157
333 72 75 90 138 640
672 66 67 92 370 532
370 3 4 6
66 1 2
2144 77 104 156 259 285
842 80 95 138 187 232
716 2149 2150 2151 2152 2167
2149 64 66 144 649 933
649 1 2 7 8 9
933 3 4 5
144 3 4 6
2151 72 80 104 186 665
2152 71 91 127 232 567
2150 71 92 142 352 649
2167 72 354 434 2148 2159
2148 77 119 138 370 434
354 7 8 9 69 104
2159 98 154 232 375 2146
375 3 5 6 77 285
2146 77 80 104 285 640
2163 72 127 175 364 2154
175 3 5 6 285
364 3 5 6 92
2154 67 90 94 98 154
94 7 8 9 80
694 67 69 101 696
696 75 95 97 490 933
490 1 2 7 8 9
898 67 80 95 900
900 72 80 90 92 104
26 61 658 2115 2116 2128
2116 75 161 427 678 2106
678 5 7 8
2106 66 90 92 142 156
427 7 8 9 100
2115 72 104 285 452 2104
452 3 4 6 66 138
2104 71 425 441 671 678
441 5 7 8
61 448 578 2117 2125 2130
2130 656 657 2113 2114 2121
657 762 796 2083 2090 2094
2083 72 77 104 138 729
796 7 8 9 75 232
762 5 7 8 66 425
2090 103 142 156 565 698
103 3 5 6 98
565 4 5 6 98 119
2094 477 521 802 817 2078
2078 72 80 83 98 100
83 3 5 6 92
802 1 2 95 144 803
803 3 4 6 71 138
477 2 4 93 98
521 7 8 9 100 127
2113 72 99 156 689 729
99 3 5 6 101
689 75 80 91 102 104
102 7 8 9 90
2121 675 679 682 684
684 72 77 90 138 186
675 119 144 156 163 441
679 69 80 89 95 97
89 7 8 9 90
682 71 72 92 93 530
530 4 5 6
2114 69 134 391 529 596
134 7 8 9 80 104
596 7 8 9 77 104
529 4 5 6 76 92
391 3 5 6 98
656 75 157 317 2085 2093
2085 69 77 91 232 415
317 4 5 6 98 119
2093 97 511 550 630 670
511 1 2 4 89 96
550 3 4 6 551 770
551 5 6 7 9 80
2125 613 641 672 694 2109
641 80 100 127 138 175
2109 94 106 154 187 586
586 67 72 80 93 95
106 7 8 9 100
613 72 75 188 434 693
693 1 2 4 186 259
448 77 156 364 483 702
2117 69 90 186 670 2107
2107 1 2 4 231 640
578 69 98 232 579
579 67 92 154 156 175
2128 539 555 563 667 733
539 7 8 9 540 1066
1066 2 4 5 6
540 97 101 156 624
624 5 7 9 76 671
667 77 83 640 668 2100
668 75 142 154 231 748
748 75 77 88 90 98
88 3 5 6 101
2100 1 4 138 232 592
592 1 2 4 106 430
733 3 5 6 138 154
658 156 500 598 660 812
598 3 5 6 95 154
660 80 127 430 618 795
618 1 2 95 601 771
601 3 4 6
771 5 7 9
795 7 8 9 67 154
25 632 633 637 2075 2076
2075 636 767 945 2066 2067
945 1 2 101 196 439
439 3 4 6 119 285
196 4 5 6
636 69 127 175 186 2033
2033 7 9 69 144 446
446 1 2 4 103 157
767 72 91 138 154 187
2066 102 127 154 217 2055
2055 1 2 4 220 364
220 7 8 9 104
217 7 8 9 90
2067 80 97 98 434 2058
2058 1 2 4 231 640
2076 120 237 255 2069 2074
255 80 95 232 257
257 75 90 138 156 364
2069 247 365 581 641
247 72 89 95 127 187
581 90 101 127 138 1041
1041 1 2 4 5 6
365 80 138 232 366
366 3 4 6 76 95
120 75 88 90 95 156
2074 643 646 2049 2050 2071
2050 69 80 104 285 391
2071 75 640 986 2054 2064
2064 67 101 154 653 2051
653 3 5 6 80 138
2051 77 80 90 98 232
2054 1 2 91 138 352
986 3 4 5 71 285
643 80 93 98 644
644 3 4 5 76 95
2049 3 5 6 77 285
646 5 8 9 141 161
141 7 8 9 67 72
633 785 793 944 2019 2031
2019 67 80 98 438 2009
2009 3 6 7 69 419
419 5 8 9 119 567
438 7 8 9 77 104
793 562 620 624 1114
1114 2 4 5 6 101
562 75 98 104 217 563
2031 613 707 741 805 2027
741 92 156 232 598 750
750 3 5 6 98 127
2027 523 731 743 744 2021
2021 1 4 142 448 459
743 7 8 9 75 104
744 3 5 6 80 101
637 506 518 534 639 2045
518 72 80 92 98 100
534 1 2 91 370 536
536 77 91 95 156 232
639 553 559 621 925 2048
2048 80 83 264 2035 2044
264 5 8 9 71 671
2044 92 154 187 606 2037
606 3 4 5 98 119
2037 7 8 9 80 90
2035 1 2 4 114 163
114 3 5 6 95
925 3 5 75 101 927
927 3 4 6 71 98
559 69 98 100 104 127
553 67 98 127 154 188
621 75 80 93 138 157
2045 66 91 104 998 2038
998 5 7 9 100 119
2038 127 138 156 157 232
632 808 867 870 2005 2029
867 3 4 5 490 782
782 92 98 100 156 493
493 1 2 3 4 6
808 77 90 96 295 706
295 75 104 138 156 163
2005 77 317 729 824 828
824 1 4 67 101
828 5 7 9 119 567
2029 465 561 739 753 2024
561 72 93 95 154 427
739 1 4 100 138 529
753 75 91 97 101 127
2024 80 451 555 618 729
465 67 77 98 138 154
870 757 817 825 860 2008
825 3 72 75 95 175
2008 477 796 862 864 866
864 5 69 72 95 259
24 56 1989 1990 1992 1996
1996 461 609 612 1974 1986
612 80 102 464 469 613
464 90 95 154 465
469 3 4 5 66 138
609 404 611 814 1958 1959
1958 77 98 100 156 729
1959 5 69 95 160 763
404 72 127 157 175 406
406 75 77 90 97 98
611 802 817 845 1966
845 80 142 154 415 753
1966 459 758 860 866 1956
1956 69 80 91 97 138
758 1 2 4 104 138
461 72 93 138 463
463 75 90 98 104 285
1974 1 2 160 325 601
1986 309 451 501 503
501 73 75 97 98 232
503 77 81 119 425 441
81 7 8 9 232
309 69 97 98 104 127
56 604 872 1942 1949 1953
1949 67 72 95 1014 1941
1014 5 6 7 9 75
1941 100 119 127 138 370
872 80 96 156 220 415
604 767 879 901 1943 1952
879 75 95 142 154 232
1943 72 99 156 253 729
901 902 1923 1924 1930 1934
1934 134 218 684 850 1920
1920 72 75 104 285 640
218 7 8 9 90 127
850 75 77 98 100 175
1930 72 89 354 434 1022
1022 3 4 5 71 101
1923 66 98 161 678 933
1924 67 72 138 490 530
902 111 675 846 1925 1926
1926 75 80 100 138 231
846 67 80 232 364 670
1925 67 72 80 92 729
111 80 90 92 156 187
1952 885 888 896 904
888 95 154 156 187 285
904 3 5 75 138 906
906 3 4 6 66 95
885 1 2 4 702 729
896 67 77 101 156 285
1942 67 75 98 106 154
1953 400 698 1936 1948
400 3 5 6 98 156
1948 80 398 640 745 762
398 1 4 90 98
745 3 5 6 77 98
1936 69 80 92 100 285
1992 540 620 621 627 1987
627 138 156 232 671 770
1987 553 615 616 618
616 71 154 157 370 441
1990 103 156 598 1970 1984
1984 69 156 500 528 606
1970 75 104 285 529
1989 80 106 159 630 1982
159 5 8 9 161
1982 75 114 264 454 489
454 3 4 6 71 92
23 55 577 1889 1890 1893
1889 72 454 483 945 1880
1880 77 156 483 702 928
928 69 75 104 106 285
1893 540 616 620 627 1888
1888 721 756 789 922
789 1 2 523 601 771
922 95 97 127 154 500
756 4 232 285 438
55 1902 1903 1911 1914 1918
1918 573 586 589 1907 1912
589 69 72 83 98 104
573 386 852 1850 1852 1853
1850 66 98 649 933 1845
1845 119 127 364 567 725
852 75 127 175 328 853
328 3 5 6 285
853 75 77 104 285 427
386 80 104 156 285 388
388 72 98 104 187 285
1853 77 217 434 1842 1848
1842 75 77 89 100 285
1848 80 232 364 670 918
918 1 2 232 285 919
919 2 4 90 92
1852 76 111 231 336 913
336 5 8 9 161 338
338 7 8 9 75 187
913 2 4 67 163 329
329 1 2 4 95
1912 156 220 415 578 581
1907 72 77 106 430 595
595 72 77 91 104 138
1911 69 72 88 328 569
569 2 4 67 138 570
570 75 93 97 98 138
1903 75 90 95 490 567
1914 69 157 565 1900 1908
1900 80 93 98 156 175
1908 69 134 325 356 1033
1033 1 3 4 5 98
356 1 4 98 187
1902 3 5 6 80 98
1890 77 415 492 1868 1883
1883 156 211 231 453 831
831 3 5 6 95 127
492 5 8 9 119 144
1868 69 72 98 100 500
577 810 1864 1865 1891 1892
1891 80 102 562 729 1872
1872 7 80 187 1042
1042 3 4 6 71 98
1865 88 127 432 802 1861
432 3 5 6 75 95
1861 67 77 92 796 1855
1855 1 2 4 142 157
1864 77 188 303 315 458
303 72 80 91 100 138
458 1 2 4 142 702
315 95 100 154 317
810 741 758 799 805 808
1892 203 513 555 557 1885
557 90 95 154 156 430
513 80 89 95 97 156
203 1 2 91 104 259
1885 78 119 259 729 907
22 53 537 877 878 1800
1800 579 888 893 896 1797
1797 156 325 373 1777 1791
1791 72 98 187 427 1779
1779 72 80 90 106 138
1777 77 90 127 259 285
878 570 621 641 727 1776
1776 922 925 928 1764
1764 1 2 4 175 1079
1079 3 6 7 9
537 401 646 898 1795 1798
1798 67 93 329 1784 1792
1784 69 92 97 127 187
1792 72 156 217 415 1781
1781 71 104 665 671 678
1795 689 879 882 885
882 70 71 83 567 725
401 70 71 90 98 163
53 1824 1825 1834 1837 1841
1837 210 518 547 550 1832
1832 553 555 557 559
210 67 75 92 98 232
1825 154 434 478 492 521
1824 154 157 273 438 477
273 5 8 9 66 144
1834 72 175 523 1816 1827
1827 72 100 138 529 1818
1818 2 4 97 98 293
293 3 5 6 69 98
1816 1 2 4 415 528
1841 448 542 562 1819 1836
542 845 867 1807 1809 1810
1809 567 736 770 787 802
736 77 93 101 127 232
787 1 75 114 144 441
1810 156 528 750 864 1806
1806 95 100 154 796 944
1807 76 138 352 730 828
730 72 77 157 188 731
1836 467 534 539 560
467 1 2 138 352 468
468 80 90 92 93 101
560 1 2 64 561 567
1819 2 4 91 187 545
545 5 8 9 76 567
877 69 500 565 1766 1774
1774 93 94 446 455 595
455 1 2 196 285 325
1766 75 80 101 104 640
21 474 1758 1759 1760 1761
1759 497 501 503 1744 1751
1744 72 127 157 175 506
1751 1 4 231 1086 1742
1742 71 80 91 370 500
1086 2 4 5 6 138
497 292 545 559 616 874
874 2 7 190 370 521
190 5 9
292 70 71 98 100 640
1761 480 485 486 1710 1711
1711 116 400 1699 1701 1702
1699 80 91 106 154 232
1701 72 88 98 156 187
116 7 8 9 72 104
1702 77 90 98 138 154
1710 75 83 128 679 682
128 67 75 98 156 427
480 846 849 852 1703
1703 75 90 94 98 187
849 1 2 4 83 850
486 251 748 882 918 1726
251 69 138 154 232 434
1726 156 163 745 1715 1721
1715 75 77 90 92 640
1721 75 89 141 373 640
485 72 640 643 909 1723
909 69 72 88 142 434
1723 93 187 329 1097 1717
1097 5 7 8 119 671
1717 67 69 77 93 101
1760 473 730 741 1691 1757
1691 5 69 95 560 1120
1120 1 2 100 138
473 458 782 785 787 1694
1694 75 188 740 1684 1689
740 1 4 100 138
1684 80 95 100 154 430
1689 80 88 99 127 789
1757 511 513 515 518 1754
1754 80 259 477 1735 1747
1735 1 2 4 99 328
1747 77 101 232 1082 1734
1082 1 5 7 8 370
1734 67 75 77 100 285
474 448 612 707 793 1697
1697 1 2 64 425 756
1758 489 492 494 1740 1749
1740 2 78 114 144 265
265 5 8 9
1749 72 80 427 483 1738
1738 66 114 154 196 285
494 127 186 496 935 1093
496 77 325 572 922 1095
1095 3 5 7 8 72
935 67 93 101 154 706
1093 1 2 3 4 285
20 416 436 437 1681 1682
1681 312 448 461 464 1677
312 72 78 163 314 528
314 73 77 101 187 232
1677 78 206 328 1124 1662
206 6 75 207 771
207 1 4 95 281 430
281 66 70 104 370
1662 90 101 104 127 1122
1122 3 6 7 8 71
1124 5 7 8 119 425
1682 197 446 467 1674 1680
1674 2 442 451 455 458
442 5 8 9 370 443
443 3 5 7 8 78
1680 159 273 1654 1667 1676
1654 67 72 98 100 127
1676 80 188 432 1657 1669
1669 75 434 438 439 454
1657 67 72 80 98 430
1667 154 419 421 423 427
197 1 2 4 99 231
416 764 1628 1629 1635 1636
1635 300 589 767 772 1631
772 1 2 4 430 773
773 5 7 8 66 425
300 83 98 154 156 232
1631 72 427 762 1607 1622
1607 80 91 93 101 156
1622 77 104 285 373 1605
1605 1 2 4 89 1135
1135 3 6 7 8
1629 131 187 200 234 670
234 67 80 97 101 127
131 72 80 101 104 232
200 66 70 93 103 285
1636 1613 1614 1624 1625 1627
1624 156 163 398 1136 1139
1136 5 7 8 71 370
1139 3 4 5 71 285
1627 3 6 770 1152 1616
1616 80 95 97 154 325
1152 3 5 6 75 285
1625 6 66 139 1141 1612
139 4 5 7 8 9
1141 7 8 119 187 671
1612 7 9 75 97 1147
1147 4 5 6 71 101
1614 119 490 530 567 725
1613 1 2 91 92 352
1628 75 83 94 100 776
776 1 2 93 138 778
778 1 2 90 138 671
764 286 375 849 913 1159
286 72 98 100 105 154
105 3 5 6 95
1159 5 8 9 76 370
437 303 821 827 834 1651
821 5 69 95 156 321
321 3 6
827 7 190 828 1245 1246
1245 1 2 4 6
1246 1 4 5 6 138
1651 114 154 874 1128 1647
1128 2 4 5 138
1647 103 142 156 293 743
834 1 80 100 101 352
436 88 127 157 1642 1649
1649 73 95 104 295 867
1642 92 101 127 156 187
19 46 377 380 383 410
410 69 75 97 98 104
377 67 75 98 156 328
380 72 75 100 104 285
46 80 104 285 400 1600
1600 80 98 100 127 217
383 7 8 9 530 912
912 3 4 5 6
18 44 395 404 407 1599
44 80 175 375 1590 1597
1590 80 90 98 154 157
1597 77 93 98 157 1592
1592 69 72 90 98 163
1599 154 217 398 410 1595
1595 7 76 181 330 374
181 3 5 6 75 285
330 1 3 5 6 9
374 3 5 6 72 98
407 5 7 8 9 425
395 90 98 154 156 175
17 386 404 1585 1586 1587
1586 75 175 222 401 1580
1580 90 154 285 395 398
222 1 2 3 4 223
223 5 7 9
1585 240 368 380 383
240 77 80 91 163 232
368 77 80 90 100 285
1587 80 175 391 1574 1583
1583 77 154 157 325 400
1574 75 90 100 127 285
16 40 240 368 386 1571
40 222 373 377 380 383
1571 70 75 163 374 375
15 358 361 1559 1560 1564
1564 333 339 342 345 1562
1562 365 368 1549 1550
1550 72 77 91 104 285
1549 98 154 156 175 232
345 69 77 98 232 434
342 75 77 98 99 187
339 75 81 93 127 285
1559 90 138 154 156 1551
1551 76 80 217 265 370
1560 75 191 240 244 364
244 67 89 101 127 154
191 67 80 92 95 100
361 362 756 757 1541 1548
362 138 161 561 563 1545
1545 98 156 232 430 1538
1538 1 2 4 90 98
1548 598 731 743 744 1543
1543 80 188 407 421 521
1541 72 75 188 434 753
358 359 1521 1522 1528 1532
1521 69 75 104 285 500
1522 67 80 101 154 372
372 7 8 9 104
359 70 197 430 747 1530
747 90 101 127 748
1530 93 187 329 745 1523
1523 72 80 90 101 106
1532 210 237 353 586
353 1 4 138 232 354
1528 77 156 220 325 454
14 36 323 324 1515 1516
1516 115 123 191 286 1512
115 7 76 116 190 370
123 83 127 138 156 232
1512 289 333 336 339
289 75 138 187 290
290 5 7 8 76 601
323 207 211 312 596 747
36 320 730 741 1479 1517
1479 72 156 364 500 1473
1473 72 75 95 187 188
1517 342 345 348 353 1514
1514 69 218 325 1497 1507
1507 7 76 181 222 330
1497 1 2 4 83 175
348 71 72 138 671 729
320 315 465 468 620 1482
1482 407 421 736 739 1472
1472 67 80 95 98 154
1515 106 154 356 1499 1510
1510 75 93 306 328 329
306 69 80 91 187 285
1499 71 72 138 217 352
324 501 513 1487 1489 1490
1487 2 4 67 138 292
1490 98 100 127 276 1485
276 3 5 6 95 156
1485 72 100 101 127 138
1489 69 80 83 175 689
13 35 267 1459 1460 1465
1459 69 106 181 182 259
35 272 464 845 1442 1470
1470 312 1454 1461 1462 1464
1454 1 4 97 98 286
1464 289 292 295 300
1462 90 138 154 306 1181
1181 1 4 95 232
1461 98 100 127 276 1452
1452 72 80 90 100 285
1442 135 156 528 743 824
135 7 8 9 104
272 463 739 817 1435 1444
1435 1 2 4 500 528
1444 90 329 383 468 736
1465 95 281 303 309 315
1460 77 97 98 264 1450
1450 95 97 156 273
267 108 234 269 569 1431
269 348 842 1188 1419 1434
1434 69 142 175 1421 1430
1421 72 78 83 98 187
1430 72 104 106 138 1422
1422 75 101 104 156 325
1419 1 2 4 83 157
1188 7 8 9 75 187
1431 138 154 232 1187 1424
1424 72 75 90 91 92
1187 3 4 5 76 95
108 72 78 101 187 427
12 33 250 255 1414 1418
250 5 7 9 161 251
1418 241 244 247 253 1416
241 80 95 106 154 187
1416 77 217 222 1404 1412
1412 69 77 142 259 1406
1406 76 95 127 138 232
1404 92 104 127 156 217
1414 108 234 237 240
33 227 229 230 1385 1386
230 561 615 756 817 1402
1402 75 434 523 732 1398
1398 156 364 483 500 744
732 1 2 4 157 188
229 461 824 831 1392 1394
1392 104 138 142 154
1394 7 8 9 530 557
227 586 595 928 935 1388
1388 77 273 325 1374 1384
1374 1 2 4 157 259
1384 80 91 100 127 1377
1377 69 75 101 104 500
1386 1 4 231 309 808
1385 80 90 101 745 1379
1379 75 80 89 97 138
11 149 1368 1369 1370 1371
1371 148 1311 1312 1363 1364
1312 70 303 640 821 1240
1240 1 2 8 9 425
1363 77 159 163 1346 1358
1346 69 97 104 156 285
1358 75 80 83 175 1348
1348 72 100 101 127 186
1364 83 154 188 1352 1359
1359 98 100 154 1207 1349
1207 4 5 6 71 101
1349 7 8 69 97 1205
1205 3 7 8 9 77
1352 1 2 4 89 186
1311 80 567 771 824 1303
1303 3 5 6 138 156
148 478 545 1300 1310 1313
1300 75 90 98 104 156
1313 2 442 825 827 1298
1298 69 98 100 127 259
1310 142 156 316 760 796
760 3 4 5 71 91
316 3 5 6 95 154
1369 183 354 776 904 909
183 127 184 500 721 1339
184 69 93 138 606 1337
1337 78 95 97 156 328
1339 67 69 75 98 285
149 560 730 1326 1328 1329
1326 75 90 285 467 1235
1235 1 5 8 9 187
1329 135 156 831 1319 1324
1324 156 364 733 740 750
1319 98 100 127 156 430
1328 75 114 434 834 1322
1322 80 142 154 415 557
1368 166 171 172 234 772
172 66 75 142 186 250
166 77 98 104 640 872
171 6 66 139 653 1335
1335 7 9 75 97 1224
1224 3 4 5 76 95
1370 169 206 395 1331 1366
1366 191 197 200 1342 1362
1342 3 6 64 76 1196
1196 2 3 7 73 190
1362 80 106 1203 1344 1355
1203 1 2 7 9 67
1344 77 101 156 157 232
1355 1 2 210 259 372
169 83 89 127 154 1333
1333 72 77 95 142 232
1331 1 2 4 217 364
10 29 85 86 1288 1289
1288 72 127 1251 1252 1277
1251 1 2 7 8 67
1277 1 4 67 138 1253
1253 4 5 6 92 119
1252 5 8 9 66 144
86 69 106 264 1266 1270
1266 3 4 6 92 119
1270 75 101 104 138 154
85 78 114 276 438 572
1289 73 75 106 114 1278
1278 72 90 92 93 127
29 1286 1287 1290 1291 1292
1292 115 120 123 128
1287 75 88 89 134 141
1290 72 80 95 97 1281
1281 72 77 98 99 104
1286 77 80 81 83 131
1291 69 89 96 108 111
