27 62 717 2159 2160 2161 2162 2204
2161 1 2 67 91 92 352 2149
2149 1 2 4 64 91 195 933
64 5 8 9
195 3 6
933 3 4 5
352 3 4 5
67 3 5 6
92 7 8 9
91 7 8 9
2159 77 80 91 93 104 285 301
301 1 2 3 4 5 6 98
98 7 8 9
77 1 2 4
285 7 8 9
104 3 5 6
80 1 2 4
93 3 5 6
2204 313 620 630 721 2197 2198 2199
2198 75 77 95 100 135 2179 2190
100 3 5 6
2179 3 5 6 72 75 95 98
72 1 2 4
2190 80 93 98 156 232 523 698
523 1 2 3 4 5 6 95
232 3 5 6
698 3 4 5 6 7 8 76
76 1 2
156 1 2 4
95 7 8 9
75 1 2 4
135 3 5 6 7 8 9
2197 1 2 4 83 727 947 2189
947 1 2 4 5 6 8 9
83 3 5 6 7 8 9
2189 1 2 4 100 101 186 2175
186 3 5 6 7 8 9
101 7 8 9
2175 1 2 4 95 98 100 195
727 1 2 4 101 187 325
325 3 5 6 7 8 9
187 3 5 6
313 1 2 4 92 100 232 285
2199 1 2 4 231 729 2183 2192
2192 3 5 6 72 80 91 101
231 3 5 6 7 8 9
2183 1 2 4 7 8 9 187
729 3 5 6 7 8 9
620 1 2 4 92 97 101 232
97 3 5 6
721 3 5 6 71 92 95 154
154 1 2 4
71 1 2
630 3 5 6 72 95 98 156
2160 72 77 119 138 354 370 434
354 1 2 3 4 5 6 92
138 7 8 9
119 1 2
370 3 4 6
434 3 5 6 7 8 9
2162 1 2 4 104 138 186 2152
2152 1 2 3 4 5 6 91
717 67 237 253 333 670 2166 2169
670 1 2 4 7 8 9
253 1 2 4 7 8 9 93
333 3 5 6 72 75 91 138
2166 80 95 187 233 672 893 2144
672 1 2 67 72 92 138 370
893 1 2 4 67 92 100 138
233 3 5 6 7 8 9
2144 3 5 6 77 138 156 285
2169 72 127 175 364 694 898 2154
694 67 69 75 95 97 101 982
69 1 2 4
982 1 2 3 4 5 91
898 3 5 6 72 80 92 95
364 3 5 6 7 8 9
127 1 2 4
2154 3 5 6 80 95 98 154
175 3 5 6 7 8 9
237 1 2 4 67 100 101 285
62 80 430 711 720 785 831 2200
2200 119 259 451 506 555 563 707
563 1 2 4 90 98 135 430
90 3 5 6
506 3 5 6 69 98 101 127
707 7 8 9 72 93 97 156
259 3 5 6 7 8 9
451 1 2 3 4 6 138 771
771 5 7 9
555 1 2 3 4 6 64 421
421 1 2 3 4 5 6 138
711 97 98 127 515 713 907 2140
907 2 3 4 5 6 101 547
547 1 2 3 4 6 101 138
2140 1 2 4 67 92 233 805
805 1 2 100 138 352 940
940 3 4 5 6 8 9 66
66 1 2
515 3 4 5 6 98 156 770
770 1 2 5 7 9
713 757 817 860 862 866 2131 2139
817 1 2 3 4 5 6 92
757 3 5 6 7 8 9 154
866 1 2 4 97 98 101 187
862 1 2 4 5 6 91 259
2131 3 6 8 9 69 77 96
96 3 5 6 7 8 9
2139 67 98 127 154 285 489 796
489 1 2 4 5 6 91
796 3 5 6 7 8 9 75
860 1 2 4 67 91 95 104
720 72 92 95 100 156 157 812
157 3 5 6 7 8 9
812 1 2 3 4 5 95 372
372 3 5 6 7 8 9
785 1 2 4 7 8 9 93
430 3 5 6 7 8 9
831 1 2 3 4 5 6 95
26 61 659 660 2103 2104 2116 2128
2104 3 4 5 6 7 8 71
2128 67 138 154 539 555 563 667
539 2 4 5 6 101 540
540 5 7 9 76 156 188 671
671 3 4 6
188 3 5 6 7 8 9
667 77 91 92 93 748 879 2100
879 3 5 6 75 91 95 154
748 3 5 6 75 77 98 101
2100 1 2 4 92 100 233 430
2103 1 2 3 4 6 138 180
180 3 5 6 7 8 9
660 1 2 4 67 91 97 618
618 4 5 7 8 9 119 195
2116 1 2 4 90 92 142 2105
142 3 5 6 7 8 9
2105 5 7 8 9 75 100 161
161 1 2 3 4 6
61 656 802 817 2089 2095 2126 2129
2129 241 586 613 641 672 694 2124
241 3 5 6 80 92 95 154
613 1 2 4 186 188 259 434
586 1 2 3 4 5 6 95
2124 69 90 186 448 578 670 2107
2107 1 2 4 95 232 640
640 3 5 6 7 8 9
578 1 2 4 98 175 232 798
798 3 5 6 7 8 9
448 77 95 98 100 156 232 364
641 1 2 4 100 138 175
802 1 2 3 4 6 95 138
2095 67 91 103 156 565 698 2091
2091 72 77 104 138 729 762 796
762 3 4 5 6 7 8 66
565 1 2 4 5 6 98
103 3 5 6 7 8 9
2126 675 679 682 684 687 689 2114
689 3 5 6 75 80 91 92
675 1 2 3 4 6 163 441
441 5 7 8
163 3 5 6 7 8 9
679 3 5 6 69 80 91 95
682 1 2 3 4 5 6 92
2114 1 2 4 135 372 391 529
529 1 2 4 5 6 92
391 3 5 6 7 8 9
684 3 5 6 72 77 91 138
687 1 2 3 4 5 6 101
656 75 157 317 550 630 2085 2086
317 1 2 4 5 6 98
2085 1 2 4 67 91 98 232
550 5 6 7 9 80 671 770
2086 1 2 4 89 97 98 138
89 3 5 6 7 8 9
2089 1 2 4 83 279 325 427
279 3 5 6 7 8 9
427 3 5 6 7 8 9
659 1 2 4 93 95 138 812
25 632 633 637 2070 2071 2073 2075
2073 120 237 247 255 365 581 641
120 3 5 6 75 95 101 156
581 1 2 4 5 6 138 445
445 3 5 6 7 8 9
365 1 2 3 4 6 95 233
247 3 5 6 72 91 95 127
255 1 2 4 90 138 231 364
633 613 707 741 805 2020 2021 2030
2021 1 2 4 95 100 142 448
2020 1 2 4 99 106 372 523
99 3 5 6 7 8 9
106 3 5 6 7 8 9
741 90 92 98 127 156 232 598
598 1 2 3 4 5 6 95
2030 77 80 135 415 793 2009 2018
793 1 2 7 562 620 858 1114
858 3 4 5 6 9
1114 2 4 5 6 7 8 9
562 3 5 6 75 98 285 563
2018 1 2 4 430 500 729 831
500 3 5 6 7 8 9
2009 1 2 3 4 6 7 64
415 3 5 6 7 8 9
637 553 559 621 638 925 2043 2044
925 3 5 71 75 98 101 601
601 3 4 6
621 3 5 6 75 80 138 285
2043 1 2 4 83 114 163 264
264 3 4 5 6 8 9 71
114 3 5 6 7 8 9
638 1 2 4 157 233 2039 2046
2046 72 80 92 98 100 506 534
534 71 73 77 91 95 232 370
73 1 4
2039 1 2 5 7 9 100 372
553 3 5 6 98 101 127 154
2044 80 90 91 101 154 434 606
606 1 2 3 4 5 98
559 1 2 3 4 5 6 98
2071 1 2 91 138 352 2053 2064
2053 1 2 3 4 5 285 640
2064 3 5 6 77 80 98 2052
2052 3 5 6 80 101 138 154
2075 102 127 154 217 634 2055 2067
634 69 127 175 186 767 945 2033
767 1 2 4 7 8 9 187
945 3 4 5 6 101 119 285
2033 3 4 6 7 9 69 446
446 1 2 4 67 98 104 285
2067 1 2 4 96 231 434 640
2055 1 2 3 4 5 6 92
102 3 5 6 7 8 9
217 3 5 6 7 8 9
2070 77 90 93 285 643 646 2050
646 5 8 9 72 142 161
2050 3 5 6 69 80 98 285
643 1 2 3 4 5 95 325
632 80 451 555 618 729 868 2025
2025 75 127 188 430 465 561 739
739 1 3 4 5 6 138 529
465 1 2 4 7 8 9 67
561 3 5 6 72 91 95 154
868 757 808 817 867 2002 2005 2008
2002 1 2 3 4 95 175 860
2005 67 73 77 93 101 317 828
828 3 4 5 6 7 9 119
867 1 2 3 4 5 91 782
782 1 2 4 92 98 100 195
808 3 5 6 75 77 98 295
295 3 5 6 75 138 156 285
2008 2 4 325 796 862 864 866
864 1 2 4 5 95 259
24 604 1953 1954 1989 1990 1992 1996
1990 69 92 156 232 500 606 1983
1983 75 98 104 156 285 529 598
1954 67 75 98 106 154 872 1949
872 3 5 6 80 92 98 156
1949 1 2 100 127 138 370 1940
1940 5 6 7 9 72 75 114
1996 72 157 404 611 812 1963 1994
1963 1 2 4 98 100 729 1959
1959 5 7 8 9 66 69 425
425 3 4 6
611 802 817 845 860 866 1962
845 1 2 4 142 188 415 430
1962 1 2 4 91 97 138 1957
1957 3 5 6 95 138 154 156
404 3 5 6 75 77 98 405
405 1 2 3 4 5 6 285
1994 309 451 461 501 503 612 1974
461 1 2 4 98 104 217 500
503 1 2 3 4 6 81 441
81 3 5 6 7 8 9
612 80 90 92 464 469 613
469 1 2 3 4 5 138
464 7 8 9 67 77 90 154
501 1 2 3 4 5 6 98
1974 1 2 5 8 9 325 601
309 1 2 3 4 5 6 98
604 111 675 846 903 1932 1951 1952
1951 75 142 154 231 253 687 767
1952 67 77 101 156 285 904 1945
904 3 4 5 6 66 95 670
1945 1 2 4 95 187 285 885
885 1 2 4 93 95 100 101
1932 72 80 100 231 670 729 798
111 1 2 3 4 5 6 92
903 72 89 354 1922 1923 1924 1934
1922 1 2 3 4 5 101 434
1934 75 77 98 100 175 684 1929
1929 1 2 4 135 180 217 640
1924 3 4 5 6 72 138 490
490 1 2 7 8 9
1923 5 7 8 9 66 161 933
846 3 5 6 75 80 92 138
1989 80 106 159 264 432 630 1969
159 3 4 5 6 8 9 71
432 1 2 3 4 5 6 95
1969 3 4 5 6 71 91 92
1953 69 80 106 163 400 698 1948
1948 1 2 4 103 391 640 762
400 1 2 3 4 5 6 98
1992 553 615 616 618 620 621 1980
615 3 5 6 72 80 91 98
1980 3 4 6 156 233 540 770
616 5 7 8 71 154 157 370
23 55 809 1882 1883 1889 1893 1895
1883 67 75 92 156 231 453 831
453 3 4 5 6 7 9 71
1882 1 2 4 279 415 492 500
492 1 2 4 5 8 9 195
1889 72 92 98 232 266 945 1880
1880 77 95 98 100 156 232 928
928 3 5 6 69 75 92 285
266 1 2 3 4 6
809 77 188 303 315 458 810 1865
458 1 2 4 67 91 95 100
810 101 127 187 741 758 805 808
758 1 2 3 4 5 6 138
315 1 2 4 95 100 317
1865 75 101 114 127 232 802 1861
1861 1 2 4 142 157 796 798
303 1 2 4 7 8 9 100
1893 616 620 721 756 789 922 1877
756 3 4 5 6 77 101 285
922 3 5 6 95 127 138 154
789 4 5 7 9 119 195 523
1877 3 4 6 156 233 540 770
55 69 325 356 1898 1909 1915 1918
356 1 3 4 5 6 98
1918 386 575 852 1844 1845 1912 1913
1845 5 8 9 119 127 364 567
567 3 4 6
1844 1 2 3 4 5 91 98
1912 67 92 98 104 156 578 581
386 1 2 4 98 104 187 285
852 1 2 4 175 180 328 427
328 3 5 6 7 8 9
1913 69 72 83 98 104 586 1907
1907 72 77 91 97 104 106 138
575 1 2 111 231 336 913 1853
336 5 7 8 9 75 161 187
913 1 2 4 67 95 100 285
1853 75 80 138 232 364 918 1849
918 1 2 4 90 92 232 285
1849 75 77 90 91 100 285 434
1909 1 2 4 157 175 325 565
1915 3 5 6 80 98 1903 1911
1911 69 72 101 187 232 285 569
569 2 3 4 5 6 138 570
570 3 5 6 7 8 9 75
1903 1 2 75 90 91 95 567
1898 1 2 3 4 5 98 135
1895 80 90 92 562 729 1872 1892
1872 1 2 4 7 98 187 195
1892 1 2 4 259 729 907 1886
1886 1 2 259 372 513 555 557
513 3 5 6 80 91 95 156
557 3 5 6 91 95 154 156
22 53 876 1790 1791 1796 1798 1799
1798 67 72 98 156 217 1781 1793
1781 5 7 8 9 66 195 266
1793 3 5 6 69 92 95 127
876 621 641 877 922 925 1770 1772
1772 69 75 97 104 106 285 1077
1077 1 2 3 4 6 7 9
1770 3 5 6 75 98 138 727
877 80 93 95 446 455 595 1773
1773 1 2 4 135 500 565 640
455 1 2 4 5 6 285 325
595 1 2 4 7 8 9 104
1791 72 80 98 106 187 284 427
284 3 5 6 7 8 9
1790 1 2 4 217 259 279 325
1799 401 646 689 879 882 885 898
882 5 8 9 70 71 83 567
70 1 4
401 1 2 4 90 98 100 285
1796 67 77 101 156 285 893 1788
1788 95 97 154 156 187 285 798
53 467 534 539 542 560 1835 1840
1840 553 555 557 559 1831 1838
1838 72 175 523 1816 1824 1825 1827
1827 1 2 4 100 138 529 1818
1818 1 2 3 4 5 6 98
1816 1 2 4 67 92 98 232
1824 1 2 4 135 157 273 325
273 1 2 4 5 8 9 195
1825 1 2 4 259 427 434 492
1831 72 80 106 210 279 547 550
210 3 5 6 7 8 9 75
1835 2 4 91 187 448 545 562
545 3 4 5 6 8 9 76
560 1 2 3 4 6 64 561
542 543 567 736 770 787 802 1810
1810 92 127 156 232 391 864 1806
1806 80 95 100 154 430 796 831
787 1 2 4 67 95 195 441
736 1 2 3 4 5 6 101
543 76 138 352 730 828 845 867
730 1 2 4 92 100 157 188
467 1 2 4 102 138 352 729
21 51 448 612 707 793 1697 1760
1760 473 560 730 741 1686 1753 1754
1754 75 77 88 157 163 1082 1748
1082 1 3 4 5 6 7 8
88 3 5 6 7 8 9
1748 1 2 4 99 259 325 328
1686 1 2 4 5 95 100 138
1753 72 80 92 98 100 515 1745
1745 1 2 4 89 95 97 98
473 458 782 785 787 1689 1690
1690 1 2 4 100 138 188 1684
1684 3 5 6 80 91 95 154
1689 3 5 6 80 101 127 789
51 479 485 494 1725 1726 1755 1759
1759 292 545 559 616 874 1751 1752
874 2 5 7 9 127 370 427
1752 72 127 157 175 501 503 506
292 1 2 4 98 100 640
1751 1 2 80 91 370 500 1741
1741 1 2 4 5 6 138 231
1726 72 75 89 142 373 640 1722
373 1 2 3 4 5 6 98
1722 1 2 4 102 103 163 640
1755 72 80 98 232 427 1738 1750
1750 1 4 67 95 489 492 1084
1084 2 3 4 5 6 8 9
1738 1 2 4 5 6 114 285
479 679 682 849 852 1704 1708 1711
1708 75 80 90 95 98 187 846
1711 77 90 98 138 154 1701 1706
1706 1 2 4 81 106 372 400
1701 3 5 6 72 98 101 156
849 1 2 4 83 98 100 175
1704 67 75 83 91 98 100 156
485 93 95 127 187 1097 1717 1724
1717 1 2 3 4 5 6 101
1724 69 72 88 142 434 640 643
1097 3 4 5 6 7 8 119
494 77 80 93 98 232 495 1730
495 1 2 3 4 186 285 935
935 3 5 6 75 98 101 154
1730 3 5 7 8 72 922
1725 69 154 233 434 748 882 918
1697 1 2 3 4 6 64 756
20 416 435 1666 1667 1676 1679 1681
1681 206 312 448 461 464 1661 1662
1662 5 7 8 9 71 127 195
312 1 2 4 101 187 232 313
1661 1 2 3 4 6 328 441
206 5 6 7 9 75 207
207 66 70 91 95 97 104 370
416 417 767 772 1620 1631 1632 1633
772 5 7 8 66 77 425 430
1631 75 77 89 180 373 1133 1623
1623 1 2 4 427 640 729 762
1133 1 2 3 4 6 7 8
1633 80 95 97 154 325 1615 1626
1615 3 5 6 75 285 770
1626 4 5 6 71 91 1150 1613
1613 1 2 3 4 5 91 92
1150 3 4 5 6 8 9 119
1632 7 9 75 97 1147 1611 1624
1624 1 2 4 90 98 163 1610
1610 1 2 3 4 5 285 1136
1136 3 4 5 6 7 8 71
1611 1 2 4 5 6 92 1141
1141 3 4 5 6 7 8 119
1147 1 2 4 5 6 101
417 200 234 286 766 913 1618 1628
234 1 2 3 4 5 6 101
1628 1 2 4 83 95 100 776
776 1 2 3 4 5 6 138
766 5 8 9 76 370 375 849
375 1 2 3 4 5 6 285
1618 3 5 6 72 80 101 670
286 3 5 6 72 95 98 154
200 1 2 4 93 98 104 285
1620 1 2 4 83 98 104 232
1666 67 72 98 100 127 159 273
1676 1 2 4 135 434 1660 1668
1668 1 2 4 114 188 415 430
1660 1 2 3 4 6 92 285
435 303 436 821 827 834 1646 1647
827 1 2 5 7 9 567 829
829 2 5 6 7 8 9 70
1646 1 2 4 5 114 138 874
1647 1 2 4 103 142 279 372
834 1 2 3 4 5 6 101
436 1 4 95 104 295 867 1648
1648 92 101 127 156 157 187 232
821 1 2 3 4 5 6 95
1679 197 446 451 455 467 1665
1665 1 2 4 95 100 142 442
442 1 3 4 5 7 8 444
444 3 4 5 6 8 9
197 1 2 4 95 100 101 232
1667 1 2 4 95 195 427 1655
1655 1 2 64 138 156 187 567
19 127 217 373 377 380 1601 1603
377 3 5 6 75 98 156 285
380 1 2 3 4 5 6 285
1603 3 5 6 69 75 98 383
383 3 4 5 6 7 8 9
1601 3 5 6 80 98 156 285
18 395 404 407 1594 1595 1596 1597
1595 1 2 4 7 175 279 330
330 1 3 5 6 9
395 3 5 6 98 154 156 285
1597 1 2 4 157 163 325 391
1594 1 2 4 90 98 285 410
410 1 2 3 4 5 6 98
407 3 4 5 6 7 8 9
1596 80 90 98 154 157 175 375
17 43 240 368 380 383 386 404
368 1 2 3 4 5 6 285
43 75 175 222 401 1580 1582 1583
1580 1 2 4 90 97 98 285
1582 1 2 4 163 175 217 391
1583 1 2 4 93 98 157 187
222 1 2 3 4 5 7 9
240 3 5 6 77 80 91 285
16 222 373 377 380 383 1571 1572
1571 1 2 4 93 98 100 285
1572 77 80 91 163 217 232 386
15 38 358 362 756 757 1541 1548
1548 80 127 188 407 421 427 1544
1544 1 2 4 99 106 372 598
358 1 4 197 360 430 747 1530
360 73 210 233 237 354 586 1533
1533 77 92 104 156 266 325 1529
1529 1 2 4 67 101 372 1521
1521 3 5 6 69 75 138 285
1530 72 80 90 92 100 101 1524
1524 3 5 6 77 95 98 127
747 1 2 4 90 98 101 232
362 4 71 138 195 561 563 1545
1545 1 2 4 90 98 232 430
1541 1 2 4 91 97 101 434
38 75 191 240 244 364 1559 1564
1564 333 339 342 345 365 368 1558
345 3 5 6 69 77 92 98
1558 1 2 4 175 180 301 372
342 3 5 6 75 77 98 101
339 3 5 6 75 91 127 285
1559 1 2 4 90 138 285 1163
1163 1 2 5 8 9 370
191 3 5 6 7 8 9 80
244 3 5 6 91 101 127 154
14 318 323 324 1507 1508 1513 1518
318 730 736 739 741 1478 1479 1481
1479 72 92 97 101 156 500 523
1481 80 90 92 315 465 620 729
1478 67 80 95 98 154 407 421
1518 289 333 336 339 1509 1510 1511
1509 1 2 4 98 106 187 1499
1499 1 2 3 4 5 138 217
289 3 4 5 6 76 107 138
107 7 8
1511 83 115 127 156 191 233 286
115 5 7 9 72 76 370 372
1510 1 2 4 93 95 186 328
1508 1 2 4 83 175 217 325
324 69 80 83 175 689 1490 1493
1490 7 8 9 72 100 127 276
276 1 2 3 4 5 6 95
1493 2 4 67 138 292 501 513
323 75 77 207 312 372 747 798
1513 1 4 233 342 345 348 354
348 1 2 3 4 6 138 729
1507 1 2 4 7 175 222 330
13 35 108 234 269 569 1431 1469
1431 7 8 9 72 75 90 1425
1425 1 2 3 4 5 95 233
35 272 464 845 1442 1461 1462 1468
1468 73 96 286 289 292 312 1456
1456 1 2 4 83 98 232 295
1442 75 92 135 156 232 372 824
824 1 3 4 5 6 101
1462 1 2 4 186 231 284 328
272 383 468 736 739 817 831 1441
1441 1 2 4 92 232 463 500
463 3 5 6 7 8 9 75
468 3 5 6 7 8 9 80
1461 1 2 4 163 217 276 279
108 1 2 4 91 100 101 187
1469 95 281 303 309 315 1459 1460
281 1 2 3 4 5 6
1460 77 95 97 98 156 264 273
1459 1 2 4 83 106 175 259
269 80 95 187 233 348 1428 1434
1434 1 2 4 135 325 1423 1429
1423 3 5 6 7 8 9 72
1429 1 2 4 83 142 175 356
1428 1 2 4 83 157 186 328
12 32 226 228 586 595 1382 1388
1382 67 75 93 98 101 154 928
32 108 234 237 240 250 255 1418
250 1 2 4 92 187 233 252
252 3 4 5 6 7 9 71
1418 241 244 247 253 1411 1412
1411 1 2 4 92 104 217 222
1412 1 2 4 142 231 233 259
228 229 561 615 756 817 1397 1398
229 142 154 461 758 824 831 1394
1394 4 5 6 7 8 9 557
1398 80 98 99 156 232 364 500
1397 1 2 4 157 188 434 523
226 80 89 97 670 808 1378 1380
1378 3 5 6 77 80 98 101
1380 1 2 4 97 98 104 231
1388 1 2 4 135 427 500 1383
1383 1 2 4 157 259 273 325
11 30 147 148 1357 1358 1364 1372
1372 151 164 170 467 560 730 1321
170 7 9 75 97 172 1224 1334
1224 1 2 3 4 5 95
172 1 2 4 67 91 187 250
1334 1 2 4 5 6 92 284
1321 1 5 8 9 75 187 217
164 77 98 104 234 640 772 872
151 67 75 95 434 834 1322 1329
1329 90 98 127 156 364 1318 1325
1318 1 2 3 4 5 6 138
1325 98 100 127 135 156 430 831
1322 1 2 4 67 91 98 557
1364 98 100 154 1207 1349 1360
1207 1 2 4 5 6 101
1360 1 2 4 83 89 186 188
1349 3 7 8 9 69 77 97
148 95 100 154 796 1301 1309 1313
1313 3 72 75 95 175 827 1308
1308 1 2 4 98 100 259 442
1301 1 2 3 4 5 6 91
1309 80 90 103 156 259 545 706
706 1 2 4 7 8 9
1358 1 2 4 83 99 175 186
1357 1 2 4 159 163 175 180
147 1 4 303 640 821 1240 1311
1240 1 2 3 4 6 8 9
1311 3 5 6 138 156 824 1238
1238 3 4 5 6 7 9 80
30 167 178 183 206 354 904 1366
167 1 2 4 169 217 364 395
169 1 2 4 83 89 142 231
1366 1 2 210 259 372 1356 1361
1361 64 76 191 195 197 200 1196
1196 1 2 3 4 5 7 9
1356 1 2 4 101 157 232 1343
1343 1 2 4 7 9 67 106
183 1 2 4 185 500 606 1337
1337 1 2 4 95 97 187 285
185 1 2 4 157 415 500 721
178 69 72 101 142 232 434 776
10 28 115 120 1285 1286 1287 1295
1286 1 2 4 81 83 88 135
1287 1 2 4 88 89 135 142
1295 69 89 97 98 108 111 1290
1290 1 2 4 95 97 99 103
28 67 73 84 138 1253 1276 1289
84 75 77 135 276 758 1269 1271
1271 1 2 4 92 100 195 264
1269 1 2 4 67 95 98 232
1289 1 2 4 83 102 106 114
1253 1 2 4 5 6 92
1276 1 2 4 64 67 107 195
1285 67 83 127 156 233 427 706
