27 62 715 2204
2204 2196 2197 2202
2197 727 2173 2189
727 77 325 728
728 76 101 187
76 1 2
101 7 8 9
187 3 5 6
325 93 98
98 7 8 9
93 3 5 6
77 1 2 4
2189 373 423 2174
2174 72 99 209
209 91 127 187
91 7 8 9
127 1 2 4
99 100 101
100 3 5 6
72 1 2 4
423 95 119 601
601 3 4 6
119 1 2
95 7 8 9
373 80 98 100
80 1 2 4
2173 182 725 948
182 80 92 93
92 7 8 9
725 5 8 9
948 2 6 70
70 1 4
2196 313 721 2186
313 78 381 528
528 92 232
232 3 5 6
78 1 4
381 72 100 285
285 7 8 9
2186 620 630
630 72 276 483
483 98 232
276 90 95 156
156 1 2 4
90 3 5 6
620 80 188 526
188 97 101
97 3 5 6
526 2 4 528
721 154 434 722
154 1 2 4
434 92 187
722 71 93 95
71 1 2
2202 2190 2191 2199
2199 2180 2181 2193
2181 80 445 640
640 91 93
445 90 101
2180 72 188 690
690 80 91 104
104 3 5 6
2193 951 953 2182
951 8 77 187
2182 156 729 949
949 1 4 231
231 95 232
729 93 101
953 72 138 187
138 7 8 9
2191 411 704 2178
704 72 93 95
2178 77 702 703
703 75 101 104
75 1 2 4
702 95 100
411 75 98 104
2190 572 698 2176
2176 156 325 523
523 75 95 187
698 5 76 700
700 7 8 671
671 3 4 6
572 80 98 232
715 717 2167 2168
2167 2147 2148 2159
2147 72 354 434
354 69 92 104
69 1 2 4
2148 77 434 955
955 119 138 370
370 3 4 6
2159 301 375 2146
301 98 154 232
375 77 93 285
2146 77 413 640
413 80 104 285
2168 2149 2150 2162
2162 961 962 2152
961 72 80 186
186 91 187
2152 490 567 963
963 91 127 232
567 3 4 6
490 1 2 91
962 66 104 138
66 1 2
2150 142 649 960
649 1 2 91
960 71 92 352
352 3 4 5
142 67 91
67 3 5 6
2149 649 933 957
933 3 4 5
957 64 66 144
144 3 4 6
64 5 8 9
717 2165 2166 2169
2165 253 333 2155
2155 67 237 670
670 75 138
237 69 157 239
157 67 285
239 75 100 101
333 72 335 640
335 75 90 138
253 69 82 325
82 77 92 93
2169 694 898 2163
898 67 94 900
94 80 95
900 72 102 1075
1075 80 92 104
102 90 92
694 69 652 696
652 67 101
696 490 933 983
983 75 95 97
2163 967 968 2153
967 67 98 154
968 80 90 95
2153 127 175 966
966 72 92 97
175 97 285
2166 672 842 2158
2158 179 258 893
893 100 670 894
894 67 92 119
258 77 97 138
179 104 156 285
842 80 233 844
233 138 232
844 80 95 187
672 67 532 673
532 72 138
673 66 92 370
62 711 718 2200
718 720 785 944
944 80 430 831
831 90 95 127
430 91 97
785 119 600 729
600 93 138 156
720 459 731 814
459 95 100 156
814 72 157 812
812 75 372 813
372 91 104
813 95 352 1012
1012 1 3 4
731 92 100 156
711 712 2142 2143
2142 860 862 2136
862 91 478 1006
1006 5 6 70
478 80 97 138
860 142 156 861
861 73 95 104
73 1 4
2136 488 758 817
817 156 434 797
797 67 77 92
758 104 138 154
488 67 95 154
712 805 2134 2141
2134 156 211 233
211 67 75 92
805 806 940 1050
1050 71 100 138
806 76 138 352
940 66 160 425
425 3 4 6
160 5 8 9
2141 311 515 907
907 74 445 547
74 2 4
547 138 161 548
161 1 2 144
548 101 119 671
515 516 567 770
770 1 2 771
771 5 7 9
516 98 104 156
311 97 98 127
2143 866 2131 2139
2139 489 796 2132
2132 127 392 415
415 67 98
392 67 154 285
489 71 91 491
491 4 5 6
796 75 91 232
2131 69 263 971
971 3 6 830
830 8 9
263 77 97 98
866 74 96 799
799 101 127 187
96 97 98
2200 563 707 2195
2195 506 555 2184
2184 119 259 451
259 97 138
451 452 697 771
697 1 2 425
452 6 648 665
665 1 2 138
648 3 4
506 127 135 507
135 101 104
507 67 69 98
555 421 556
556 64 76 425
421 138 156 187
707 156 188 709
709 156 430 462
462 72 93 138
563 135 156 615
615 72 390 430
390 80 90 98
26 60 61
61 2124 2125 2130
2125 613 694 2120
613 692 1116 1118
1116 2 4 186
692 72 188 433
433 75 92 187
1118 1 4 259
2120 241 586 2110
2110 641 672
641 127 389 781
781 100 138
389 80 97 285
241 94 187 242
242 92 100 154
586 93 94 588
588 67 72 95
2130 655 2121 2122
655 657 2092 2093
2092 504 507 2084
504 77 91 232
2084 75 157 317
317 98 118 1446
118 1 2 6
1446 4 5
2093 550 630 2086
2086 97 511 670
511 78 89 311
89 90 91
550 551 671 770
551 80 153 194
194 7 9
153 5 6
657 2090 2091 2094
2094 802 817 2089
2089 182 374 2079
2079 127 427 477
427 91 100
477 2 4 325
374 72 98 100
802 144 803 840
803 4 71 930
930 3 6 138
840 1 2 95
2090 516 565 2081
2081 142 156 698
565 98 118 140
140 4 5
2091 762 796 2083
762 66 425 678
678 5 7 8
2083 77 597 729
597 72 104 138
2121 675 679 2112
679 69 89 680
680 80 95 97
2112 682 684
682 72 83 683
683 71 92 530
530 4 5 6
83 92 93
684 72 186 685
685 77 90 138
675 156 163 677
163 100 285
677 119 144 441
441 5 7 8
2122 687 689 2114
2114 134 402 2102
402 69 90 98
2102 77 372 529
529 76 92 530
134 80 101 104
689 75 102 690
687 156 213 729
213 72 100 101
2124 448 578 2117
2117 980 981 2107
980 75 90 138
2107 72 231 978
978 1 4 640
981 69 91 187
578 69 483 579
579 154 175 891
891 67 92 156
448 156 364 450
364 92 97
450 77 702 752
752 98 156 232
60 661 667 2127
2127 659 660 2123
659 598 600 812
598 93 95 154
2123 2105 2106 2115
2115 452 664 2104
2104 441 697 973
973 71 671 678
664 72 104 285
2105 161 678 975
975 75 91 100
2106 66 142 976
976 90 92 156
660 780 795 2098
795 67 91 154
780 80 91 97
2098 127 430 618
618 95 424 771
424 1 2 601
661 539 563 662
662 137 154 555
137 67 138
539 101 540 1066
1066 5 6 74
540 156 188 624
624 7 76 858
858 5 9 671
667 669 748 879
669 82 871 2100
2100 73 233 592
592 77 430 593
593 72 92 100
871 77 91 93
748 75 88 631
631 77 90 98
88 101 232
879 75 142 881
881 95 154 232
25 59 632 633
59 637 2075 2076
2075 634 2066 2067
634 636 767 945
636 174 209 2033
174 69 97 285
2033 144 446 1003
1003 7 9 69
446 77 157 447
447 2 4 103
103 98 104
945 101 439 1048
1048 1 2 196
196 4 5 6
439 118 285 648
767 154 186 768
768 72 138 187
2067 996 997 2057
2057 80 96 434
997 95 154 232
996 1 4 640
2066 990 991 2056
991 72 127 364
990 80 92 104
2056 154 217 993
217 90 285
993 90 92 127
2076 2068 2069 2074
2068 120 237 255
120 88 121 156
121 75 90 95
255 80 231 257
257 75 364 1192
1192 90 138 156
2074 2064 2065 2070
2070 643 646 2063
646 141 161 274
274 5 8 9
141 67 72 91
2063 402 413 2049
2049 77 217 376
376 93 285
643 80 325 644
644 3 775 840
775 4 5
2065 988 989 2053
988 76 91 352
989 71 138 352
2053 75 640 986
986 5 648 650
650 1 2 285
2064 651 653 2051
653 80 90 138
651 67 101 154
2051 77 391 572
391 90 98
2069 247 365 2061
2061 581 641
581 127 445 582
582 118 138 775
247 72 89 249
249 95 127 187
365 80 233 366
366 76 95 425
637 638 2047 2048
638 2038 2039 2046
2046 506 518 534
534 370 490 536
536 156 231 504
518 80 106 374
106 92 100
2038 156 233 510
510 67 127 285
2039 66 372 998
998 100 771 999
999 1 2 9
2047 553 559 2042
553 154 188 414
414 67 98 127
2042 621 925
925 101 927 1080
1080 3 5 75
927 71 98 601
621 80 500 622
622 67 75 285
500 93 138
559 69 103 278
278 98 100 127
2048 2036 2037 2043
2043 182 264 2035
264 71 265 671
265 5 8 9
2035 78 114 381
114 67 95
2036 154 434 606
606 98 119 607
607 3 4 5
2037 80 89 445
633 793 2026 2031
2026 785 944 2019
2019 428 438 2009
2009 69 419 1005
1005 3 6 7
419 64 119 567
438 77 101 104
428 67 80 98
793 562 620 1696
562 463 563
463 75 217 411
1696 101 624 1115
1115 5 6 74
2031 2020 2021 2028
2021 448 459 460
460 1 4 142
2028 613 707 2023
2023 741 805
741 598 605 750
750 90 98 127
605 92 156 232
2020 523 743 2012
743 75 91 104
2012 106 156 744
744 80 100 101
632 868 2024 2025
2025 465 739 2017
465 77 415 733
733 67 138 154
739 529 740
740 1 4 781
2017 561 753
753 127 430 754
754 75 97 101
561 154 427 704
868 869 2007 2008
2008 862 864 2004
2004 477 796 866
864 69 259 865
865 5 72 95
2007 825 860 2001
2001 488 758 817
825 72 175 826
826 3 75 95
869 808 867 2005
867 760 782
782 92 493 783
493 1 2 144
783 98 100 156
760 5 490 648
2005 824 828 1999
824 67 73 101
828 119 567 859
859 5 7 9
1999 77 317 729
808 263 295 751
751 75 90 98
295 75 163 297
297 104 138 156
2024 555 618 2014
2014 80 451 729
24 56 1995 1996
1995 1987 1988 1993
1993 1983 1984 1989
1983 382 529 1971
1971 103 156 598
382 75 104 285
1984 605 606 1972
1972 69 156 500
1989 630 1967 1982
1967 80 106 159
159 160 161
1982 264 432 1969
432 67 75 95
1969 454 489
454 71 92 671
1988 540 627 1979
627 628 671 770
628 138 156 232
1979 620 621
1987 553 615 1978
1978 616 618
616 154 157 617
617 71 370 441
1996 609 612 1991
1991 461 1974 1986
1974 119 325 1007
1007 1 160 601
461 72 463 500
1986 309 451 1976
309 69 103 311
1976 501 503
501 73 96 212
212 75 98 232
503 441 504 1091
1091 1 2 425
609 610 1965 1966
610 404 814 1963
1963 940 1010 1958
1010 5 69 95
1958 77 729 783
404 263 405 751
405 72 175 510
1965 802 817 845
845 428 753 795
1966 860 866 1962
1962 459 758 1956
1956 69 259 780
612 464 613 1695
1695 80 102 469
469 66 138 352
464 90 465 599
599 95 154
56 604 1953 1954
1953 1938 1939 1947
1938 80 640 745
745 77 98 104
1947 400 698 1936
1936 80 163 262
262 69 92 100
400 98 156 187
1939 73 391 762
1954 872 1942 1949
872 80 96 584
584 156 220 415
220 92 104
1949 588 1014 1941
1941 127 781 1017
1017 119 138 370
1014 75 771 1015
1015 6 7 9
1942 75 106 1021
1021 67 98 154
604 901 1951 1952
1951 253 687 1944
1944 767 879
901 902 1934 1935
902 1925 1926 1933
1926 80 231 1032
1032 75 100 138
1925 72 729 1029
1029 67 80 92
1933 111 675 846
111 80 112 434
112 90 92 156
846 67 670 847
847 80 364 943
943 75 138 232
1935 1923 1924 1930
1924 490 530 1028
1028 67 72 138
1923 161 678 1024
1024 66 98 933
1930 934 1022 1921
1921 72 89 354
1022 3 214 775
214 1 2 101
934 72 92 187
1934 684 850 1929
1929 134 218 1920
1920 75 640 664
218 90 127 285
850 77 175 932
932 75 98 100
1952 885 888 1946
1946 896 904
904 601 905 1219
1219 1 2 95
905 3 5 670
896 77 155 652
155 67 156 285
885 69 729 886
886 74 95 100
888 156 328 889
889 95 154 187
328 187 285
23 55 576 577
577 810 811 1895
1895 562 1884 1892
1884 1042 1044 1871
1044 7 80 187
1042 71 98 601
1871 80 102 729
1892 907 1873 1886
1886 203 513 1875
513 80 89 275
275 95 97 156
203 119 204 259
204 66 91 104
1875 555 557
557 156 430 466
466 90 95 154
1873 119 729 1046
1046 1 4 259
810 805 808 1862
1862 741 758 799
811 1860 1861 1864
1861 796 797 1855
1855 142 154 510
1864 315 458 1858
458 142 298 459
298 1 4
1858 77 188 303
303 80 305 427
305 72 100 138
315 316 317
316 95 100 154
1860 432 737 802
737 101 127 232
55 1914 1915 1918
1915 1902 1903 1911
1911 569 1039 1040
1040 69 187 285
1039 72 101 232
569 137 221 570
570 93 706 819
706 75 98
819 75 97 138
221 2 4
1902 98 572 1036
1036 3 5 80
1903 490 567 1037
1037 75 90 95
1914 1898 1899 1909
1909 389 564 1901
1901 69 157 565
564 93 98 156
1899 69 325 356
356 78 98 187
1898 98 134 1034
1034 3 5 70
1918 573 1912 1913
573 574 1852 1853
1853 847 918 1849
1849 136 162 1843
1843 77 217 434
162 77 100 285
136 75 90 91
918 232 650 919
919 2 4 102
574 386 852 1850
1850 1056 1057 1844
1057 92 97 127
1056 119 567 725
1844 649 933 1054
1054 1 2 98
386 179 388 413
388 664 855
855 72 98 187
852 371 854 1110
371 77 104 285
1110 75 91 100
854 127 175 1112
1112 75 187 285
1852 336 913 1846
336 75 186 337
337 5 161 830
913 67 329 914
914 2 4 163
329 95 127
1846 76 111 231
1912 578 581 584
1913 586 589 1907
589 69 83 590
590 72 98 104
1907 592 595
595 77 372 597
576 1887 1888 1894
1887 540 627 1876
1876 616 620
1888 721 756 1879
1879 789 922
789 424 523 771
922 127 500 923
923 95 97 154
756 77 135 384
384 4 232 285
1894 1882 1883 1889
1883 211 831 1870
1870 156 231 453
453 71 425 771
1882 293 462 1867
1867 77 415 492
492 8 493 856
856 5 9
293 69 98 100
1889 450 928 1881
928 69 106 382
1881 454 482 945
482 72 98 232
22 52 1840 1841
1840 1831 1832 1838
1832 553 555 1823
1823 557 559
1831 210 518 1821
1821 547 550
210 211 232 706
1838 1824 1825 1834
1824 438 477 1811
1811 154 157 273
273 66 144 274
1834 1815 1816 1827
1827 305 529 1818
1818 74 96 293
1816 77 415 526
1815 72 175 523
1825 478 492 1814
1814 154 434 521
521 91 100 127
52 537 876 1800
1800 1790 1791 1796
1790 218 258 1778
1778 156 325 373
1796 579 888 1789
1789 893 896
1791 593 653 1780
1780 72 357 427
357 98 187
876 877 1775 1776
877 1765 1766 1774
1765 69 500 565
1774 455 595 1767
455 119 325 456
456 66 196 285
1767 93 94 446
1766 80 640 703
1776 922 925 1772
1772 174 928 1077
1077 2 70 1079
1079 3 6 568
568 7 9
1775 570 727 1769
1769 621 641
537 1794 1795 1798
1798 1783 1784 1792
1783 67 93 329
1792 1067 1068 1782
1068 66 104 138
1782 72 217 1069
1069 67 98 156
1067 71 671 678
1784 69 434 1073
1073 92 97 127
1795 689 879 1787
1787 882 885
882 69 83 883
883 71 567 725
1794 401 646 898
401 70 163 402
1841 543 544 1839
1839 562 1828 1836
1828 448 545 1059
545 76 160 567
1059 2 4 186
1836 467 534 1830
467 352 468 665
468 80 102 729
1830 539 560
560 419 561
544 1805 1806 1809
1805 605 750 864
1806 316 796 944
1809 787 802 1803
787 144 432 1121
1121 1 441
1803 567 736 770
736 77 729 737
543 845 867 1807
1807 730 828 1062
1062 76 138 352
730 106 156 732
732 77 188 938
938 67 72 285
21 51 474 1760
1760 471 1753 1754
1754 1733 1734 1748
1734 77 157 296
296 75 100 285
1733 158 370 1083
1083 1 5 519
519 7 8
158 77 101 232
1748 477 478 1735
1735 99 127 470
470 78 187 285
471 472 1693 1694
472 730 741 1691
1691 560 1119 1120
1120 71 100 138
1119 5 69 95
1693 458 782 1688
1688 785 787
1694 1684 1685 1689
1684 80 316 430
1685 75 188 740
1689 737 744 789
1753 511 513 1746
1746 515 518
51 1758 1759 1761
1758 494 1749 1750
1750 489 492 1740
1740 78 114 1084
1084 2 144 265
494 496 935 1728
496 922 1095 1729
1729 77 325 572
1095 3 72 921
921 5 7 8
1728 209 285 1094
1094 3 4 66
935 93 651 706
1749 456 488 1737
1737 80 427 482
1759 497 1751 1752
1751 1086 1088 1742
1086 2 138 196
1088 1 4 231
1742 370 490 1090
1090 80 93 138
497 499 559 616
499 292 545 874
292 70 293 640
874 370 521 1132
1132 2 7 190
190 5 9
1752 501 503 1744
1744 506 509 510
509 72 97 285
1761 479 485 486
485 909 1718 1723
1723 1097 1098 1717
1097 119 671 921
1717 69 729 1100
1100 67 77 101
1098 93 187 329
909 72 88 911
911 69 142 934
1718 72 640 643
486 1721 1722 1725
1721 136 141 1713
1713 75 373 640
1722 691 871 1714
1714 156 163 745
691 75 90 92
1725 251 882 1720
251 69 434 916
916 138 154 232
1720 748 918
479 480 1710 1711
1711 1701 1702 1706
1706 116 400 1699
116 72 91 104
1699 79 106 154
79 80 91 232
1701 88 156 855
1702 77 284 1106
284 90 138
1106 90 98 154
1710 679 682 1704
1704 75 83 128
128 130 156 427
130 67 75 98
480 849 852 1708
1708 846 1107 1108
1108 75 98 187
1107 80 90 95
849 83 154 850
474 475 612 793
475 448 707 1697
1697 556 756
20 48 416 1682
416 418 764 1634
764 286 766 913
766 375 849 1159
1159 76 265 370
286 72 105 288
105 95 97
288 98 100 154
418 1630 1631 1636
1630 300 589 1621
1621 767 772
772 77 430 773
773 66 425 1234
1234 5 7 8
300 83 156 301
1636 1624 1625 1633
1624 1136 1139 1609
1609 156 163 398
398 73 90 98
1139 5 648 650
1136 7 71 1138
1138 5 8 370
1625 1141 1143 1612
1612 196 214 1145
1145 75 97 568
1143 6 66 139
139 4 5 92
1141 119 671 1142
1142 7 8 187
1633 1613 1614 1627
1627 1152 1153 1616
1616 80 325 1155
1155 95 97 154
1153 3 6 770
1152 75 93 285
1614 490 530 1150
1150 119 567 725
1613 352 649 1149
1149 71 92 352
1631 1607 1608 1622
1622 371 373 1605
1605 75 89 1133
1133 2 73 1135
1135 3 6 107
107 7 8
1608 72 427 762
1607 156 726 729
726 80 91 93
1634 776 1617 1629
1617 75 83 1156
1156 80 95 100
1629 200 234 1618
234 127 188 236
236 67 80 101
200 66 103 201
201 70 93 285
1618 131 187 670
131 80 88 133
133 72 101 104
776 76 500 778
778 119 284 1216
1216 66 138 671
1682 1673 1674 1680
1680 1666 1667 1676
1666 159 273 1654
1654 127 374 415
1667 419 421 1656
1656 154 423 427
1676 1657 1658 1669
1658 80 188 432
1669 439 454 1659
1659 75 434 438
1657 72 428 430
1674 451 455 1665
1665 2 442 458
442 64 370 443
443 3 5 1249
1249 7 8 78
1673 197 446 467
197 78 198 231
198 100 101 127
48 436 437 1681
436 1641 1642 1649
1641 88 127 157
1642 156 434 799
1649 295 867 1130
1130 73 95 104
437 1646 1647 1650
1650 303 821 1645
1645 827 834
834 80 99 835
835 1 101 352
827 828 1243 1246
1243 7 190 1245
1245 2 6 70
1246 70 138 153
821 156 231 823
823 5 69 95
1646 488 874 1128
1128 2 138 775
1647 293 516 1640
1640 142 156 743
1681 206 1670 1678
206 207 208
208 6 75 771
207 95 281 837
281 66 282 370
282 1 4 104
837 1 4 430
1678 312 448 1672
312 158 313 1185
1185 73 101 187
1672 461 464
1670 470 1124 1662
1124 119 425 441
1662 127 135 1652
1652 71 445 1123
1123 7 8 195
195 3 6
19 46 1602 1603
1603 383 410
410 69 96 411
383 384 385
385 408 530 1194
1194 7 9
408 7 8 9
1602 377 380
377 67 378 706
378 156 187 285
380 72 163 382
46 400 413 1600
1600 127 217 373
18 44 1598 1599
1598 395 404 407
407 223 408 425
223 5 7 9
395 156 175 396
396 90 98 154
1599 397 410 1595
1595 181 374 1160
181 75 97 285
1160 7 76 330
330 9 232 331
331 1 6 856
397 154 217 398
44 1589 1590 1597
1589 80 175 375
1590 80 391 392
1597 381 402 1591
1591 77 157 325
17 42 1586 1587
42 386 404 1585
1585 240 368 1579
1579 380 383
368 80 163 216
216 77 90 285
240 77 79 163
1586 395 397 1581
1581 181 222 401
222 7 224 856
224 2 3 78
1587 1574 1575 1583
1583 394 400 1576
1576 77 154 157
394 77 93 98
1574 75 163 218
1575 80 175 391
16 40 1571 1572
1571 296 374 1567
1567 70 163 375
1572 240 368 386
40 377 380 1570
1570 222 373 383
15 38 358 361
361 362 1547 1548
1547 692 753 1542
1542 488 756 758
362 563 1540 1545
1545 750 751 1539
1539 156 430 483
1540 138 161 561
1548 1536 1537 1543
1536 75 372 598
1537 106 156 744
1543 407 421 1535
1535 80 188 521
38 1561 1562 1563
1562 365 368 1558
1558 116 371 1549
1549 156 175 301
1563 1551 1552 1560
1552 154 156 284
1560 240 244 1553
244 89 154 246
246 67 101 127
1553 75 191 364
191 94 100 192
192 67 80 92
1551 80 217 1163
1163 76 265 370
1561 333 339 1556
339 75 341 376
341 91 127 232
1556 342 345
345 77 347 434
347 69 98 232
342 77 99 344
344 75 98 187
358 359 1532 1533
1532 210 237 1527
1527 353 586
353 73 233 354
359 747 1525 1530
1530 745 1169 1523
1523 72 106 714
714 80 90 101
1169 93 187 329
1525 70 197 430
747 127 445 748
1533 1519 1520 1529
1529 651 690 1521
1521 69 382 500
1519 156 220 394
1520 156 325 454
14 36 322 1518
1518 1511 1512 1515
1515 306 1500 1509
1509 242 356 1499
1499 72 217 1173
1173 71 138 352
1500 93 329 1176
1176 75 187 285
306 80 186 307
307 69 186 328
1511 115 123 1502
115 72 117 372
117 76 370 1265
1265 5 7 9
123 83 124 156
124 127 138 232
1502 191 286
1512 289 333 1504
289 187 290 670
290 76 601 921
1504 336 339
322 323 1493 1494
1493 501 513 1487
1487 137 221 292
1494 689 1483 1490
1483 69 175 182
1490 276 278 1485
1485 99 127 305
323 207 747 1491
1491 211 312 596
596 77 91 104
36 318 1513 1514
1514 1496 1497 1507
1507 181 222 1171
1171 7 76 330
1497 72 83 326
326 97 156 285
1496 69 218 325
1513 342 345 1506
1506 348 353
348 72 349 729
349 71 138 671
318 319 1481 1482
319 730 741 1479
1479 449 462 1473
1473 72 188 523
449 92 97 156
1482 736 739 1478
1478 407 421 1472
1472 80 415 488
1481 315 620 1476
1476 465 468
13 35 267 1469
35 270 1467 1468
1467 306 1453 1461
1453 154 284 1181
1181 1 4 231
1461 276 278 1452
1452 80 163 1180
1180 72 80 217
1468 312 1454 1464
1454 73 96 286
1464 289 292 1456
1456 295 300
270 271 1444 1445
1444 468 736 1438
1438 90 329 383
1445 739 817 1441
1441 463 526 600
271 464 845 1442
1442 605 743 1437
1437 135 156 824
267 268 1433 1434
1434 1420 1421 1430
1420 69 142 175
1430 593 597 1422
1422 156 325 703
1421 72 83 356
268 1424 1425 1432
1432 108 234 569
108 72 110 427
110 78 101 187
1425 154 233 1187
1187 76 95 607
1424 72 89 691
1433 348 842 1428
1428 82 155 1188
1188 75 186 328
1469 1459 1460 1465
1460 273 275 1449
1449 77 96 264
1465 303 309 1458
1458 95 281 315
1459 181 182 1448
1448 69 106 259
12 32 225 228
32 1415 1416 1417
1415 241 244 1410
1410 247 253
1416 1405 1406 1411
1411 218 219 1403
219 92 104 156
1403 77 217 222
1406 76 231 1190
1190 127 138 232
1405 69 142 258
1417 250 255 1414
250 161 251 1227
1227 5 7 9
1414 108 234 1408
1408 237 240
225 226 1387 1388
226 808 1380 1385
1385 714 745 1379
1379 80 89 819
1380 78 231 309
1388 1376 1377 1383
1383 273 394 1374
1374 69 155 259
1377 69 500 703
1376 80 127 427
1387 586 595 1382
1382 928 935
228 230 1399 1400
1400 385 461 557
230 1397 1398 1401
1401 561 615 1396
1396 756 817
1397 433 523 732
1398 744 752 1390
1390 156 364 500
1399 824 831 1392
1392 142 154 758
11 31 1369 1370
1369 176 184 185
184 275 470 1338
1338 69 500 606
185 507 622 1340
1340 127 500 721
176 178 354 904
178 776 909
1370 1361 1362 1365
1362 203 210 1356
1356 155 158 1343
1343 80 106 1203
1203 67 76 194
1361 197 200 1353
1353 191 1196 1201
1201 64 76 195
1196 7 73 1198
1198 2 3 190
1365 168 169 206
168 395 1228 1229
1229 80 90 285
1228 2 4 364
169 1230 1231 1333
1333 77 142 1233
1233 72 95 232
1230 92 93 127
1231 90 91 154
31 146 1367 1372
146 148 1311 1312
1312 303 821 1305
1305 70 640 1240
1240 8 9 697
148 1309 1310 1313
1313 825 827 1308
1308 2 442 1298
1298 69 259 278
1310 316 796 1301
1301 142 156 760
1309 516 751 1299
1299 80 259 545
1311 824 1238 1303
1303 156 233 297
1238 80 567 771
1367 1357 1358 1364
1364 1351 1352 1359
1359 1207 1208 1349
1208 98 100 154
1207 71 101 196
1349 97 1200 1205
1200 7 8 69
1205 3 77 92
1351 83 154 188
1352 154 186 1211
1211 1 4 89
1357 174 179 1345
1345 77 159 163
1358 181 182 1348
1348 72 99 209
1372 149 164 170
170 171 250 1336
171 653 1220 1335
1335 607 840 1222
1222 75 97 568
1220 6 66 139
1336 75 186 1225
1225 1 2 142
164 166 234 772
166 745 871 872
149 150 1328 1329
1329 1319 1320 1324
1319 127 430 783
1324 733 740 1317
1317 156 364 750
1320 135 156 831
150 560 730 1326
1326 467 832 1235
832 75 90 285
1235 64 187 1315
1315 1 9
1328 557 833 1323
833 142 154 428
1323 432 433 834
10 28 1295 1296
1295 1280 1281 1291
1281 77 99 1261
1261 72 98 104
1291 108 111 1282
1282 69 89 96
1280 72 94 105
28 85 86 1294
86 703 758 1271
1271 92 493 1267
1267 69 106 264
1294 1278 1279 1288
1279 75 106 1257
1257 67 73 95
1288 1250 1252 1277
1277 118 139 1254
1254 67 73 138
1252 64 66 144
1250 72 127 1251
1251 66 67 107
1278 83 102 126
126 1 2 4
85 276 438 1269
1269 78 114 572
1296 1286 1287 1292
1286 79 82 131
1292 115 120 1285
1285 123 128
1287 136 141 1274
1274 75 88 134
