27 711 715 2203 2204
2203 563 707 718 2195
563 101 104 156 615
615 72 80 391 430
72 1 2 4
80 1 2 4
391 3 5 6 98
98 7 8 9
430 7 8 9 97
97 3 5 6
156 1 2 4
101 7 8 9
104 3 5 6
2195 451 506 555 954
506 69 127 135 415
415 3 5 6 98
135 7 8 9 104
127 1 2 4
69 1 2 4
954 1 2 259
259 3 5 6 138
138 7 8 9
555 64 76 421 425
425 3 4 6
421 138 156 187
187 3 5 6
76 1 2
64 5 8 9
451 71 425 452 771
452 3 4 6 665
665 1 2 138
71 1 2
771 5 7 9
707 156 188 430 462
462 72 93 138
93 3 5 6
188 3 5 6 101
718 785 814 944 2171
944 80 90 329 430
329 7 8 9 127
90 3 5 6
2171 92 95 100 156
100 3 5 6
95 7 8 9
92 7 8 9
814 72 157 812
812 3 78 743 1013
1013 3 4 5 95
78 1 4
743 1 2 4 372
372 7 8 9 104
157 7 8 9 67
67 3 5 6
785 119 156 500 729
500 3 5 6 138
119 1 2
729 3 5 6 101
2204 2190 2191 2199 2201
2201 2174 2175 2188 2196
2175 95 119 373 601
601 3 4 6
373 80 98 100
2188 182 725 727 948
727 76 101 187 394
394 77 93 98
77 1 2 4
948 1 2 4 6
725 5 8 9
182 1 2 4 83
83 3 5 6 92
2174 72 99 127 186
186 7 8 9 187
99 7 8 9 100
2196 313 620 630 721
630 72 98 232 276
276 90 95 156
232 3 5 6
721 71 93 95 522
522 1 2 4 434
434 3 5 6 92
313 78 92 232 381
381 1 2 4 163
163 7 8 9 100
620 80 188 526
526 2 4 92 232
2191 104 704 706 2178
704 72 93 95
2178 77 95 100 703
703 75 101 104
75 1 2 4
706 7 8 9 75
2199 714 726 2180 2193
2193 156 729 949 2183
2183 8 77 187 532
532 7 8 9 72
949 1 4 95 232
714 80 90 101
2180 72 80 188 372
726 1 2 4 640
640 7 8 9 93
2190 523 564 572 698
564 93 98 156
698 5 76 519 671
671 3 4 6
519 7 8
523 75 95 187
572 80 98 232
711 713 805 2134 2141
2141 96 127 515 907
907 74 90 101 547
74 2 4
547 101 138 161 779
161 3 4 6 71
779 3 4 6 119
515 103 156 567 770
103 3 5 6 98
567 3 4 6
770 5 7 9 66
66 1 2
96 3 5 6 98
713 866 2131 2139 2142
2142 757 817 860 862
757 104 114 138 154
114 3 5 6 95
154 1 2 4
860 73 95 104 759
73 1 4
759 1 2 4 142
142 7 8 9 67
862 80 91 259 1006
1006 1 4 5 6
91 7 8 9
817 77 156 434 798
798 3 5 6 92
2139 392 414 489 796
796 75 91 232
489 4 5 6 490
490 7 8 9 71
392 1 2 4 157
414 67 98 127
866 74 96 127 800
800 7 8 9 187
2131 69 77 96 971
971 3 6 8 9
2134 75 156 233 798
233 3 5 6 138
805 76 138 352 807
352 3 4 5
807 71 100 138 940
940 1 2 160 425
160 5 8 9
715 2167 2168 2169 2170
2167 354 934 2148 2159
2148 119 138 346 370
370 3 4 6
346 1 2 4 434
934 1 2 4 434
2159 189 232 375 2146
375 77 93 285
285 7 8 9
189 1 2 4 98
2146 77 80 180 640
180 7 8 9 104
354 69 92 104
2169 694 898 2153 2154
2153 72 127 175 364
175 3 5 6 285
364 3 5 6 92
694 67 69 101 696
696 75 105 490 933
933 3 4 5
105 3 5 6 95
898 67 80 95 900
900 72 80 102 220
220 3 5 6 92
102 3 5 6 92
2154 67 90 94 189
94 7 8 9 80
2170 253 333 2155 2166
333 72 90 640 670
670 7 8 9 75
2155 67 75 138 237
237 69 75 99 157
253 69 77 83 325
325 3 5 6 98
2166 672 842 893 2144
672 67 72 138 673
673 1 2 92 370
842 80 95 187 233
893 100 119 670 798
2144 77 156 180 259
2168 2149 2150 2151 2152
2150 92 142 351 649
649 7 8 9 76
351 3 4 5 71
2151 72 80 186 962
962 1 2 104 138
2152 81 127 490 567
81 7 8 9 232
2149 64 143 649 933
143 3 4 6 66
26 61 658 2123 2128
61 656 657 2126 2129
657 802 817 2089 2095
802 4 71 804 930
804 3 4 6 840
840 1 2 95
930 3 6 138
2089 182 374 477 521
521 1 2 4 427
427 7 8 9 100
374 72 98 100
477 2 4 93 98
2095 762 796 2083 2090
2083 77 104 532 729
2090 516 565 698 759
516 98 104 156
565 4 5 98 118
118 1 2 6
762 1 2 425 678
678 5 7 8
656 550 630 2086 2092
550 80 671 770 1061
1061 5 6 7 9
2092 75 157 317 2085
317 4 5 98 118
2085 67 69 98 504
504 77 91 232
2086 75 97 138 511
511 78 89 96 221
221 2 4
89 7 8 9 90
2126 687 689 2114 2121
687 72 99 156 729
2121 675 679 682 684
682 71 92 327 530
530 4 5 6
327 1 2 4 83
684 72 77 186 284
284 3 5 6 138
675 156 163 441 493
493 3 4 6 119
441 5 7 8
679 69 89 94 97
689 75 80 102 372
2114 77 372 529 2101
529 1 2 92 530
2101 69 90 98 134
134 80 101 104
2129 613 694 2120 2124
2120 241 586 641 672
241 94 106 154 187
106 7 8 9 100
586 72 93 94 114
641 100 127 138 389
389 1 2 4 175
613 78 259 692 1116
1116 2 4 186
692 72 75 188 434
2124 448 578 2107 2108
2108 69 90 186 670
578 69 98 232 579
579 154 156 175 798
448 156 364 450
450 77 95 100 752
752 98 156 232
2107 73 74 231 640
231 3 5 6 95
2128 661 669 748 879
661 539 555 563 733
539 101 540 1066
540 156 188 624
624 7 76 671 856
856 5 9
1066 2 4 5 6
733 67 138 154
669 77 83 640 2100
2100 1 4 233 592
592 72 77 106 430
748 75 77 88 391
88 3 5 6 101
879 75 142 154 231
2123 2103 2104 2105 2106
2104 266 441 678 697
266 3 4 6 71
697 3 4 6 71
2103 72 104 285 452
2106 66 102 142 156
2105 75 161 427 678
658 598 600 660 812
598 93 95 154
600 93 138 156
660 127 430 618 2097
2097 80 142 154 430
618 95 119 601 771
25 58 2073 2074 2077
2077 638 2047 2048 2075
2075 636 767 945 2072
636 174 209 446 1002
174 1 2 4 175
1002 7 9 69 144
144 3 4 6
446 2 4 103 393
393 1 2 4 157
209 1 2 4 186
945 101 119 196 439
439 3 4 118 285
196 4 5 6
767 91 154 187 532
2072 2055 2056 2057 2058
2056 102 127 154 217
217 7 8 9 90
2058 73 154 231 640
2057 80 92 96 187
2055 80 126 220 364
126 1 2 4
2048 522 606 2037 2043
606 1 2 98 607
607 3 4 5
2037 80 90 91 101
2043 182 264 381 520
264 5 8 9 266
520 1 4 67 95
638 506 518 534 2045
2045 66 372 998 2038
998 9 100 119 771
2038 127 156 157 233
534 370 490 504 822
822 1 2 4 231
518 80 92 100 374
2047 553 559 621 925
925 71 98 601 926
926 3 5 75 101
621 75 80 157 500
559 69 98 104 278
278 98 100 127
553 127 154 188 415
2073 120 237 255 2069
255 80 95 232 257
257 75 156 284 364
2069 247 365 581 641
365 80 233 425 840
247 72 89 187 329
581 90 101 127 582
582 4 5 118 138
120 88 90 156 524
524 7 8 9 75
2074 643 646 2063 2071
2071 654 986 2054 2064
2054 71 138 352 649
986 5 71 285 648
648 3 4
2064 154 652 653 2051
652 7 8 9 67
2051 77 90 98 572
653 80 90 138
654 1 2 4 640
643 80 93 98 644
644 3 4 5 840
2063 216 375 402 413
402 69 90 98
413 80 104 285
216 1 2 4 217
646 8 141 161 856
141 1 2 4 142
58 868 2029 2030 2031
868 808 867 870 2005
2005 317 738 824 828
738 1 2 4 729
824 1 4 67 101
828 5 7 9 420
420 3 4 6 119
870 862 864 2004 2007
2007 757 817 825 860
825 3 72 175 524
2004 477 796 866
864 5 72 95 261
261 1 2 4 259
867 5 490 648 782
782 92 156 279 493
279 3 5 6 98
808 77 96 295 751
751 75 90 98
295 75 104 163 820
820 7 8 9 156
2031 448 2013 2020 2028
2013 1 4 142 459
459 95 100 156
2028 613 707 741 805
741 93 95 154 742
742 90 98 127 605
605 92 156 232
2020 523 731 743 744
731 92 100 156
744 80 100 101
2029 555 618 2014 2025
2025 465 561 739 753
561 72 93 95 426
426 1 2 4 427
739 76 92 530 740
740 1 4 100 138
465 67 77 98 733
753 75 127 188 430
2014 80 451 729
2030 785 793 944 2019
793 562 620 624 1114
1114 5 6 74 101
562 463 563
463 75 98 104 217
2019 419 428 438 1004
1004 3 6 7 69
438 77 101 104
428 67 80 98
419 5 8 9 420
24 56 609 1994 1995
56 603 901 1951 1952
1952 885 888 896 904
896 77 156 157 652
885 69 729 886
886 2 4 95 100
888 156 187 285 599
599 1 2 4 95
904 66 95 601 905
905 3 5 75 138
603 872 1942 1949 1953
1949 72 114 1014 1941
1941 100 127 138 1017
1017 1 2 138 370
1014 5 6 75 152
152 7 9
1942 67 75 106 189
872 80 96 584
584 92 104 156 415
1953 400 698 1936 1948
400 98 156 187
1948 398 726 745 762
745 77 98 104
398 1 4 90 98
1936 69 80 106 163
1951 253 687 767 879
901 903 1925 1926 1933
1925 72 80 729 798
1933 111 675 846
846 67 75 138 847
847 80 232 364 670
111 80 102 156 434
1926 80 100 231 670
903 684 850 1929 1935
1935 934 1022 1921 1931
1931 161 678 1024 1924
1024 1 2 98 933
1924 67 490 530 532
1022 3 4 5 214
214 1 2 101
1921 72 89 354
850 77 100 175 706
1929 127 134 217 1920
1920 72 75 180 640
609 404 611 814 1963
1963 156 279 738 1959
1959 5 69 95 940
611 802 817 845 1966
1966 860 866 1962
1962 261 459 758 780
758 104 138 154
780 1 2 4 430
845 142 154 428 753
404 77 96 405 751
405 72 127 157 175
1995 1987 1988 1989 1990
1987 553 615 616 618
616 71 370 392 441
1989 145 159 630 1982
159 5 8 9 161
145 80 92 100
1982 264 432 454 489
432 67 75 95
454 1 2 92 671
1988 540 620 621 627
627 156 233 671 770
1990 605 606 1972 1983
1983 382 516 529 598
382 75 104 285
1972 69 93 138 156
1994 461 612 1974 1986
461 72 93 138 463
1974 1 160 601 1009
1009 1 2 93 98
612 464 613 1695
1695 80 102 352 665
464 90 95 154 465
1986 309 451 501 503
503 119 425 441 504
309 69 96 103 127
501 73 96 232 706
23 55 576 809 1895
576 1887 1888 1889 1890
1887 540 616 620 627
1889 450 928 945 1866
1866 72 98 232 454
928 69 75 106 180
1890 211 831 1870 1882
1882 293 462 492 525
492 5 8 9 493
525 67 77 98
293 69 98 100
1870 156 231 697 771
831 90 95 127
211 67 75 92
1888 721 756 789 922
922 105 127 154 500
789 119 523 601 771
756 4 232 285 438
809 805 808 811 1862
811 315 458 1858 1865
458 1 4 142 459
1858 77 188 303
303 80 91 100 532
315 95 100 154 317
1865 510 795 1856 1860
510 1 2 4 157
1856 67 77 92 796
795 1 2 4 142
1860 88 127 432 802
1862 127 741 758 800
1895 562 1884 1885 1886
1884 80 102 729 1872
1872 7 80 187 1042
1042 1 2 98 601
1885 119 729 907 1046
1046 1 4 259
1886 203 513 555 557
513 80 89 105 156
557 90 95 154 558
558 1 2 4 430
203 1 2 259 372
55 574 575 1916 1917
575 336 913 1846 1853
336 75 161 186 1177
1177 5 8 9
1846 1 2 111 231
1853 847 918 1842 1843
918 71 232 285 919
919 2 4 90 92
1842 75 77 89 163
1843 77 92 187 217
913 67 163 221 329
1917 569 1904 1910 1914
1904 69 72 88 328
328 7 8 9 187
1914 134 1033 1899 1909
1033 3 5 70 98
70 1 4
1909 69 157 565 1900
1900 80 156 175 325
1899 69 93 98 356
356 1 4 98 187
1910 98 572 1036 1903
1903 90 490 524 567
1036 3 5 80
569 67 138 221 570
570 93 97 670 706
574 386 852 1844 1845
386 80 156 180 388
388 72 98 180 187
1844 66 98 649 933
1845 127 364 420 725
852 75 371 427 854
854 75 127 175 328
371 77 104 285
1916 578 581 584 1913
1913 586 589 592 595
589 69 72 83 103
595 77 91 104 532
22 537 538 1840 1841
1840 1831 1832 1833 1834
1831 210 518 547 550
210 75 98 232 798
1832 553 555 557 559
1833 478 492 1814 1824
1814 127 154 427 434
1824 273 392 438 477
273 5 8 9 143
478 1 2 4 259
1834 305 529 1818 1826
1826 72 175 523 1816
1816 67 77 98 526
1818 2 4 96 293
305 72 100 138
1841 543 1809 1810 1839
1810 742 864 944 1801
1801 95 100 154 796
1809 736 787 802 1064
1064 3 4 6 770
787 1 144 432 441
736 77 88 127 729
1839 448 562 1819 1836
1836 467 534 539 560
467 66 138 352 468
468 80 90 92 729
560 64 119 561 567
1819 2 4 186 545
545 1 2 160 567
543 730 845 867 1802
730 92 100 156 732
732 72 77 157 188
1802 76 138 352 828
537 1781 1782 1793 1799
1781 104 266 665 678
1782 72 156 217 415
1799 401 646 898 1795
401 1 4 163 402
1795 689 879 882 885
882 69 83 725 1103
1103 3 4 6 71
1793 67 93 329 1784
1784 69 127 364 434
538 876 1790 1791 1796
1791 72 106 653 1780
1780 72 98 187 427
1790 218 258 373 564
218 1 2 4 217
258 1 2 4 259
876 1773 1774 1775 1776
1776 922 925 928 1764
1764 2 70 174 1079
1079 3 6 7 9
1775 570 621 641 727
1774 93 94 446 1768
1768 119 325 456 595
456 1 2 196 285
1773 565 602 703 726
602 69 93 138
1796 579 888 893 896
21 50 479 484 1762
484 486 1716 1717 1724
1724 72 640 643 909
909 72 88 260 434
260 1 2 4 142
486 1714 1715 1721 1725
1715 75 77 102 640
1714 77 103 156 163
1721 75 373 640 1712
1712 72 75 89 142
1725 251 748 882 918
251 69 154 233 434
1717 69 77 652 729
1716 93 187 329 1097
1097 5 7 8 779
479 480 1706 1707 1710
480 846 849 852 1703
1703 90 94 187 706
849 83 154 850
1710 128 679 682 1109
1109 1 2 4 83
128 67 156 427 706
1707 88 156 855 1702
1702 77 90 138 189
855 72 98 187
1706 72 372 400 1699
1699 80 81 106 154
1762 495 496 1755 1759
496 394 572 922 1095
1095 3 5 72 107
107 7 8
495 127 186 935 1093
935 93 154 652 706
1093 3 4 66 285
1755 489 492 1740 1749
1740 2 144 265 520
265 5 8 9
1749 80 427 482 1738
1738 67 95 154 456
482 72 98 232
1759 497 1741 1742 1752
1752 405 501 503 506
497 559 616 874 1731
1731 76 160 292 567
292 1 4 293 640
874 127 370 427 1132
1132 2 5 7 9
1742 80 370 490 500
1741 2 138 196 1088
1088 1 4 95 232
50 475 612 793 1760
475 448 556 707 756
556 1 2 64 425
1760 471 1747 1748 1753
1747 75 163 393 1733
1733 77 88 370 1083
1083 1 5 7 8
471 472 1689 1690 1693
1690 75 188 740 1684
1684 95 100 154 780
1689 88 127 744 789
472 560 730 741 1686
1686 5 69 95 1120
1120 1 2 100 138
1693 458 782 785 787
1753 511 513 515 518
1748 198 470 477 478
198 100 101 127
470 1 4 187 285
20 416 435 1681 1682
1681 206 1661 1662 1678
1661 119 425 441 470
1662 101 104 127 1652
1652 71 90 101 1123
1123 3 6 7 8
206 6 75 207 771
207 70 95 281 430
281 66 70 104 370
1678 312 448 461 464
312 77 88 313 1185
1185 1 4 101 187
416 417 1630 1631 1636
1636 1611 1612 1624 1633
1612 71 101 196 1145
1145 7 9 75 97
1624 156 163 398 1610
1610 7 71 1138 1139
1138 5 8 370
1139 5 71 285 648
1633 1613 1614 1615 1616
1616 80 105 154 325
1614 420 490 530 725
1613 71 92 352 649
1615 75 93 285 1153
1153 3 6 66 771
1611 6 66 139 1141
1141 7 8 187 779
139 4 5 92
1631 371 373 1605 1623
1623 72 427 762 1607
1607 80 156 640 729
1605 2 73 136 1135
136 1 2 4 89
1135 3 6 7 8
417 764 776 1617 1629
1617 75 83 94 100
776 76 93 138 778
778 119 284 665 671
1629 131 200 234 1158
131 72 80 88 135
234 80 127 188 652
1158 75 138 187
200 66 70 103 376
376 7 8 9 93
764 286 849 913 1604
1604 76 265 370 375
286 72 100 105 189
1630 300 589 767 772
772 77 430 763 1234
1234 5 7 8
763 3 4 6 66
300 83 156 189 232
435 437 867 1643 1648
1648 88 127 157 1642
1642 127 156 434 800
1643 73 95 104 295
437 874 1638 1647 1650
1650 303 821 827 834
827 138 828 1243 1247
1247 1 4 5 6
1243 5 7 9 1245
1245 1 2 4 6
834 1 101 352 744
821 5 69 95 822
1647 293 516 743 759
1638 67 95 154 1128
1128 2 4 5 138
1682 1666 1667 1676 1679
1667 419 421 423 426
423 1 2 95 601
1679 197 446 467 1674
1674 2 442 458 1664
1664 119 325 451 456
442 64 370 443
443 3 5 78 519
197 1 4 198 231
1666 159 273 374 414
1676 439 454 1659 1668
1668 80 188 432 1657
1657 72 80 415 430
1659 75 92 187 438
19 47 218 373 1601
1601 98 156 187 413
47 377 380 383 410
410 69 96 104 706
380 72 75 163 180
377 67 156 328 706
383 4 232 285 385
385 7 8 9 530
18 45 1589 1590 1597
45 395 404 407 1599
395 90 156 175 189
1599 181 374 1160 1594
181 1 2 4 175
1594 154 217 398 410
1160 1 2 7 330
330 9 232 331
331 1 5 6 9
407 7 8 9 409
409 5 7 9 425
1589 80 175 375
1590 80 90 98 392
1597 381 393 394 402
17 43 386 404 1585
43 1580 1581 1582 1583
1583 392 393 394 400
1580 154 217 395 398
1582 75 163 218 1575
1575 80 90 98 175
1581 75 175 222 401
222 5 7 9 224
224 1 2 3 4
1585 240 368 380 383
240 77 80 81 163
368 77 80 163 217
16 41 377 380 1570
1570 222 373 383
41 240 368 386 1571
1571 75 163 374 1567
1567 1 4 163 375
15 39 1561 1562 1563
1563 240 244 1553 1559
1553 75 191 364
191 80 95 100 798
244 89 127 154 652
1559 80 217 1163 1552
1163 1 2 265 370
1552 90 138 154 156
39 358 362 1547 1548
358 1530 1531 1532 1533
1531 70 197 430 747
747 90 101 127 748
1530 72 106 714 1524
1524 93 187 329 745
1533 382 602 1522 1528
1522 80 154 372 652
1528 219 394 454 564
219 92 104 156
1532 210 237 353 586
353 1 4 233 354
1548 407 421 1535 1544
1544 598 731 743 744
1535 80 127 188 427
362 558 752 1538 1546
1538 75 90 98 127
1546 138 161 561 563
1547 692 753 756 757
1562 365 368 1549 1550
1549 156 175 189 232
1550 72 77 180 372
1561 333 339 342 345
342 77 99 187 706
339 75 81 127 376
345 69 98 232 346
14 37 318 1513 1514
37 322 1511 1512 1515
1512 289 333 336 339
289 75 138 187 290
290 5 76 107 601
322 207 324 747 1491
1491 77 211 312 372
324 501 513 1487 1494
1494 174 182 689 1490
1490 198 276 278 305
1487 67 138 221 292
1511 115 123 191 286
123 83 127 156 233
115 72 117 372
117 5 7 9 369
369 3 4 6 76
1515 306 1498 1499 1500
1499 72 138 217 351
1498 92 100 154 356
1500 75 93 328 329
306 69 80 186 328
1513 342 345 348 353
348 72 138 266 729
318 320 730 741 1479
320 736 739 1478 1481
1481 315 465 468 620
1478 407 421 428 488
488 67 95 154
1479 72 188 523 1474
1474 72 156 364 500
1514 181 222 1171 1508
1171 1 2 7 330
1508 69 218 325 1497
1497 72 83 156 175
13 35 268 269 1469
35 270 1463 1464 1467
270 272 464 845 1442
1442 75 372 605 1437
1437 101 104 156 824
272 739 817 1441 1444
1444 383 468 736 831
1441 156 463 500 526
1463 73 96 286 312
1467 276 278 1452 1462
1462 154 284 306 1181
1181 1 4 95 232
1452 72 80 163 217
1464 289 292 295 300
268 108 234 569 1431
108 72 78 427 800
1431 154 233 1187 1424
1424 72 75 89 102
1187 3 4 5 840
1469 303 309 1458 1466
1458 95 281 315
1466 181 182 1448 1460
1460 77 96 264 1450
1450 95 97 156 273
1448 69 92 100 259
269 348 842 1428 1434
1434 564 703 1423 1429
1423 72 104 106 138
1429 174 260 327 356
1428 75 186 328 1419
1419 77 83 156 157
12 32 225 229 230
229 385 461 557 1399
1399 758 795 824 831
225 1385 1386 1387 1388
1388 273 394 1374 1384
1374 69 156 157 259
1384 80 127 427 1377
1377 69 93 138 703
1387 586 595 928 935
1386 78 231 309 808
1385 77 103 714 1379
1379 80 89 97 670
230 732 1389 1398 1401
1401 561 615 756 817
1389 75 92 95 187
1398 449 600 744 752
449 1 2 4 364
32 250 255 1414 1418
250 5 161 194 251
194 7 9
1414 108 234 237 240
1418 1405 1406 1411 1415
1411 216 218 219 222
1415 241 244 247 253
1406 76 127 231 233
1405 69 77 142 259
11 31 176 183 1370
183 185 602 606 1337
1337 78 105 156 328
185 127 500 721 1339
1339 69 75 157 415
176 354 776 904 909
31 146 149 1367 1368
149 150 1322 1323 1329
1329 733 740 1317 1325
1325 135 156 831 1319
1319 127 156 279 430
1317 90 98 127 449
150 467 560 730 1321
1321 75 187 217 1236
1236 1 5 8 9
1323 75 114 434 834
1322 142 154 428 557
146 148 1303 1304 1312
1312 303 821 1240 1242
1242 1 4 640
1240 8 9 71 425
1303 104 138 156 232
148 825 827 1308 1314
1308 2 261 278 442
1314 759 760 1302 1309
1302 95 100 154 796
760 3 4 5 490
1309 478 516 545 751
1304 80 567 771 824
1368 166 170 234 772
166 77 103 640 872
170 250 1334 1335 1336
1334 6 66 139 653
1335 76 95 607 1222
1222 7 9 75 97
1336 66 75 142 186
1367 1349 1350 1360 1363
1360 83 154 188 1352
1352 78 89 154 186
1349 3 77 92 1199
1199 7 8 69 97
1363 181 182 1348 1357
1348 72 99 127 186
1357 77 159 163 1346
1346 69 156 175 180
1350 100 189 196 214
1370 167 206 1361 1362
1362 203 210 1343 1344
1343 67 76 145 194
1344 77 88 156 157
1361 191 197 200 1342
1342 7 73 1198 1201
1198 2 3 5 9
1201 3 6 64 76
167 395 1331 1332 1333
1331 80 217 221 364
1333 72 77 142 231
1332 83 89 127 154
10 84 1294 1295 1296
84 85 703 758 1271
1271 92 262 264 493
262 69 92 100
85 276 438 520 572
1296 131 1273 1287 1292
1292 115 120 123 128
1273 77 80 81 83
1287 75 88 134 1275
1275 72 75 89 142
1295 108 111 1282 1290
1282 69 89 96
1290 72 94 105 1281
1281 72 77 99 103
1294 1276 1277 1278 1279
1279 73 75 106 114
1277 67 73 138 1253
1253 4 5 92 118
1278 72 83 102 127
1276 64 126 143 1251
1251 7 8 66 67
