25 29 59 62
59 60 725 726
726 284 285 723
285 703 704 706
704 695 696 701
695 78 177 564
564 173 265
265 119 157 164
157 6 110 201
110 5 7 18
201 10 13
164 6 127 201
127 5 7 18
119 4 9 12
173 8 11 160
160 1 36 134
36 2 21 23
134 20 22
177 8 11 160
78 115 138 143
115 6 106 116
106 10 13
116 5 7 18
138 6 106 139
139 5 7 18
143 4 9 12
701 693 694 697
693 118 140 177
118 113 115
113 4 9 12
140 113 138
697 568 569 692
568 55 126 177
55 4 9 12
126 6 127 130
130 10 13
692 177 212 218
212 55 188
188 6 106 139
218 55 154
154 6 110 130
569 52 145 173
145 6 127 130
52 4 9 12
694 133 142 173
142 58 119
58 6 116 206
206 10 13
133 52 121
121 6 110 130
696 177 322 325
325 56 124 168
168 6 116 206
124 4 9 12
56 6 127 201
322 53 58 143
53 6 139 206
703 173 232 699
232 233 234
234 52 115 138
233 74 294
74 52 157 164
294 52 53 58
699 177 264 299
299 94 121 143
94 143 145 213
213 109 124
109 6 110 201
264 265 266
266 53 58 119
706 173 326 702
702 177 327 329
327 48 124 261
261 346 347
347 124 126 154
346 124 149 188
149 6 106 116
48 6 139 206
329 81 226 236
236 297 304
304 55 56 168
297 48 55 149
226 113 121
81 55 109 159
159 113 145
326 83 291
83 84 85
85 147 154 316
316 143 157 221
221 126 147
147 4 9 12
84 147 149 188
291 292 293
292 56 109 147
293 48 147 168
723 715 716 719
716 93 167 712
712 49 233 710
710 155 167 190
190 47 126
47 4 9 12
155 147 154
49 8 11 44
44 1 38 134
38 2 21 23
93 261 296
296 48 124 325
167 3 8 160
719 90 167 714
714 167 300 711
711 84 167 709
709 167 198 221
198 143 157
300 47 154 276
276 47 188 277
277 47 48 149
90 265 295
295 238 266
238 119 121 254
254 115 119 138
715 97 161 167
97 230 297
230 55 126 231
231 55 154 188
161 3 8 160
284 173 328 705
328 77 260
260 261 262
262 296 299
77 78 79
79 143 164 322
705 173 310 558
558 177 237
237 91 238
91 289 339
339 53 58 113
289 119 145 290
290 113 157 164
310 87 271
271 276 353
353 47 126 154
87 47 168 257
257 47 56 109
725 717 718 721
718 49 301 539
539 167 298
298 77 299
301 86 277
86 87 88
88 234 318
318 52 121 145
717 167 301 713
713 167 289 291
721 161 167 302
302 303 304
303 80 339
80 81 82
82 113 121 345
345 113 115 138
60 239 280 286
239 240 241
241 173 235 237
235 80 236
240 167 232 688
688 173 214 230
214 53 119
280 161 279 282
279 100 147 154
100 84 104
104 291 353
282 161 278 690
278 86 233
690 167 230 689
689 161 276 579
579 55 149 167
286 161 288 328
288 161 344 708
344 119 164 331
331 289 295
708 161 223 316
223 119 157
62 64 770 771
64 273 769 772
772 760 761 768
760 177 180 309
180 3 38 178
178 8 179
179 1 20 22
309 83 293
761 184 260 308
308 104 276
184 11 38 178
768 755 756 762
762 180 260 754
754 184 263 500
500 143 164 177
263 88 233
756 86 184 496
496 180 268
268 230 236
755 177 263 495
495 193 268
193 38 50 179
50 8 11
273 275 748 749
275 746 747 750
750 184 267 517
517 179 258 733
733 3 8 38
258 79 83
267 55 109 268
747 742 743 744
743 523 525 527
523 179 254 736
736 3 8 38
527 147 168 528
528 38 135 179
135 3 8
525 48 147 526
526 38 135 179
742 257 519 522
522 38 135 179
519 78 179 734
734 3 8 38
744 509 529 533
533 47 109 180
509 179 264 729
729 3 8 38
529 119 121 530
530 38 135 179
746 180 263 512
512 38 135 179
748 269 505 508
508 38 135 179
505 179 270 727
270 227 271 292
227 47 168
727 3 8 38
269 81 268
749 259 513 516
259 82 91
516 38 135 179
513 179 260 731
731 3 8 38
769 193 305 314
305 89 180 307
89 90 91
307 180 329 753
753 180 261 752
752 180 231 345
314 124 126 315
315 90 119 145
770 184 314 764
764 184 313 757
313 113 145 259
757 77 180 184
771 758 759 765
765 184 312 485
312 115 143 258
485 193 311
311 290 303
758 177 180 270
759 177 180 310
29 72 73 877
72 342 851 852
852 319 842 849
842 95 195 409
409 193 301
95 55 97 168
195 36 135 179
319 195 279 321
321 102 195 801
801 441 443 799
443 195 276
799 195 316 798
798 146 172 195
146 143 145
172 52 138
441 87 195 318
102 77 121 143
849 383 410 844
410 193 278
383 101 178 826
826 3 36
101 85 102
844 98 386 393
393 178 315 831
831 3 36
98 47 100 188
386 3 36 178
342 333 845 846
845 101 193 340
340 124 154 341
341 262 346
333 335 820 821
335 818 819 822
822 203 235 817
817 93 417 428
428 11 36 178
417 178 300 803
803 11 36
203 36 50 179
819 332 416 816
416 11 36 178
332 53 80 113
816 203 230 814
814 265 432 440
440 52 115 195
432 11 36 178
818 268 430 815
430 11 36 178
815 195 233 813
813 190 433 436
433 58 113 434
434 11 36 178
436 11 36 178
821 331 424 425
424 11 36 178
425 178 278 807
807 11 36
820 326 420 421
420 11 36 178
421 178 298 805
805 11 36
846 98 193 839
839 95 388 838
388 3 36 178
838 399 401 403
401 113 157 402
402 3 36 178
399 55 56 400
400 3 36 178
403 113 164 404
404 3 36 178
851 336 840 841
336 195 302 338
338 195 344 825
825 93 195 824
824 195 213 223
841 278 396 397
397 178 303 833
833 3 36
396 3 36 178
840 301 389 392
392 3 36 178
389 92 178 829
829 3 36
92 93 94
73 858 859 860
860 89 203 857
857 203 327 856
856 203 325 855
855 40 370 373
373 17 18 375
375 14 15 19
40 15 16 42
42 14 17 19
370 18 19 372
372 14 15 17
859 203 278 298
858 203 271 326
877 65 68 875
68 69 796 797
797 137 313 793
793 269 450 791
791 87 462 790
790 78 464 465
465 44 346 789
789 3 8
464 3 8 44
462 3 8 44
450 3 8 44
137 3 8 44
69 453 457 795
457 44 258 785
785 3 8
453 44 308 783
783 3 8
795 137 267 792
792 262 455 460
455 44 263 784
784 3 8
460 3 8 44
796 313 448 451
451 44 348 782
782 3 8
348 90 347
448 3 8 44
875 871 872 873
871 49 98 101
873 866 867 869
866 43 83 86
43 8 11 44
869 49 92 95
867 43 77 363
363 49 80
872 49 89 868
868 355 863 864
355 43 104 105
105 47 149 188
863 43 46 51
46 47 48
51 52 53
864 43 74 862
862 43 57 367
367 49 55 56
57 52 58
65 66 778 779
778 43 311 473
473 137 348
779 476 774 775
476 137 278
774 43 268 478
478 137 138 143
775 137 308 341
66 43 314 777
777 43 340 471
471 137 312
24 26 30 687
26 34 681 682
681 598 618 676
618 20 22 35
35 14 15
676 242 604 607
242 19 209 243
243 14 17 253
253 16 19
209 14 17
607 5 7 201
604 10 13 605
605 15 201 246
246 5 7
598 5 7 600
600 10 13 15
682 612 614 677
612 21 23 349
349 16 17 19
614 2 23 349
677 349 609 611
609 1 20 22
611 1 20 22
34 595 680 683
683 593 594 679
593 52 143 663
663 6 15 106
679 242 247 616
616 2 21 349
247 3 8 11
594 128 352 665
665 6 10 13
352 4 9 12
128 6 10 13
595 596 669 670
669 6 10 13
670 6 106 351
351 4 9 12
596 47 147 667
667 6 15 130
680 15 247 601
601 242 602 672
672 6 10 13
602 6 130 246
687 18 40 686
686 38 586 685
685 1 22 35
586 14 15 36
30 31 661 662
31 628 631 660
660 634 642 656
642 16 19 643
643 5 7 106
634 245 246 653
245 16 19 209
653 10 13
656 242 636 639
636 245 246 654
654 10 13
639 5 7 106
631 143 242 632
632 6 9 52
628 47 242 629
629 6 9 147
661 245 250 657
657 245 247 640
640 130 242 246
250 6 351 352
662 242 250 658
658 622 625
625 143 245 626
626 6 9 52
622 47 245 623
623 6 9 147
