25 29 59 63 274 275 769 772
59 161 223 316 328 344 724 725 726
726 173 177 237 285 310 328 719 720
310 5 6 7 10 13 18 47
47 4 9 12
719 84 90 126 143 147 157 167 300
147 4 9 12
167 1 2 3 8 20 21 22 23
90 5 6 7 10 13 18 119
119 4 9 12
143 4 9 12
300 5 6 7 10 13 18 47
84 5 6 7 10 13 18 147
157 5 6 7 10 13 18
126 5 6 7 10 13 18
237 5 6 7 10 13 18 113 119
113 4 9 12
720 49 93 97 155 161 167 190 233
97 5 6 7 10 13 18 55
55 4 9 12
155 5 6 7 10 13 18 147
190 5 6 7 10 13 18 47
233 5 6 7 10 13 18 52
52 4 9 12
93 5 6 7 10 13 18 124
124 4 9 12
49 1 2 8 11 20 21 22 23
173 1 2 8 11 20 21 22 23
177 1 2 8 11 20 21 22 23
285 173 177 232 264 299 326 702 704
232 5 6 7 10 13 18 52
704 78 173 177 265 322 325 701
701 52 121 142 145 173 568 692 693
693 5 6 7 10 13 18 113 177
142 5 6 7 10 13 18 119
568 5 6 7 10 13 18 55 177
145 5 6 7 10 13 18
692 5 6 7 10 13 18 55 177
121 5 6 7 10 13 18
265 5 6 7 10 13 18 119
78 5 6 7 10 13 18 143
322 5 6 7 10 13 18 143
325 5 6 7 10 13 18 124
702 177 327 329
329 5 6 7 10 13 18 55 113
327 5 6 7 10 13 18 124
326 5 6 7 10 13 18 143 147
299 5 6 7 10 13 18 124 143
264 5 6 7 10 13 18 119
223 5 6 7 10 13 18 119
316 5 6 7 10 13 18 143 147
725 49 161 167 289 291 298 301 302
298 5 6 7 10 13 18 124 143
289 5 6 7 10 13 18 113 119
291 5 6 7 10 13 18 147
302 5 6 7 10 13 18 55 113
301 5 6 7 10 13 18 47 52
161 1 2 3 8 20 21 22 23
724 161 167 175 230 239 276 278 279
175 5 6 7 10 13 18 55
230 5 6 7 10 13 18 55
276 5 6 7 10 13 18 47
278 5 6 7 10 13 18 47 52
239 53 119 167 173 230 232 235 237
235 5 6 7 10 13 18 55 113
53 5 6 7 10 13 18
279 5 6 7 10 13 18 47 147
344 5 6 7 10 13 18 113 119
328 5 6 7 10 13 18 124 143
63 3 11 38 77 178 313 314 771
178 1 8 20 22
38 2 21 23
771 177 180 184 193 270 310 311 312
311 5 6 7 10 13 18 55 113
180 1 2 3 8 20 21 22 23
312 5 6 7 10 13 18 143 147
193 1 2 8 11 20 21 22 23
184 1 2 8 11 20 21 22 23
270 5 6 7 10 13 18 47 147
314 5 6 7 10 13 18 119 124
313 5 6 7 10 13 18 113 119
77 5 6 7 10 13 18 143
769 89 180 193 231 261 314 329 345
261 5 6 7 10 13 18 124
231 5 6 7 10 13 18 55
89 5 6 7 10 13 18 113 119
345 5 6 7 10 13 18 113
29 49 71 89 98 101 868 873 876
71 73 98 101 193 333 340 343 839
333 11 36 178 278 298 326 331 335
331 5 6 7 10 13 18 113 119
36 2 21 23
335 8 11 36 93 179 235 300 823
823 11 36 178 190 205 268 438 819
205 5 6 7 10 13 18 113
438 5 6 7 10 13 18 52 195
195 1 2 3 8 20 21 22 23
268 5 6 7 10 13 18 55
819 8 11 36 179 230 265 332 440
332 5 6 7 10 13 18 55 113
440 5 6 7 10 13 18 52 195
179 1 20 22
839 3 36 54 95 113 157 164 178
54 5 6 7 10 13 18 55
95 5 6 7 10 13 18 55
164 5 6 7 10 13 18
73 89 203 271 278 298 326 327 856
856 14 15 16 17 18 19 203 325
271 5 6 7 10 13 18 47
203 1 2 8 11 20 21 22 23
340 5 6 7 10 13 18 124 143
343 93 195 213 223 302 344 847 852
847 3 36 92 178 278 301 303
303 5 6 7 10 13 18 55 113
92 5 6 7 10 13 18 124 143
852 95 102 193 195 279 301 801 849
801 52 138 143 145 195 276 316 317
317 5 6 7 10 13 18 47 52
138 5 6 7 10 13 18
102 5 6 7 10 13 18 143
849 3 36 98 101 178 193 278 315
315 5 6 7 10 13 18 119
213 5 6 7 10 13 18 124
868 43 46 52 53 58 74 103 367
74 5 6 7 10 13 18 52
103 5 6 7 10 13 18 47 147
58 5 6 7 10 13 18
367 5 6 7 10 13 18 49 55
46 5 6 7 10 13 18 47
43 1 2 8 11 20 21 22 23
873 43 49 77 80 83 86 92 95
86 5 6 7 10 13 18 47 52
80 5 6 7 10 13 18 55 113
83 5 6 7 10 13 18 143 147
876 3 8 44 65 69 313 348 793
793 3 8 44 78 87 269 346
346 5 6 7 10 13 18 124
87 5 6 7 10 13 18 47
269 5 6 7 10 13 18 55 113
348 5 6 7 10 13 18 119 124
44 1 2 20 21 22 23
65 43 137 311 312 314 340 348 779
137 1 2 3 8 20 21 22 23
779 43 137 138 143 268 278 308 341
308 5 6 7 10 13 18 47 147
341 5 6 7 10 13 18 124 143
69 3 8 44 258 262 263 267 308
258 5 6 7 10 13 18 143 147
267 5 6 7 10 13 18 55
262 5 6 7 10 13 18 124 143
263 5 6 7 10 13 18 52
101 5 6 7 10 13 18 143 147
98 5 6 7 10 13 18 47 147
274 3 8 38 179 259 260 269 270
259 5 6 7 10 13 18 113 119
260 5 6 7 10 13 18 124 143
772 177 180 184 260 308 309 754 763
309 5 6 7 10 13 18 143 147
763 86 177 180 184 193 263 268
754 4 9 12 164 177 184 263
275 3 8 38 179 258 263 531 747
747 3 8 38 123 179 217 264 745
217 5 6 7 10 13 18 47
123 5 6 7 10 13 18 119
745 38 78 135 179 224 228 254 257
224 5 6 7 10 13 18 147
257 5 6 7 10 13 18 47
254 5 6 7 10 13 18 119
228 5 6 7 10 13 18 147
135 3 8
531 5 6 7 10 13 18 55 184
24 2 21 27 33 349 592 620 684
592 4 6 9 10 12 13 15
620 3 8 11 14 16 17 19
349 16 17 19
27 14 15 16 17 18 19 30 686
30 4 6 9 12 242 245 657 660
242 14 16 17 19
657 3 8 11 14 16 17 19 640
640 5 7 10 13 14 16 17 19
245 14 16 17 19
660 5 7 10 13 14 16 17 19
686 1 2 14 15 21 22 23
33 1 2 20 21 22 23 349 681
681 5 7 10 13 15 242 618
618 14 15 20 22
684 3 8 11 15 595 601
595 4 6 9 10 12 13 15
601 5 6 7 10 13 242
