25 29 60 61 63 772 773
60 161 239 278 279 286 690
690 55 149 161 167 230 276
167 1 3 8 20 22 36
36 2 21 23
276 4 9 12 48 149 188
48 5 6 7 10 13 18
188 5 6 7 10 13 18
149 5 6 7 10 13 18
230 4 9 12 126 154 188
126 5 6 7 10 13 18
154 5 6 7 10 13 18
55 4 9 12
279 104 147 149 154 188
147 4 9 12
104 4 9 12 126 154 291
291 48 56 109 147 168
109 5 6 7 10 13 18
56 5 6 7 10 13 18
168 5 6 7 10 13 18
286 119 157 161 316 328 344
344 4 9 12 164 331
331 289 295
295 4 9 12 53 58 238
238 5 7 18 117 119 121
117 6 10 13
121 5 6 7 10 13 18
58 5 6 7 10 13 18
53 5 6 7 10 13 18
289 4 9 12 145 157 164
145 5 6 7 10 13 18
164 5 6 7 10 13 18
119 4 9 12
328 77 260
260 261 262
261 4 9 12 126 154 346
346 4 9 12 149 188
262 4 9 12 48 299 325
299 4 9 12 109 121 145
325 4 9 12 56 168
77 53 58 78 143 164
78 5 7 18 117 143
143 4 9 12
157 5 6 7 10 13 18
316 4 9 12 126 157
161 1 3 8 20 22 36
239 167 173 232 235 237 688
232 5 7 18 52 117 233
233 52 53 58 157 164
52 4 9 12
173 1 8 11 20 22 36
237 91 238
91 4 9 12 53 58 289
688 4 9 12 53 173 230
235 80 236
80 4 9 12 82 109 145
82 5 7 18 113 117 121
113 4 9 12
236 48 55 56 149 168
278 86 233
86 87 88
88 5 7 18 52 117 122
122 6 10 13
87 4 9 12 56 109 168
29 73 342 848 849 851 877
73 89 203 325 327 855 861
203 1 8 11 20 22 36
327 4 9 12 48 261
89 90 91
90 4 9 12 157 164 295
855 14 15 16 17 18 19
861 203 271 278 298 326
326 83 291
83 147 149 154 188 316
271 4 9 12 126 154 276
298 77 299
877 49 92 95 870 874 876
870 43 49 77 80 83 86
43 1 8 11 20 22 38
38 2 21 23
876 43 67 69 70 314 777
69 3 8 44 258 308 795
308 104 276
258 53 58 83 143 164
795 3 8 44 262 263 267
267 4 9 12 109 268
268 230 236
263 88 233
44 1 2 20 21 22 23
777 3 8 11 44 312 340
312 5 7 18 117 143 258
340 4 9 12 154 341
341 4 9 12 149 188 262
70 3 8 44 313 348 793
313 4 9 12 145 259
259 82 91
793 3 8 44 81 268 791
81 4 9 12 109 145
791 3 8 44 78 87 346
348 4 9 12 90 126 154
67 137 278 308 341 774 778
778 3 8 11 44 311 348
311 4 9 12 157 164 303
303 4 9 12 53 58 80
774 3 8 11 44 219 268
219 5 7 18 117 143
137 1 3 8 20 22 38
314 4 9 12 90 126 145
95 4 9 12 97 168
97 4 9 12 48 149 230
92 4 9 12 93 109 145
93 4 9 12 48 261 325
49 1 8 11 20 22 38
874 49 89 98 101 355 865
865 43 47 48 52 53 864
47 4 9 12
864 43 52 58 157 164 367
367 4 9 12 49 56
101 77 121 143 147 154 316
355 43 47 104 149 188
98 4 9 12 104 149 188
849 3 36 98 178 315 843
843 3 36 101 178 193 278
193 1 8 11 20 22 38
315 4 9 12 90 145
178 1 8 20 22
851 93 195 302 344 824 847
195 1 3 8 20 22 36
847 3 36 92 178 301 841
841 3 36 178 278 303
301 4 9 12 48 86 149
824 4 9 12 109 157 195
302 4 9 12 56 168 303
342 98 101 193 333 340 839
839 3 36 95 176 178 837
837 3 36 54 113 157 178
54 4 9 12 56
176 4 9 12 164
333 203 235 334 817 823
823 195 233 415 429 813 816
415 11 36 53 80 113 178
813 11 36 58 113 178 190
190 4 9 12 126
429 2 11 21 23 178 268
816 52 115 195 203 230 431
431 11 36 119 157 164 178
115 5 6 7 10 13 18
817 11 36 93 178 300
300 4 9 12 154 276
334 11 36 178 278 331 820
820 11 36 178 298 326
848 95 193 195 279 301 321
321 77 121 143 195 317 800
317 4 9 12 87 121 145
800 143 145 172 195 276 316
172 5 7 18 52 117
772 184 260 308 760 762 763
184 2 11 21 23 178
763 177 180 193 263 268 497
497 2 11 21 23 86 178
177 1 8 11 20 22 36
180 2 3 21 23 178
762 143 164 177 180 260 491
491 2 11 21 23 178 263
760 48 83 147 168 177 180
61 161 167 283 302 722 723
283 173 177 237 285 310 328
310 87 271
285 173 177 326 327 329 707
707 173 177 232 264 299 704
264 53 58 119 157 164
704 693 694 695 696 697
693 5 7 18 113 117 177
697 55 126 154 177 188 569
569 4 9 12 145 173
696 53 58 143 177 325
694 4 9 12 58 121 173
695 78 119 157 164 173 177
329 4 9 12 81 121 236
722 49 167 289 291 298 301
723 90 97 161 167 714 716
716 49 93 167 233 710
710 4 9 12 126 154 167
714 147 149 167 188 300 709
709 4 9 12 126 157 167
63 77 180 184 313 314 771
771 177 180 270 310 765
270 47 56 109 147 168 271
765 8 11 38 179 311 312
179 1 20 22
773 193 274 305 314 750 751
751 3 8 38 179 263 747
747 38 135 179 264 741 745
741 4 9 12 109 180 529
529 3 8 38 119 121 179
135 3 8
745 38 78 135 179 257 743
257 4 9 12 56 109
743 3 8 38 179 254 740
740 38 48 135 147 168 179
254 5 7 18 117 119
750 38 135 179 184 258 267
305 89 180 231 261 329 345
231 4 9 12 154 188
345 5 7 18 113 117
274 38 135 179 259 260 748
748 38 81 135 179 268 270
24 27 34 675 676 677 678
27 32 591 655 656 659 686
686 1 14 15 22 36 38
656 5 7 10 13 242 245
245 14 16 17 19
242 14 16 17 19
591 14 15 16 17 18 19
655 5 7 10 13 245 253
253 16 19
659 4 6 9 12 242
32 242 245 247 250 641 658
641 5 7 10 13
658 4 6 9 12 245
247 3 8 11
250 4 6 9 12
676 5 7 10 13 15 242
675 5 7 10 13 15 618
618 14 15 20 22
677 1 16 17 19 20 22
678 2 16 17 19 21 23
34 15 247 596 597 601 683
601 5 6 7 10 13 242
597 4 6 9 10 12 13
596 6 10 13 15 47 147
683 3 8 11 242 592 616
616 2 16 17 19 21
592 6 10 13 113 119 593
593 6 10 13 15 52 143
