25 28 66 67 68 72 73 875
73 89 203 271 278 298 326 857
203 1 8 11 20 22 36
36 2 21 23
89 90 91
90 5 6 7 10 13 18 119
119 4 9 12
91 5 6 7 18 113 206 289
206 10 13
113 4 9 12
289 6 10 13 113 119 127 157
127 5 7 18
157 5 6 7 10 13 18
326 83 291
83 4 9 12 84 126 154 157
126 5 6 7 10 13 18
84 5 6 7 10 13 18 147
147 4 9 12
154 5 6 7 10 13 18
291 5 6 7 10 13 18 147
298 4 9 12 77 109 121 145
145 5 6 7 10 13 18
121 5 6 7 10 13 18
77 5 6 7 10 13 18 143
143 4 9 12
109 5 6 7 10 13 18
857 8 11 36 179 325 327 855
855 14 15 16 17 18 19
327 5 6 7 10 13 18 124
124 4 9 12
179 1 20 22
325 5 6 7 10 13 18 124
278 86 233
233 5 6 7 10 13 18 52
52 4 9 12
86 87 88
88 5 6 7 10 13 18 52
87 5 6 7 10 13 18 47
47 4 9 12
271 5 6 7 10 13 18 47
28 62 239 280 283 286 723 725
239 167 173 214 230 232 235 237
237 91 238
238 5 6 7 10 13 18 119
230 5 6 7 10 13 18 55
55 4 9 12
173 1 8 11 20 22 36
235 80 236
236 5 6 7 10 13 18 55
80 4 9 12 82 109 145
82 5 6 7 10 13 18 113
214 5 6 7 10 13 18 119
232 5 6 7 10 13 18 52
167 1 3 8 20 22 36
286 77 119 157 161 260 316 344
344 6 10 13 119 127 289 295
295 5 6 7 10 13 18 119
316 4 9 12 126 157
161 1 3 8 20 22 36
260 261 262
261 5 6 7 10 13 18 124
262 4 9 12 48 299 325
48 5 6 7 10 13 18
299 4 9 12 109 121 145
723 90 93 97 161 167 712 714
97 5 6 7 10 13 18 55
714 84 126 143 147 157 167 300
300 5 6 7 10 13 18 47
93 5 6 7 10 13 18 124
712 47 49 126 147 154 167 233
49 1 8 11 20 22 38
38 2 21 23
280 161 167 175 230 276 278 279
276 5 6 7 10 13 18 47
175 5 6 7 10 13 18 55
279 4 9 12 84 104 154
104 4 9 12 126 154 291
725 49 167 289 291 298 301 721
301 4 9 12 48 86 149
149 5 6 7 10 13 18
721 1 3 8 20 22 36 302
302 6 10 13 55 127 168 303
168 5 6 7 10 13 18
303 5 6 7 18 80 113 206
283 173 177 284 326 327 329 707
329 4 9 12 109 121 145 236
177 1 8 11 20 22 36
284 77 173 177 237 260 310
310 5 6 7 10 13 18 47
707 173 177 232 264 299 700 701
264 5 6 7 10 13 18 119
700 78 173 177 265 322 325
322 5 6 7 10 13 18 143
265 5 6 7 10 13 18 119
78 5 6 7 10 13 18 143
701 55 126 154 177 188 569 698
188 5 6 7 10 13 18
698 4 9 12 58 121 173 693
693 5 6 7 18 106 113 177
106 10 13
58 5 6 7 10 13 18
569 4 9 12 145 173
62 64 177 180 270 310 765 770
765 8 11 38 179 311 312
312 5 6 7 18 106 143 258
258 79 83
79 5 6 7 10 13 18 143
311 6 10 13 113 127 157 303
270 4 9 12 56 109 168 271
56 5 6 7 10 13 18
770 3 11 38 77 178 313 314
313 4 9 12 145 259
259 82 91
178 1 8 20 22
314 4 9 12 90 126 145
180 1 3 8 20 22 38
64 193 274 305 314 750 751 772
772 180 184 260 308 754 760 763
763 86 177 180 184 193 263 268
268 5 6 7 10 13 18 55
263 5 6 7 10 13 18 52
754 8 11 38 165 177 179 263
165 5 6 7 10 13 18 143
184 1 8 11 20 22 38
308 104 276
760 48 83 147 168 177 180
305 89 180 231 261 329 345
231 5 6 7 10 13 18 55
345 5 6 7 10 13 18 113
274 38 135 179 259 260 269 270
269 4 9 12 109 145 268
135 3 8
193 1 8 11 20 22 38
750 3 8 11 38 179 258 267
267 5 6 7 10 13 18 55
751 3 8 38 179 263 744 745
745 3 8 38 78 179 257 743
257 5 6 7 10 13 18 47
743 38 48 135 147 168 179 254
254 5 6 7 10 13 18 119
744 38 119 121 135 179 264 533
533 3 4 9 12 38 109 178
66 3 8 11 44 312 314 340
340 4 9 12 154 341
341 5 6 7 18 106 124 262
44 1 2 20 21 22 23
67 3 8 11 44 311 348 779
348 4 9 12 90 126 154
779 3 8 44 278 308 341 774
774 3 8 11 44 138 143 268
138 5 6 7 10 13 18
875 49 92 95 98 101 870 872
870 8 11 44 77 80 83 86
872 8 11 44 89 104 105 865
865 8 11 44 47 48 51 864
51 5 6 7 10 13 18 52
864 8 11 44 52 54 58 74
74 5 6 7 10 13 18 52
54 5 6 7 10 13 18 55
105 5 6 7 10 13 18 47
95 5 6 7 10 13 18 55
92 4 9 12 93 109 145
98 4 9 12 84 104 188
101 4 9 12 77 121 154 316
68 3 8 44 70 258 308 795
70 3 8 44 269 313 348 791
791 3 8 44 78 87 346
346 5 6 7 10 13 18 124
795 3 8 44 262 263 267
72 98 101 193 333 340 343 839
333 11 36 178 298 326 335 821
335 11 36 178 332 816 818 822
332 5 6 7 18 80 113 206
818 11 36 178 195 233 268 813
813 11 36 47 58 113 126 178
195 1 3 8 20 22 36
822 8 11 36 93 179 235 300
816 8 11 36 179 230 265 440
440 5 6 7 18 52 106 195
821 8 11 36 179 278 289 295
839 3 36 54 95 176 178 187
176 5 6 7 10 13 18 113
187 5 6 7 10 13 18 113
343 195 302 344 825 847 848 849
847 3 36 92 178 278 301 303
849 3 36 101 178 193 278 844
844 3 36 90 98 119 145 178
848 95 102 193 195 279 301 801
102 5 6 7 10 13 18 143
801 143 145 172 195 276 316 317
317 4 9 12 87 121 145
172 5 6 7 10 13 18 52
825 4 9 12 93 109 157 195
24 30 592 679 681 682 684 687
681 5 7 10 13 15 242 618
618 14 15 20 22
242 14 16 17 19
684 3 8 11 15 595 601
595 4 6 9 10 12 13 15
601 5 6 7 10 13 242
687 14 15 16 17 18 19 686
686 1 2 14 15 21 22 23
592 4 6 9 10 12 13 15
679 2 14 16 17 19 21 247
247 3 8 11
30 4 6 9 12 32 242 660
32 4 6 9 12 242 245 657
657 5 7 10 13 242 245 247
245 14 16 17 19
660 5 7 10 13 242 245 253
253 16 19
682 1 2 20 21 22 23 349
349 16 17 19
