25 59 62 71 877
877 65 68 873 874
65 66 775 776 778
775 44 135 308 341
135 3 8
341 124 149 188 262
262 48 124 299 325
299 94 121 143
94 109 124 143 145
145 5 7 18 122
122 6 10 13
109 6 10 13 110
110 5 7 18
143 4 9 12
121 5 7 18 122
48 6 10 13 139
139 5 7 18
325 56 124 168
168 6 10 13 116
116 5 7 18
56 6 10 13 127
127 5 7 18
149 6 10 13 116
124 4 9 12
188 6 10 13 139
308 104 276
276 47 48 149 188
47 4 9 12
104 47 126 154 291
291 48 147 168 292
147 4 9 12
292 56 109 147
126 5 7 18 128
128 6 10 13
154 5 7 18 128
44 1 20 22 38
38 2 21 23
776 137 219 278 477
219 4 9 12 138
138 6 10 13 139
137 3 8 44
278 86 233
86 87 88
88 52 115 138 318
318 52 121 145
115 6 10 13 116
52 4 9 12
87 47 56 109 168
233 52 53 58 74
74 52 157 164
164 6 10 13 127
157 6 10 13 110
53 6 10 13 139
58 6 10 13 116
477 8 11 44 268
268 230 236
230 55 126 154 188
55 4 9 12
236 48 55 149 304
304 55 56 168
778 43 137 311 348
348 90 124 126 154
90 265 295
295 53 58 119 238
119 4 9 12
238 115 119 121 138
265 119 157 164
311 113 157 164 303
303 53 58 80 113
80 81 82
81 55 109 113 145
82 113 115 121 138
113 4 9 12
43 8 11 44
66 43 314 340 471
471 3 8 44 312
312 115 143 258
258 79 83
83 84 147 154 316
84 147 149 188
316 126 143 147 157
79 53 58 143 164
314 124 126 315
315 90 119 145
340 124 154 341
874 49 89 868 871
89 90 91
91 53 58 113 289
289 113 157 164 169
169 4 9 12 145
871 49 98 101
98 47 100 188
100 104 147 149 188
101 77 85 121 143
77 78 79
78 115 138 143
85 147 154 316
49 8 11 44
868 43 103 863 864
103 47 104 149 188
863 43 47 48 51
51 4 9 12 53
864 43 57 74 367
367 49 55 56
57 4 9 12 58
873 49 92 95 870
870 43 83 86 867
867 43 49 77 80
92 93 94
93 48 124 261 325
261 124 126 154 346
346 124 149 188
95 55 97 168
97 48 55 149 230
68 70 453 457 795
70 447 451 467 793
447 3 8 44 313
313 113 145 259
259 82 91
793 449 461 463 465
449 3 8 44 269
269 81 268
465 3 8 44 346
463 3 8 44 78
461 3 8 44 87
451 3 8 44 348
467 3 8 44 313
457 3 8 44 258
453 3 8 44 308
795 137 267 455 459
455 3 8 44 263
263 88 233
459 3 8 44 262
267 55 109 268
71 73 333 343 850
343 319 842 849 851
849 193 278 383 844
844 98 178 393 827
393 3 36 178 315
36 2 21 23
178 1 8 20 22
827 2 3 21 23
193 8 11 38 179
179 1 20 22
383 3 36 101 178
319 102 195 279 801
195 3 8 36 179
279 100 147 154
102 77 121 143
801 87 195 318 800
800 195 276 316 798
798 52 138 146 195
146 4 9 12 145
851 195 302 338 847
338 93 195 344 824
344 119 164 331
331 289 295
824 109 124 195 223
223 4 9 12 157
302 55 56 168 303
847 389 391 395 397
391 3 36 178 301
301 47 48 86 149
397 3 36 178 303
389 3 36 92 178
395 3 36 178 278
842 95 193 195 301
333 334 818 819 822
819 203 230 415 814
814 52 115 195 431
431 11 36 178 265
203 8 11 36 179
415 11 36 178 332
332 53 80 113
818 195 233 429 813
813 47 126 433 436
433 11 36 178 205
205 4 9 12 58
436 11 36 178
429 11 36 178 268
334 419 421 423 425
419 11 36 178 326
326 83 291
423 11 36 178 331
425 11 36 178 278
421 11 36 178 298
298 77 299
822 203 235 417 427
235 80 236
417 11 36 178 300
300 47 154 276
427 11 36 93 178
850 101 193 340 846
846 98 193 387 838
387 3 36 95 178
838 113 164 404 837
837 113 157 399 402
399 3 36 54 178
54 4 9 12 56
402 3 36 178
404 3 36 178
73 89 203 857 861
857 203 325 327 855
855 17 18 375 854
854 18 19 40 372
372 14 15 17
40 14 17 19 41
41 15 16
375 14 15 19
327 48 124 261
861 203 271 326 859
859 203 278 298
271 47 126 154 276
59 61 239 280 286
61 717 718 721 726
717 167 289 291 301
167 3 8 160
160 1 20 22 36
726 284 285 719 720
719 90 167 300 711
711 84 167 198 221
198 4 9 12 157
221 4 9 12 126
720 97 161 167 716
161 3 8 160
716 93 167 544 710
544 8 11 44 233
710 47 126 155 167
155 4 9 12 154
285 173 326 702 707
702 177 327 329
177 8 11 160
329 81 113 121 236
173 8 11 160
707 173 232 699 704
232 52 115 138 233
704 693 694 697 700
700 177 322 325 695
322 53 58 143
695 78 173 177 265
693 113 115 138 177
694 52 121 142 173
142 4 9 12 58
697 177 229 569 692
692 55 154 177 188
569 52 145 173
229 4 9 12 126
699 177 264 299
264 53 58 119 265
284 173 310 328 558
310 87 271
558 177 237
237 91 238
328 77 260
260 261 262
718 49 167 298 301
721 3 8 160 302
239 167 232 241 688
688 53 119 173 230
241 173 235 237
286 161 328 344 708
708 119 157 161 316
280 161 278 279 690
690 167 175 230 577
577 161 276
175 4 9 12 149
62 64 765 766 770
766 177 180 270 310
270 47 168 271 292
180 3 38 178
770 184 313 314 757
184 11 38 178
757 77 180 184
64 274 275 769 772
274 505 507 513 515
515 38 135 179 259
507 38 135 179 269
513 38 135 179 260
505 38 135 179 270
275 184 267 517 751
751 180 263 512 747
747 264 510 741 745
510 3 8 38 179
745 519 521 523 740
740 48 147 526 527
527 38 135 179 224
224 4 9 12 168
526 3 8 38 179
523 115 119 138 524
524 3 8 38 179
521 47 56 109 522
522 3 8 38 179
519 38 78 135 179
741 47 109 180 529
529 38 123 135 179
123 4 9 12 121
512 3 8 38 179
517 38 135 179 258
769 193 305 314
305 89 180 329 753
753 180 231 261 345
231 55 154 188
345 113 115 138
772 755 756 762 767
755 177 193 263 268
762 180 260 754
754 165 177 184 263
165 4 9 12 164
756 86 180 184 268
767 177 180 309 761
309 48 83 147 168
761 184 260 308
765 184 193 311 312
24 26 31 32 687
26 34 677 678 681
677 1 20 22 349
349 16 17 19
678 2 21 23 349
681 242 604 607 675
604 10 13 15 246
246 5 7
607 5 7 10 13
242 14 16 17 19
675 5 7 600 618
600 10 13 15
618 14 15 20 22
34 593 594 679 684
593 4 9 12 663
663 6 10 13 15
679 2 21 349 620
620 3 8 11 242
684 596 597 601 621
621 3 8 11 15
601 5 7 128 603
603 6 10 13 242
597 6 10 13 351
351 4 9 12
596 15 47 122 147
594 6 10 13 352
352 4 9 12
687 18 40 585 685
585 14 15 36 38
685 1 14 15 22
32 242 250 658 661
661 245 247 250 640
640 10 13 242 246
247 3 8 11
245 14 16 17 19
250 4 6 9 12
658 47 245 623 625
623 4 6 9 12
625 6 9 52 627
627 4 9 12 245
31 636 638 655 659
636 10 13 245 246
655 16 19 634 643
643 5 7 10 13
634 10 13 245 246
659 47 242 629 631
631 6 9 52 633
633 4 9 12 242
629 4 6 9 12
638 5 7 106 242
106 10 13
