25 29 59 64 770 771
59 60 283 719 720 725
725 3 8 160 302 722
722 49 167 298 301 713
713 167 289 291
289 113 119 145 157 164
113 4 9 12
145 5 6 7 18 130
130 10 13
157 5 6 7 18 201
201 10 13
119 4 9 12
164 5 6 7 18 201
291 48 56 109 147 168
48 5 6 7 18 206
206 10 13
109 5 6 7 18 201
147 4 9 12
56 5 6 7 18 201
168 5 6 7 18 206
301 47 48 86 149
149 5 6 7 18 106
106 10 13
86 87 88
88 52 115 121 138 145
121 5 6 7 18 130
115 5 6 7 18 106
52 4 9 12
138 5 6 7 18 106
87 47 56 109 168
47 4 9 12
49 8 11 44
44 1 20 22 38
38 2 21 23
298 77 299
77 53 58 78 143 164
78 4 9 12 115 138
53 5 6 7 18 206
58 5 6 7 18 206
143 4 9 12
299 109 121 124 143 145
124 4 9 12
167 1 20 22 36 135
36 2 21 23
135 3 8
302 55 56 168 303
303 53 58 80 113
80 81 113 115 121 138
81 4 9 12 109 145
55 4 9 12
160 1 20 22 36
283 77 173 260 285 705
285 697 698 700 703 706
703 173 177 232 264 299
264 53 58 119 157 164
232 52 115 138 233
233 52 53 58 157 164
177 8 11 160
697 52 145 173 568 692
568 4 9 12 126 177
126 5 6 7 18 130
692 55 154 177 188
188 5 6 7 18 106
154 5 6 7 18 130
706 173 177 326 327 329
326 83 291
83 147 149 154 188 316
316 4 9 12 126 157
329 81 113 121 236
236 48 55 56 149 168
327 4 9 12 48 261
261 124 126 149 154 188
700 78 173 177 265 696
265 4 9 12 157 164
696 56 124 168 177 322
322 4 9 12 53 58
698 113 115 138 177 694
694 52 58 119 121 173
260 261 262
262 48 56 124 168 299
173 8 11 160
705 87 173 177 237 271
237 91 115 119 121 138
91 53 58 113 289
271 47 126 154 276
276 47 48 149 188
719 84 90 167 300 709
90 119 157 164 295
295 53 58 119 121 254
254 4 9 12 115 138
84 4 9 12 149 188
709 126 143 147 157 167
300 4 9 12 154 276
60 77 161 260 288 724
161 3 8 160
288 119 157 161 316 344
344 4 9 12 164 331
331 289 295
724 161 239 278 279 690
278 86 233
279 104 147 149 154 188
104 47 126 154 291
690 161 167 175 230 276
175 4 9 12 149
230 55 126 154 188
239 80 173 236 237 240
240 53 119 173 230 582
582 52 115 138 167 233
720 93 97 161 167 712
97 48 55 149 230
712 8 11 44 233 710
710 47 126 147 154 167
93 48 56 124 168 261
29 72 860 861 875 876
876 66 67 70 794 795
67 43 137 311 348 779
137 3 8 44
779 137 278 308 341 774
308 104 276
341 124 149 188 262
774 43 137 138 143 268
268 230 236
348 90 124 126 154
43 8 11 44
311 113 157 164 303
66 43 137 312 314 340
340 124 149 154 188 262
312 4 9 12 115 258
258 53 58 83 143 164
314 4 9 12 126 315
315 4 9 12 90 145
70 137 313 449 791 796
313 4 9 12 145 259
259 91 113 115 121 138
791 3 8 44 87 790
790 3 8 44 78 346
346 4 9 12 149 188
796 3 8 44 313 348
449 3 8 44 81 268
794 3 8 44 258 308
795 55 109 137 268 792
792 3 8 44 262 263
263 88 233
875 49 92 95 870 874
870 43 77 83 86 363
363 8 11 44 80
874 49 89 98 101 868
101 77 85 121 143
85 4 9 12 154 316
89 90 91
868 43 104 105 863 864
105 4 9 12 149 188
863 43 47 48 52 53
864 43 52 58 74 367
74 4 9 12 157 164
367 8 11 44 55 56
98 47 104 147 149 188
95 48 55 149 168 230
92 93 109 124 143 145
861 203 271 278 298 326
203 8 11 36 179
179 1 20 22
860 89 203 325 327 855
855 15 16 42 370 373
373 14 15 17 18 19
370 14 15 17 18 19
42 14 17 19
325 4 9 12 56 168
72 335 343 820 821 850
821 11 36 178 278 331
178 1 8 20 22
335 80 203 236 817 823
823 203 230 415 814 818
814 11 36 178 265 440
440 4 9 12 115 195
195 3 8 36 179
818 195 233 429 433 435
435 11 36 47 126 178
433 11 36 58 113 178
429 11 36 178 268
415 11 36 178 332
332 4 9 12 53 80
817 11 36 93 178 300
343 336 840 841 848 849
840 3 36 92 178 301
336 93 195 302 344 824
824 109 119 124 157 195
841 3 36 178 278 303
848 95 193 195 301 319
193 8 11 38 179
319 77 195 215 279 801
801 195 276 316 317 798
317 52 87 121 145
798 52 138 143 145 195
215 4 9 12 121
849 101 193 278 384 844
384 2 3 21 23 178
844 3 36 98 178 315
850 98 101 193 340 839
839 3 36 95 178 838
838 55 56 400 401 403
401 3 36 113 157 178
400 2 3 21 23 178
403 3 36 113 164 178
820 11 36 178 298 326
770 77 180 184 313 314
184 2 11 21 23 178
180 2 3 21 23 178
771 184 193 311 312 766
766 87 177 180 271 272
272 47 56 109 147 168
64 193 273 305 314 772
772 180 260 754 763 767
763 86 180 184 268 755
755 177 193 263 268
767 83 177 180 293 761
761 11 38 178 260 308
293 4 9 12 48 168
754 143 164 177 184 263
305 89 180 261 329 752
752 113 115 138 180 231
231 4 9 12 154 188
273 505 507 749 750 751
505 38 135 179 271 272
749 38 135 179 259 260
750 55 109 184 268 517
517 3 8 38 179 258
751 523 740 742 744 746
744 47 109 180 509 529
509 3 8 38 179 264
529 38 119 121 135 179
523 3 8 38 179 254
742 38 78 135 179 257
257 4 9 12 56 109
740 38 135 179 224 228
224 4 9 12 168
228 4 9 12 48
746 3 8 38 179 263
507 38 81 135 179 268
24 18 26 30 40 686
26 675 676 682 683 684
683 242 247 593 594 616
594 6 10 13 113 119
242 14 16 17 19
247 3 8 11
593 6 15 52 106 143
616 2 16 17 19 21
675 14 15 20 22 598
598 5 7 10 13 15
676 5 7 201 242 604
604 5 7 10 13 15
684 15 247 596 597 601
596 6 15 47 130 147
597 6 10 13 55 124
601 6 10 13 242 246
246 5 7
682 1 20 22 349 678
678 2 21 23 349
349 16 17 19
30 32 634 642 656 659
656 5 7 106 242 636
636 5 7 10 13 245
245 14 16 17 19
634 5 7 10 13 245
659 4 6 9 12 242
642 5 7 16 19 106
32 242 245 250 657 658
250 4 6 9 12
657 3 8 11 245 640
640 5 7 10 13 242
658 4 6 9 12 245
686 1 14 15 22 585
585 2 14 15 21 23
40 14 15 16 17 19
