62 165 452 514 617 690 1783 7451 7454
452 1 2 7 9 11 13 16
165 1 2 7 9 11 13 16
514 3 4 6 512
512 5 8 10 12 14 15
7451 3 4 6 383 512 573 943 983
573 1 2 7 9 11 13 16
983 5 8 10 12 14 15
383 5 8 10 12 14 15
943 5 8 10 12 14 15
690 1 2 7 9 11 13 16 513
513 3 4 6 512
1783 3 4 6 164 295 383 389 512
164 1 2 13
295 7 9 11 16
389 5 8 10 12 14 15
617 1 2 7 9 11 13 16
7454 3 4 6 65 162 302 512
162 1 2 7 9 11 13 16
65 8 12 14 15
302 1 2 7 9 11 13 16
61 140 164 295 477 489 702 5290 7440
7440 3 4 6 65 295 297 387 476
297 5 8 10 12 14 15
387 5 8 10 12 14 15
476 1 2 13
702 1 2 13
140 162 303 304 403 483 2605 5817 6858
403 1 2 7 9 11 13 16
2605 3 4 6 165 174 297 617
174 1 2 7 9 11 13 16
483 3 4 6 297
6858 3 5 6 8 10 12 14 15
304 1 2 7 9 11 13 16
303 1 2 7 9 11 13 16
5817 1 2 7 9 11 13 16 301
301 3 4 6 297
489 3 5 6 8 10 12 14 15
5290 1 2 7 9 11 13 16 483
477 3 4 6 297
60 3 4 6 138 297 302 685 7435
138 1 2 7 9 11 13 16 483
7435 3 5 6 8 10 12 14 15
685 1 2 7 9 11 13 16
59 667 668 670 672 4309 4317 4318 7430
670 1 2 13 348 350 1287 4322 7424
4322 7 9 11 16 164 348 350
1287 7 9 11 16
348 4 5 8 10 12 14 15 211
211 3 6
7424 7 9 11 16 166 348 350 4324
4324 1 2 7 9 11 13 16
166 1 2 13
350 4 5 8 10 12 14 15 211
672 210 213 673 4049 4056 4375 4383
4056 7 9 11 16 210 213 1088 4052
4052 1 2 7 9 11 13 16
1088 1 2 13
4383 7 9 11 16 210 213 476 702
4049 1 2 7 9 11 13 16
4375 1 2 7 9 11 13 16
673 7 9 11 16 164 166 210 7427
7427 7 9 11 16 164 166 213 2598
2598 1 2 13 210 213 723 1287 1368
723 1 2 7 9 11 13 16
1368 1 2 7 9 11 13 16
210 4 5 8 10 12 14 15 211
213 4 5 8 10 12 14 15 211
7430 3 4 6 65 451 512 665 666
666 1 2 13 210 213 958 1287 7364
958 3 5 6 8 10 12 14 15
7364 3 5 6 8 10 12 14 15
665 7 9 11 16 166 513 702 7365
7365 4 164 210 293 295 512 702 1287
293 3 6
451 1 2 7 9 11 13 16
4309 1 2 13 348 350 1287 4310 5306
4310 1 2 7 9 11 13 16 453
453 4 5 8 10 12 14 15 244
244 3 6
5306 1 2 7 9 11 13 16 456
456 4 5 8 10 12 14 15 244
4318 7 9 11 16 213 1033 1222 3137
3137 164 210 453 456 476 1287 3132 3134
3132 1 2 7 9 11 13 16
3134 1 2 7 9 11 13 16
1033 1 2 13
1222 1 2 13
667 3938 4046 4235 4236 4239 4497 5357 7414
4046 1 2 13 427 434 1287 5376 5378
427 4 5 8 10 12 14 15 244
5378 1 2 7 9 11 13 16 184
184 4 5 8 10 12 14 15 293
5376 1 2 7 9 11 13 16 180
180 5 8 10 12 14 15 181
181 3 4 6
434 4 5 8 10 12 14 15 244
4235 7 9 11 16 348 350 1033 7381
7381 7 9 11 16 348 1222 3129 3841
3841 1 2 13 180 184 350 1287 1313
1313 1 2 7 9 11 13 16
3129 7 9 11 16 350 1222 1445 5374
5374 1 2 7 9 11 13 16 348
1445 1 2 7 9 11 13 16
7414 7 9 11 16 164 166 180 184
4236 348 1779 3434 4224 4226 4232 7374
1779 7 9 11 16 348 350 601 1088
601 1 2 13
7374 7 9 11 16 350 476 702 2535
2535 1 2 7 9 11 13 16 348
4226 1 2 7 9 11 13 16
4224 7 9 11 16 348 350 601 702
4232 7 9 11 16 164 350 601 1639
1639 1 2 7 9 11 13 16 348
3434 7 9 11 16 348 350 476 702
5357 1 2 7 9 11 13 16 434
3938 7 9 11 16 164 166 427 5382
5382 1 2 7 9 11 13 16 434
4497 7 9 11 16 434 476 1222 4498
4498 1 2 7 9 11 13 16 427
4239 7 9 11 16 427 601 1088 4500
4500 476 557 578 702 1287 4501 4747 7385
4501 7 9 11 16 476 557 578 702
4747 1 2 7 9 11 13 16 427
7385 7 9 11 16 427 434 1033
578 4 5 8 10 12 14 15 511
511 3 6
557 4 5 8 10 12 14 15 511
668 3930 4241 4243 4477 4478 4486 4495 4612
4478 7 9 11 16 476 556 601 719
719 3 4 6 12 14 15 156
156 5 8 10
556 5 8 10 12 14 15 181
4241 405 699 1033 1287 4599 4602 4613 7403
4613 7 9 11 16 578 702 4615 7401
4615 7 9 11 16 476 557 578 7402
7402 1 2 3 4 6 13 1936 7400
1936 5 8 10 12 14 15
7400 1 2 13 405 578 699 1141 1287
1141 1 2 7 9 11 13 16
7401 1 2 13 405 557 699 1287 1294
1294 1 2 7 9 11 13 16
405 4 5 8 10 12 14 15 511
7403 7 9 11 16 405 601 1088 5341
5341 1 2 7 9 11 13 16 699
4602 1 2 7 9 11 13 16
4599 1 2 7 9 11 13 16
699 4 5 8 10 12 14 15 511
4243 767 3674 3922 4150 4157 4370 4693 4694
4694 476 521 767 1287 4593 4855 4940 4943
4940 1 2 7 9 11 13 16
521 5 8 10 12 14 15 181
4943 1 2 7 9 11 13 16
4855 7 9 11 16 702 1143 4847 4856
4847 1 2 13 521 767 1148 1287 1294
1148 4 5 8 10 12 14 15 511
4856 7 9 11 16 476 719 1148 1222
1143 4 5 8 10 12 14 15 511
4593 7 9 11 16 164 166 521 767
4150 1 2 7 9 11 13 16
767 4 5 8 10 12 14 15 293
4370 7 9 11 16 521 1033 1222 7405
7405 7 9 11 16 767 1033 1222 4031
4031 7 9 11 16 164 166 540 541
540 4 5 8 10 12 14 15 244
541 4 5 8 10 12 14 15 244
3922 1 2 13 540 541 1287 3913 3924
3924 540 541 3917 3920
3917 1 2 7 9 11 13 16
3920 1 2 7 9 11 13 16
3913 1 2 7 9 11 13 16
4693 7 9 11 16 601 767 1088 7409
7409 7 9 11 16 521 601 1088 4687
4687 1 2 7 9 11 13 16 767
4157 7 9 11 16 476 521 767 4153
4153 1 2 7 9 11 13 16
3674 540 541 3634 3635 3637 3661 3664 3670
3661 1 2 7 9 11 13 16
3670 1 2 7 9 11 13 16
3664 1 2 7 9 11 13 16
3634 1 2 7 9 11 13 16
3635 1 2 7 9 11 13 16
3637 1 2 7 9 11 13 16
4477 1 2 7 9 11 13 16 556
4486 7 9 11 16 556 1033 1222 4488
4488 7 9 11 16 702 719 4480 4485
4480 1 2 7 9 11 13 16 556
4485 1 2 7 9 11 13 16
3930 7 9 11 16 405 601 699 3925
3925 1 2 7 9 11 13 16
4495 7 9 11 16 166 719 1088 7391
7391 7 9 11 16 556 601 1088 3834
3834 7 9 11 16 164 166 556 719
4612 556 598 719 1088 1287 3648 3655 7396
3655 1 2 13 556 719 723 1287 3650
3650 1 2 7 9 11 13 16
3648 1 2 7 9 11 13 16
598 1 2 3 4 6 13 1936
7396 1 2 3 4 6 13 1936 5350
5350 7 9 11 16 405 699 1033 1222
4317 1 2 7 9 11 13 16 210
58 8 12 14 15
57 133 647 650 3411 3421 4828 4916 7360
4916 1 2 13 348 350 703 4918 7292
7292 7 9 11 16 453 456 476 702
703 7 9 11 16
4918 7 9 11 16 164 453 1088 7293
7293 7 9 11 16 164 456 476 1003
1003 348 350
7360 1 2 13 65 210 213 703
4828 1 2 13 348 350 703 4823 4826
4823 1 2 7 9 11 13 16
4826 1 2 7 9 11 13 16
3411 1 2 13 210 703 2239 3407 5480
5480 1 2 7 9 11 13 16 213
2239 1 2 7 9 11 13 16 213
3407 1 2 7 9 11 13 16
3421 7 9 11 16 213 476 702 3423
3423 7 9 11 16 210 476 702 3415
3415 1 2 7 9 11 13 16 213
133 653 3260 4575 4582 4679 4680 7317 7355
4679 7 9 11 16 427 601 1088 5438
5438 1 2 7 9 11 13 16 434
7355 405 699 1320 1443 4735 4839 4843 7338
4839 1 2 7 9 11 13 16
4735 405 699 782 936 4712 4719 4728 4736
4719 1 2 13 405 699 703 4715
4715 1 2 7 9 11 13 16
936 1 2 7 9 11 13 16
4712 1 2 7 9 11 13 16
4736 7 9 11 16 405 601 1088 5428
5428 1 2 7 9 11 13 16 699
782 1 2 7 9 11 13 16
4728 7 9 11 16 476 557 4730 7329
4730 7 9 11 16 578 702 4723 7330
4723 4 293 557 601 1088 1294 1936 4689
4689 1 2 7 9 11 13 16 578
7330 1 2 13 405 578 699 703 1294
7329 3 4 6 578 601 1088 1936 2587
2587 1 2 7 9 11 13 16
1320 1 2 7 9 11 13 16
1443 1 2 7 9 11 13 16
7338 3 4 6 405 601 1088 1320 1936
4843 241 405 457 699 1436 3906 4837 4838
3906 1 2 7 9 11 13 16
241 1 2 7 9 11 13 16
1436 1 2 7 9 11 13 16
457 1 2 7 9 11 13 16
4838 1 2 13 556 703 719 916 4833
4833 1 2 7 9 11 13 16
916 1 2 7 9 11 13 16
4837 4 244 556 601 661 719 1936 4831
661 1 2 7 9 11 13 16
4831 1 2 7 9 11 13 16
4575 1 2 13 427 434 703 2686 4576
2686 7 9 11 16 180 184 601 1088
4576 1 2 13 427 434 703 1940 2685
1940 1 2 7 9 11 13 16 184
2685 1 2 7 9 11 13 16 184
3260 7 9 11 16 180 184 601 1088
653 1250 2253 2254 2591 4925 4938 4994 7357
4994 7 9 11 16 601 767 1088 7348
7348 7 9 11 16 521 601 1088 1771
1771 1 2 7 9 11 13 16 767
4938 7 9 11 16 164 556 601 7342
7342 7 9 11 16 164 166 719 4928
4928 7 9 11 16 556 601 719 1088
7357 3278 3631 4449 4460 4461 4465 5022 5030
3631 541 1320 1436 3617 3625 3626 3627 7298
3626 7 9 11 16 166 541 1088 5462
5462 1 2 7 9 11 13 16 540
3627 1 2 7 9 11 13 16 540
3625 7 9 11 16 540 541 601 1088
3617 7 9 11 16 476 540 702 3619
3619 1 2 7 9 11 13 16 541
7298 7 9 11 16 540 541 1033 1222
4461 7 9 11 16 348 350 601 1088
5030 7 9 11 16 521 1033 1222 7352
7352 7 9 11 16 767 1033 1222 2224
2224 7 9 11 16 164 166 540 541
4465 7 9 11 16 348 1222 7304 7306
7304 1 2 13 180 184 350 703 1313
7306 7 9 11 16 348 350 1033 1232
1232 7 9 11 16 348 350 1222 1230
1230 1 2 7 9 11 13 16
4460 7 9 11 16 164 350 601 4454
4454 1 2 7 9 11 13 16 348
5022 540 541 601 703 782 1088 5019 5023
5019 1 2 7 9 11 13 16
5023 1 2 13 540 541 703 1223 4716
1223 1 2 7 9 11 13 16
4716 1 2 7 9 11 13 16
4449 7 9 11 16 350 476 702 4451
4451 7 9 11 16 348 476 702 3398
3398 7 9 11 16 348 350 601 702
3278 7 9 11 16 476 521 702 3280
3280 7 9 11 16 702 767 3270 3275
3270 1 2 7 9 11 13 16 521
3275 1 2 7 9 11 13 16
4925 7 9 11 16 476 601 719 4927
4927 7 9 11 16 556 702 4814 4922
4922 1 2 7 9 11 13 16
4814 1 2 7 9 11 13 16 719
2254 7 9 11 16 702 719 2246 2251
2246 1 2 7 9 11 13 16 556
2251 1 2 7 9 11 13 16
2253 1 2 7 9 11 13 16 556
1250 476 521 703 767 1222 1240 1244 1247
1247 1 2 7 9 11 13 16
1240 7 9 11 16 164 166 521 767
1244 1 2 7 9 11 13 16
2591 1 2 13 521 703 767 2593 5406
2593 7 9 11 16 702 1143 2581 5407
5407 1 2 7 9 11 13 16 767
2581 7 9 11 16 719 1222 2583
2583 7 9 11 16 476 702 1143 1148
5406 1 2 7 9 11 13 16 1148
7317 180 184 185 661 720 787 2191 7314
185 1 2 7 9 11 13 16
2191 1 2 7 9 11 13 16
7314 7 9 11 16 166 180 184 601
720 1 2 7 9 11 13 16
787 1 2 7 9 11 13 16
4582 7 9 11 16 427 434 601 4578
4578 1 2 7 9 11 13 16
4680 476 557 578 703 2231 4569 4672 7320
4672 7 9 11 16 427 434 1033 1222
7320 7 9 11 16 427 557 702 1222
2231 7 9 11 16 476 557 578 702
4569 7 9 11 16 434 476 1222 4571
4571 1 2 7 9 11 13 16 427
647 7 9 11 16 210 601 1088 7285
7285 7 9 11 16 213 601 3405 3427
3427 1 2 7 9 11 13 16
3405 1 2 7 9 11 13 16 210
650 7 9 11 16 210 1033 1222 7294
7294 1 2 13 453 456 703 3265 5464
5464 1 2 7 9 11 13 16 213
3265 1 2 13 210 453 703 2219 3261
3261 1 2 7 9 11 13 16
2219 1 2 7 9 11 13 16
56 131 625 1209 1213 1214 7174 7280 7281
1214 1 2 13 699 877 1085 1287 4286
4286 1 2 7 9 11 13 16 405
877 7 9 11 16 164 166 405 699
1085 7 9 11 16
1213 1 2 7 9 11 13 16 405
1209 7 9 11 16 578 702 1211 5571
5571 1 2 7 9 11 13 16 405
1211 3 4 6 164 166 1936 4116 5572
4116 1 2 13 405 408 699 1085 1287
408 1 2 3 4 6 13 1936
5572 1 2 7 9 11 13 16 699
7174 7 9 11 16 164 166 405 699
131 629 1725 1738 1739 1740 1753 7216 7217
1739 7 9 11 16 476 521 1222 5535
5535 1 2 7 9 11 13 16 767
1753 540 1732 1744 2847 2855 2862 3363 3372
3363 7 9 11 16 164 540 601 5531
5531 1 2 7 9 11 13 16 541
2847 1 2 7 9 11 13 16
1732 7 9 11 16 540 541 1033 1222
2862 7 9 11 16 476 540 702 5538
5538 1 2 7 9 11 13 16 541
3372 7 9 11 16 164 166 540 5530
5530 1 2 7 9 11 13 16 541
1744 7 9 11 16 540 541 601 1088
2855 1 2 7 9 11 13 16 541
1738 7 9 11 16 521 702 767 1222
1725 1682 1683 2508 2523 5545 7197 7200 7201
5545 1 2 7 9 11 13 16 719
7197 7 9 11 16 556 702 719 1222
7201 7 9 11 16 702 1143 1156 1164
1164 7 9 11 16 164 166 521 767
1156 7 9 11 16 476 1147 1148
1147 7 9 11 16 164 166 521 767
1682 7 9 11 16 521 1088 1671 5552
5552 1 2 7 9 11 13 16 767
1671 7 9 11 16 521 601 702 767
2523 7 9 11 16 556 1033 2524 7194
7194 476 556 719 835 1085 1148 1313 2219
835 1 2 7 9 11 13 16
2524 1 2 13 1085 1143 1287 2513 2516
2516 1 2 7 9 11 13 16 719
2513 3 4 6 1936
7200 1 2 13 165 521 767 1085 1287
2508 7 9 11 16 476 556 702 719
1683 7 9 11 16 166 767 1661 1668
1668 7 9 11 16 476 521 702 767
1661 7 9 11 16 164 521 601 7182
7182 7 9 11 16 521 601 767 1088
1740 1 2 13 540 541 1085 1287
7216 7 9 11 16 521 767 1033 1222
629 1417 2937 3113 3115 5510 7240 7241 7242
2937 7 9 11 16 405 601 699 1088
5510 1 2 7 9 11 13 16 699
7240 7 9 11 16 405 601 699 1088
3113 1 2 7 9 11 13 16 405
3115 7 9 11 16 405 476 699 702
1417 7 9 11 16 405 601 699 702
7241 7 9 11 16 405 601 1088 5508
5508 1 2 7 9 11 13 16 699
7242 1758 2151 2160 3099 3103 3104 7227 7228
7227 7 9 11 16 556 601 719 1088
2160 7 9 11 16 164 166 556 719
3103 1 2 13 556 719 722 1085 1287
722 1 2 7 9 11 13 16
7228 7 9 11 16 556 702 1088 2166
2166 1 2 7 9 11 13 16 719
2151 7 9 11 16 556 601 2143 5525
2143 1 2 7 9 11 13 16 719
5525 1 2 7 9 11 13 16 719
3099 7 9 11 16 699 1222 3101 7230
7230 7 9 11 16 166 556 601 719
3101 7 9 11 16 405 1033 3604 5514
5514 7 9 11 16 164 166 556 719
3604 7 9 11 16 606 699 1222 3605
3605 3 4 6 164 166 556 1085 1936
606 1 2 3 4 6 13 1936
1758 7 9 11 16 405 699 1033 1222
3104 1 2 13 556 719 940 1085 1287
940 1 2 7 9 11 13 16
7217 7 9 11 16 767 1222 1730 7215
1730 7 9 11 16 164 166 540 541
7215 1 2 7 9 11 13 16 521
7280 8 12 14 15 621 1176 1186 7277
1176 1 2 13 348 350 1085 1170 1287
1170 1 2 7 9 11 13 16
1186 7 9 11 16 164 166 348 350
7277 632 1691 1703 2179 2197 2198 5562 7178
2197 7 9 11 16 164 166 180 184
1691 7 9 11 16 210 1222 1684 1692
1684 1 2 13 174 453 456 1085 1287
1692 7 9 11 16 210 213 1033 1222
7178 7 9 11 16 213 727 1033 1222
727 7 9 11 16 210 213 702 1222
5562 1 2 7 9 11 13 16 210
2198 7 9 11 16 184 1088 5503 7246
5503 1 2 7 9 11 13 16 180
7246 7 9 11 16 164 166 180 184
1703 7 9 11 16 164 453 702 5564
5564 1 2 7 9 11 13 16 456
2179 180 348 350 1122 1322 1368 2177 2180
2177 1 2 7 9 11 13 16
2180 1 2 13 180 184 723 1136 1287
1136 1 2 7 9 11 13 16 350
1122 1 2 7 9 11 13 16
1322 1 2 7 9 11 13 16
632 7 9 11 16 348 1033 2199 7251
2199 7 9 11 16 348 350 702 1222
7251 7 9 11 16 348 350 1033 1222
621 1 2 13 348 350 1085 1287 5589
5589 1 2 7 9 11 13 16 453
7281 641 644 645 2561 2563 3080 5488 7278
641 1 2 13 427 434 1085 1287 7270
7270 7 9 11 16 180 184 601 1088
645 1 2 13 210 213 1085 1287 4130
4130 7 9 11 16 164 166 210 213
2563 7 9 11 16 164 166 427 434
7278 1646 2208 2541 2552 5495 5496 7262 7263
2208 7 9 11 16 210 213 1088 2210
2210 7 9 11 16 210 213 601 2497
2497 1 2 7 9 11 13 16
7263 7 9 11 16 166 348 1088 2490
2490 1 2 7 9 11 13 16 350
2541 7 9 11 16 348 601 2542 5494
5494 1 2 7 9 11 13 16 350
2542 7 9 11 16 350 702 7256
7256 1 2 7 9 11 13 16 348
2552 7 9 11 16 348 350 476 702
1646 7 9 11 16 210 213 476 702
5496 1 2 7 9 11 13 16 213
7262 7 9 11 16 348 350 601 1088
5495 1 2 7 9 11 13 16 210
3080 7 9 11 16 164 166 427 434
2561 1 2 7 9 11 13 16 434
5488 1 2 7 9 11 13 16 427
644 1 2 13 210 213 1085 1287 4213
4213 1 2 7 9 11 13 16
625 1202 1205 2879 2880 2888 2899 2900 2901
2899 7 9 11 16 427 1222 2394 3383
2394 1 2 7 9 11 13 16 434
3383 7 9 11 16 476 557 578 702
1202 7 9 11 16 427 434 601 1088
2900 7 9 11 16 557 578 702 7159
7159 7 9 11 16 476 557 578 7155
7155 1 2 7 9 11 13 16 427
2880 7 9 11 16 427 476 601 5585
5585 1 2 7 9 11 13 16 434
1205 7 9 11 16 427 434 1033 1222
2888 7 9 11 16 434 476 2889 7151
7151 7 9 11 16 427 434 702 1222
2889 1 2 7 9 11 13 16 427
2901 7 9 11 16 476 557 578 702
2879 7 9 11 16 427 601 2377 2721
2721 1 2 7 9 11 13 16 434
2377 7 9 11 16 427 434 476 702
55 65 619 3059 3061 3064 3075 4059 7136
3064 7 9 11 16 476 601 719 3066
3066 7 9 11 16 556 702 1088 1594
1594 7 9 11 16 476 556 702 719
4059 2804 2807 2811 5645 5646 7104 7105 7134
2811 1 2 13 540 541 1085 4007
4007 1 2 7 9 11 13 16
7104 7 9 11 16 521 767 1033 1222
5646 1 2 7 9 11 13 16 540
7105 7 9 11 16 521 767 1033 2813
2813 7 9 11 16 767 1222 2815
2815 7 9 11 16 164 166 540 541
5645 1 2 7 9 11 13 16 541
2804 540 541 2784 2785 2787 2791 2794 2800
2784 1 2 7 9 11 13 16
2787 1 2 7 9 11 13 16
2800 1 2 7 9 11 13 16
2791 1 2 7 9 11 13 16
2785 1 2 7 9 11 13 16
2794 1 2 7 9 11 13 16
7134 2824 3012 3046 3213 3214 7109 7112 7113
7113 7 9 11 16 521 767 1057 1088
1057 7 9 11 16 166 521 601 767
7109 1 2 13 521 767 1069 1085 1148
1069 1 2 7 9 11 13 16
3046 164 166 556 719 1085 3036 3039 5619
3039 1 2 13 556 719 1085 4015 4018
4018 1 2 7 9 11 13 16
4015 1 2 7 9 11 13 16
3036 7 9 11 16 405 601 699 3802
3802 1 2 7 9 11 13 16
5619 7 9 11 16 405 699 1033 1222
3012 7 9 11 16 476 702 1143 1148
7112 7 9 11 16 521 601 767 1088
3213 7 9 11 16 476 719 1148 1222
3214 1 2 13 174 403 1085 1143 2513
2824 1 2 13 165 521 767 1085 2826
2826 7 9 11 16 164 166 521 767
2807 163 476 521 767 911 1222 2809 7099
163 7 9 11 16
911 1 2 7 9 11 13 16
2809 7 9 11 16 476 521 702 767
7099 7 9 11 16 476 521 601 767
3061 7 9 11 16 166 719 1088 3063
3063 7 9 11 16 556 601 3020 4110
3020 1 2 7 9 11 13 16 719
4110 1 2 7 9 11 13 16
7136 3324 4808 4809 4909 5595 5596 7131 7132
5595 1 2 7 9 11 13 16 434
5596 1 2 7 9 11 13 16 434
4909 1 2 7 9 11 13 16 427
7131 7 9 11 16 427 601 2132 5102
5102 1 2 7 9 11 13 16
2132 7 9 11 16 434 702 957 1088
957 1 2 7 9 11 13 16 427
3324 1 2 13 557 578 911 1085 7128
7128 7 9 11 16 427 557 702 1222
7132 1131 1608 1620 1621 7087 7088 7095 7096
7088 16 348 350 1033 1116 1123 1222 1253
1253 7 9 11
1123 1 2 7 9 11 13 16
1116 7 9 11 16 166 180 348 1222
1131 427 434 1033 1081 1085 1102 1106 1110
1102 1 2 13 427 434 1085 1094 1103
1103 164 180 184 427 434 1085 1086 7083
1086 1 2 7 9 11 13 16
7083 7 9 11 16 184 601 1088 7081
7081 7 9 11 16 166 180 434 1088
1094 7 9 11 16 164 166 184 1096
1096 1 2 7 9 11 13 16 180
1081 7 9 11 16 164 166 427 434
1110 1 2 7 9 11 13 16
1106 1 2 7 9 11 13 16
7095 7 9 11 16 348 350 601 1088
1608 1 2 13 348 350 1085 1609 7090
1609 1 2 7 9 11 13 16 350
7090 1 2 7 9 11 13 16 348
1620 7 9 11 16 348 601 702 5659
5659 1 2 7 9 11 13 16 350
1621 7 9 11 16 348 350 476 702
7096 7 9 11 16 166 348 1625 7094
1625 7 9 11 16 164 350 601 810
810 1 2 7 9 11 13 16 348
7094 7 9 11 16 348 350 601 1088
7087 1 2 7 9 11 13 16 350
4808 7 9 11 16 427 434 702 1222
4809 7 9 11 16 427 434 476 702
3059 405 699 1033 1085 3060 5010 5013
3060 405 699 1072 3049 3054 3057 7122
3057 1 2 7 9 11 13 16
7122 1 2 13 174 405 578 699 1085
1072 7 9 11 16 476 557 578 702
3049 7 9 11 16 476 557 578 702
3054 1 2 7 9 11 13 16
5013 1 2 7 9 11 13 16
5010 1 2 7 9 11 13 16
3075 7 9 11 16 719 1033 1222 7127
7127 7 9 11 16 556 1033 1222 3069
3069 1 2 7 9 11 13 16 719
619 210 213 2138 3033 3341 3345 7139 7140
2138 1 2 13 210 213 1085 2134 3345
2134 1 2 7 9 11 13 16
7139 3 4 6 302 512 4004 7138
4004 7 9 11 16 210 1222 4006
4006 1 2 13 174 403 453 456 1085
7138 7 9 11 16 210 213 1033 1222
3033 1 2 13 210 213 1085 3034 7079
3034 1 2 7 9 11 13 16 514
7079 3 4 6 389 512 573 983 7076
7076 4 164 166 211 213 295 512 1085
3345 1 2 7 9 11 13 16
3341 1 2 7 9 11 13 16
7140 453 456 1069 3228 3235 3799 7073
3235 1 2 7 9 11 13 16
3228 7 9 11 16 210 213 1222 3223
3223 1 2 7 9 11 13 16
3799 1 2 7 9 11 13 16
7073 1 2 13 348 350 456 1085 3237
3237 1 2 7 9 11 13 16
54 110 514 535 611 614 617
614 427 428 434 439 615 930 1849 1919
1849 1 2 7 9 11 13 16
1919 1 2 7 9 11 13 16
615 7 9 11 16 427 434 601 1088
439 7 9 11 16 164 166 427 434
930 1 2 7 9 11 13 16
428 1 2 7 9 11 13 16
535 3 5 6 8 10 12 14 15
110 65 1426 3155 3745 3746 5787 6905 6919
1426 7 9 11 16 476 601 699 1428
1428 7 9 11 16 405 601 699 702
6919 405 535 930 2724 3756 3761 3762 3770
3756 535 1948 3550 3573 3730 3749 3757 6909
3749 7 9 11 16 164 427 6912
6912 7 9 11 16 166 434 1033 3544
3544 1 2 7 9 11 13 16 427
3730 7 9 11 16 427 434 1033 6908
6908 295 427 434 572 703 1033 1222 1287
572 1 2 7 9 11 13 16
3757 7 9 11 16 164 166 427 434
1948 7 9 11 16 164 166 427 434
3573 7 9 11 16 166 427 434 1222
3550 7 9 11 16 427 434 702 1222
6909 7 9 11 16 427 434 476 702
2724 1 2 7 9 11 13 16 427
3770 7 9 11 16 427 434 1033 1222
3761 7 9 11 16 164 166 405 699
3762 7 9 11 16 434 476 1222 5775
5775 1 2 7 9 11 13 16 427
3155 1960 2374 2735 3142 3530 3531 5794 6899
2374 7 9 11 16 405 699 702 1222
1960 7 9 11 16 405 476 699 702
2735 405 535 695 699 1320 1443 1445 2736
695 1 2 7 9 11 13 16
2736 7 9 11 16 405 699 1033 1222
3531 7 9 11 16 699 1033 1222 6889
6889 7 9 11 16 405 699 702 1222
3530 1 2 7 9 11 13 16 405
5794 1 2 7 9 11 13 16 405
3142 7 9 11 16 164 405 699 3532
3532 405 433 699 1849 3723 3726 6891
3723 7 9 11 16 405 601 699 1088
3726 1 2 7 9 11 13 16
6891 7 9 11 16 405 476 699 1088
433 1 2 7 9 11 13 16
6899 7 9 11 16 535 699 1033 5789
5789 1 2 7 9 11 13 16 405
3745 7 9 11 16 427 434 601 1088
3746 7 9 11 16 427 601 3732 3736
3732 7 9 11 16 427 434 476 702
3736 1 2 7 9 11 13 16 434
6905 7 9 11 16 166 699 3148 6903
3148 7 9 11 16 164 405 601 1416
1416 1 2 7 9 11 13 16 699
6903 7 9 11 16 405 699 1088
5787 1 2 7 9 11 13 16 699
611 3 4 6 165 435 512 613 715
715 5 8 10 12 14 15 181
435 7 9 11 16 164 166 427 434
613 165 301 483 513 535 617 713 715
713 167 475
167 5 8 10 12 14 15 181
475 4 5 8 10 12 14 15 211
53 5 8 10 12 14 15 154 215
215 3 4 6
154 1 2 7 9 11 13 16
52 1 2 3 4 6 13 65 1936
51 4 8 12 14 15 156 476 511
50 65 124 583 584 592 2282 2283 7055
584 7 9 11 16 210 213 756 1088
756 7 9 11 16 210 476 601 758
758 7 9 11 16 210 213 476 702
2283 7 9 11 16 210 476 1088 2272
2272 210 213 433 572 703 930 1088 1287
2282 1 2 7 9 11 13 16 213
124 120 566 569 585 1812 1813 7048 7050
566 7 9 11 16 164 166 556 719
1813 7 9 11 16 453 456 476 702
120 565 719 2290 2295 2634 4760 7009
4760 1 2 7 9 11 13 16
2295 7 9 11 16 556 601 719 1088
2290 1 2 7 9 11 13 16
2634 7 9 11 16 476 556 702 719
7009 7 9 11 16 556 601 719 1088
565 894 902 2298 2310 2316 2921 7001 7003
902 7 9 11 16 556 719 1033 1222
2921 7 9 11 16 476 556 2527 2922
2922 1 2 7 9 11 13 16 719
2527 7 9 11 16 556 702 719 1222
894 1 2 7 9 11 13 16 719
2310 556 573 601 703 719 1287 2304 2307
2307 1 2 7 9 11 13 16
2304 1 2 7 9 11 13 16
7001 1 2 4 13 511 719 772 1936
772 1 2 7 9 11 13 16
2298 556 703 719 722 1222 1877 1878 2300
1878 7 9 11 16 556 719 1033 1222
1877 1 2 7 9 11 13 16
2300 1 2 7 9 11 13 16 556
2316 7 9 11 16 164 166 556 719
7003 7 9 11 16 556 719 1033 1222
569 7 9 11 16 556 571 601
571 1 2 7 9 11 13 16 719
7050 7 9 11 16 164 453 1088 1815
1815 1 2 7 9 11 13 16 456
585 210 213 586 1122 1322 1330 1344 7040
1330 7 9 11 16 210 213 476 702
586 7 9 11 16 210 733 1033 5711
5711 1 2 7 9 11 13 16 213
733 7 9 11 16 210 213 702 1222
7040 164 453 456 476 573 661 1085 1287
1344 7 9 11 16 210 213 1033 1222
1812 7 9 11 16 453 702 1088 7043
7043 7 9 11 16 164 453 456 476
7048 7 9 11 16 164 453 1088 7045
7045 7 9 11 16 166 456 476 556
592 210 295 702 1085 1287 2260 2271 7054
2260 7 9 11 16 210 213 702 1222
2271 7 9 11 16 210 1033 1222 5706
5706 1 2 7 9 11 13 16 213
7054 7 9 11 16 164 166 210 213
583 7 9 11 16 210 601 744 1088
744 7 9 11 16 213 601 735 745
735 7 9 11 16 164 166 210 213
745 1 2 7 9 11 13 16 210
7055 7 9 11 16 164 213 1920 2624
2624 1 2 13 213 295 1085 1287 7053
7053 7 9 11 16 164 166 210 213
1920 7 9 11 16 164 166 210 213
49 96 439 966 3779 7027 7030 7031
96 65 94 434 2384 2392 2406 2412 6840
6840 2741 2971 3556 3573 3580 6828 6836 6837
3580 427 433 434 572 3550 3566 6830 6831
3566 7 9 11 16 164 166 427 434
6831 7 9 11 16 427 434 476 702
6830 1 2 13 295 427 434 703 1287
6836 7 9 11 16 164 427 434 1033
6828 7 9 11 16 427 434 601 1088
2971 7 9 11 16 427 434 476 702
2741 7 9 11 16 427 434 601 702
6837 7 9 11 16 166 434 1948 3543
3543 7 9 11 16 427 434 1033 1222
3556 7 9 11 16 427 434 601 3979
3979 1 2 7 9 11 13 16
2406 1 2 7 9 11 13 16
2384 1 2 7 9 11 13 16
2392 7 9 11 16 427 434 702 1222
94 1461 1975 1976 1985 1986 3307 3308 6803
6803 7 9 11 16 405 601 699 1088
1975 7 9 11 16 164 166 405 699
1986 7 9 11 16 405 601 699 702
1461 405 699 1144 1437 1443 1447 1453 1462
1453 7 9 11 16 405 699 1033 1222
1447 7 9 11 16 405 699 702 1222
1144 1 2 7 9 11 13 16
1437 1 2 7 9 11 13 16 699
1462 7 9 11 16 405 476 699 702
3308 295 405 699 915 1222 3773 3778 4268
3773 1 2 7 9 11 13 16
915 1 2 7 9 11 13 16
4268 342 405 601 699 703 3974 4262 4265
342 1 2 7 9 11 13 16
4262 1 2 7 9 11 13 16
3974 1 2 7 9 11 13 16
4265 1 2 7 9 11 13 16
3778 7 9 11 16 699 702 3188 6794
3188 1 2 7 9 11 13 16 405
6794 1 2 7 9 11 13 16 699
3307 7 9 11 16 164 166 405 699
1985 7 9 11 16 405 476 699 702
1976 7 9 11 16 166 405 601 699
2412 7 9 11 16 427 434 1033 2400
2400 7 9 11 16 411 427 1222 2401
2401 342 405 427 434 1122 1322 6817
6817 7 9 11 16 166 405 427 1222
411 7 9 11 16 164 166 405 699
7027 7 9 11 16 427 434 435 1088
3779 12 14 15 156 427 428 511 7026
7026 7 9 11 16 166 427 434 601
7031 3 5 6 8 10 147 944 3192
944 12 14 15
3192 3 6 304 384 387 488 715
488 1 2 7 9 11 13 16
384 4 5 8 10 12 14 15 511
147 12 14 15
7030 1 2 13 167 445 475 715 959
445 4 5 8 10 12 14 15 511
959 7 9 11 16
966 3 4 6 297 304 475 512 960
960 1 2 7 9 11 13 16
48 120 566 569 7012 7013 7017
7013 7 9 11 16 557 578 702
7017 7 9 11 16 476 557 578 702
7012 65 166 295 471 556 557 1085 1287
471 1 2 7 9 11 13 16
47 542 546 547 550 5743 5745 6977 6979
6979 7 9 11 16 65 164 166 541
542 219 540 541 1389 1394 1436 4425 6957
1394 7 9 11 16 540 541 1033 1222
4425 1 2 7 9 11 13 16
219 1 2 7 9 11 13 16
1389 7 9 11 16 540 541 1033 1222
6957 7 9 11 16 476 540 541 702
5743 1 2 7 9 11 13 16 540
546 7 9 11 16 541 601 6962 6967
6962 1 2 7 9 11 13 16 540
6967 7 9 11 16 166 540 541 601
547 540 541 782 915 1144 1436 4550 6965
4550 7 9 11 16 540 541 601 1088
6965 7 9 11 16 476 541 601 914
914 1 2 7 9 11 13 16 540
6977 7 9 11 16 540 702 1088 4545
4545 185 295 342 540 541 1085 1088 3974
550 540 541 770 915 4655 4657 6972
4655 7 9 11 16 540 541 1033 1222
6972 7 9 11 16 476 540 541 4651
4651 1 2 7 9 11 13 16
4657 7 9 11 16 164 166 540 541
770 1 2 7 9 11 13 16
5745 1 2 7 9 11 13 16 541
46 3 6 8 10 12 14 15
45 3 5 6 8 10 12 14 15
44 113 526 529 530 2002 2003 2005 2006
526 7 9 11 16 164 166 521 767
2003 7 9 11 16 521 702 3586 3590
3590 1 2 7 9 11 13 16
3586 1 2 7 9 11 13 16 767
529 7 9 11 16 476 521 702 767
2002 1 2 7 9 11 13 16 767
2005 1 2 7 9 11 13 16 521
530 7 9 11 16 521 1222 2015 6947
2015 1 2 7 9 11 13 16 767
6947 7 9 11 16 521 767 1033 1222
2006 295 521 702 703 767 1222 1287 3794
3794 1 2 7 9 11 13 16
113 65 166 295 342 521 523 524 531
523 7 9 11 16 521 601 767 1088
531 7 9 11 16 164 166 521 767
524 7 9 11 16 166 767 1993 1994
1994 7 9 11 16 521 702 767 4192
4192 1 2 7 9 11 13 16
1993 1 2 7 9 11 13 16 521
43 112 301 451 452 1473 1481 6924 6932
1473 167 174 302 384 445 519 715 6922
519 1 2 7 9 11 13 16
6922 3 5 6 8 10 147 174 445
6932 3 5 6 8 10 12 14 15
1481 162 174 304 403 475 483 488 513
6924 3 4 6 167 297 302 475
112 3 4 6 65 303 304 512 5765
5765 1 2 7 9 11 13 16 514
42 110 384 435 452 503 614 6881 6882
503 3 4 6 451 512 535 3890 5800
3890 165 384 451 452 475 513 617 715
5800 1 2 7 9 11 13 16 514
6882 3 5 6 8 10 12 14 15
6881 3 5 6 8 10 12 14 15
41 8 12 14 15 2749 5037 6871 6872
5037 7 9 11 16 702 1143 5039 6868
6868 7 9 11 16 476 557 1148 4689
5039 7 9 11 16 476 557 578 702
2749 7 9 11 16 476 702 1143 1148
6872 7 9 11 16 476 557 578 702
6871 7 9 11 16 476 557 578 702
40 65 164 295 384 451 452 477
39 104 140 167 303 445 487 5814 6859
5814 1 2 7 9 11 13 16 483
104 7 9 11 16 166 167 484 6861
484 7 9 11 16 164 167 445 702
6861 3 5 6 8 10 12 14 15
6859 3 5 6 8 10 12 14 15
487 1 2 7 9 11 13 16
38 65 154 165 451 452 475 477 617
37 100 453 458 460 782 806 989 6852
6852 65 453 456 457 469 472 702 703
469 1 2 7 9 11 13 16
472 1 2 7 9 11 13 16
806 1 2 7 9 11 13 16
458 1 2 7 9 11 13 16 456
460 1 2 13 453 456 703 1085 1287
100 7 9 11 16 456 466 476 6845
466 1 2 7 9 11 13 16 453
6845 1 2 7 9 11 13 16 453
989 1 2 7 9 11 13 16
36 3 4 6 65 98 164 295 512
98 1 2 7 9 11 13 16 445
35 96 433 434 435 439 6843
6843 7 9 11 16 427 434 1088 6841
6841 164 166 427 434 703 930 1085 1287
34 94 166 295 342 405 411 421 6812
421 1 2 3 4 6 13 1936
6812 1 2 3 4 6 13 65 1936
33 92 399 6783
399 301 303 403 475 483 496 513 514
496 1 2 7 9 11 13 16
6783 3 5 6 8 10 65 147 5851
5851 1 2 7 9 11 13 16 384
92 167 303 396 403 445 475 496 715
396 3 5 6 8 10 12 14 15
32 91 380 4403 4409 4419 4532 4981 5008
4419 1 2 7 9 11 13 16 767
4981 4508 4778 4783 4970 4973 4975 6732
4973 1 2 7 9 11 13 16 719
4975 3 4 6 342 601 719 1936 5003
5003 1 2 7 9 11 13 16
6732 1 2 7 9 11 13 16 719
4783 1 2 7 9 11 13 16 699
4778 7 9 11 16 699 1033 1222 6710
6710 1 2 3 4 6 13 1936
4508 1 2 7 9 11 13 16 699
4970 295 601 767 4624 4957 4963 4964 5861
4624 7 9 11 16 164 476 767 1148
4957 7 9 11 16 719 1033 1222 6716
6716 1 2 13 295 1085 1148 2513
5861 1 2 7 9 11 13 16 1148
4964 1 2 7 9 11 13 16
4963 1 2 7 9 11 13 16 719
4532 1 2 7 9 11 13 16 767
4403 7 9 11 16 541 767 1222 4400
4400 1 2 7 9 11 13 16
380 342 572 699 4695 4775 6682 6767 6770
6682 1 2 3 4 6 13 1936
4695 1 2 7 9 11 13 16
6767 1 2 7 9 11 13 16 699
6770 4871 4874 4879 4882 4883 4884 4890
4890 1 2 7 9 11 13 16 184
4882 7 9 11 16 164 184 427 601
4874 1 2 7 9 11 13 16 427
4879 1 2 7 9 11 13 16 427
4884 1 2 7 9 11 13 16 427
4871 7 9 11 16 427 1033 1222 6689
6689 7 9 11 16 476 578 702 1855
1855 1 2 7 9 11 13 16 427
4883 1 2 7 9 11 13 16 427
4775 1 2 7 9 11 13 16 578
5008 1 2 7 9 11 13 16 541
4409 1 2 7 9 11 13 16 541
91 65 368 371 375 376 378 4397 4627
371 1 2 7 9 11 13 16 210
375 1 2 7 9 11 13 16 348
4627 1 2 7 9 11 13 16 348
4397 7 9 11 16 348 1033 1222 6669
6669 1 2 7 9 11 13 16 184
376 7 9 11 16 456 476 4636 4640
4636 1 2 7 9 11 13 16 348
4640 7 9 11 16 210 1033 1222 5880
5880 1 2 7 9 11 13 16 456
368 1 2 7 9 11 13 16 210
378 1 2 7 9 11 13 16 348
31 353 354 355 4794 4896 5887 6645 6648
6648 7 9 11 16 164 166 350 6647
6647 7 9 11 16 65 164 166 348
354 234 348 350 915 4432 4437 4438 6629
4437 7 9 11 16 348 350 476 702
4438 7 9 11 16 348 350 601 702
4432 348 350 806 940 1056 1549
1549 1 2 7 9 11 13 16
1056 1 2 7 9 11 13 16
6629 7 9 11 16 164 166 348 350
234 1 2 7 9 11 13 16
4896 7 9 11 16 164 166 348 350
353 7 9 11 16 348 350 601 1088
4794 295 348 350 770 915 1222 6638 6640
6640 7 9 11 16 348 350 476 4791
4791 1 2 7 9 11 13 16
6638 7 9 11 16 348 350 1033 1222
5887 1 2 7 9 11 13 16 348
6645 7 9 11 16 350 702 1088 4708
4708 185 295 342 348 350 1085 1088 3974
355 219 348 350 356 1144 1374 1436 4558
4558 7 9 11 16 348 350 476 702
1374 7 9 11 16 348 350 1033
356 7 9 11 16 348 350 1033 1222
30 8 12 14 15 346 347
347 167 384 403 445 487 715 969 6625
6625 3 5 6 8 10 12 14 15
969 3 5 6 8 10 147 384 487
346 167 301 403 487 513 514 2421 5902
5902 3 5 6 8 10 12 14 15
2421 3 4 6 297 475
29 85 322 325 326 3708 6547 6616 6617
325 7 9 11 16 556 702 719 1222
6617 340 3474 3483 4336 6498 6499 6610 6613
6499 7 9 11 16 166 556 3488 3489
3488 4 166 244 295 342 601 719 1936
3489 1 2 7 9 11 13 16
3474 7 9 11 16 166 556 719 1222
340 7 9 11 16 348 350 601 702
6610 234 241 348 350 936 1144 1410 1436
1410 1 2 7 9 11 13 16
6498 7 9 11 16 556 601 702 719
3483 7 9 11 16 166 556 601 719
4336 7 9 11 16 348 350 1222 6599
6599 7 9 11 16 166 180 184 601
6613 65 166 210 213 295 331 332 342
331 1 2 7 9 11 13 16 210
332 7 9 11 16 213 601 702 6582
6582 7 9 11 16 210 213 702 1222
85 318 3858 3859 3872 3873 3874 3877 6578
6578 7 9 11 16 540 541 702 1222
3872 7 9 11 16 521 702 767 1222
3877 7 9 11 16 166 540 541 601
3859 521 572 702 703 770 820 3698 6557
3698 7 9 11 16 166 521 601 767
820 7 9 11 16 166 521 767 1222
6557 295 433 702 767 1085 1222 1287 3445
3445 7 9 11 16 521 702 767 1222
318 319 3494 3497 3506 3508 3511 6528 6529
3497 7 9 11 16 166 427 434 601
3494 7 9 11 16 427 434 702 3495
3495 7 9 11 16 434 1222 2881 6506
2881 1 2 7 9 11 13 16 427
6506 7 9 11 16 427 434 601 702
3508 7 9 11 16 166 180 184 601
319 7 9 11 16 557 578 702 6538
6538 405 940 1410 3463 3522 6503 6504 6531
3463 7 9 11 16 166 405 702 3456
3456 7 9 11 16 166 405 601 699
6504 166 181 572 601 699 703 1287 1936
6503 3 4 6 166 295 601 699 1936
3522 7 9 11 16 166 405 699 1222
6531 295 405 699 702 703 915 1085 1222
3506 7 9 11 16 427 434 1222 6514
6514 7 9 11 16 434 1222 6509 6511
6511 7 9 11 16 427 557 702 1222
6509 7 9 11 16 427 578 702 1222
3511 7 9 11 16 166 427 434 1222
6529 295 434 572 702 703 933 1222 2685
933 7 9 11 16 166 427 434 601
6528 7 9 11 16 166 427 434 702
3858 7 9 11 16 521 601 702 767
3874 7 9 11 16 540 541 601 702
3873 342 540 541 3292 3863 3974 4162 6565
3292 7 9 11 16 166 540 767 1222
3863 295 541 572 702 703 915 1222 3865
3865 7 9 11 16 166 540 541 1222
4162 1 2 7 9 11 13 16
6565 7 9 11 16 166 540 541 601
322 7 9 11 16 405 601 699 702
6616 334 337 3465 3961 4082 4090 5912 6593
337 7 9 11 16 453 702 6595 6596
6595 7 9 11 16 210 213 1222
6596 7 9 11 16 210 453 702 1222
5912 1 2 7 9 11 13 16 350
4082 7 9 11 16 166 210 213 601
3465 7 9 11 16 166 350 6590 6591
6591 1 2 7 9 11 13 16 348
6590 7 9 11 16 348 350 1222
4090 7 9 11 16 210 213 702 1222
3961 7 9 11 16 348 453 601 702
334 7 9 11 16 210 213 601 702
6593 7 9 11 16 166 348 350 601
3708 7 9 11 16 405 699 1222 6539
6539 1 2 3 4 6 13 1936
6547 7 9 11 16 405 601 702 1971
1971 1 2 7 9 11 13 16 699
326 7 9 11 16 702 1143 3713 3718
3713 7 9 11 16 556 719 1222 3714
3714 4 166 511 601 719 1443 1936 6550
6550 4 295 511 702 1085 1143 1222 1936
3718 7 9 11 16 166 521 601 767
28 4 84 154 165 211 297 299 573
299 1 2 7 9 11 13 16 301
84 3 4 6 294 297 302 387 6493
294 1 2 7 9 11 13 16
6493 3 5 6 8 10 12 14 15
27 8 12 14 15 288 6487 6488
6487 3 5 6 8 10 12 14 15
6488 162 167 303 304 384 445 715 6484
6484 3 5 6 8 10 12 14 15
288 162 167 301 303 304 475 483 4184
4184 162 301 303 304 513 514 5962
5962 3 5 6 8 10 12 14 15
26 81 286 908 2359 2365 2370 6467 6468
2359 405 412 699 1364 1877 3163 6463
412 7 9 11 16 164 166 405 699
3163 7 9 11 16 405 699 1033 1222
6463 7 9 11 16 166 405 699 1222
1364 1 2 7 9 11 13 16
6467 4 164 166 293 342 405 1936 6466
6466 7 9 11 16 164 699 6464
6464 3 4 6 164 166 295 405 1936
2365 7 9 11 16 427 434 1033 1222
6468 7 9 11 16 427 434 1033 1222
286 854 1394 1404 3300 3301 4068 6445 6474
6474 540 541 770 915 940 1359 6472
6472 7 9 11 16 164 166 540 541
1359 7 9 11 16 540 541 1033 1222
4068 7 9 11 16 521 767 1033 1222
1404 219 540 541 782 936 1389 1410 6443
6443 7 9 11 16 164 166 540 541
3301 7 9 11 16 164 166 541 3292
854 342 767 817 828 844 845 5992 6419
828 295 521 767 820 1033 1085 1221 1877
1221 1 2 7 9 11 13 16
6419 7 9 11 16 164 521 767
845 7 9 11 16 166 767 831 6416
831 7 9 11 16 521 767 1033 1222
6416 1 2 7 9 11 13 16 521
844 7 9 11 16 166 521 767 1222
5992 1 2 7 9 11 13 16 521
817 7 9 11 16 521 767 1033 1222
6445 7 9 11 16 164 166 540 541
3300 1 2 7 9 11 13 16 540
2370 1871 2341 2350 2354 5974 6452 6460 6461
1871 1 2 13 180 184 723 1287 1865
1865 7 9 11 16 348 350 1033 1222
2354 7 9 11 16 348 350 1033 1222
6461 7 9 11 16 166 434 6454 6459
6459 7 9 11 16 164 166 180 184
6454 7 9 11 16 164 166 180 184
6460 7 9 11 16 164 180 184 1374
6452 7 9 11 16 164 434 1033 2334
2334 1 2 7 9 11 13 16 427
2350 7 9 11 16 166 427 2337 2338
2338 427 434 703 722 1222 2339 3089 6450
6450 7 9 11 16 164 166 427 434
2339 7 9 11 16 164 166 427 434
3089 7 9 11 16 164 427 434
2337 7 9 11 16 164 434 1222 2956
2956 1 2 7 9 11 13 16 427
5974 1 2 7 9 11 13 16 427
2341 7 9 11 16 427 434 1033 1222
81 65 278 279 281 283 1912 1920 6000
281 210 213 770 915 940 1915 6402
6402 7 9 11 16 164 166 210 213
1915 7 9 11 16 210 213 1033 1222
1912 7 9 11 16 164 166 210 213
6000 1 2 7 9 11 13 16 213
278 7 9 11 16 164 453 1903 6398
6398 7 9 11 16 166 210 350 1222
1903 1 2 7 9 11 13 16 210
279 7 9 11 16 166 210 237 1900
237 7 9 11 16 210 213 1033 1222
1900 1 2 7 9 11 13 16 213
283 350 814 915 1410 1930 6410 6414 6415
6414 1 2 7 9 11 13 16 350
1930 7 9 11 16 164 166 348 350
6410 1 2 7 9 11 13 16 348
6415 7 9 11 16 164 166 348 1841
1841 7 9 11 16 348 350 1033 1222
814 219 348 350 804 806 815 936 1410
815 7 9 11 16 164 166 348 350
804 1 2 7 9 11 13 16
908 858 859 860 863 880 890 909 6428
858 7 9 11 16 164 166 556 6420
6420 7 9 11 16 166 556 719 1033
909 531 556 835 893 894 902 1380 6437
1380 7 9 11 16 164 166 556 719
6437 166 295 342 521 896 899 905
905 1 2 3 4 6 13 1936
896 3 4 6 164 166 719 772 1936
899 7 9 11 16 556 719 1033 1222
893 7 9 11 16 166 556 719 1222
863 7 9 11 16 405 699 1033 1222
859 342 556 703 719 722 1222 1877 1878
880 7 9 11 16 405 699 1033 1222
890 7 9 11 16 166 699 801 6432
6432 7 9 11 16 164 166 405 699
801 1 2 7 9 11 13 16 405
860 7 9 11 16 164 166 556 719
6428 164 166 295 342 556 1085 6425 6426
6426 7 9 11 16 164 699 719 1222
6425 3 4 6 164 166 699 772 1936
25 65 78 248 254 255 1029 1044 6394
78 268 271 274 2104 2105 2109 6371 6372
271 219 540 541 695 2035 2424 2431 6381
2035 540 541 915 989 1501 1549 1551 2032
1501 1 2 7 9 11 13 16
1551 1 2 7 9 11 13 16
2032 1 2 7 9 11 13 16
2424 1 2 7 9 11 13 16
6381 7 9 11 16 540 1033 1222 6017
6017 1 2 7 9 11 13 16 541
2431 7 9 11 16 476 540 541 702
2104 7 9 11 16 427 1033 1222 2438
2438 154 174 427 557 573 578 1308 2038
1308 1 2 7 9 11 13 16
2038 1 2 7 9 11 13 16
274 275 540 541 813 1508 1513 2773 2774
275 164 166 295 540 541 1001 6006 6386
6006 1 2 7 9 11 13 16 521
6386 1 2 7 9 11 13 16 767
1001 1 2 7 9 11 13 16 767
813 1 2 7 9 11 13 16
1513 1 2 13 295 540 541 915 1501
2774 7 9 11 16 601 702 767 6008
6008 1 2 7 9 11 13 16 521
1508 1 2 7 9 11 13 16
2773 7 9 11 16 476 521 767 1222
6372 7 9 11 16 427 601 1088 6028
6028 1 2 7 9 11 13 16 434
6371 7 9 11 16 427 434 601 2108
2108 1 2 7 9 11 13 16 427
268 269 556 2027 2286 2457 2463 2467 2476
2476 7 9 11 16 556 601 1088 6026
6026 1 2 7 9 11 13 16 719
2467 1 2 7 9 11 13 16 719
2286 1 2 7 9 11 13 16
2457 7 9 11 16 476 556 702 719
2027 7 9 11 16 164 166 556 719
269 7 9 11 16 719 1033 1222 6375
6375 7 9 11 16 556 1033 1222 2478
2478 1 2 7 9 11 13 16 719
2463 1 2 7 9 11 13 16
2109 7 9 11 16 427 476 702 2111
2111 7 9 11 16 434 476 702 4901
4901 7 9 11 16 427 434 702 1222
2105 7 9 11 16 427 434 1033 1222
254 210 213 219 918 1557 1558 1562 2043
1558 1 2 13 295 348 350 1560 6084
1560 7 9 11 16 453 702 1088 2449
2449 7 9 11 16 164 453 1088 2451
2451 7 9 11 16 164 453 456 476
6084 1 2 7 9 11 13 16 456
2043 1 2 7 9 11 13 16
918 1 2 7 9 11 13 16
1562 1 2 7 9 11 13 16
1557 1 2 13 210 219 295 456 6089
6089 1 2 7 9 11 13 16 453
6394 261 263 1019 2096 2097 6360 6361 6389
261 295 427 434 1033 2080 2981 2984 2987
2987 1 2 7 9 11 13 16
2981 7 9 11 16 164 166 427 434
2080 1 2 13 295 427 434 2082 6053
6053 1 2 7 9 11 13 16 180
2082 7 9 11 16 164 166 184 2756
2756 164 180 184 295 427 434 990 2758
2758 7 9 11 16 184 601 1088 6353
6353 7 9 11 16 166 180 434 1088
990 1 2 7 9 11 13 16
2984 1 2 7 9 11 13 16
6361 180 348 350 723 1122 1542 2091 3321
2091 1 2 7 9 11 13 16
3321 1 2 7 9 11 13 16
1542 1 2 7 9 11 13 16
2096 7 9 11 16 348 350 476 702
2097 7 9 11 16 348 476 601 3203
3203 7 9 11 16 348 350 476 702
6360 7 9 11 16 348 350 1033 1222
1019 1 2 13 295 348 350 1013 1016
1013 1 2 7 9 11 13 16
1016 1 2 7 9 11 13 16
6389 251 252 1497 2056 2060 2069 6351 6352
6352 7 9 11 16 601 767 1088 2071
2071 7 9 11 16 166 521 601 767
251 295 405 699 915 1033 1222 1516 1519
1516 1 2 7 9 11 13 16
1519 1 2 7 9 11 13 16
252 166 295 405 699 1531 1544 6093 6329
1531 7 9 11 16 476 557 578 702
1544 1 2 13 295 405 578 699 1537
1537 1 2 7 9 11 13 16
6093 7 9 11 16 476 557 578 702
6329 405 699 915 989 1028 1501 1549 1551
1028 1 2 7 9 11 13 16
2060 1 2 13 295 521 767 1148 1281
1281 7 9 11 16
2069 7 9 11 16 702 1143 6347 6348
6348 3 4 6 154 166 601 1148 1936
6347 1 2 4 13 511 719 1308 1936
6351 1 2 7 9 11 13 16 521
1497 7 9 11 16 476 702 1143 1148
2056 7 9 11 16 164 166 767 2058
2058 1 2 13 165 295 521 767 2054
2054 1 2 7 9 11 13 16
263 7 9 11 16 350 1088 1528 6367
1528 7 9 11 16 166 348 1530
1530 7 9 11 16 164 350 601 1181
1181 1 2 7 9 11 13 16 348
6367 7 9 11 16 348 350 601 1088
248 7 9 11 16 405 1033 1222 6320
6320 7 9 11 16 699 1033 1222 6316
6316 7 9 11 16 164 166 556 719
1044 1 2 13 295 556 719 722 1046
1046 7 9 11 16 164 719 1222 6103
6103 1 2 7 9 11 13 16 556
255 210 213 989 1501 1549 1568 1571 1577
1577 1 2 7 9 11 13 16
1568 210 213 295 813 1033 1222 2999 3002
2999 1 2 7 9 11 13 16
3002 1 2 7 9 11 13 16
1571 1 2 13 210 213 295
1029 7 9 11 16 405 476 702 1031
1031 1 2 7 9 11 13 16 699
24 3 6 8 10 12 14 15
23 224 226 229 230 1852 1853 5069 6312
1852 1 2 7 9 11 13 16 350
1853 7 9 11 16 348 601 1088 1841
226 7 9 11 16 210 227 1088 5112
227 7 9 11 16 210 213 601 1088
5112 213 295 661 770 1056 1222 1915 5113
5113 7 9 11 16 210 213 601 1222
224 348 350 989 1056 1549 6210 6212
6212 7 9 11 16 348 350 601 1088
6210 1 2 7 9 11 13 16 348
6312 65 210 213 219 234 241 6309 6311
6309 7 9 11 16 213 242 1088 1222
242 1 2 7 9 11 13 16 210
6311 7 9 11 16 222 237 453 1088
222 7 9 11 16 210 1222 6205
6205 295 350 453 601 703 1085 1088 1901
1901 1 2 7 9 11 13 16 210
230 2659 2663 2664 2689 2699 5094 6235 6236
6236 7 9 11 16 427 434 601 1088
2699 405 433 699 1849 2365 2692 6254 6256
6256 7 9 11 16 427 434 1033 1222
6254 3 4 6 295 405 601 1088 1936
2692 405 699 1364 1877 3163 3723 6251
6251 295 405 699 703 1085 1088 1222 2286
2659 7 9 11 16 427 601 2661
2661 7 9 11 16 434 1088 1222 2112
2112 1 2 7 9 11 13 16 427
5094 1389 1394 5079 5083 5086 5092 6292 6293
6293 7 9 11 16 540 541 601 1088
6292 7 9 11 16 540 541 1088 1222
5086 7 9 11 16 521 601 767 1088
5079 7 9 11 16 601 767 831 5080
5080 7 9 11 16 521 1222 3157 6280
3157 1 2 7 9 11 13 16 767
6280 7 9 11 16 521 601 767 1088
5092 7 9 11 16 521 601 823 6286
6286 7 9 11 16 601 767 817 1222
823 7 9 11 16 521 767 1033 1222
5083 241 540 541 770 779 1359 4068 6278
779 7 9 11 16 540 767 781 1222
781 7 9 11 16 540 541 601 1088
6278 7 9 11 16 540 541 601 1088
2664 7 9 11 16 427 434 1033 1222
2663 7 9 11 16 427 434 601 1088
2689 1374 1865 2354 2681 6245 6246 6248
6246 7 9 11 16 184 434 601 1763
1763 7 9 11 16 180 184 1088
6245 7 9 11 16 180 184 601
2681 7 9 11 16 180 184 601 1088
6248 7 9 11 16 180 184 601 1088
6235 7 9 11 16 427 1088 1222 2665
2665 7 9 11 16 427 434 601 1088
229 880 2324 2656 2929 2930 2935 6271 6300
6300 7 9 11 16 556 601 719 1088
6271 7 9 11 16 405 1222 2937 6270
6270 7 9 11 16 405 601 699 2943
2943 1 2 7 9 11 13 16
2935 4 244 601 863 1088 1936 6129 6265
6265 7 9 11 16 556 601 719 1088
6129 1 2 7 9 11 13 16 699
2930 433 556 719 930 1221 1877 1878 2286
2656 899 902 1377 2641 2652 2653 6224 6225
2653 7 9 11 16 521 601 894 1088
1377 1 2 7 9 11 13 16 556
2641 7 9 11 16 556 601 719 1088
2652 295 601 661 719 767 772 1849 6222
6222 1 2 3 4 6 13 1936
6224 7 9 11 16 556 601 719 1222
6225 7 9 11 16 556 601 719 1088
2929 1 2 7 9 11 13 16 556
2324 7 9 11 16 405 601 699 1088
5069 7 9 11 16 350 1088 1222 5071
5071 7 9 11 16 348 350 601 1088
22 180 184 189 3656 3657 4388 6197 6198
6198 1 2 13 180 184 202 703 1287
202 1 2 7 9 11 13 16
3656 1 2 7 9 11 13 16
3657 1 2 7 9 11 13 16
189 7 9 11 16 164 166 180 184
4388 1 2 7 9 11 13 16
6197 1 2 13 65 180 184 703 1287
21 65 72 165 167 384 445 715 2416
72 162 165 174 301 475 483 513 514
2416 1 2 7 9 11 13 16
20 8 12 14 15 69
69 3 5 6 8 10 147 153 944
153 3 4 6 12 14 15 295 476
19 3 4 6 65 156 295 476 595
595 12 14 15
18 5 8 10 12 14 15 154 215
17 3 6 8 12 14 15 63 389
63 3 5 6 8 10 147 158 6168
158 4 12 14 15 156 244 295 476
6168 3 4 6 12 14 15 3682
3682 5 7 8 9 10 11 16 476
