62 143 165 513 519 691 2601
691 3 6 383 389 447 7451
447 3 4 6 164 295 512
164 1 2 13
512 5 8 10 12 14 15
295 7 9 11 16
383 5 8 10 12 14 15
389 5 8 10 12 14 15
7451 4 293 512 573 7446 7450
573 7 9 11 16 702
702 1 2 13
7450 3 6 383 943 983 1786
943 5 8 10 12 14 15
1786 3 4 6 295 512 702
983 5 8 10 12 14 15
293 3 6
7446 3 5 6 8 10 944
944 12 14 15
519 7 9 11 16 164 702
513 3 4 6 512
165 7 9 11 16 166
166 1 2 13
143 451 452 480 514 516 7453
516 3 6 512
452 7 9 11 16 702
451 7 9 11 16 164
514 3 4 6 512
7453 3 4 6 65 302 512
302 7 9 11 16 164
65 8 12 14 15
480 7 9 11 16 166
2601 7 9 11 16 166 702
61 140 483 688 5291 7438 7439
483 3 4 6 297
297 5 8 10 12 14 15
7438 3 6 65 387
387 5 8 10 12 14 15
140 301 483 2603 2605 5214 6858
5214 7 9 11 16 164 702
2605 3 4 6 165 297 2601
6858 3 6 291 297 391 677
291 5 8 10 12 14 15
677 5 8 10 12 14 15
391 5 8 10 12 14 15
301 3 4 6 297
2603 7 9 11 16 164 702
688 7 9 11 16 166 702
5291 3 4 6 295 297 476
476 1 2 13
7439 3 4 6 297 391 689
689 7 9 11 16 164 702
60 165 483 519 2601 7435 7436
7436 3 4 6 297 302 685
685 1 2 13 295
7435 3 6 65 147 156 944
147 12 14 15
156 5 8 10
59 137 667 4242 4243 4604 4620
4604 405 699 1033 1287 4599 4602
4602 1 2 13 1287 3658 3659
3659 7 9 11 16 164
3658 7 9 11 16 164
4599 202 476 1222 1287 3656 4600
202 7 9 11 16 166
3656 7 9 11 16 166
1222 1 2 13
4600 7 9 11 16 164 702
699 4 12 14 15 511 945
945 5 8 10
511 3 6
405 4 12 14 15 511 945
1033 1 2 13
1287 7 9 11 16
137 665 669 672 3677 7366 7429
7429 3 4 6 65 451 512
665 210 452 480 513 1196 5383
1196 7 9 11 16 164
5383 4 164 293 295 512 702
210 4 12 14 15 156 211
211 3 6
672 210 2598 4054 4381 4384 5294
2598 1 2 13 210 1287 2600
2600 213 723 1033 1222 1287 1368
723 7 9 11 16 166
213 4 12 14 15 156 211
1368 7 9 11 16 166
4384 7 9 11 16 164 166
4054 210 213 3437 3440 4049 4052
4052 7 9 11 16 601 4053
4053 7 9 11 16 702 1088
1088 1 2 13
601 1 2 13
3440 7 9 11 16 1088
4049 7 9 11 16 601 4051
4051 7 9 11 16 166 1088
3437 7 9 11 16 1088
4381 210 213 4375 4378 4858 4859
4859 7 9 11 16 702
4378 7 9 11 16 476 702
4375 7 9 11 16 476 1222
4858 7 9 11 16 476
5294 213 786 1803 2183 2191
1803 7 9 11 16 164
2191 7 9 11 16 166
786 7 9 11 16 164
2183 7 9 11 16 164
7366 3 6 213 383 943 1288
1288 7 9 11 16 166
669 348 671 4319 4322 4324 7423
671 210 213 3137 4309 4312 4315
4312 7 9 11 16 1033 1222
4309 453 3637 3658 4303 4311 5181
3637 7 9 11 16 702
5181 7 9 11 16 1088
453 4 12 14 15 156 244
244 3 6
4311 164 166 348 350 1287 7421
7421 348 350 601 1088 1287 5306
5306 7 9 11 16 456 476
456 4 12 14 15 156 244
350 3 4 6 351
351 5 8 10 12 14 15
4303 7 9 11 16 164 1088
3137 453 456 1196 1303 3134 5304
1303 7 9 11 16 476
5304 7 9 11 16 210 1222
3134 7 9 11 16 702 1088
4315 7 9 11 16 1033 1222
348 4 5 8 10 211 662
662 12 14 15
7423 7 9 11 16 166 350
4324 7 9 11 16 164 1222
4319 1 2 13 348 350 1287
4322 348 350 720 806 5036
5036 7 9 11 16 164
720 7 9 11 16 164
806 7 9 11 16 164
3677 1 2 13 210 213 1287
4243 767 3674 4369 4694 4996 7409
4694 4848 4849 4946 5319 5320 7406
4848 521 767 1088 1148 1287 1294
1294 7 9 11 16 476
521 3 4 6 351
1148 4 5 8 10 511 662
4849 1 2 13 521 767 1287
7406 7 9 11 16 702 1143
1143 3 4 6 351
4946 521 767 1303 4593 4940 4943
4943 1 2 13 723 786 1287
4593 521 767 1368 1803 2183 2191
4940 702 723 1033 1287 1803 4942
4942 7 9 11 16 164 1222
5320 7 9 11 16 476 1148
5319 7 9 11 16 719 1222
719 4 12 14 15 156 293
767 3 4 6 351
7409 521 767 1368 2191 4684 4999
4999 7 9 11 16 601 1088
4684 7 9 11 16 601
3674 540 541 3637 3638 3667 3670
3638 540 541 3634 3637 3929 5199
3634 7 9 11 16 476 702
3929 7 9 11 16 601
5199 7 9 11 16 601
540 3 4 6 351
3670 7 9 11 16 1033 1222
3667 540 541 3662 3664 5199 7404
7404 7 9 11 16 164 1088
3662 7 9 11 16 601 1088
3664 7 9 11 16 166 1088
541 4 5 8 10 244 662
4996 7 9 11 16 601 1088
4369 541 3920 3923 4155 4370 5332
3920 1 2 13 1287 3658 3659
4155 521 767 4147 4151 4152 4154
4147 521 767 1292 4144 4145
1292 7 9 11 16 476
4145 7 9 11 16 476
4144 7 9 11 16 476
4151 7 9 11 16 702
4152 7 9 11 16 476 601
4154 7 9 11 16 476 1222
5332 1 2 13 540 1287 3658
4370 521 767 4027 4031 4365 4368
4368 7 9 11 16 1033 1222
4027 7 9 11 16 1222
4365 7 9 11 16 1033 1222
4031 1 2 13 540 541 1287
3923 202 540 541 2255 3656 3916
3916 1 2 13 540 541 1287
2255 7 9 11 16 1088
4242 405 699 3925 3929 4494 4612
4612 405 699 3653 4607 7395
7395 3 4 6 164 166 1936
1936 5 8 10 12 14 15
3653 556 3641 3647 3650 3654
3641 1 2 13 723 1287
3654 556 598 719 1088 1287 3648
598 3 4 6 166 1936
3648 1 2 13 1287 1803 2183
3650 1 2 13 1287 1368 2191
3647 1 2 13 556 719 1287
556 4 12 14 15 156 293
4607 7 9 11 16 1033 1222
3925 7 9 11 16 476 702
4494 556 719 3834 4489 4492 4496
4496 556 4470 4478 4482 4488
4478 556 719 1292 4144 4145 4473
4473 7 9 11 16 476 601
4482 7 9 11 16 1033 1222
4470 7 9 11 16 702 1088
4488 556 719 1794 4145 4483 4738
4483 7 9 11 16 1033
4738 7 9 11 16 702
1794 7 9 11 16 1222
4489 7 9 11 16 166 1088
4492 7 9 11 16 601 1088
3834 556 719 723 786 1803 2183
667 427 723 3933 5382 7415 7417
7415 184 3656 4041 4048 7368 7414
184 4 12 14 15 293 945
4041 7 9 11 16 601 1088
7414 180 184 202 1196 1288 7413
180 4 12 14 15 293 945
7413 180 184 202 3656 3658 3659
7368 1 2 13 427 434 1287
434 4 12 14 15 244 945
4048 180 427 434 1288 4037 4043
4043 7 9 11 16 601 1088
4037 1 2 13 427 434 1287
5382 202 434 3656 3658 3659 5199
7417 3129 3840 3841 4236 4237 7380
3841 180 184 350 1196 1288 1313
1313 7 9 11 16 1033
4236 348 1773 1781 4223 4226 4232
4226 7 9 11 16 166 1088
4223 234 348 350 1144 4221 4225
4221 7 9 11 16 702
234 7 9 11 16 601
1144 7 9 11 16 702
4225 348 350 1294 1316 3434 4222
3434 348 350 1141 1294 1820 3433
1820 7 9 11 16 476
1141 7 9 11 16 702
3433 7 9 11 16 476
4222 7 9 11 16 476 702
1316 7 9 11 16 601
4232 234 348 350 1316 1636 4229
1636 7 9 11 16 1088
4229 7 9 11 16 164 601
1773 7 9 11 16 601 1088
1781 7 9 11 16 350 1088
3840 7 9 11 16 348 1222
4237 427 1774 4238 4501 4502 4506
4501 557 578 1141 1144 4221 4756
557 4 12 14 15 156 511
578 4 12 14 15 156 511
4756 7 9 11 16 476 702
1774 7 9 11 16 601
4238 434 1794 4498 4503 4751
4503 7 9 11 16 702 4504
4504 7 9 11 16 601 1088
4498 427 4749 4759 7382
4759 7 9 11 16 1033
7382 7 9 11 16 476 702
4749 7 9 11 16 476 702
4751 7 9 11 16 476 1222
4502 427 434 4746 4747 4754 4759
4746 1 2 13 557 578 1287
4754 7 9 11 16 1033
4747 7 9 11 16 427 1222
4506 7 9 11 16 601 1088
7380 348 350 1133 1313 3128
1133 7 9 11 16 1033
3128 7 9 11 16 1033
3129 348 350 1141 1445 3125 3128
3125 7 9 11 16 1222
1445 7 9 11 16 1222
427 4 12 14 15 244 945
3933 7 9 11 16 164 166
4620 578 1144 4221 4615 7401 7403
7401 405 557 699 1288 1294 1311
1311 7 9 11 16 601
4615 557 578 1294 1820 3433 7402
7402 4 164 166 293 1936 7400
7400 405 578 699 1141 1196 2255
7403 202 405 699 3656 3929 4617
4617 7 9 11 16 601 1088
58 8 12 14 15
57 646 650 651 652 653 7360
650 210 213 3264 3265 5123 5126
5126 7 9 11 16 1033 1222
3265 210 453 661 772 1312 3261
661 7 9 11 16 1088
3261 7 9 11 16 702
1312 7 9 11 16 1222
772 7 9 11 16 1222
3264 1 2 13 453 456 703
703 7 9 11 16
5123 7 9 11 16 1033 1222
651 348 350 4820 4823 4826 4916
4823 7 9 11 16 164 166
4826 7 9 11 16 164 1222
4916 453 455 1436 4912 7291 7293
4912 7 9 11 16 164 1088
7291 1 2 13 348 350 703
7293 164 348 350 456 703 3907
3907 7 9 11 16 476
1436 7 9 11 16 702
455 7 9 11 16 456 476
4820 1 2 13 348 350 703
646 210 3407 3413 3421 3424 7285
3421 210 213 3417 3420 4710 4711
4711 7 9 11 16 1222
3420 7 9 11 16 476 702
4710 7 9 11 16 702
3417 7 9 11 16 476 702
3413 213 1221 1239 2238 3410 4021
4021 7 9 11 16 166 1033
1239 7 9 11 16 166
1221 7 9 11 16 1222
3410 7 9 11 16 164 166
2238 1 2 13 210 703
3424 7 9 11 16 601 1088
7285 210 213 938 990 3401 3427
3401 7 9 11 16 601
990 7 9 11 16 1088
938 7 9 11 16 166
3427 7 9 11 16 702 1088
3407 7 9 11 16 164 166
652 3260 4590 4678 7315 7316 7355
7315 180 184 185 661 2191 4587
4587 7 9 11 16 164
185 7 9 11 16 601
7355 3910 4718 4728 4736 4836 4842
4718 405 699 1220 1221 4715 4720
4715 1 2 13 703 4716
4716 7 9 11 16 164
4720 405 699 782 936 4714 4716
4714 1 2 13 703 1224
1224 7 9 11 16 166
936 7 9 11 16 166
782 7 9 11 16 164
1220 7 9 11 16 1033
3910 241 405 457 699 1436 3906
241 7 9 11 16 601
457 7 9 11 16 476
3906 7 9 11 16 476 702
4836 556 600 661 719 4831 4838
4831 1 2 13 703 1237 1264
1264 7 9 11 16
1237 7 9 11 16 164
600 3 4 6 601 1936
4838 471 719 1220 1221 4025 5420
471 7 9 11 16 702
5420 185 343 366 556 938 1239
343 7 9 11 16 166
366 7 9 11 16 164
4025 471 556 660 719 1221 4021
660 7 9 11 16 476
4842 405 699 1320 1443 4839 7336
4839 7 9 11 16 1033 1222
7336 3 4 6 601 1088 1936
1443 7 9 11 16 1222
1320 7 9 11 16 1033
4736 241 405 699 936 1224 4731
4731 7 9 11 16 601 1088
4728 557 578 2227 2587 4730 7326
2227 7 9 11 16 476
4730 185 405 578 1294 4721 7328
7328 1 2 13 405 699 703
4721 557 578 609 1141 1294 4911
609 3 4 6 601 1088 1936
4911 7 9 11 16 702
2587 7 9 11 16 476
7326 3 4 6 601 1088 1936
3260 180 184 232 990 1413 3428
1413 7 9 11 16 601
3428 7 9 11 16 1088
232 7 9 11 16 1088
7316 180 184 1300 1768 2191 7313
1768 7 9 11 16 601
7313 180 184 601 703 786 1088
1300 7 9 11 16 601
4590 427 434 3616 4576 4577 4578
3616 7 9 11 16 601
4578 7 9 11 16 164 166
4577 180 184 232 1300 3428 7310
7310 1 2 13 427 434 703
4576 184 343 427 1413 2913 7309
7309 184 427 434 471 1221 1768
2913 1 2 13 427 434 703
4678 427 4569 4667 4673 4679 5439
4667 7 9 11 16 1033 1222
4673 476 557 578 703 2231 7320
2231 471 557 578 1141 2227 2228
2228 7 9 11 16 702
7320 427 471 557 772 1308 1312
1308 7 9 11 16 1222
5439 7 9 11 16 434 1033
4679 427 434 1436 3261 3616 4675
4675 7 9 11 16 601 1088
4569 427 434 457 3907 4565 4566
4565 7 9 11 16 702 1033
4566 7 9 11 16 476 1222
653 3617 3624 4464 5029 7299 7356
5029 521 767 2222 5025 5028 5031
5031 521 1225 3272 3280 5024 5394
1225 540 541 936 1220 1221 1224
5024 185 540 541 661 782 5019
5019 1 2 13 703 4716
3280 521 767 1266 2244 3266 3275
3275 7 9 11 16 476 601
1266 7 9 11 16 1222
3266 7 9 11 16 702
2244 7 9 11 16 476
5394 1 2 13 541 703 4716
3272 7 9 11 16 476 702
2222 164 166 540 541 703 2223
2223 7 9 11 16 767 1222
5028 7 9 11 16 1033 1222
5025 7 9 11 16 1033 1222
3617 241 540 541 1436 3614 3616
3614 7 9 11 16 476 702
7356 767 1250 2591 4937 4989 7348
4989 7 9 11 16 601 1088
4937 556 2248 2254 4925 4931 7342
4925 556 719 4810 4812 4919 4922
4919 7 9 11 16 476 601
4812 7 9 11 16 476 601
4810 7 9 11 16 702
4922 7 9 11 16 476 1088
2254 556 719 1266 2240 2244 2249
2249 7 9 11 16 1033
2240 7 9 11 16 702
2248 7 9 11 16 1033 1222
7342 556 719 990 1413 4934 4986
4934 7 9 11 16 164 166
4986 7 9 11 16 1088
4931 7 9 11 16 164 601
1250 521 938 1239 1242 1244 1251
1251 476 521 703 767 1222 1247
1247 1 2 13 703 784 916
916 7 9 11 16 166
784 7 9 11 16 164
1244 1 2 13 703 916 1246
1246 7 9 11 16 164
1242 7 9 11 16 164 767
7348 232 521 990 1413 1769 3428
1769 521 767 938 1239 1300 1768
2591 1148 1294 2227 2587 2593 7346
2593 476 703 1148 2582 5409 7347
7347 1 2 13 703 767 5404
5404 7 9 11 16 702 1143
5409 7 9 11 16 702 1143
2582 7 9 11 16 719 1222
7346 1 2 13 521 703 767
3624 231 241 540 541 3620 3622
3622 7 9 11 16 166 1088
231 7 9 11 16 1088
3620 7 9 11 16 601 3621
3621 7 9 11 16 164 1088
4464 4449 4460 4461 5451 7304 7306
4449 348 1316 2655 3399 4444 4450
4444 7 9 11 16 476 702
3399 7 9 11 16 350 702
2655 7 9 11 16 601
4450 350 1141 1294 2227 2587
5451 7 9 11 16 348 1222
4461 348 350 1270 1300 2655 4456
4456 7 9 11 16 1088
1270 7 9 11 16 601
7306 348 1230 1234 1313 1859 3829
3829 7 9 11 16 350 1033
1859 7 9 11 16 1033
1234 7 9 11 16 350 1222
1230 7 9 11 16 702 1033
7304 180 184 185 350 661 1313
4460 350 720 1270 1300 1316 4454
4454 7 9 11 16 166 348
7299 540 541 1320 1436 1443 3629
3629 7 9 11 16 1033 1222
7360 65 210 213 660 661 7359
7359 1 2 13 210 213 703
56 630 1754 1757 1760 7281 7282
630 1715 1718 1727 1751 7198 7201
1751 1731 1738 1739 1740 1743 7218
1740 344 541 1196 1742 2915 5533
2915 7 9 11 16 1088
1742 540 574 1285 2915 3251 3253
3253 541 702 1033 1085 1287 3255
1085 7 9 11 16
3255 1 2 13 540 1085 1287
1285 7 9 11 16 476
3251 1 2 13 541 1085 1287
574 7 9 11 16 702
5533 1 2 13 540 1085 1287
344 7 9 11 16 166
1731 540 697 1733 2866 2871 5537
2866 7 9 11 16 541 1033
2871 7 9 11 16 1033
1733 540 541 911 2853 2856 2859
2859 7 9 11 16 476 601
911 7 9 11 16 702
2856 7 9 11 16 476 702
2853 540 541 1144 2847 2850
2847 7 9 11 16 476 1222
2850 7 9 11 16 702 1033
697 7 9 11 16 1033
5537 7 9 11 16 541 1222
1743 541 1137 1636 1745 3380 5529
1745 540 541 804 3363 3366 3369
804 7 9 11 16 164
3363 540 541 806 3357 3360
3360 7 9 11 16 166 1088
3357 7 9 11 16 164 601
3366 7 9 11 16 164 166
3369 7 9 11 16 164 1222
1137 7 9 11 16 1088
5529 7 9 11 16 540 1088
3380 7 9 11 16 601 1088
1739 521 767 1294 1688 2207 3245
3245 7 9 11 16 702 1033
1688 7 9 11 16 1222
2207 7 9 11 16 1222
1738 521 767 911 920 922 1122
1122 7 9 11 16 1222
920 7 9 11 16 702
922 7 9 11 16 1222
7218 767 922 1730 2207 7215 7216
7216 521 697 767 1122 1313 1748
1748 7 9 11 16 1033 1222
7215 7 9 11 16 521 1033
1730 164 166 540 541 1085 1287
7198 767 1033 1085 1222 1287 5542
5542 165 521 1033 1085 1222 1287
1718 521 574 767 1285 1303 1311
7201 521 1145 1155 1158 1166 5558
1145 344 521 767 1089 1146 1196
1146 7 9 11 16 476 1148
1089 7 9 11 16 164
5558 7 9 11 16 476 1148
1158 7 9 11 16 164 166
1166 521 720 767 804 853 1161
853 7 9 11 16 164
1161 7 9 11 16 164
1155 7 9 11 16 702 1143
1715 344 521 767 926 1311 2915
926 7 9 11 16 601
1727 1681 2508 2524 2525 5545 7197
2508 556 719 995 1141 2502 2505
995 7 9 11 16 476
2502 7 9 11 16 476 702
2505 7 9 11 16 476 702
5545 7 9 11 16 719 1033
2524 574 719 1118 1143 1445 7191
1118 7 9 11 16 1222
7191 1 2 4 13 511 1936
1681 767 1660 1661 1668 1675 7187
7187 521 767 920 1316 1412 1678
1412 7 9 11 16 1088
1678 7 9 11 16 1088
1661 521 767 991 1137 1316 1653
991 7 9 11 16 1088
1653 7 9 11 16 164 601
1668 521 767 911 1064 1663 1666
1663 7 9 11 16 476 702
1064 7 9 11 16 476
1666 7 9 11 16 476
1675 7 9 11 16 601 1088
1660 7 9 11 16 166 767
2525 556 719 835 1313 2520 7192
2520 7 9 11 16 1033
835 7 9 11 16 1222
7192 476 719 772 1085 1148 1312
7197 556 719 835 1141 2532 4204
2532 7 9 11 16 1222
4204 7 9 11 16 702
1760 405 699 1762 3118 3121 7240
1762 405 699 3115 4133 4136 7237
4133 7 9 11 16 702 1088
3115 174 405 699 2244 4138 4141
174 7 9 11 16 702
4138 7 9 11 16 476 702
4141 7 9 11 16 476
7237 174 405 699 949 1413 2286
949 7 9 11 16 1088
2286 7 9 11 16 601
4136 7 9 11 16 476 601
3118 7 9 11 16 166 1088
7240 234 405 699 1056 1412 1413
1056 7 9 11 16 601
3121 7 9 11 16 601 1088
7282 625 1207 5568 7172 7175 7280
5568 7 9 11 16 164 405
1207 7 9 11 16 166 699
625 427 1202 1204 2878 2882 2890
2882 7 9 11 16 476 702
2890 427 434 920 1122 1140 2885
1140 7 9 11 16 702
2885 7 9 11 16 476
1204 434 2899 2900 2901 2904 7164
2900 174 557 574 578 3806 7159
7159 476 557 578 1085 1287 7155
7155 7 9 11 16 427 1222
3806 7 9 11 16 702
2901 174 557 578 1060 2903 3396
2903 557 578 995 1294 1820 3393
3393 7 9 11 16 476 702
3396 7 9 11 16 476 702
1060 7 9 11 16 476
7164 427 434 697 1313 1794 2907
2907 7 9 11 16 1033
2904 7 9 11 16 1033 1222
2899 427 434 922 1122 1322 7158
1322 7 9 11 16 1033
7158 476 557 574 578 1085 5578
5578 7 9 11 16 427 1222
1202 427 434 1137 1636 2894 7153
2894 7 9 11 16 601 1088
7153 232 427 434 1316 1412 1777
1777 7 9 11 16 1088
2878 427 434 920 1316 2880 7150
2880 427 434 911 1144 1679 2873
1679 7 9 11 16 1088
2873 7 9 11 16 476 601
7150 427 434 956 1064 1140 1774
956 7 9 11 16 601
7175 1213 1214 4116 5570 5571 7167
1214 405 699 841 853 4284 4357
841 7 9 11 16 166
4357 7 9 11 16 476 702
4284 699 1033 1085 1222 1287 4286
4286 405 496 722 1033 1085 1287
722 7 9 11 16 166
496 7 9 11 16 166
5570 7 9 11 16 578 702
1213 405 1085 1222 1287 4356 7168
4356 7 9 11 16 166 476
7168 7 9 11 16 166 702
7167 601 699 1085 1088 1287 7166
7166 3 4 6 164 166 1936
5571 1 2 13 405 1085 1287
4116 344 405 408 699 1089 1196
408 3 4 6 166 1936
7280 626 633 2199 5501 7251 7276
2199 348 350 922 1122 1140 1688
633 184 1368 2179 2183 2198 7248
7248 180 184 786 1803 2191
2179 348 922 1688 2180 2207 7245
2180 180 184 723 1136 1196 1288
1136 7 9 11 16 350 1033
7245 180 348 350 1122 1322 1368
2198 180 184 789 2191 2192 2194
789 180 184 723 786
2192 7 9 11 16 1088
2194 7 9 11 16 164 601
5501 7 9 11 16 348 1033
7276 65 453 622 1189 1192 7148
7148 164 166 348 350 1085 1287
1192 7 9 11 16 164 1088
1189 344 348 350 926 1311 2915
622 350 1172 1178 1186 1657 1658
1172 165 830 1033 1085 1222 1287
830 7 9 11 16 166
1178 348 1033 1085 1167 1222 1287
1167 348 350 574 1285 1303 1311
1658 7 9 11 16 166
1186 165 348 350 804 1182 7146
1182 7 9 11 16 164 166
7146 348 350 720 806 1185
1185 7 9 11 16 164
1657 7 9 11 16 166
7251 348 350 697 1120 1313 2207
1120 7 9 11 16 1033
626 210 627 1684 1687 1692 1703
1692 210 213 1120 1122 1133 1322
627 210 213 1122 1140 1706 1709
1709 7 9 11 16 1033 1222
1706 7 9 11 16 702 1033
1684 453 456 1196 1303 3351 3354
3351 1 2 13 453 456 1085
3354 1 2 13 174 1085 1287
1703 453 804 806 853 1700 5564
1700 7 9 11 16 702
5564 7 9 11 16 456 476
1687 7 9 11 16 1222
7172 162 405 699 784 804 806
162 7 9 11 16 164
1754 556 2151 2157 2162 7227 7228
2162 556 719 720 722 1888 2154
2154 7 9 11 16 164
1888 7 9 11 16 164
7228 232 556 1137 1636 2166 2838
2166 7 9 11 16 601 719
2838 7 9 11 16 702
2151 719 940 1410 2141 2145 5524
1410 7 9 11 16 166
940 7 9 11 16 166
2141 7 9 11 16 556 601
5524 7 9 11 16 556 601
2145 7 9 11 16 166 1088
2157 7 9 11 16 164 166
7227 556 719 949 991 2142 2170
2142 7 9 11 16 601
2170 7 9 11 16 601
7281 634 639 640 643 7262 7263
634 210 213 1646 2208 2211 2214
2214 7 9 11 16 601
2211 7 9 11 16 702 1088
2208 210 830 991 1657 2209 5498
5498 7 9 11 16 213 601
2209 210 213 232 1137 1412 1636
1646 210 213 1064 1140 1640 1643
1643 7 9 11 16 476
1640 7 9 11 16 476 702
7263 232 348 991 1636 1657 2490
2490 7 9 11 16 350 601
7262 348 350 1137 1316 1412 2557
2557 7 9 11 16 601 1088
643 4130 4210 4219 5481 5482 5483
4130 165 210 213 784 4124 4127
4124 7 9 11 16 164 166
4127 7 9 11 16 164 166
5482 1 2 13 210 1085 1287
5481 1 2 13 213 1085 1287
4210 210 476 601 1085 1287 4211
4211 1 2 13 213 1085 1287
5483 1 2 13 210 1085 1287
4219 165 213 476 830 1287 4215
4215 1 2 13 1085 1287 1658
640 184 642 2566 2569 2572 5485
642 427 2561 2565 3080 3086 3092
3080 303 427 434 830 853 1657
303 7 9 11 16 164
2561 434 476 1174 1287 1658 3084
1174 7 9 11 16 1222
3084 1 2 13 165 1085 1287
3086 1 2 13 1085 1287
3092 7 9 11 16 164 166
2565 165 427 434 723 784 7269
7269 427 434 720 804 806 853
5485 7 9 11 16 180 1088
2566 344 427 434 926 1089 1196
2569 427 434 574 926 1311 2915
2572 7 9 11 16 601 1088
639 348 2542 2543 2546 2553 5491
2542 348 350 911 1064 1144 1316
2543 350 920 1140 1679 2944 5493
5493 7 9 11 16 348 601
2944 7 9 11 16 1088
2553 348 350 911 1144 1294
2546 7 9 11 16 476 702
5491 7 9 11 16 350 476
1757 699 1322 1759 3106 5511 7234
5511 7 9 11 16 405 1222
3106 7 9 11 16 405 1033
1759 556 722 3099 3817 3823 5513
3099 556 1084 3100 3606 7229 7231
1084 7 9 11 16 166
3100 556 719 926 1084 1311 5516
5516 7 9 11 16 699 1222
7231 556 719 1089 1196 1288 5515
5515 7 9 11 16 405 1033
3606 606 699 772 3602
3602 7 9 11 16 1222
606 3 4 6 164 166 1936
7229 3 4 6 164 166 1936
3817 556 702 1085 1088 1287 3819
3819 1 2 13 719 1085 1287
5513 1 2 13 719 1085 1287
3823 1 2 13 940 1085 1287
7234 405 697 699 772 1120 1133
55 65 3346 4060 7133 7134 7141
7134 2824 2828 2829 2835 3039 3047
2824 162 767 804 1586 2121 2825
1586 162 165 521 767 804 1582
1582 7 9 11 16 164
2825 165 476 521 767 1085 3217
3217 1 2 13 1085
2121 7 9 11 16 166 521
3039 556 719 1105 4012 4015 4018
1105 7 9 11 16 1033
4018 7 9 11 16 164 1222
4015 162 165 303 496 4017
4017 7 9 11 16 166 1222
4012 1 2 13 556 719 1085
3047 405 699 3042 3058 3802 7116
3802 7 9 11 16 476 702
3058 7 9 11 16 601
3042 7 9 11 16 1033 1222
7116 1 2 13 556 719 1085
2835 521 767 1057 1137 1412 7112
1057 521 767 940 956 1054 1056
1054 7 9 11 16 166
7112 521 767 1137 1629 1632 2830
1632 7 9 11 16 601
2830 7 9 11 16 601 1088
1629 7 9 11 16 1088
2828 719 1148 1285 1312 5632 7107
5632 7 9 11 16 702 1143
7107 1 2 4 13 511 1936
2829 1067 1143 3009 3013 5629 7108
5629 1 2 13 521 767 1085
3013 7 9 11 16 476 1148
3009 7 9 11 16 702
1067 7 9 11 16 702
7108 521 767 1069 1085 1088 1148
1069 7 9 11 16 476
4060 434 5063 5099 7131 7132 7135
7131 427 434 956 2126 2129 5102
2129 7 9 11 16 702 1088
2126 7 9 11 16 601
5102 7 9 11 16 166 1088
5099 7 9 11 16 601 1088
5063 427 434 3324 4807 4904 4907
4807 427 434 1067 3009 4805 4809
4805 7 9 11 16 1222
4809 174 403 427 1069 4802 4804
403 7 9 11 16 702
4802 7 9 11 16 434 476
4804 7 9 11 16 476
4904 7 9 11 16 1033 1222
4907 7 9 11 16 1033 1222
3324 174 427 557 911 1312 5597
5597 1 2 13 557 578 1085
7135 3049 3050 3051 3075 3076 7124
3075 556 719 3070 3073 4276 4277
3070 7 9 11 16 1033 1222
3073 7 9 11 16 1033 1222
4277 7 9 11 16 1222
4276 7 9 11 16 702
3051 405 699 1105 5011 5012 5014
5012 7 9 11 16 166 5207
5207 7 9 11 16 476 1222
5011 7 9 11 16 164 702
5014 1 2 13 1085
3049 557 578 911 1060 1065 1068
1068 7 9 11 16 476
1065 7 9 11 16 702
3050 174 578 699 1072 1084 7119
1072 557 578 1060 1064 1065 1068
7119 1 2 13 405 699 1085
3076 556 719 1594 3061 4197 4200
1594 174 403 556 719 1069 1589
1589 7 9 11 16 476
4197 7 9 11 16 476 601
3061 556 719 3015 3017 4107 4110
4107 7 9 11 16 166 1088
3017 7 9 11 16 166 1088
3015 7 9 11 16 601
4110 7 9 11 16 164 1088
4200 7 9 11 16 702 1088
7124 405 699 3055 3056 3058
3055 7 9 11 16 601 1088
3056 7 9 11 16 166
7132 1129 1608 1619 1623 7094 7095
1608 348 804 1600 1606 1609
1606 7 9 11 16 164 1222
1609 162 165 350 804 940 1605
1605 7 9 11 16 166 1033
1600 1 2 13 348 350 1085
1619 348 350 911 1612 1615 1617
1615 7 9 11 16 601 702
1617 7 9 11 16 476 702
1612 348 350 1060 1064 1065 1068
7095 348 350 1056 1137 1412
1129 1104 1111 7082 7083 7087 7088
1104 180 184 1091 1369 2780 2781
2781 7 9 11 16 601
2780 7 9 11 16 164 166
1369 7 9 11 16 166
1091 1 2 13 427 434 1085
7083 166 184 434 1085 1099 5678
5678 7 9 11 16 180 1088
1099 7 9 11 16 601 1088
1111 427 434 1081 1105 1106 1110
1110 7 9 11 16 164
1081 427 434 1075 1078
1078 7 9 11 16 164 166
1075 7 9 11 16 164
1106 7 9 11 16 166 1222
7088 348 350 1116 1123 1128 2820
1128 7 9 11 16 1222
1116 180 348 1118 1122 1369
2820 7 9 11 16 1033
1123 7 9 11 16 702 1033
7087 350 1118 1120 1122 1127 1128
1127 7 9 11 16 1033
7082 180 184 427 434 1086 1089
1086 7 9 11 16 1088
7094 348 350 956 1412 1629 1632
1623 165 348 350 940 1054 3327
3327 7 9 11 16 164 601
7141 210 213 3223 3227 3239 7139
3239 453 456 1069 3235 3799 7073
7073 348 350 926 1084 1089 5691
5691 7 9 11 16 456 476
3235 7 9 11 16 702 1088
3799 7 9 11 16 164 1088
3223 7 9 11 16 476 702
7139 210 213 3227 4001 4062 7137
4062 7 9 11 16 1033
7137 210 302 514 516 4001 4006
4006 453 456 476 702 1085 4002
4002 1 2 13 174 403 1085
4001 7 9 11 16 1222
3227 7 9 11 16 1222
3346 210 213 2138 3033 3341 3345
3033 165 514 519 2601 3027 7079
7079 3 6 389 983 1786 7076
7076 4 211 213 294 512 1084
294 7 9 11 16 164
3027 1 2 13 210 213 1085
2138 210 213 1105 2134 2135 2137
2134 7 9 11 16 164 166
2135 7 9 11 16 702 1222
2137 7 9 11 16 166 5207
3341 7 9 11 16 601 1088
3345 7 9 11 16 166
7133 540 541 2787 2800 2806 2821
2821 2807 2811 2812 2813 7103 7104
2811 540 541 1085 1088 3335 4007
4007 7 9 11 16 166
3335 1 2 13 540 541 1085
2807 521 767 1068 1632 2809 7100
2809 174 521 767 911 1065 3328
3328 521 767 1060 1064 1068
7100 521 767 911 1064 1122
7103 521 767 1120 1127 2820
2812 540 541 926 3337 3340 5207
3337 7 9 11 16 164 702
3340 7 9 11 16 164 3024
3024 7 9 11 16 476 601
7104 521 767 1118 1120 1122 1128
2813 164 166 540 541 1085 2814
2814 7 9 11 16 767 1222
2787 7 9 11 16 702
2806 540 541 2783 2786 2791 2794
2786 7 9 11 16 476 702
2791 7 9 11 16 1088 2793
2793 7 9 11 16 164 601
2783 7 9 11 16 601 2784
2784 7 9 11 16 476 702
2794 7 9 11 16 166 1088
2800 7 9 11 16 1033 1222
54 110 514 535 611 614 617
611 165 435 715 716 2617 7068
435 164 295 427 434 1902 1919
1919 7 9 11 16 166
1902 7 9 11 16 166
2617 3 4 6 512
715 4 12 14 15 293 945
716 165 167 475 483 617 715
475 4 12 14 15 211 945
167 4 12 14 15 156 293
7068 165 301 483 513 535 617
535 3 5 6 8 10 168
168 12 14 15
617 7 9 11 16 166
614 427 439 615 1849 6873
615 427 433 434 661 2608 2728
433 7 9 11 16 601
2608 7 9 11 16 1088
2728 295 427 434 601 2727
2727 7 9 11 16 1088
1849 7 9 11 16 1088
6873 295 427 428 434 601 1919
428 7 9 11 16 164
439 164 367 427 434 703 1902
367 7 9 11 16 164
110 506 699 1426 3149 3155 6905
1426 174 405 699 1413 1420 1423
1423 7 9 11 16 702
1420 7 9 11 16 476 601
3155 405 3142 3143 3523 3531 3535
3523 165 1220 1354 1524 2612 3577
3577 7 9 11 16 166
2612 7 9 11 16 1222
1354 7 9 11 16 1033
1524 7 9 11 16 166
3535 7 9 11 16 164 166
3143 699 1140 1960 2375 2735 6899
2735 405 535 695 1320 1450 2736
2736 219 405 699 1118 1120 1133
219 7 9 11 16 1222
1450 7 9 11 16 699 1222
695 7 9 11 16 1033
2375 7 9 11 16 405 1222
1960 174 405 699 1954 1957 2244
1957 7 9 11 16 476
1954 7 9 11 16 476 702
6899 405 535 699 1320 3539 3542
3539 7 9 11 16 1033
3542 7 9 11 16 1222
3142 162 405 699 784 3532 3536
3532 405 433 699 1849 3534 6891
3534 154 405 471 572 3546 3723
3723 295 405 433 601 699 2727
3546 7 9 11 16 476
572 7 9 11 16 702
154 7 9 11 16 476
6891 405 699 703 1088 2608 3728
3728 7 9 11 16 476
3536 7 9 11 16 164
3531 405 471 572 699 704 3526
704 7 9 11 16 1222
3526 7 9 11 16 1033 1222
3149 7 9 11 16 601 1088
6905 232 405 699 950 3146 3153
3146 405 699 1412 1413 4339 4342
4342 7 9 11 16 164 601
4339 7 9 11 16 166
950 7 9 11 16 1088
3153 7 9 11 16 1088
506 65 3732 3736 3737 3745 6919
3732 427 434 457 1144 1436 4171
4171 7 9 11 16 476
3736 231 434 911 918 1137 1636
918 7 9 11 16 702
3737 7 9 11 16 427 601
6919 434 3756 3759 3764 3770 4099
4099 7 9 11 16 476 1222
3756 427 3729 3748 3749 3750 6914
3729 434 3546 3547 3550 3730
3730 427 434 572 1354 1364 2613
1364 7 9 11 16 1033
2613 427 434 703 1032 1222 1287
1032 7 9 11 16 1033
3550 427 434 572 702 703 704
3547 154 427 434 471 1285 1835
1835 7 9 11 16 476
6914 434 782 804 806 813 2956
2956 7 9 11 16 166 427
813 7 9 11 16 164
3749 427 434 704 1220 3893 3895
3893 7 9 11 16 164
3895 7 9 11 16 166
3748 162 427 434 535 938 3573
3573 165 427 434 1524 2612
3750 7 9 11 16 164 166
3770 427 434 1122 1266 1794 3765
3765 7 9 11 16 1033
3759 405 535 930 2724 3884 5777
5777 164 295 428 699 1902 1919
930 7 9 11 16 601
3884 7 9 11 16 164 166
2724 7 9 11 16 427 1222
3764 427 911 918 1144 1436 2954
2954 7 9 11 16 434 1222
3745 231 427 989 1137 1636 5784
5784 234 241 434 989 1056 1549
1549 7 9 11 16 601
989 7 9 11 16 1088
53 5 8 10 65 153
153 4 12 14 15 154 211
52 65 416 7059 7062 7063 7065
7059 3 4 6 164 1088 1936
7063 1 2 4 13 293 1936
7065 4 166 244 601 1936 7061
7061 3 4 6 422 1088 1936
422 3 4 6 164 166 1936
7062 1 2 4 13 244 1936
416 3 4 6 601 1936
51 5 8 10 65 476 5699
5699 3 4 6 12 14 15
50 65 120 582 592 593 7057
582 210 584 738 746 762
584 210 213 232 756 763 1412
763 7 9 11 16 1088
756 210 213 750 753 1064 1140
750 7 9 11 16 476 601
753 7 9 11 16 702
746 165 210 213 741 784
741 7 9 11 16 601
762 7 9 11 16 601 1088
738 7 9 11 16 166 1088
592 162 210 1017 2269 2621 2628
2628 7 9 11 16 164
2269 210 213 572 2260 2263 2266
2263 7 9 11 16 166 1033
2266 7 9 11 16 1033 1222
2260 210 213 702 703 704 2612
1017 7 9 11 16 164
2621 7 9 11 16 166 213
120 564 899 1377 2315 2630 2921
2315 1873 1878 2300 2310 2316
2316 556 719 1888 1896 1897 6995
1897 7 9 11 16 164
6995 556 719 720 853 1888 6993
6993 556 719 720 722 1889 1896
1889 556 719 841 853
1896 7 9 11 16 164
2300 556 830 842 1364 1877 1883
1883 7 9 11 16 166
842 7 9 11 16 166
1877 7 9 11 16 1222
2310 556 573 719 927 2304 2307
2307 154 661 1285 1835 1849 3701
3701 7 9 11 16 702
927 7 9 11 16 601
2304 295 476 1085 1287 2306 3701
2306 476 573 703 932 1088 2915
932 7 9 11 16 601
1878 556 719 1032 1105 1221 2703
2703 7 9 11 16 1033
1873 556 703 719 722 1222 1877
899 556 719 835 1313 1859 3291
3291 7 9 11 16 1033
2630 894 896 902 7000
7000 1 2 4 13 511 1936
894 7 9 11 16 719 1222
896 719 772 898
898 3 4 6 164 166 1936
902 556 697 719 772 2710 5219
5219 7 9 11 16 1033
2710 7 9 11 16 1033
1377 7 9 11 16 556 1222
2921 556 719 835 1141 4861 4864
4861 7 9 11 16 476 702
4864 7 9 11 16 476
564 719 2287 2290 2632 6987 7009
2287 556 719 991 1316 2655
6987 7 9 11 16 556 601
2290 7 9 11 16 166 1088
7009 556 2635 2641 2676 2944 7007
2635 7 9 11 16 1088
7007 719 2142 2167 2635 2944
2167 556 719 949 991
2676 7 9 11 16 1088
2641 556 719 949 2284 2286
2284 7 9 11 16 601
2632 556 719 995 1141 4760 4763
4760 7 9 11 16 476 601
4763 7 9 11 16 702
7057 587 589 1811 5712 7042 7050
589 453 566 569 813 1137 7045
7045 166 295 344 456 457 556
566 366 556 719 1196 2347 3284
2347 7 9 11 16 164
3284 7 9 11 16 164 166
569 556 719 927 932 3287
3287 7 9 11 16 166 1088
1811 453 456 993 1436 1812 4249
4249 7 9 11 16 702
1812 366 453 458 918 1849 2347
458 7 9 11 16 456 476
993 7 9 11 16 476
5712 7 9 11 16 210 1033
7042 210 213 730 1122 1140 1348
1348 7 9 11 16 1033 1222
730 7 9 11 16 1222
7050 231 453 804 806 1636 7047
7047 453 456 782 989 1060 1820
587 210 1324 1331 1336 1343 5713
1343 210 213 1122 1322 7040
7040 453 456 573 661 1196 1285
1324 7 9 11 16 476 702
5713 7 9 11 16 213 1033
1336 7 9 11 16 1222
1331 7 9 11 16 213 476
593 210 2272 2278 2282 2623 5701
5701 7 9 11 16 164 213
2272 210 213 433 572 930 2727
2282 154 213 433 471 2608 3546
2278 7 9 11 16 476 1088
2623 213 367 930 1902 1920 7053
1920 164 210 213 295 428 1919
7053 164 210 213 703 1902 1919
49 96 435 439 442 581 3779
581 966 1432 3191 3192 7028 7029
7028 1 2 13 167 445 959
959 7 9 11 16
445 4 12 14 15 156 511
3191 3 5 6 8 10 147
966 1 2 13 959 961 964
961 3 4 6 297 475 512
964 3 4 6 297 512
1432 3 6 291 391 983 1434
1434 3 6 391 677 943 983
3192 164 384 702 715 959 7021
384 4 12 14 15 511 945
7021 3 5 6 8 10 147
7029 1 2 13 475 715 959
3779 427 433 434 930 1919 7025
7025 3 6 156 427 428 944
442 427 434 703 1088 1849 2608
96 94 3563 3580 6837 6838 6839
3580 434 3546 3547 3550 3554 3566
3566 165 427 723 1967 3896 5826
5826 7 9 11 16 164 434
3896 7 9 11 16 164 166
1967 7 9 11 16 164 434
3554 427 433 434 572 6830
6830 427 434 930 1032 2612 2727
3563 174 427 434 2738 3565 6828
3565 427 434 2965 2973 3979 3982
3979 7 9 11 16 166 1088
2973 427 434 1064 1140 2968
2968 7 9 11 16 476
3982 7 9 11 16 601
2965 7 9 11 16 476 702
2738 7 9 11 16 601
6828 232 427 434 1412 3560 6826
6826 7 9 11 16 427 601
3560 7 9 11 16 1088
6839 65 434 2384 2392 2406 2412
2392 427 434 1122 1140 1794 2387
2387 7 9 11 16 702
2406 7 9 11 16 1033 1222
2412 427 434 1127 2094 2400 3315
2400 367 412 699 5834 6817 6818
412 314 366 405 699 1196 2347
314 7 9 11 16 166
6817 314 405 427 772 1312 1794
5834 7 9 11 16 427 1222
6818 342 405 427 434 1122 1322
342 7 9 11 16 166
3315 7 9 11 16 1033
2094 7 9 11 16 1033
2384 7 9 11 16 476 1222
94 1461 1974 1984 3307 3308 6803
1974 405 699 915 1549 1975 6792
6792 234 405 699 940 1056
915 7 9 11 16 166
1975 405 699 782 806 936 1410
3308 405 699 3776 4262 4265 4269
4269 342 405 601 699 703 3974
3974 7 9 11 16 601
4262 154 185 2608 2727 3546 3974
4265 7 9 11 16 702 1088
3776 405 699 706 915 3773 3778
706 7 9 11 16 1222
3773 7 9 11 16 1033 1222
3778 405 699 3181 3184 3185 6794
6794 699 703 770 1033 1354
770 7 9 11 16 1222
3181 7 9 11 16 476 1222
3184 7 9 11 16 702
3185 7 9 11 16 702
1984 405 699 993 1144 1436 1986
1986 241 405 699 911 918 1981
1981 7 9 11 16 601
3307 405 699 782 936 4345 6798
6798 405 804 813 940 1410
4345 7 9 11 16 164 699
6803 241 405 699 989 3312 6801
6801 7 9 11 16 699 1088
3312 7 9 11 16 1088
1461 1446 1454 1455 5846 6790
6790 457 699 911 918 1060 1820
1455 405 699 1118 1320 1443 1445
5846 7 9 11 16 405 476
1446 405 699 1144 1437 1443 1447
1437 7 9 11 16 699 1033
1447 219 405 699 1118 1436 1445
1454 219 405 695 699 1120 1133
6837 162 427 434 938 3543 3576
3576 7 9 11 16 166
3543 427 434 703 704 1033
6838 427 434 1017 1354 1364 3573
48 120 566 569 7012 7013 7017
7013 557 572 578 1144 1436
7017 557 558 563 1144 1436 6984
6984 154 557 573 578 1285 1835
558 457 557 560 578 993 1060
560 457 557 578 911 918 1820
563 557 578 911 918 1830 3701
1830 7 9 11 16 476
7012 65 314 344 471 556 557
47 119 540 543 544 552 6979
119 545 549 4655 4656 4658 4659
549 540 541 4545 4660 4663
4663 7 9 11 16 702 1088
4660 154 601 703 2727 3546 3974
4545 185 342 540 541 2608 3974
545 3194 3999 4550 6964 6965 6966
6964 540 541 782 915 1144 1436
6966 234 241 540 541 806 918
6965 540 541 911 993 1056 1549
3194 7 9 11 16 540 601
3999 7 9 11 16 166 541
4550 231 540 541 989 4549 6960
6960 241 540 1137 1636
4549 7 9 11 16 1088
4655 540 541 706 770 1351 2703
1351 295 540 541 703 1033 1085
4658 540 541 782 813 936 1410
4656 540 541 770 915 4651 4653
4651 7 9 11 16 702 1033
4653 7 9 11 16 476
4659 540 541 804 806 813 940
6979 65 164 314 367 541 703
544 541 911 918 1144 1389 5752
5752 7 9 11 16 476 540
1389 540 695 1120 1133 1320 1391
1391 219 541 1118 1320 1443 1445
543 219 540 541 1394 1436 4425
1394 540 541 695 1396 1443
1396 540 541 1118 1120 1133 1445
4425 7 9 11 16 476
552 7 9 11 16 164 166
46 8 10 12 14 15 293
45 5 65 116 245 511 512
245 8 10 12 14 15
116 3 5 6 8 10 168
44 113 528 2001 2004 5759 6943
2004 521 706 767 3185 3791 3794
3791 295 476 770 1085 1287 3793
3793 476 703 915 1033 1287 3158
3158 7 9 11 16 1033
3794 703 706 770 1033 1354 3184
6943 521 804 813 936 940 1410
2001 342 767 2003 2608 2727 3974
2003 521 767 3184 3185 3581 3590
3590 7 9 11 16 601 1088
3581 7 9 11 16 476 601
528 529 767 2014 2018 4785 6946
6946 7 9 11 16 521 1033
2014 7 9 11 16 521 1222
4785 7 9 11 16 702 1033
529 521 767 911 918 993 4893
4893 7 9 11 16 476
2018 7 9 11 16 1033 1222
5759 7 9 11 16 164 767
113 65 314 342 521 522 531
531 164 314 367 532 703 767
532 7 9 11 16 164 521
522 241 521 524 767 1137 1997
524 521 767 1996 3993 3996 4192
3993 7 9 11 16 164 601
1996 7 9 11 16 521 702
4192 7 9 11 16 476 601
3996 7 9 11 16 166
1997 7 9 11 16 1088
43 111 174 514 515 519 6934
6934 3 4 6 65 303 512
111 301 451 452 509 1481 6924
509 3 6 387 391 1473 6931
6931 3 6 383 1486 1489
1489 3 5 6 8 10 944
1486 3 5 6 8 10 944
1473 167 174 302 445 519 1474
1474 174 302 384 519 715 6922
6922 3 6 174 383 389 445
1481 174 475 483 513 519 1477
1477 7 9 11 16 164 702
6924 3 4 6 297 302 1479
1479 167 475
515 3 4 6 302 512
42 110 435 503 614 6882 6883
6883 3 6 384 389 452 1489
503 451 514 516 3890 4174 4177
4177 3 4 6 451 512 535
3890 384 451 452 480 513 3889
3889 475 715
4174 7 9 11 16 166 702
6882 3 6 383 389 535 943
41 65 2750 2751 5037 6871 6872
2750 7 9 11 16 476 1148
6872 557 578 1141 5041 5042 5048
5042 154 471 557 573 578 5073
5073 7 9 11 16 476 702
5048 7 9 11 16 476 702
5041 154 557 574 578 1285 3546
5037 573 1143 3701 5810 5811 6868
5810 7 9 11 16 476 557
5811 7 9 11 16 578 702
6868 557 578 1141 1148 1285 1294
6871 557 578 995 1294 5045 5097
5097 7 9 11 16 476
5045 7 9 11 16 702
2751 7 9 11 16 702 1143
40 65 384 451 452 5813
5813 3 4 6 164 295 297
39 105 167 484 495 6861
105 140 445 483 487 498 6860
6860 3 6 65 167 303 387
487 7 9 11 16 702
498 7 9 11 16 166 702
484 167 303 403 445 487 3784
3784 7 9 11 16 164
495 7 9 11 16 166
6861 3 5 6 8 10 147
38 103 165 451 452 475 617
103 3 4 6 65 154 297
37 466 5821 6845 6846 6850 6851
6845 164 295 453 703 1085 1436
6846 7 9 11 16 456 476
5821 453 572 804 813 1137
6851 453 458 460 782 806 989
460 453 456 476 661 1085 1196
6850 65 231 453 455 471 1636
466 453 911 918 1144 1849
36 65 445 447 451 452
35 96 433 434 435 439 6843
6843 427 428 434 442 930 1919
34 94 367 412 699 6811 6812
6811 181 314 342 405 1088 1936
181 3 4 6
6812 65 181 422 601 1936 6810
6810 1 2 4 13 293 1936
33 92 384 399 402 6780 6781
402 7 9 11 16 164 702
6780 3 6 65 383 387
6781 3 5 6 8 10 147
399 402 475 496 513 514 4272
4272 3 4 6 297
92 167 395 396 475 496 715
396 3 6 291 391 983 4179
4179 5 8 10 12 14 15
395 167 303 403 445 715
32 91 381 6765 6766 6768 6770
6768 342 572 699 4695 4775 6682
6682 1 2 4 13 293 1936
4775 457 578 993 1820 3701 4777
4777 578 911 918 1060 1144 1436
4695 661 932 1849 2347 3546 4696
4696 1 2 13 295 703 1287
6766 699 770 782 804 806 813
6770 4512 4879 4880 4891 6706 6707
4512 184 723 786 990 1368 2191
4880 427 697 920 3946 4871 4949
4871 573 578 1855 2712 4870 4872
4870 7 9 11 16 476
2712 7 9 11 16 427 1033
1855 7 9 11 16 427 1222
4872 427 772 839 868 922 1313
868 7 9 11 16 1222
839 7 9 11 16 1222
4949 7 9 11 16 476 4951
4951 995 1294 1316 2587 3944
3944 7 9 11 16 702
3946 7 9 11 16 702
6707 184 232 1300 1768 1803 3428
4879 427 841 842 949 2676 6697
6697 427 991 2112 2635 2944 4768
4768 7 9 11 16 427 601
2112 7 9 11 16 427 601
6706 184 185 661 1196 1288 2183
4891 427 1877 2956 4881 4885 5130
5130 703 720 853 1222 1364 1897
4881 427 3184 3185 4882 5121 5127
5121 7 9 11 16 476 1033
4882 184 427 428 433 930 1413
5127 294 314 343 344 2608 2727
4885 427 830 1883 1888 1896
6765 471 699 915 940 3158 4648
4648 7 9 11 16 1033 1222
381 4701 4704 4981 5009 6760 6761
4701 234 241 541 911 918 4703
4703 457 541 993 1060 1144 1820
6761 219 541 1118 1436 1443 1445
4981 4508 4779 4780 4783 4970 4982
4508 231 699 936 1410 1636 4510
4510 234 699 989 1056 1137 1549
4783 699 918 993 1060 1820 6715
6715 241 457 699 911 1144 1436
4970 767 4957 4963 4964 5861 6722
4964 7 9 11 16 166 1088
4963 719 918 993 1060 1144 4962
4962 457 695 911 1436 1820
5861 7 9 11 16 476 1148
4957 219 719 1118 1445 4952 6716
4952 7 9 11 16 1033 1222
6716 295 476 1085 1148 5863
5863 1 2 4 13 511 1936
6722 164 295 428 601 767 4625
4625 7 9 11 16 476 1148
4982 234 241 719 1056 4978 6733
6733 342 600 719 3468 5000 5003
5000 770 782 804 806 813 4648
5003 572 1849 2347 3546 6728 6729
6728 1 2 13 295 703 1085
6729 1 2 13 295 703 1287
3468 7 9 11 16 166 719
4978 231 936 989 1137 1549 1636
4779 7 9 11 16 699 1222
4780 695 699 1120 1133 1320 6710
6710 1 2 4 13 244 1936
4704 541 1056 1137 1549 1636 4706
4706 231 541 936 940 989 1410
5009 3866 4403 4409 4532 5859 6741
5859 697 767 1141 1313 1859
4532 767 2635 2944 3693 4529 4534
3693 7 9 11 16 166 767
4529 720 722 991 1883 1896 2676
4534 433 767 1877 4515 4521 4526
4521 7 9 11 16 476 4523
4523 949 995 1294 1316 2587
4526 767 920 2142 2284 2286 2655
4515 1032 1221 1364 3184 3185 4517
4517 7 9 11 16 164 476
4403 541 767 772 868 922 4400
4400 314 342 366 1196 2347 4402
4402 154 661 927 932 1849 3546
6741 767 835 839 2710 3291
4409 541 770 782 813 915 4406
4406 471 572 804 806 3158 4648
3866 7 9 11 16 702 767
6760 7 9 11 16 541 1033
91 372 373 376 6667 6668 6773
372 210 911 1144 1436 4093 6657
4093 7 9 11 16 210 601
6657 210 241 695 918 1120 1133
376 348 456 1294 2587 4630 4640
4630 703 932 1088 3546 4631 6663
6663 1 2 13 295 703 1287
4631 164 295 342 572 1085 1849
4640 210 219 1118 1320 1904 5880
5880 7 9 11 16 456 476
1904 7 9 11 16 1222
6773 65 210 377 572 770 4421
4421 367 471 1849 3158 3546 4423
4423 154 661 927 932 4648 6650
6650 7 9 11 16 164 166
377 1373 4398 4627 6671 6676 6677
6677 241 348 457 993 1060 1820
4398 7 9 11 16 348 1222
6676 7 9 11 16 348 702
4627 231 348 936 1410 1636 4629
4629 234 348 989 1056 1137 1549
1373 7 9 11 16 348 1033
6671 184 348 661 1196 1288 1320
6668 348 770 782 804 806 813
6667 348 471 915 940 3158 4648
373 210 231 1137 1636 4537 4542
4537 210 915 936 940 1410 4539
4539 210 782 804 806 813 989
4542 7 9 11 16 476
31 352 357 358 1865 2354 6648
1865 219 348 350 1320 1867
1867 348 350 1118 1133 1443 1445
357 348 911 918 4559 5892 6636
4559 7 9 11 16 348 476
5892 7 9 11 16 350 476
6636 219 348 350 1144 1374 1436
1374 348 350 695 1120 1320
2354 350 1118 1373 1443 1445
358 350 4708 4794 4896 5136 5887
4794 348 350 770 4791 4793 4795
4793 7 9 11 16 476
4795 348 350 706 915 1836 2703
1836 295 348 350 703 1033 1085
4791 7 9 11 16 702 1033
4896 350 804 936 940 1410 4898
4898 348 350 782 804 806 813
5887 154 185 348 2727 3546 3974
5136 7 9 11 16 702 1088
4708 185 342 348 350 2608 3974
6648 65 314 348 366 367 5885
5885 314 342 350 366 1196 2347
352 353 3705 4252 4432 4433 4437
4252 241 348 350 911 918
3705 7 9 11 16 348 601
353 231 348 350 1137 1636 6633
6633 231 241 348 350 989 1636
4433 234 348 350 782 808 915
808 7 9 11 16 166
4437 348 350 993 1144 1436
4432 348 350 806 940 1056 1549
30 65 969 972 976 979 6625
976 301 403 487 513 514 5902
5902 3 5 6 8 10 168
972 167 384 403 445 487 715
969 3 6 383 389 391 971
971 3 6 384 387 389 487
6625 5 245 291 511 6622 6623
6623 3 6 147 156 944 945
6622 3 5 6 8 10 944
979 167 301 403 475 483 487
29 85 322 323 324 6616 6617
85 319 328 329 3505 3518 3519
3505 3495 3498 3499 3506 3945 5946
3499 427 434 956 1774 2284 4770
4770 7 9 11 16 601
5946 7 9 11 16 434 702
3506 427 434 772 839 922 6514
6514 427 557 868 3184 3185 6512
6512 434 573 578 868 922 1855
3495 427 434 920 1316 2954 3944
3498 427 841 842 2142 2284 2655
3945 7 9 11 16 427 702
3519 427 1877 2956 3508 3513 3846
3513 434 770 841 842 6524
6524 427 434 722 830 1221 1883
3508 180 184 723 1288 1368 3510
3510 180 184 1300 1413 1768 6522
6522 180 184 185 1300 2191
3846 7 9 11 16 166 434
328 3194 3874 3878 3999 6576 6577
3878 241 540 541 1056 1549
6577 219 540 541 1118 1443 1445
6576 219 540 541 1118 1436 1445
3874 540 541 911 918 1144 3875
3875 234 241 540 541 1144 1436
3518 314 342 434 933 5938 6527
6527 184 434 471 572 706 1413
933 343 427 434 926 927 930
5938 166 295 344 427 3184 3185
329 3292 3857 3861 3863 3872 6565
3857 521 3451 3698 3852 3854 6562
3698 521 722 767 1883 3693 3695
3695 7 9 11 16 166 601
3852 7 9 11 16 601 767
3451 471 521 572 770 820 6557
6557 433 521 706 767 3185 6555
6555 295 702 767 1085 1222 1287
820 521 722 767 830 1221 1883
3854 7 9 11 16 601 702
6562 521 767 920 1316 2655
6565 185 314 540 541 932 1311
3861 342 540 541 3974 4162
4162 7 9 11 16 166 702
3863 471 541 572 706 915 3865
3865 540 541 770 915 940 6567
6567 540 704 936 1410 2612
3292 540 767 772 868 922 1902
3872 521 767 835 839 1141 6571
6571 521 772 868 922 3866
319 557 578 1144 1436 6536 6538
6538 405 940 1410 3461 3522 6531
3461 314 416 699 3463 6500 6504
6500 3 4 6 166 601 1936
6504 166 181 572 699 927 1936
3463 405 573 1902 1919 3456 3701
3456 185 342 405 699 932 1311
6531 405 699 702 703 704 915
3522 405 699 770 936 6533
6533 405 699 706 915 940 2612
6536 557 578 911 918 3701
323 234 241 405 1056 3708 6544
6544 405 699 936 1144 1410 1436
3708 219 405 699 1118 1445 3710
3710 219 405 699 1443 1445 6539
6539 3 4 6 166 601 1936
324 325 1143 3714 3715 3718 3970
3714 719 1143 1443 3184 6548 6549
6549 3 4 6 166 601 1936
6548 3 4 6 702 1222 1936
3970 7 9 11 16 702
325 219 556 719 3719
3719 7 9 11 16 702
3718 314 343 344 521 767 3969
3969 295 521 601 767 927 1085
3715 219 556 719 1118 1443 1445
6616 334 337 3465 3960 4082 4090
4082 210 915 936 940 1410 4084
4084 213 915 936 940 1410 1549
334 210 213 234 241 4093 4097
4097 7 9 11 16 601 702
3465 350 915 936 940 1410 3467
3467 348 350 704 770 2612 6591
6591 348 702 703 706 915 940
4090 210 213 219 918 4086 4087
4086 7 9 11 16 702
4087 7 9 11 16 702 1222
3960 348 572 927 932 3962 5910
5910 7 9 11 16 453 702
3962 350 573 1902 1919 3701 6593
6593 185 314 342 348 350 3974
337 210 213 219 1443 5908 6596
5908 7 9 11 16 453 702
6596 210 453 471 1118 1443 1445
322 699 911 1144 1436 1981 6545
6545 241 405 699 911 918 1549
6617 316 339 3475 3476 3483 6613
3475 556 915 936 940 1410 2612
339 3705 4252 4336 6606 6607 6608
4336 219 348 350 1118 1445 4338
4338 219 348 350 1443 1445 6599
6599 166 180 184 601 703 1287
6607 234 241 348 350 1144 1436
6606 348 350 936 1144 1410 1436
6608 348 350 911 918 1056 1549
3476 706 719 770 915 940 1410
316 556 573 719 927 3492 6499
6499 185 556 704 3486 3701 3974
3486 342 556 719 1902 1919 6497
6497 4 244 314 601 719 1936
3492 7 9 11 16 601 702
3483 234 241 556 1056 1549 3485
3485 234 241 719 936 1056 1549
6613 65 210 213 314 330 342
330 210 213 331 572 2260 3973
3973 7 9 11 16 601 702
331 210 342 706 770 927 932
28 84 165 301 519 2601 5959
5959 3 4 6 154 297 573
84 3 6 65 291 6492 6494
6492 3 4 6 294 297 387
6494 3 4 6 297 302 387
27 65 3990 4184 4189 6485 6488
3990 3 6 391 983 3992
3992 3 5 6 8 10 944
6488 167 303 384 3784 3786 6484
3786 445 715
6484 3 5 6 8 10 147
4184 301 303 513 514 3784 5962
5962 3 5 6 8 10 168
6485 3 5 6 245 383 389
4189 167 301 303 475 483 3784
26 65 80 237 278 1898 6479
1898 210 915 936 940 1410 1900
1900 213 219 782 1118 1443 1445
6479 281 285 1912 6405 6414 6415
285 348 782 806 814 1929 6412
1929 348 350 770 804 915 1410
814 219 350 804 806 807 815
807 7 9 11 16 166 348
815 348 350 782 813 915 940
6412 348 350 813 936 940
6405 213 367 706 770 1902 1920
281 210 213 770 915 940 6404
6404 210 213 366 1902 1915 1919
1915 210 703 706 1033 1354 6155
6155 7 9 11 16 213 1033
1912 210 782 804 806 813 1913
1913 213 804 806 813 936 1410
6414 350 366 367 706 770 1919
6415 294 348 428 1841 1902 1919
1841 348 350 706 1354 1836 2703
80 286 874 880 890 909 2368
909 531 892 893 894 902 6437
893 719 830 841 842 1377 1883
6437 314 342 521 896 899 905
905 3 4 6 1033 1222 1936
892 556 719 720 722 835 1896
286 854 1402 3300 3301 4068 6474
3300 366 367 540 706 770 1919
3301 294 428 541 1902 1919 3292
1402 1389 1394 6443 6444 6445
6444 219 540 541 782 936 1410
6443 540 541 782 804 806 915
6445 540 541 804 806 813 940
854 521 831 844 849 856 6418
6418 521 720 722 767 835 1883
849 7 9 11 16 164 166
831 521 697 767 772 868 922
856 342 767 817 820 823 6419
6419 521 720 767 850 853
850 7 9 11 16 164
823 521 703 767 1222 1877 3158
817 521 767 1032 1364 1877 2703
844 521 767 830 839 841 842
4068 767 835 839 2710 3291 4070
4070 521 697 767 1313 1859 5225
5225 7 9 11 16 1033
6474 540 541 813 936 1410 6473
6473 540 541 770 915 940 1359
1359 540 541 706 1351 1354 2703
890 405 796 800 839 922 6432
6432 405 699 841 853 883 886
883 7 9 11 16 164 166
886 7 9 11 16 164
800 7 9 11 16 166 699
796 7 9 11 16 164 1222
2368 412 2361 2365 2370 3166 6469
6469 342 405 610 1860 2362 6466
610 3 4 6 164 166 1936
2362 7 9 11 16 427 1222
1860 427 434 839 1313 1855 1859
6466 166 295 367 405 422 699
2370 2335 2338 2349 2354 2358 6460
2335 434 839 2336 2954 2956 2962
2962 7 9 11 16 164
2336 7 9 11 16 166 427
2338 427 1888 1896 2339 3846 6449
6449 427 434 720 722 853 1221
2339 427 434 841 842 853 1897
6460 180 184 786 1374 1803 2183
2358 314 342 434 1871 6454 6459
6459 180 184 1368 1803 2183 2191
1871 180 184 723 1196 1288 1865
6454 180 184 723 786 2191
2349 366 434 1196 2332 2347 6453
2332 427 434 1032 1364 1877 2703
6453 314 342 366 367 427 2341
2341 427 434 703 1222 1877 3158
2361 342 405 699 722 1221 3163
3163 295 405 1033 1221 1877 3164
3164 7 9 11 16 699 1033
2365 434 772 2366 2710 2712 3291
2366 427 434 697 868 922 1313
3166 405 699 1364 1877
874 857 861 862 863 6426 6427
6427 166 295 342 556 2347 6425
6425 4 164 166 244 867 1936
867 7 9 11 16 699 1222
863 405 699 835 839 922 1313
862 556 719 720 853 1888 1892
1892 7 9 11 16 164 166
6426 164 367 699 703 719 868
861 556 719 841 853 1896 1897
857 314 556 719 859 1364 1881
859 342 556 719 1873 1877 1878
1881 7 9 11 16 164 166
880 405 697 699 772 5215 5218
5218 7 9 11 16 1033
5215 7 9 11 16 1033 1222
278 210 350 1118 1902 6003 6399
6003 7 9 11 16 164 453
6399 210 366 453 853 1443 1445
237 213 239 695 1120 1133 1320
239 210 219 695 1120 1133 1320
25 78 259 263 264 6389 6393
263 348 350 1412 1528 2098 2101
2101 7 9 11 16 601 1088
1528 165 348 350 1524 1525 1526
1525 7 9 11 16 166
1526 7 9 11 16 164 601
2098 7 9 11 16 601 1088
259 261 348 350 2092 2093 6361
2093 7 9 11 16 1033
261 180 2082 2083 2761 2766
2083 295 427 434 1033 2085 2987
2085 434 722 853 2980 2983 2986
2980 7 9 11 16 164
2986 7 9 11 16 166 1222
2983 7 9 11 16 166 427
2987 7 9 11 16 164 1222
2761 1 2 13 295 427 434
2082 184 723 2754 2757 2764 6353
2757 180 184 294 427 434 990
6353 1 2 13 295 434 6062
6062 7 9 11 16 180 1088
2764 7 9 11 16 164 166
2754 7 9 11 16 601 1088
2766 7 9 11 16 601 2764
2092 7 9 11 16 1222
6361 348 350 1122 2086 2090
2090 7 9 11 16 702 1033
2086 180 348 723 1122 3321 6048
6048 7 9 11 16 350 1033
3321 7 9 11 16 1222
6393 65 248 253 1029 1045 1046
253 213 1566 1567 1570 2999 6342
6342 210 213 989 1549 1571 6341
6341 210 213 989 1501 1549 1577
1501 7 9 11 16 166
1577 7 9 11 16 601 1088
1571 1 2 13 210 213 295
1570 210 295 702 915 1509 6338
1509 7 9 11 16 164
6338 210 213 295 813 1033 1222
2999 154 706 813 915 1501 1509
1567 210 213 219 918 1558 1562
1562 7 9 11 16 476 702
1558 456 995 1496 1560 6333
1560 453 456 853 1801 2447 2452
2452 7 9 11 16 702 1088
2447 7 9 11 16 164 1088
1801 7 9 11 16 476
1496 7 9 11 16 476
6333 1 2 13 295 348 350
1566 210 213 918 1557 1562 2043
2043 7 9 11 16 1033 1222
1557 210 219 295 456 476 6089
6089 1 2 13 295 453 920
248 219 405 695 699 1049 6316
6316 1 2 13 295 556 719
1049 7 9 11 16 1033 1222
1029 405 699 918 993 1025 1028
1025 7 9 11 16 476 702
1028 7 9 11 16 601
1045 295 556 719 722 1033 1034
1034 1 2 13 295 556 719
1046 556 706 719 853 1041 1043
1043 7 9 11 16 166
1041 7 9 11 16 164
6389 256 405 1516 1522 1543 6329
6329 405 699 915 989 1549 6328
6328 405 699 1501 1549 1551 1554
1554 7 9 11 16 601 1088
1551 7 9 11 16 1088
1516 154 573 706 813 1501 1509
1522 405 699 706 915 1032 1519
1519 1 2 13 295 813 1509
1543 578 1531 1538 1539 6324 6325
6325 314 405 557 578 699 1541
1541 7 9 11 16 476 702
6324 1 2 13 295 405 699
1538 7 9 11 16 476
1531 174 557 578 1538 1539 2038
2038 7 9 11 16 702
1539 7 9 11 16 476
256 521 1412 2056 2068 2077 6352
2077 7 9 11 16 601 1088
6352 521 767 1524 1525 2074 3199
3199 7 9 11 16 601
2074 7 9 11 16 601 1088
2068 154 1148 1497 2060 6346 6349
1497 995 1143 1148 1298 1494 1496
1298 7 9 11 16 702
1494 7 9 11 16 702
6349 573 719 920 1143 1308 6345
6345 3 4 6 702 1222 1936
2060 294 314 521 767 930 2061
2061 295 521 767 1088 1148 1801
6346 3 4 6 166 601 1936
2056 165 521 767 2049 2052 2055
2055 7 9 11 16 166
2052 7 9 11 16 164
2049 165 295 476 521 767 2974
2974 1 2 13 295
78 265 268 272 273 275 276
268 270 556 719 2477 2480 2483
2483 7 9 11 16 1033 1222
2477 556 719 835 1298 1494 2446
2446 7 9 11 16 1222
2480 7 9 11 16 1033 1222
270 719 920 2286 2462 2468 2474
2462 7 9 11 16 476 601
2468 556 920 995 2457 2465
2465 7 9 11 16 476 1088
2457 556 719 995 1298 1494 1496
2474 556 719 2027 2286 2469 2472
2469 7 9 11 16 166 1088
2027 556 617 719 722 916 2025
2025 7 9 11 16 164
2472 7 9 11 16 601 1088
273 541 918 1549 2035 2426 2431
2035 540 541 915 989 2034 2037
2037 540 541 989 1509 1549 2033
2033 7 9 11 16 601 1088
2034 7 9 11 16 166 1088
2431 540 541 918 993 2427
2427 7 9 11 16 476 702
2426 7 9 11 16 476 601
265 267 427 434 2113 2116 6371
2116 7 9 11 16 702 1088
267 427 920 2103 2111 5075
2103 427 697 1122 1794 2105 2438
2438 154 557 573 578 2038 6368
6368 174 427 557 1308
2105 427 434 697 1308 2443 2446
2443 7 9 11 16 1033
5075 7 9 11 16 476
2111 427 434 1298 1494 4903 5075
4903 7 9 11 16 434 1222
2113 7 9 11 16 601 1088
6371 427 937 956 991 1774 2107
937 7 9 11 16 166
2107 7 9 11 16 434 601
272 219 540 541 695 1563 2770
2770 7 9 11 16 1033 1222
1563 7 9 11 16 702
276 521 767 1511 2773 2993 2996
1511 540 541 813 1502 1508 6384
1502 540 541 706 915 1032 1501
1508 1 2 13 295 1509
6384 1 2 13 295 540 541
2996 7 9 11 16 476 702
2773 521 767 1064 1122 1538 1539
2993 7 9 11 16 601 702
275 521 767 1000 1122 2775 2778
1000 164 166 295 540 541 1001
1001 7 9 11 16 767 1222
2775 7 9 11 16 1033
2778 7 9 11 16 1222
264 295 348 1016 1021 1222 2095
1021 162 165 350 1009 1015 1017
1009 1 2 13 295 348 350
1015 7 9 11 16 166 1033
1016 7 9 11 16 164
2095 348 350 1064 3203 3206 3209
3206 7 9 11 16 476 601
3203 174 348 350 1538 1539 2038
3209 7 9 11 16 476 702
24 8 10 12 14 15 244
23 75 220 237 6308 6309 6313
6309 210 213 217 231 1056 1549
217 7 9 11 16 1222
75 230 863 2928 2936 6300 6303
6303 880 1377 2641 2658 2947 6226
2947 405 2318 2325 2943 6127 6269
2318 7 9 11 16 601 1088
2325 7 9 11 16 699 1088
6127 7 9 11 16 601 699
6269 405 699 839 922 949 2286
2943 7 9 11 16 1088 1222
6226 556 719 835 899 2142
2658 661 767 1849 2653 6223 6228
2653 433 521 894 930 2608 2727
6228 556 719 902 1316 2635 2655
6223 295 601 719 767 772 6222
6222 1 2 4 13 511 1936
6300 556 719 2287 2676 2944 6298
6298 556 719 2142 2167 2635 2944
2936 556 661 719 1849 2931 6264
6264 4 244 601 1088 1936 6129
6129 7 9 11 16 699 1222
2931 7 9 11 16 601 1088
230 1389 2699 2700 5096 6293 6294
2700 2659 2662 2678 2680 2690 6249
2678 434 991 2142 2655 6234 6235
6235 427 434 991 1221 1316 2675
2675 7 9 11 16 1088
6234 427 434 2284 2286 2635 2944
6249 184 434 930 1413 2354 6244
6244 180 184 232 433 434 990
2690 180 184 1374 1768 2682 2686
2682 180 184 990 1413 3428
2686 180 184 232 1300 3428
2659 434 839 2112 2660 2954 5064
2660 7 9 11 16 427 601
5064 7 9 11 16 1088
2680 180 184 185 661 1300 1865
2662 427 433 442 2332 2341 2728
6294 219 231 540 541 989 1394
6293 234 241 541 1137 1636 6291
6291 540 541 1056 1137 1549 1636
2699 2365 3163 3166 3723 6251 6257
6251 405 661 699 1221 2286 2608
6257 405 433 699 1849 6254 6256
6254 4 293 601 1088 1535 1936
1535 7 9 11 16 405 601
6256 427 772 868 922 1860
5096 831 3852 5080 5083 5086 5092
5086 521 767 949 2676 5105 6284
6284 521 767 991 1316 2635 2944
5105 7 9 11 16 601 1088
5080 521 767 835 839 2655 6280
6280 521 767 949 1316
5092 433 767 817 823 1221 6115
6115 7 9 11 16 521 601
5083 541 777 780 4068 5084 6125
777 7 9 11 16 601 1088
5084 241 540 541 770 1359 6278
6278 234 540 541 989 1056 1549
6125 540 703 927 932 1088 1849
780 540 706 767 768 770 772
768 7 9 11 16 1222
2928 556 1364 1877 2284 2727 2930
2930 556 719 1221 1878 2286 2925
2925 7 9 11 16 601 1222
6308 65 210 213 219 234 241
6313 223 227 1915 5113 6154 6219
6154 213 703 706 770 1056 1088
5113 210 213 770 927 932 1549
6219 7 9 11 16 210 1088
227 210 213 234 241 989 5115
5115 7 9 11 16 601 1088
223 224 348 1841 1845 1852 5069
1845 7 9 11 16 601 1088
1852 350 661 706 770 927 1849
5069 219 231 350 989 1137 5071
5071 234 348 350 1636 6209
6209 7 9 11 16 348 601
224 348 770 989 1137 4429 6212
6212 231 234 241 348 350 1636
4429 7 9 11 16 350 601
220 210 221 1118 1443 1445 6204
6204 295 350 453 601 661 1085
221 7 9 11 16 453 1088
22 180 184 3656 4388 6199 6200
6200 180 184 202 3658 3659 6198
6198 180 184 185 196 202 661
196 1 2 13 180 184 1287
4388 7 9 11 16 601 1088
6199 180 184 3656 3658 3659 6197
6197 65 180 184 185 1196 1288
21 65 72 165 167 171 715
72 162 165 174 176 513 514
176 3 4 6 297 475
171 162 167 174 384 445 715
20 8 12 14 15 69
69 153 156 1486 4057 6189 6190
6189 3 6 383 387 389 6182
6182 8 12 14 15
6190 3 5 6 8 10 147
4057 8 12 14 15 1489
19 65 153 156 159 295 476
159 4 12 14 15 156 244
18 5 8 10 65 153
17 8 12 14 15 63 148
63 145 3682 6169 6175
145 3 6 383 387 391 6174
6174 3 6 154 159 383 389
6175 3 5 6 8 10 147
3682 5 8 10 16 476 1273
1273 7 9 11
6169 3 4 6 12 14 15
148 3 5 6 8 10 147
