62 142 165 452 514 617 7454
452 1 2 7 9 11 13 16
514 3 4 6 512
512 5 8 10 12 14 15
617 1 2 7 9 11 13 16
7454 3 4 6 65 162 302 512
162 1 2 7 9 11 13 16
302 1 2 7 9 11 13 16
65 8 12 14 15
165 1 2 7 9 11 13 16
142 165 174 513 519 617 1783 7451
513 3 4 6 512
7451 3 6 383 943 983 1786 5288
983 5 8 10 12 14 15
1786 3 4 6 512 573
573 1 2 7 9 11 13 16
943 5 8 10 12 14 15
383 5 8 10 12 14 15
5288 3 4 6 512 573
519 1 2 7 9 11 13 16
1783 3 4 6 294 383 389 512
389 5 8 10 12 14 15
294 1 2 7 9 11 13 16
174 1 2 7 9 11 13 16
61 140 483 487 496 497 7439 7440
483 3 4 6 297
297 5 8 10 12 14 15
140 301 403 451 488 492 6858
451 1 2 7 9 11 13 16
301 3 4 6 297
6858 3 6 12 14 15 156 537
537 5 8 10
156 5 8 10
403 1 2 7 9 11 13 16
488 1 2 7 9 11 13 16
492 3 4 6 165 297 2601 2603
2603 1 2 7 9 11 13 16
2601 1 2 7 9 11 13 16
7440 3 4 6 65 154 297 387
154 1 2 7 9 11 13 16
387 5 8 10 12 14 15
497 1 2 7 9 11 13 16
487 1 2 7 9 11 13 16
7439 3 6 147 156 294 477 573
477 3 4 6 297
147 12 14 15
496 1 2 7 9 11 13 16
60 165 174 483 519 617 7435 7436
7435 3 6 8 12 14 15 156
7436 3 4 6 297 302 685
685 1 2 7 9 11 13 16
59 136 673 4054 4372 4382 5296 7431
4372 7 9 11 16 210 476 4373
210 3 4 6 12 14 15 156
476 1 2 13
4373 7 9 11 16 213 702
702 1 2 13
213 3 4 6 12 14 15 156
4382 7 9 11 16 213 476 1222
1222 1 2 13
5296 7 9 11 16 210 476 702
7431 453 4302 4311 4316 7424 7425 7430
4311 1 2 13 348 350 1287 5306
5306 7 9 11 16 456 476
456 3 4 6 12 14 15 156
348 3 4 5 6 8 10 662
662 12 14 15
350 3 4 5 6 8 10 662
1287 7 9 11 16
7430 3 4 6 65 451 512 664
664 210 452 480 513 666 1196 5383
1196 1 2 7 9 11 13 16
480 1 2 7 9 11 13 16
5383 3 4 6 294 512 573
666 1 2 13 210 213 1287 7366
7366 3 6 147 213 944 945 1288
944 12 14 15
945 5 8 10
1288 1 2 7 9 11 13 16
453 3 4 6 12 14 15 156
4302 1 2 7 9 11 13 16
4316 210 213 1794 3132 3137 4028 4313
3137 210 453 456 1196 1303 3132 3134
3134 1 2 7 9 11 13 16
1303 1 2 7 9 11 13 16
1794 1 2 7 9 11 13 16
4313 1 2 7 9 11 13 16
3132 1 2 7 9 11 13 16
4028 1 2 7 9 11 13 16
7424 7 9 11 16 166 350 5299
166 1 2 13
5299 7 9 11 16 164 348 1222
164 1 2 13
7425 1 2 13 348 350 1287 4322
4322 7 9 11 16 164 348 350
4054 210 213 3441 4049 4052
3441 7 9 11 16 210 213 1088
1088 1 2 13
4052 1 2 7 9 11 13 16
4049 1 2 7 9 11 13 16
136 3938 4047 4048 4240 4243 7414 7417
3938 427 434 723 3933 3936
427 3 4 6 12 14 15 945
3936 1 2 7 9 11 13 16
434 3 4 6 12 14 15 945
723 1 2 7 9 11 13 16
3933 1 2 7 9 11 13 16
4047 184 427 434 1196 1311 2255 4040
2255 1 2 7 9 11 13 16
1311 1 2 7 9 11 13 16
4040 1 2 7 9 11 13 16
184 3 4 6 12 14 15 945
4240 405 699 1296 4242 4599 4602 4620
4602 1 2 7 9 11 13 16
4599 1 2 7 9 11 13 16
1296 1 2 7 9 11 13 16
4620 405 699 4596 4614 4616 4619 7402
4614 7 9 11 16 578 702 7401
7401 166 405 557 601 699 1287 1294
557 3 4 6 12 14 15 156
1294 1 2 7 9 11 13 16
601 1 2 13
578 3 4 6 12 14 15 156
7402 3 4 6 164 166 1936 7400
1936 5 8 10 12 14 15
7400 164 405 578 699 1088 1141 1287
1141 1 2 7 9 11 13 16
4616 1 2 7 9 11 13 16
4596 7 9 11 16 476 557 578
4619 1 2 7 9 11 13 16
405 3 4 6 12 14 15 945
699 3 4 6 12 14 15 945
4242 4467 4477 4486 4611 5337 5339 7391
5339 7 9 11 16 476 601 719
719 3 4 6 12 14 15 156
4611 405 699 3653 3925 3929 4607 7395
3653 556 598 719 2255 3645 3648 3650
556 3 4 6 12 14 15 156
3650 1 2 7 9 11 13 16
3648 1 2 7 9 11 13 16
3645 1 2 13 556 719 723 1287
598 1 2 3 4 6 13 1936
3925 1 2 7 9 11 13 16
7395 1 2 3 4 6 13 1936
4607 1 2 7 9 11 13 16
3929 1 2 7 9 11 13 16
4467 7 9 11 16 476 556 719
4486 556 719 1794 4145 4483 4484 4738
4145 1 2 7 9 11 13 16
4483 1 2 7 9 11 13 16
4484 1 2 7 9 11 13 16
4738 1 2 7 9 11 13 16
7391 556 719 723 786 1803 2183 4492
1803 1 2 7 9 11 13 16
2183 1 2 7 9 11 13 16
4492 1 2 7 9 11 13 16
786 1 2 7 9 11 13 16
4477 7 9 11 16 556 702 1088
5337 7 9 11 16 166 719 1088
4243 540 541 3637 3670 3676 4244 4369
3676 540 541 3633 3636 3661 3664
3636 1 2 7 9 11 13 16
3664 1 2 7 9 11 13 16
3661 1 2 7 9 11 13 16
3633 1 2 7 9 11 13 16
4244 767 1368 2191 4686 4694 4996 5314
767 3 4 5 6 8 10 662
4996 1 2 7 9 11 13 16
4694 521 767 1303 4856 4857 4943 4948
4948 521 767 1368 1803 2183 2191 4940
4940 1 2 7 9 11 13 16
4943 1 2 7 9 11 13 16
521 5 8 10 12 14 15 181
181 3 4 6
4856 719 1148 1303 1820 3132 3433 4028
1820 1 2 7 9 11 13 16
1148 3 4 5 6 8 10 662
3433 1 2 7 9 11 13 16
4857 7 9 11 16 702 1143 4847
1143 5 8 10 12 14 15 385
385 3 4 6
4847 1 2 13 521 767 1287 5325
5325 7 9 11 16 476 1148
4686 7 9 11 16 521 601
1368 1 2 7 9 11 13 16
5314 7 9 11 16 521 601 1088
2191 1 2 7 9 11 13 16
3637 1 2 7 9 11 13 16
540 3 4 5 6 8 10 662
3670 1 2 7 9 11 13 16
541 3 4 5 6 8 10 662
4369 521 767 3922 4147 4150 4153 4370
4150 1 2 7 9 11 13 16
4147 7 9 11 16 476 521 767
3922 540 541 1088 1287 3914 3917 3920
3914 202 540 541 1033 1222 1287 3656
3656 1 2 7 9 11 13 16
1033 1 2 13
202 1 2 7 9 11 13 16
3917 1 2 7 9 11 13 16
3920 1 2 7 9 11 13 16
4153 1 2 7 9 11 13 16
4370 521 767 1794 3132 4028 4031 4366
4366 1 2 7 9 11 13 16
4031 1 2 13 540 541 1287
4048 1 2 13 427 434 1287 5376
5376 7 9 11 16 180 601 1088
180 5 8 10 12 14 15 181
7417 348 3129 3837 3841 4236 4237 7380
7380 7 9 11 16 348 350 1033
4237 427 434 4499 4500 4503 4748 7386
4499 7 9 11 16 434 476 1222
4503 1 2 7 9 11 13 16
4748 1 2 7 9 11 13 16
4500 557 578 1303 1317 4501 4747 7385
4747 7 9 11 16 427 1222
1317 1 2 7 9 11 13 16
7385 7 9 11 16 427 434 1033
4501 557 578 1141 1144 1317 3433 4221
4221 1 2 7 9 11 13 16
1144 1 2 7 9 11 13 16
7386 7 9 11 16 427 601 1088
3837 1 2 7 9 11 13 16
3841 164 166 180 184 350 1287 1313
1313 1 2 7 9 11 13 16
4236 234 348 350 1144 4221 4225 4231
4225 348 350 1141 1294 1820 3433 7374
7374 348 350 1294 1316 1820 4221
1316 1 2 7 9 11 13 16
234 1 2 7 9 11 13 16
4231 348 350 1316 1636 1779 4226 7377
1779 7 9 11 16 350 1088 1780
1780 7 9 11 16 348 601 1088
4226 1 2 7 9 11 13 16
7377 7 9 11 16 164 350 601
1636 1 2 7 9 11 13 16
3129 7 9 11 16 350 1222 5374
5374 7 9 11 16 348 702 1033
7414 180 184 186 202 1196 1288 3660
3660 1 2 7 9 11 13 16
186 7 9 11 16 164 184 188
188 7 9 11 16 166 180
673 210 213 723 1368 2191 2598 4385
2598 210 213 723 1296 1317 1368 1808
1808 1 2 7 9 11 13 16
4385 1 2 7 9 11 13 16
58 8 12 14 15
57 646 649 653 4735 4841 7354 7360
649 210 350 4823 4830 4916 5123 7294
7294 210 453 661 2219 3261 3264 5464
2219 1 2 7 9 11 13 16
3261 1 2 7 9 11 13 16
5464 7 9 11 16 213 1033 1222
3264 1 2 13 453 456 703
703 7 9 11 16
661 1 2 7 9 11 13 16
5123 1 2 7 9 11 13 16
4916 453 456 457 1436 4912 7291 7293
457 1 2 7 9 11 13 16
7293 348 350 366 456 3907
3907 1 2 7 9 11 13 16
366 1 2 7 9 11 13 16
4912 1 2 7 9 11 13 16
1436 1 2 7 9 11 13 16
7291 1 2 13 348 350 703
4823 1 2 7 9 11 13 16
4830 1 2 13 348 350 703 4826
4826 1 2 7 9 11 13 16
4841 405 699 1320 1443 4839 4843 7336
1443 1 2 7 9 11 13 16
4843 241 405 457 699 1436 3906 4836
241 1 2 7 9 11 13 16
3906 1 2 7 9 11 13 16
4836 556 600 661 719 4023 4831 4833
4833 1 2 7 9 11 13 16
4831 1 2 7 9 11 13 16
4023 1 2 13 556 703 719 916
916 1 2 7 9 11 13 16
600 1 2 3 4 6 13 1936
1320 1 2 7 9 11 13 16
4839 1 2 7 9 11 13 16
7336 1 2 3 4 6 13 1936
7354 427 434 3616 4575 4578 4589 4678
4678 427 434 4563 4566 4671 4674 4677
4677 1 2 7 9 11 13 16
4566 1 2 7 9 11 13 16
4671 427 434 1320 2231 4668 4670 7321
4670 1 2 7 9 11 13 16
4668 1 2 7 9 11 13 16
7321 427 471 557 578 660 1308 2396
471 1 2 7 9 11 13 16
660 1 2 7 9 11 13 16
1308 1 2 7 9 11 13 16
2396 7 9 11 16 427 1222
2231 471 557 578 1141 2227 2229 2230
2230 1 2 7 9 11 13 16
2229 1 2 7 9 11 13 16
2227 1 2 7 9 11 13 16
4563 1 2 7 9 11 13 16
4674 1 2 7 9 11 13 16
3616 1 2 7 9 11 13 16
4589 180 184 232 990 1413 3428 7317
990 1 2 7 9 11 13 16
3428 1 2 7 9 11 13 16
1413 1 2 7 9 11 13 16
7317 180 184 185 661 786 7314 7315
7315 180 184 185 661 2191 4587
4587 1 2 7 9 11 13 16
185 1 2 7 9 11 13 16
7314 180 184 1300 1768 2191
1768 1 2 7 9 11 13 16
1300 1 2 7 9 11 13 16
232 1 2 7 9 11 13 16
4578 1 2 7 9 11 13 16
4575 180 184 232 1300 3428 4576 7310
4576 184 427 434 471 1221 1768 2911
2911 1 2 13 427 434 703 2685
2685 7 9 11 16 184 601
1221 1 2 7 9 11 13 16
7310 1 2 13 427 434 703
4735 241 405 699 936 1224 4731 4737
4737 405 699 782 936 4712 4719 4728
4712 1 2 7 9 11 13 16
4728 185 405 578 1294 4721 4729 7328
7328 1 2 13 405 699 703
4729 416 421 557 578 2227 2587
421 1 2 3 4 6 13 1936
416 1 2 3 4 6 13 1936
2587 1 2 7 9 11 13 16
4721 7 9 11 16 578 702 7325
7325 4 293 557 601 1088 1294 1936
293 3 6
4719 1 2 13 405 699 703 4715
4715 1 2 7 9 11 13 16
782 1 2 7 9 11 13 16
936 1 2 7 9 11 13 16
4731 1 2 7 9 11 13 16
1224 1 2 7 9 11 13 16
653 3631 4466 5030 5031 7305 7306 7356
5030 521 767 1266 2219 2220 2224 5026
1266 1 2 7 9 11 13 16
2224 1 2 13 540 541 703
2220 1 2 7 9 11 13 16
5026 1 2 7 9 11 13 16
3631 241 540 541 1436 3614 3616 3632
3614 1 2 7 9 11 13 16
3632 540 541 1320 1436 1443 3624 3629
3624 231 241 540 541 3620 3622
3622 1 2 7 9 11 13 16
231 1 2 7 9 11 13 16
3620 1 2 7 9 11 13 16
3629 1 2 7 9 11 13 16
4466 350 1316 4450 4451 4452 4458 5454
4452 7 9 11 16 166 348 4453
4453 7 9 11 16 164 350 601
4450 7 9 11 16 350 476 702
5454 7 9 11 16 348 601 1088
4451 348 350 1316 2229 2230 2655 4444
2655 1 2 7 9 11 13 16
4444 1 2 7 9 11 13 16
4458 1 2 7 9 11 13 16
5031 521 1266 2244 3271 3272 5022 5399
3272 1 2 7 9 11 13 16
3271 7 9 11 16 702 767
2244 1 2 7 9 11 13 16
5022 185 540 541 661 782 5019 5023
5019 1 2 7 9 11 13 16
5023 540 541 936 1220 1221 1224 5021
1220 1 2 7 9 11 13 16
5021 1 2 7 9 11 13 16
5399 7 9 11 16 476 601 767
7305 7 9 11 16 348 1222 7304
7304 180 184 185 350 661 1313
7306 348 350 1141 1228 1231 1313 1859
1228 1 2 7 9 11 13 16
1231 1 2 7 9 11 13 16
1859 1 2 7 9 11 13 16
7356 1250 2592 2593 4939 4994 5415 7342
4994 521 767 1300 1413 1766 1768 4990
4990 1 2 7 9 11 13 16
1766 1 2 7 9 11 13 16
2592 1 2 13 521 703 767 5406
5406 7 9 11 16 476 1148
1250 521 660 767 1221 1240 1244 1247
1247 1 2 7 9 11 13 16
1240 7 9 11 16 164 767 1241
1241 7 9 11 16 166 521
1244 1 2 7 9 11 13 16
4939 719 994 1413 2252 4815 4919 5416
4815 7 9 11 16 556 702
5416 7 9 11 16 476 556 1088
2252 556 719 1266 2240 2244 2249 2250
2240 1 2 7 9 11 13 16
2250 1 2 7 9 11 13 16
2249 1 2 7 9 11 13 16
4919 1 2 7 9 11 13 16
994 1 2 7 9 11 13 16
2593 471 660 1143 1148 2229 2582 7347
7347 185 343 366 767 1141 1143 2230
343 1 2 7 9 11 13 16
2582 7 9 11 16 719 1222
5415 7 9 11 16 164 556 601
7342 232 556 719 990 1413 3428 4934
4934 1 2 7 9 11 13 16
7360 1 2 13 65 210 213 703
646 2237 3404 3412 3421 5477 5478 5480
2237 210 213 471 916 1220 1221 1239
1239 1 2 7 9 11 13 16
5480 7 9 11 16 164 166 213
3421 210 213 919 1140 2241 3418 4711
3418 1 2 7 9 11 13 16
919 1 2 7 9 11 13 16
1140 1 2 7 9 11 13 16
4711 1 2 7 9 11 13 16
2241 1 2 7 9 11 13 16
3404 210 213 938 990 1300 1413 1768
938 1 2 7 9 11 13 16
5477 7 9 11 16 213 702 1088
3412 7 9 11 16 164 166 210
5478 7 9 11 16 210 601 1088
56 132 629 1725 1731 1744 1745 1752
1725 521 1154 1158 1166 1727 7198 7199
1154 7 9 11 16 702 1143 1156
1156 7 9 11 16 476 1147 1148
1147 1 2 13 521 767 1085 1287
1085 7 9 11 16
7199 1 2 13 521 767 1085 1287
7198 165 521 767 1033 1085 1222 1287
1166 7 9 11 16 164 521 767
1727 719 1683 1714 2529 5552 7187 7197
1683 521 767 911 1064 1659 1663 1666
911 1 2 7 9 11 13 16
1064 1 2 7 9 11 13 16
1659 7 9 11 16 166 767 1661
1661 521 767 991 1137 1316 1653
1653 1 2 7 9 11 13 16
991 1 2 7 9 11 13 16
1137 1 2 7 9 11 13 16
1666 1 2 7 9 11 13 16
1663 1 2 7 9 11 13 16
2529 1 2 7 9 11 13 16
7187 7 9 11 16 521 1088 1671
1671 521 767 920 1316
920 1 2 7 9 11 13 16
5552 7 9 11 16 601 767 1088
7197 7 9 11 16 556 1222 2526
2526 7 9 11 16 702 719 1379
1379 7 9 11 16 556 1222
1714 556 719 995 1141 2502 2505 2523
2523 574 719 1118 1143 1445 2525 7191
1445 1 2 7 9 11 13 16
1118 1 2 7 9 11 13 16
574 1 2 7 9 11 13 16
7191 1 2 3 4 6 13 1936
2525 7 9 11 16 556 1033 7194
7194 556 719 835 1148 1285 1313 2219
835 1 2 7 9 11 13 16
1285 1 2 7 9 11 13 16
2502 1 2 7 9 11 13 16
995 1 2 7 9 11 13 16
2505 1 2 7 9 11 13 16
1158 1 2 7 9 11 13 16
1752 521 1120 1133 1322 1728 7216 7219
1133 1 2 7 9 11 13 16
1120 1 2 7 9 11 13 16
7219 521 1294 1688 1738 1740 2207 5535
1688 1 2 7 9 11 13 16
2207 1 2 7 9 11 13 16
1738 521 767 911 920 922 1122
1122 1 2 7 9 11 13 16
922 1 2 7 9 11 13 16
5535 7 9 11 16 702 767 1033
1740 1 2 13 540 541 1085 1287
7216 521 697 767 1122 1313 1688 1749
1749 1 2 7 9 11 13 16
697 1 2 7 9 11 13 16
1322 1 2 7 9 11 13 16
1728 344 540 541 767 922 1089 2207
1089 1 2 7 9 11 13 16
344 1 2 7 9 11 13 16
629 1757 1760 2151 2161 2162 7227 7228
2151 556 719 940 1410 2142 2145 2148
2148 1 2 7 9 11 13 16
2145 1 2 7 9 11 13 16
1410 1 2 7 9 11 13 16
940 1 2 7 9 11 13 16
2142 1 2 7 9 11 13 16
2162 7 9 11 16 164 719 724
724 556 719 720 722
722 1 2 7 9 11 13 16
720 1 2 7 9 11 13 16
7227 7 9 11 16 601 719 2167
2167 7 9 11 16 556 719 1088
1757 556 722 1758 3099 3817 3823 5513
3823 1 2 7 9 11 13 16
1758 405 697 699 772 1120 1133 7235
772 1 2 7 9 11 13 16
7235 7 9 11 16 405 1222 3105
3105 7 9 11 16 405 699 1033
3099 556 597 598 1084 3100 3606 7231
1084 1 2 7 9 11 13 16
3606 7 9 11 16 606 699 1222
606 1 2 3 4 6 13 1936
3100 7 9 11 16 699 1222 7230
7230 1 2 13 556 719 1085 1287
597 1 2 3 4 6 13 1936
7231 7 9 11 16 405 1033 5514
5514 1 2 13 556 719 1085 1287
3817 1 2 13 556 719 1085 1287
5513 1 2 13 719 1085 1287
7228 7 9 11 16 556 1088 2164
2164 7 9 11 16 556 702 2166
2166 7 9 11 16 601 719
1760 3113 3114 3116 3117 5507 5508 7240
3117 174 405 699 995 1060 1820 2244
1060 1 2 7 9 11 13 16
5508 7 9 11 16 166 699 1088
7240 234 405 699 1056 1412 1413
1412 1 2 7 9 11 13 16
1056 1 2 7 9 11 13 16
5507 7 9 11 16 405 601 1088
3116 7 9 11 16 476 699 702
3114 174 405 699 949 1413 2286 4136
2286 1 2 7 9 11 13 16
949 1 2 7 9 11 13 16
4136 1 2 7 9 11 13 16
3113 7 9 11 16 405 702 1088
2161 7 9 11 16 164 166 556
1744 7 9 11 16 540 1088 7213
7213 7 9 11 16 541 601 1088
1731 540 1120 1133 1322 1733 2865 5537
5537 7 9 11 16 541 1222
1733 540 541 911 2847 2855 2856 2859
2856 1 2 7 9 11 13 16
2847 1 2 7 9 11 13 16
2855 7 9 11 16 541 702 1033
2859 1 2 7 9 11 13 16
2865 7 9 11 16 540 541 1033
1745 540 804 806 3357 3366 5530 5531
5531 7 9 11 16 166 541 1088
3366 1 2 7 9 11 13 16
806 1 2 7 9 11 13 16
3357 1 2 7 9 11 13 16
804 1 2 7 9 11 13 16
5530 7 9 11 16 164 541 1222
132 213 640 645 4213 4220 7278 7282
640 434 2562 2563 3083 5485 5486 7271
5485 7 9 11 16 180 1088
5486 7 9 11 16 184 601 1088
7271 1 2 13 427 434 1085 1287
2563 165 427 434 723 784 3092 7269
784 1 2 7 9 11 13 16
7269 7 9 11 16 164 427 434
3092 1 2 7 9 11 13 16
2562 303 427 434 830 853 1657 3086
1657 1 2 7 9 11 13 16
303 1 2 7 9 11 13 16
3086 1 2 7 9 11 13 16
853 1 2 7 9 11 13 16
830 1 2 7 9 11 13 16
3083 1 2 7 9 11 13 16
4213 1 2 7 9 11 13 16
7278 635 638 639 1647 1648 2209 2210
2209 7 9 11 16 210 213 1088
638 348 350 1137 1316 1412 2557 7263
7263 232 348 350 991 1636 1657 2486
2486 1 2 7 9 11 13 16
2557 1 2 7 9 11 13 16
635 7 9 11 16 210 601 5496
5496 7 9 11 16 213 702 1088
1647 7 9 11 16 210 476 702
1648 7 9 11 16 213 476 747
747 210 213 1064 1140
2210 7 9 11 16 213 601 5497
5497 7 9 11 16 166 210 1088
639 348 350 911 1144 1294 2541 2554
2554 7 9 11 16 350 476 5492
5492 7 9 11 16 348 476 702
2541 348 350 911 1064 1144 1316 2543
2543 7 9 11 16 348 601 5494
5494 7 9 11 16 350 702 1088
7282 625 1210 1211 1212 7172 7173 7280
1212 405 699 841 853 4284 4354 4357
4284 405 496 699 722 1105 1174 1296
1174 1 2 7 9 11 13 16
1105 1 2 7 9 11 13 16
4354 1 2 7 9 11 13 16
4357 1 2 7 9 11 13 16
841 1 2 7 9 11 13 16
7172 7 9 11 16 164 405 699
1211 601 699 1085 1088 1287 4116 7166
4116 164 166 405 408 699 1085 1287
408 1 2 3 4 6 13 1936
7166 1 2 3 4 6 13 1936
7173 7 9 11 16 164 405 1207
1207 7 9 11 16 166 699
1210 1 2 13 405 1085 1287 5570
5570 7 9 11 16 578 702
7280 626 632 2180 2181 2197 2198 7276
2180 180 184 350 723 1133 1196 1288
626 210 213 628 1122 1140 1706 1709
1709 1 2 7 9 11 13 16
628 453 804 806 853 1691 1700 5564
1700 1 2 7 9 11 13 16
1691 210 213 1120 1122 1133 1322 1693
1693 7 9 11 16 210 1222 1684
1684 453 456 1196 1285 1303 1804 3354
1804 1 2 7 9 11 13 16
3354 1 2 7 9 11 13 16
5564 7 9 11 16 456 476
1706 1 2 7 9 11 13 16
2181 180 348 350 1122 1322 1368 2177
2177 1 2 7 9 11 13 16
2197 180 184 786 1368 1803 2183 2191
2198 180 184 723 786 2191 2192 2194
2192 1 2 7 9 11 13 16
2194 1 2 7 9 11 13 16
632 348 350 697 1120 1313 2207 7252
7252 348 350 922 1122 1140 1688 2203
2203 1 2 7 9 11 13 16
7276 65 350 1170 1178 1186 5589 7149
1186 165 348 350 804 1182 7146
7146 7 9 11 16 164 348 350
1182 1 2 7 9 11 13 16
5589 7 9 11 16 164 453 1088
1170 1 2 7 9 11 13 16
1178 1 2 13 348 350 1085 1287
7149 1 2 13 348 350 1085 1287
625 1201 1205 2899 2901 3386 7159
3386 7 9 11 16 557 578 702
1205 427 434 697 1313 1794 2904 2907
2904 1 2 7 9 11 13 16
2907 1 2 7 9 11 13 16
7159 427 557 578 1285 1303 1794 2396
2901 174 557 578 1060 3393 3396 7161
3393 1 2 7 9 11 13 16
7161 7 9 11 16 476 557 578
3396 1 2 7 9 11 13 16
2899 427 434 922 1122 1322 3383 3389
3383 1 2 13 557 578 1085 1287
3389 1 2 7 9 11 13 16
1201 434 2876 2879 2888 2894 5586 7154
2876 1 2 7 9 11 13 16
2879 427 434 920 1064 1140 1316 2112
2112 7 9 11 16 427 601
2894 1 2 7 9 11 13 16
5586 7 9 11 16 427 476 601
2888 427 434 920 1122 1140 2882 2885
2882 1 2 7 9 11 13 16
2885 1 2 7 9 11 13 16
7154 427 434 991 1137 1316 1636 2891
2891 7 9 11 16 427 434 1088
645 165 210 213 784 4124 4127 7275
4127 1 2 7 9 11 13 16
4124 1 2 7 9 11 13 16
7275 1 2 13 210 213 1085 1287
4220 1 2 13 210 213 1085 1287
55 65 619 3059 3075 3076 4059 7136
4059 540 541 2787 2800 2806 2821 7134
2800 1 2 7 9 11 13 16
2821 540 541 2807 2811 2822 3336 3339
2807 174 521 767 911 1065 2808 3328
2808 521 767 911 1064 1068 1122 1632
1632 1 2 7 9 11 13 16
1068 1 2 7 9 11 13 16
1065 1 2 7 9 11 13 16
3328 7 9 11 16 476 521 767
2822 521 767 1118 1128 2815 7102 7103
1128 1 2 7 9 11 13 16
7102 521 767 1120 1122
2815 1 2 13 540 541 1085
7103 7 9 11 16 521 767 1033
3336 1 2 7 9 11 13 16
3339 1 2 7 9 11 13 16
2811 1 2 13 540 541 1085 4007
4007 1 2 7 9 11 13 16
7134 556 719 1105 2834 3041 3047 4018
3047 405 699 3042 3058 3802 7116
3802 1 2 7 9 11 13 16
3058 1 2 7 9 11 13 16
7116 1 2 13 556 719 1085
3042 1 2 7 9 11 13 16
3041 1 2 13 556 719 1085 4015
4015 1 2 7 9 11 13 16
4018 1 2 7 9 11 13 16
2834 521 2825 2826 2827 2832 5628 7113
7113 521 767 956 1053 1056 1137 1412
956 1 2 7 9 11 13 16
1053 1 2 7 9 11 13 16
2826 162 165 521 767 804 1582 2119
2119 1 2 7 9 11 13 16
1582 1 2 7 9 11 13 16
2825 1 2 13 165 521 767 1085
2827 719 1148 1285 1312 3012 3214 7109
7109 1 2 13 521 767 1085 5631
5631 7 9 11 16 476 1148
3214 1 2 13 1085 1143 1593 2513
1593 1 2 7 9 11 13 16
2513 3 4 6 1936
3012 7 9 11 16 476 1148 3014
3014 7 9 11 16 702 1143
1312 1 2 7 9 11 13 16
2832 1 2 7 9 11 13 16
5628 7 9 11 16 601 767 1088
2806 540 541 2783 2786 2791 2794
2783 1 2 7 9 11 13 16
2791 1 2 7 9 11 13 16
2794 1 2 7 9 11 13 16
2786 1 2 7 9 11 13 16
2787 1 2 7 9 11 13 16
3075 556 719 1312 3071 4276 4278 4279
4278 1 2 7 9 11 13 16
4279 1 2 7 9 11 13 16
4276 1 2 7 9 11 13 16
3071 1 2 7 9 11 13 16
3059 405 699 3048 3053 3054 3057 5010
3054 1 2 7 9 11 13 16
3053 1 2 13 405 699 1085 5011
5011 1 2 7 9 11 13 16
3048 557 578 911 1060 1065 1068 3050
3050 557 578 1060 1064 1065 1068 7122
7122 1 2 13 405 699 1085 2040
2040 7 9 11 16 578 702
5010 1 2 7 9 11 13 16
3057 1 2 7 9 11 13 16
7136 348 1114 1123 1131 1633 5061 7087
5061 427 2130 4807 4904 4910 5102 5595
4904 1 2 7 9 11 13 16
4807 427 434 1069 1590 1593 3011 4808
1069 1 2 7 9 11 13 16
4808 7 9 11 16 434 1222 5599
5599 7 9 11 16 427 434 702
1590 1 2 7 9 11 13 16
3011 1 2 7 9 11 13 16
5102 1 2 7 9 11 13 16
2130 7 9 11 16 427 601 5602
5602 7 9 11 16 434 702 1088
4910 174 427 557 911 1312 5596 5597
5596 7 9 11 16 434 1033 1222
5597 1 2 13 557 578 1085
5595 7 9 11 16 434 601 1088
7087 7 9 11 16 350 1033 1222
1114 180 348 1118 1122 1128 1369 5670
1369 1 2 7 9 11 13 16
5670 7 9 11 16 350 1033
1123 1 2 7 9 11 13 16
1131 180 184 1091 1103 1111 2779 2782
1111 427 434 1076 1081 1105 1106 1295
1106 1 2 7 9 11 13 16
1081 7 9 11 16 164 427 1082
1082 7 9 11 16 164 166 434
1076 1 2 7 9 11 13 16
1295 1 2 7 9 11 13 16
2779 1 2 7 9 11 13 16
1103 180 184 427 434 1086 1089 7083
7083 180 184 434 948 1084 1100 1270
948 1 2 7 9 11 13 16
1270 1 2 7 9 11 13 16
1100 1 2 7 9 11 13 16
1086 1 2 7 9 11 13 16
1091 1 2 13 427 434 1085
2782 1 2 7 9 11 13 16
1633 348 350 1056 1137 1412 1635 7096
1635 350 804 940 1603 1610 1620 1621
1603 1 2 7 9 11 13 16
1621 348 350 911 1060 1064 1065 1068
1620 174 348 350 1056 1060 1068 1632
1610 1 2 13 348 350 1085 7090
7090 7 9 11 16 164 348 1222
7096 348 350 956 1412 1623 1629 1632
1629 1 2 7 9 11 13 16
1623 7 9 11 16 166 348 5657
5657 7 9 11 16 164 350 601
3076 719 3017 3021 3066 4107 4197 5606
3017 1 2 7 9 11 13 16
5606 7 9 11 16 164 556 1088
3066 556 719 1069 1590 1593 3011 4200
4200 1 2 7 9 11 13 16
4107 1 2 7 9 11 13 16
4197 1 2 7 9 11 13 16
3021 7 9 11 16 556 601
619 210 213 1105 2133 2136 3347 7141
7141 210 213 1122 1366 3223 3239 7139
3239 456 1069 1590 3011 3232 5692 7072
3232 7 9 11 16 164 453 1088
7072 1 2 13 348 350 1085
5692 7 9 11 16 453 702 1088
3223 1 2 7 9 11 13 16
1366 1 2 7 9 11 13 16
7139 210 213 515 3227 4001 4006 4062
4006 1 2 13 453 456 1085 1593
4001 1 2 7 9 11 13 16
515 3 4 6 302 512
4062 1 2 7 9 11 13 16
3227 1 2 7 9 11 13 16
2136 1 2 7 9 11 13 16
3347 210 213 514 3031 3035 3341 3345
3031 1 2 7 9 11 13 16
3341 1 2 7 9 11 13 16
3035 3 6 389 983 1786 3027 7076
3027 1 2 13 210 213 1085
7076 3 4 6 213 294 512 1084
3345 1 2 7 9 11 13 16
2133 1 2 7 9 11 13 16
54 110 514 535 612 613 614 617
110 65 3155 3745 3746 6904 6905 6919
3745 7 9 11 16 427 1088 5784
5784 7 9 11 16 434 601 1088
3155 405 3144 3145 3529 3532 3535 6892
6892 7 9 11 16 164 405 699
3145 174 405 699 1954 1957 2244 2735
1957 1 2 7 9 11 13 16
1954 1 2 7 9 11 13 16
2735 219 405 699 1118 1120 1133 2737
2737 405 535 695 699 1320 1443 1445
695 1 2 7 9 11 13 16
219 1 2 7 9 11 13 16
3535 1 2 7 9 11 13 16
3529 405 471 572 699 704 3523 3526
3526 1 2 7 9 11 13 16
704 1 2 7 9 11 13 16
572 1 2 7 9 11 13 16
3523 1 2 7 9 11 13 16
3144 535 699 1140 1320 2375 3539 5789
3539 1 2 7 9 11 13 16
2375 7 9 11 16 405 1222
5789 7 9 11 16 405 1222
3532 154 405 471 572 3533 3546 3723
3723 405 433 699 930 2727
433 1 2 7 9 11 13 16
2727 1 2 7 9 11 13 16
930 1 2 7 9 11 13 16
3533 405 433 661 699 1849 2608 3728
2608 1 2 7 9 11 13 16
1849 1 2 7 9 11 13 16
3728 1 2 7 9 11 13 16
3546 1 2 7 9 11 13 16
6919 427 434 1266 1855 3756 3765 3771
3771 405 535 930 2724 3761 3763 3764
3763 7 9 11 16 434 476 1222
3764 7 9 11 16 427 702 2954
2954 7 9 11 16 434 1222
2724 7 9 11 16 427 1222
3761 294 366 405 699 711 1902 1919
711 1 2 7 9 11 13 16
1919 1 2 7 9 11 13 16
1902 1 2 7 9 11 13 16
1855 7 9 11 16 427 1222
3765 1 2 7 9 11 13 16
3756 434 3546 3547 3550 3730 3747 3757
3757 434 782 804 806 813 2956 5779
2956 7 9 11 16 166 427
5779 7 9 11 16 164 166 427
813 1 2 7 9 11 13 16
3547 154 427 434 471 1285 1835
1835 1 2 7 9 11 13 16
3550 427 434 471 572 704
3730 427 434 572 1032 2612 3570
3570 7 9 11 16 427 434 1033
1032 1 2 7 9 11 13 16
2612 1 2 7 9 11 13 16
3747 427 434 704 1220 3748 3893 3895
3895 1 2 7 9 11 13 16
3748 162 427 434 535 938 3573
3573 165 427 434 703 1222 1287 1524
1524 1 2 7 9 11 13 16
3893 1 2 7 9 11 13 16
6905 405 699 1412 1413 4339 4342 6903
4339 1 2 7 9 11 13 16
4342 1 2 7 9 11 13 16
6903 7 9 11 16 405 699 1088
6904 174 405 699 1413 1420 1423 3149
3149 1 2 7 9 11 13 16
1423 1 2 7 9 11 13 16
1420 1 2 7 9 11 13 16
3746 427 434 457 1144 1436 3735 4171
4171 1 2 7 9 11 13 16
3735 7 9 11 16 427 601 3736
3736 7 9 11 16 434 702 1088
613 165 167 475 483 617 715 7068
715 5 8 10 12 14 15 181
167 3 4 6 12 14 15 156
475 3 4 6 12 14 15 945
7068 165 301 483 513 535 617
535 3 5 6 8 10 168
168 12 14 15
614 427 428 429 439 615 1849
615 427 433 434 661 930 2255 2608
439 366 367 427 434 1902
367 1 2 7 9 11 13 16
429 427 434 930 1919
428 1 2 7 9 11 13 16
612 3 4 6 165 435 512 715
435 294 427 434 1902 1919
53 5 8 10 12 14 15 153
153 3 4 6 12 14 15 154
52 65 126 416 421 597 7065
7065 1 2 3 4 6 13 1936
126 1 2 3 4 6 13 1936
51 8 12 14 15 156 385 476
50 65 124 583 591 757 758 7036
591 213 592 1920 2275 2283 2624 2625
592 210 213 572 2260 2263 2266 7054
7054 7 9 11 16 164 210 2621
2621 7 9 11 16 166 213
2260 210 213 702 703 704 1222 1287
2263 1 2 7 9 11 13 16
2266 1 2 7 9 11 13 16
2625 1 2 7 9 11 13 16
2275 1 2 7 9 11 13 16
1920 210 213 294 428 1919
2624 210 213 366 367 930 1902 1919
2283 210 213 433 572 930 2278 2727
2278 1 2 7 9 11 13 16
758 7 9 11 16 213 702 747
583 165 210 213 738 741 762 784
741 1 2 7 9 11 13 16
762 1 2 7 9 11 13 16
738 1 2 7 9 11 13 16
757 7 9 11 16 210 476 601
7036 7 9 11 16 210 213 1088
124 120 566 569 586 587 590 7048
590 453 918 1813 1849 7043 7046 7047
7047 453 456 782 989 1060 1820
989 1 2 7 9 11 13 16
7043 154 294 366 453 456 1089 1835
918 1 2 7 9 11 13 16
1813 453 456 911 993 1144 1436 3701
3701 1 2 7 9 11 13 16
993 1 2 7 9 11 13 16
7046 7 9 11 16 164 453 1088
569 343 556 575 719 927 932 1008
932 1 2 7 9 11 13 16
575 1 2 7 9 11 13 16
1008 1 2 7 9 11 13 16
927 1 2 7 9 11 13 16
120 2317 2629 6994 6995 7007 7008 7010
7007 556 719 949 991 2142 2635 2944
2944 1 2 7 9 11 13 16
2635 1 2 7 9 11 13 16
7008 7 9 11 16 556 1088 2641
2641 556 719 949 2284 2286
2284 1 2 7 9 11 13 16
2629 894 896 899 902 1377 2921 7000
7000 1 2 3 4 6 13 1936
896 4 164 166 511 719 772 1936
511 3 6
894 7 9 11 16 719 1222
1377 7 9 11 16 556 1222
2921 556 719 835 1141 4861 4864
4864 1 2 7 9 11 13 16
4861 1 2 7 9 11 13 16
902 7 9 11 16 719 903 1033
903 7 9 11 16 556 1033 1222
899 556 719 835 1313 1859 3291
3291 1 2 7 9 11 13 16
2317 556 573 719 927 2298 2304 2307
2307 1 2 7 9 11 13 16
2304 1 2 7 9 11 13 16
2298 556 719 722 1221 1877 1878 2300
1877 1 2 7 9 11 13 16
1878 556 719 1032 1105 1220 1221 1296
2300 556 830 842 1364 1877 1883
1883 1 2 7 9 11 13 16
842 1 2 7 9 11 13 16
1364 1 2 7 9 11 13 16
6995 556 719 720 841 853 1380 1888
1888 1 2 7 9 11 13 16
1380 556 719 720 722 1896
1896 1 2 7 9 11 13 16
6994 7 9 11 16 164 556 719
7010 556 719 995 1141 2293 4760 4763
2293 556 719 991 1316 2290 2655 6987
2290 1 2 7 9 11 13 16
6987 7 9 11 16 556 601
4760 1 2 7 9 11 13 16
4763 1 2 7 9 11 13 16
566 294 343 366 556 719 1089 1196
7048 453 456 457 556 575 813 1137
586 7 9 11 16 210 1033 7042
7042 210 213 731 732 1122 1140 1348
732 1 2 7 9 11 13 16
1348 1 2 7 9 11 13 16
731 1 2 7 9 11 13 16
587 210 213 1122 1322 1330 1344 7040
1344 7 9 11 16 210 1222 5713
5713 7 9 11 16 213 1033
7040 453 456 476 573 661 1085 1196
1330 7 9 11 16 213 476 1332
1332 7 9 11 16 210 476 702
49 96 580 966 1432 3190 7030
96 94 3554 3555 3563 3566 3579 6839
3579 427 434 1017 1354 1364 3573 6837
1017 1 2 7 9 11 13 16
1354 1 2 7 9 11 13 16
6837 162 427 434 704 938 1220 3576
3576 1 2 7 9 11 13 16
6839 65 434 2390 2401 2402 2406 6820
2406 1 2 7 9 11 13 16
2402 7 9 11 16 411 427 1222
411 294 314 366 405 699 1089 1196
314 1 2 7 9 11 13 16
6820 7 9 11 16 427 434 1033
2390 427 434 1122 1140 1794 2384 2387
2384 1 2 7 9 11 13 16
2387 1 2 7 9 11 13 16
2401 314 342 405 427 1794 2393 2396
342 1 2 7 9 11 13 16
2393 427 434 1122 1322
3563 174 434 2742 2965 2973 3556 6828
2742 7 9 11 16 427 601
6828 7 9 11 16 434 1088 6827
6827 7 9 11 16 427 601 2891
2965 1 2 7 9 11 13 16
2973 7 9 11 16 427 476 2378
2378 7 9 11 16 434 702
3556 7 9 11 16 434 601 3558
3558 7 9 11 16 166 427 1088
3554 427 433 434 572 1032 2612 2728
2728 427 434 930 2727
3555 427 434 471 572 704 3546 3547
3566 165 427 434 723 784 3896 3899
3896 1 2 7 9 11 13 16
3899 1 2 7 9 11 13 16
94 1446 1453 1462 1974 1984 3306 6803
1446 219 405 699 1118 1436 1445 1448
1448 405 695 699 1120 1133 1144 1443
1453 219 405 695 699 1120 1133 1455
1455 405 699 1118 1320 1443 1445
1974 405 699 782 806 936 1410 1976
1976 234 405 699 915 940 1056 1549
1549 1 2 7 9 11 13 16
915 1 2 7 9 11 13 16
1462 7 9 11 16 405 476 6790
6790 7 9 11 16 476 699 702
1984 405 699 993 1144 1436 1986
1986 7 9 11 16 601 699 1979
1979 7 9 11 16 405 702
3306 405 804 813 940 1410 3308 6799
6799 405 699 782 804 806 813 936
3308 699 770 1220 1354 3186 3777 4268
3186 405 660 699 706 1831 3184 3185
706 1 2 7 9 11 13 16
1831 1 2 7 9 11 13 16
3184 1 2 7 9 11 13 16
3185 1 2 7 9 11 13 16
3777 405 699 706 770 915 2703 3158
2703 1 2 7 9 11 13 16
3158 1 2 7 9 11 13 16
770 1 2 7 9 11 13 16
4268 185 342 405 699 3974 4262 4265
3974 1 2 7 9 11 13 16
4265 1 2 7 9 11 13 16
4262 1 2 7 9 11 13 16
6803 231 241 405 699 989 1137 1636
3190 3 5 6 8 10 147 3192
3192 3 6 304 384 387 488 715
384 3 4 6 12 14 15 945
304 1 2 7 9 11 13 16
7030 167 203 304 445 475 488 715
445 3 4 6 12 14 15 156
203 1 2 7 9 11 13 16
966 301 304 475 483 513 514 960
960 1 2 7 9 11 13 16
1432 3 5 6 8 10 147 944
580 429 433 434 435 439 442 7025
7025 3 6 156 427 428 944
442 7 9 11 16 427 434 1088
48 120 558 562 563 569 7013 7014
7013 7 9 11 16 557 578 702
558 457 557 559 578 911 918 1820
559 7 9 11 16 476 557 578
563 7 9 11 16 476 578 1824
1824 7 9 11 16 557 578 702
7014 65 314 344 471 556 557 566
562 557 573 578 1144 1436 1834 1835
1834 1 2 7 9 11 13 16
47 119 1389 1394 5752 6955 6956 6980
5752 7 9 11 16 476 540
6980 65 314 366 367 540 541 552
552 1 2 7 9 11 13 16
6955 7 9 11 16 541 702
1394 540 541 695 1118 1443 1445 5229
5229 1 2 7 9 11 13 16
119 546 549 4550 4655 4656 4657 6968
6968 540 541 782 915 1144 1436 6965
6965 540 541 911 993 1056 1549
546 234 241 540 541 806 918 6967
6967 7 9 11 16 540 601 3999
3999 7 9 11 16 166 541
4657 540 541 782 813 936 1410 4659
4659 540 541 804 806 813 940
4655 540 541 706 770 1220 1296 3158
4656 540 541 660 770 915 1831 4651
4651 1 2 7 9 11 13 16
4550 231 241 540 541 989 1137 1636
549 154 185 541 2727 3546 3974 6977
6977 185 342 540 541 2608 3974 4663
4663 1 2 7 9 11 13 16
1389 7 9 11 16 540 1033 1391
1391 7 9 11 16 541 1033 1222
6956 219 457 540 541 1060 1436 1820
46 3 6 8 10 12 14 15
45 3 5 6 8 10 65 168
44 113 526 529 2001 2004 2013 6947
6947 7 9 11 16 521 1033 5756
5756 7 9 11 16 767 1033 1222
2013 7 9 11 16 521 1222 2015
2015 7 9 11 16 702 767 1033
529 521 767 911 918 993 4893
4893 1 2 7 9 11 13 16
113 65 314 342 521 523 524 531
524 521 911 918 1144 1436 1991 1995
1995 7 9 11 16 476 601 767
1991 7 9 11 16 166 767 1993
1993 7 9 11 16 164 521 601
523 231 241 521 767 989 1137 1636
531 294 314 366 521 767 1089 1196
2004 521 706 767 3185 3791 3794
3791 1 2 7 9 11 13 16
3794 1 2 7 9 11 13 16
2001 342 767 2608 2727 3584 3974 5761
5761 7 9 11 16 521 601 1088
3584 154 185 521 767 3184 3185 3546
526 7 9 11 16 164 767 6943
6943 7 9 11 16 164 166 521
43 111 174 514 519 6935
111 301 451 452 1473 1481 6924 6932
1473 167 174 302 445 519 1472 6922
1472 3 4 6 12 14 15 945
6922 3 6 174 383 389 445
6924 3 4 6 167 297 302 475
6932 3 5 6 8 10 147 944
1481 174 475 483 488 513 519 1478
1478 1 2 7 9 11 13 16
6935 3 4 6 65 303 304 512
42 110 435 614 3890 4176 6882 6883
6883 3 6 384 389 452 943 983
6882 3 6 383 389 535 943
3890 384 451 452 475 480 513 715
4176 3 4 6 451 512 535 4174
4174 1 2 7 9 11 13 16
41 65 501 557 1141 5037 5040 5805
501 911 918 1143 1144 1436 2750 6871
2750 7 9 11 16 476 1148
6871 7 9 11 16 557 702 5043
5043 7 9 11 16 476 557 578
5040 154 557 574 578 1285 3546 5042
5042 154 471 557 573 574 578 1835
5037 573 578 1141 1143 3701 5039 6867
5039 7 9 11 16 476 557 5811
5811 7 9 11 16 578 702
6867 7 9 11 16 476 557 1148
5805 7 9 11 16 476 578 702
40 65 294 384 451 452 477
39 105 167 303 445 487 1478 6863
105 140 445 483 487 496 497 6860
6860 3 6 65 167 303 387
6863 3 5 6 8 10 147 5815
5815 7 9 11 16 166 167
38 65 154 451 452 475 477 480
37 101 456 466 993 1060 1820 6845
6845 7 9 11 16 164 453 702
101 453 472 782 806 989 6849 6850
6850 65 231 453 456 457 471 1636
6849 154 453 456 661 1196 1285 1835
472 1 2 7 9 11 13 16
466 7 9 11 16 453 702 1088
36 3 4 6 65 98 294 512
98 7 9 11 16 164 445 702
35 96 433 434 435 439 442 6841
6841 427 428 434 930 1919
34 94 314 342 405 411 421 6812
6812 1 2 4 13 65 293 1936
33 384 393 396 399 402 6780 6781
6780 3 5 6 8 10 65 147
402 1 2 7 9 11 13 16
399 301 402 475 483 496 513 514
6781 3 5 6 8 10 147
393 167 303 403 445 475 496 715
396 3 5 6 8 10 147 944
32 371 374 381 4878 4889 6769 6773
374 348 375 456 1294 2587 4630 4640
4640 210 219 1118 1320 1443 1445 5880
5880 7 9 11 16 456 476
4630 1 2 7 9 11 13 16
375 348 471 915 940 3158 4648 6668
4648 1 2 7 9 11 13 16
6668 7 9 11 16 164 348 1222
4878 427 4872 4873 4876 4949 6696 6697
4872 7 9 11 16 427 1033 1222
4876 7 9 11 16 427 702 1033
6696 7 9 11 16 166 427 1088
4873 7 9 11 16 427 1033 6689
6689 427 573 578 1122 1794 1834 1835
4949 1 2 7 9 11 13 16
6697 7 9 11 16 427 601 1088
381 4702 4703 4705 4706 4981 5009 6762
4981 4509 4510 4778 4783 4970 6732 6733
4778 7 9 11 16 699 1222 4780
4780 7 9 11 16 699 1033 6710
6710 1 2 3 4 6 13 1936
6732 7 9 11 16 601 719 4978
4978 1 2 7 9 11 13 16
4510 7 9 11 16 601 699 1088
4509 7 9 11 16 166 699 1088
6733 719 915 940 1410 4977 5000 5003
5003 1 2 7 9 11 13 16
5000 1 2 7 9 11 13 16
4977 3 4 6 342 601 719 1936
4970 294 428 767 930 4625 4972 6723
4972 219 719 1118 1445 4952 4960 6716
6716 1 2 13 154 1085 1148 2513
4960 1 2 7 9 11 13 16
4952 1 2 7 9 11 13 16
4625 7 9 11 16 476 1148
6723 7 9 11 16 476 1148 5862
5862 7 9 11 16 166 767 1088
4783 241 457 699 911 1144 1436 6714
6714 7 9 11 16 476 699 702
4703 7 9 11 16 476 541 702
5009 767 4420 4529 4534 6741 6742 6755
6742 7 9 11 16 702 767 1033
4420 541 770 782 813 915 4403 4406
4403 541 767 772 868 922 4400
868 1 2 7 9 11 13 16
4400 1 2 7 9 11 13 16
4406 1 2 7 9 11 13 16
4529 1 2 7 9 11 13 16
6755 7 9 11 16 166 767 1088
6741 7 9 11 16 767 1033 1222
4534 433 767 1877 4515 4521 4526
4526 7 9 11 16 601 702 767
4515 1 2 7 9 11 13 16
4521 1 2 7 9 11 13 16
6762 7 9 11 16 541 1033 6761
6761 7 9 11 16 541 702 1222
4702 7 9 11 16 541 601 702
4705 7 9 11 16 541 601 1088
4706 7 9 11 16 166 541 1088
6773 65 210 378 379 572 770 4421
378 7 9 11 16 348 702 6677
6677 7 9 11 16 348 476 601
379 231 348 936 1410 1636 4397 4629
4397 7 9 11 16 348 1222 4399
4399 7 9 11 16 348 1033 6669
6669 1 2 13 184 661 1287
4629 7 9 11 16 348 601 1088
4421 1 2 7 9 11 13 16
371 210 241 918 2713 4537 6658 6659
2713 1 2 7 9 11 13 16
4537 7 9 11 16 166 210 4539
4539 7 9 11 16 164 210 1088
6658 7 9 11 16 210 601 702
6659 7 9 11 16 210 476 1088
4889 427 1877 2956 4881 4885 4890 5130
5130 1 2 7 9 11 13 16
4881 427 428 433 930 2685 5119 5127
5127 1 2 7 9 11 13 16
5119 1 2 7 9 11 13 16
4885 7 9 11 16 164 166 427
4890 184 232 1300 1768 1803 3428 6708
6708 184 723 786 990 1368 2191 6706
6706 1 2 13 184 703 1287 2183
6769 342 572 699 4695 4775 6682 6767
4775 7 9 11 16 476 578 702
6767 471 699 915 940 3158 4648 6766
6766 7 9 11 16 164 699 1222
6682 1 2 3 4 6 13 1936
4695 1 2 7 9 11 13 16
31 89 350 353 362 4431 4436 6647
89 348 357 360 1865 2354 5133 6645
357 219 348 350 1144 1374 1436 4558
4558 348 350 457 993 1060 1820 6634
6634 7 9 11 16 348 702
1374 7 9 11 16 348 350 1033
5133 1 2 7 9 11 13 16
360 350 804 936 940 1410 4794 4898
4898 7 9 11 16 164 348 350
4794 348 350 660 770 1831 4791 4795
4791 1 2 7 9 11 13 16
4795 348 350 706 915 1220 1296 3158
2354 7 9 11 16 348 1033 2355
2355 7 9 11 16 350 1222
6645 185 342 348 350 2608 3974 5136
5136 1 2 7 9 11 13 16
1865 219 348 350 1118 1133 1320 4335
4335 1 2 7 9 11 13 16
353 231 241 348 350 989 1137 1636
6647 65 314 348 366 367
4431 348 350 806 940 1056 1549 4433
4433 234 348 350 782 915 936 1410
362 1 2 7 9 11 13 16
4436 348 350 993 1144 1436 3705 4252
3705 7 9 11 16 348 601
4252 241 348 350 911 918
30 65 346 6623 6624 6626
346 167 301 403 475 483 487 976
976 301 403 487 513 514 5902
5902 3 5 6 8 10 168
6623 3 5 6 8 10 147 944
6624 3 5 6 8 10 168 944
6626 167 384 403 445 487 715 969
969 3 5 6 8 10 147 5903
5903 7 9 11 16 384 702
29 86 318 3857 3871 3874 3877 6578
6578 219 540 541 1118 1436 1443 1445
3877 234 241 540 541 1056 1549 3999
3874 540 541 911 918 1144 1436 4074
4074 7 9 11 16 541 601
318 320 3463 3521 3522 6503 6504 6537
3463 185 342 405 699 932 1311 3458
3458 1 2 7 9 11 13 16
3522 405 699 770 915 936 940 6530
6530 7 9 11 16 405 699 1222
6504 166 181 572 699 927 1936
3521 405 471 699 704 915 940 1410
6503 4 166 293 295 601 699 1936
295 7 9 11 16
6537 7 9 11 16 557 578 702
320 3495 3496 3498 3499 3506 3518 3519
3506 427 557 868 3184 3185 6512 6513
6512 434 573 578 868 922 1855
6513 7 9 11 16 427 434 1222
3499 7 9 11 16 427 434 601
3519 180 184 723 1288 1368 3510 3511
3510 180 184 185 1300 1413 1768 2191
3511 427 434 830 1877 1883 2956 3513
3513 427 434 722 830 1221 1883 4772
4772 1 2 7 9 11 13 16
3495 427 434 920 1122 1316 1794 3944
3944 1 2 7 9 11 13 16
3498 7 9 11 16 166 427 601
3496 7 9 11 16 427 434 702
3518 434 471 572 706 933 2685 6528
933 295 343 427 434 601 927 1085
6528 314 343 344 427 434 3184 3185
86 3705 4252 4336 6608 6610 6614 6618
6618 334 335 337 3465 3961 3962 6615
335 213 1118 1144 1436 1445 4082 4092
4082 210 213 915 936 940 1410 1549
4092 210 213 219 911 918 1144 1436
3962 185 314 342 348 350 3954 3974
3954 1 2 7 9 11 13 16
6615 322 325 3708 3714 3715 3716 6547
322 241 405 699 911 918 1549 6546
6546 7 9 11 16 601 699 702
3715 7 9 11 16 556 719 1222
3708 219 405 699 1118 1443 1445 6539
6539 1 2 3 4 6 13 1936
325 219 556 719 911 918 1144 1436
6547 7 9 11 16 405 601 6544
6544 405 699 936 1144 1410 1436
3714 166 385 601 719 1443 1936 6550
6550 4 511 702 1143 1222 1936 3184
3716 314 343 344 521 767 3717 3969
3717 7 9 11 16 702 1143
3969 7 9 11 16 521 601 767
337 210 453 471 1118 1443 1445 6597
6597 7 9 11 16 453 702 6595
6595 7 9 11 16 210 213 1222
3961 348 453 572 927 932 1141 2230
334 210 213 234 241 1056 1549 4098
4098 1 2 7 9 11 13 16
3465 7 9 11 16 166 350 3467
3467 348 471 706 915 940 6590
6590 7 9 11 16 348 350 1222
6608 348 350 911 918 1056 1549
6610 234 241 348 350 808 1144 1436
808 1 2 7 9 11 13 16
4336 219 348 350 1118 1443 1445 6599
6599 1 2 13 180 184 185 1287
6614 65 210 213 314 315 330 342
315 556 3470 3476 3483 3486 3489 6498
3483 234 241 556 719 936 1056 1549
3489 1 2 7 9 11 13 16
6498 471 556 573 574 719 927 932
3476 7 9 11 16 166 719 1222
3470 1 2 7 9 11 13 16
3486 314 342 556 600 719 1084 1919
330 210 332 342 706 770 927 932
332 210 213 471 572 704 2612 3973
3973 1 2 7 9 11 13 16
3857 521 767 920 1316 2655 3859 6563
3859 471 521 572 770 820 3698 6557
3698 7 9 11 16 166 767 3699
3699 7 9 11 16 166 521 601
820 521 722 767 830 1221 1883
6557 433 521 706 767 1174 3184 3185
6563 7 9 11 16 601 767 5926
5926 7 9 11 16 521 601 702
3871 521 767 835 839 1141 3873 6571
6571 7 9 11 16 521 1222 3866
3866 7 9 11 16 702 767
839 1 2 7 9 11 13 16
3873 342 540 541 3862 3863 3974 4162
3862 185 314 540 541 932 1311 3292
3292 540 767 772 868 922 1902
4162 1 2 7 9 11 13 16
3863 471 541 572 706 915 3689 6567
3689 540 541 770 915 940
6567 7 9 11 16 166 540 1222
28 300 301 302 519 2601 6491 6495
300 3 4 6 154 165 297 573
6491 3 5 6 8 10 147 297
6495 3 4 6 294 297 387 6493
6493 3 5 6 8 10 65 944
27 65 3990 4184 4189 6485 6488
4184 162 301 303 304 513 514 5962
5962 3 5 6 8 10 168
3990 3 5 6 8 10 147 944
4189 162 167 301 303 304 475 483
6485 3 5 6 8 10 147 168
6488 167 303 384 445 715 3784 6484
6484 3 5 6 8 10 147
3784 1 2 7 9 11 13 16
26 81 287 521 843 849 856 6477
287 908 1860 2359 2362 2365 2370 6467
2370 1374 2335 2338 2349 2354 2358 6457
6457 7 9 11 16 164 180 184
2335 7 9 11 16 166 427 2337
2337 7 9 11 16 164 434 6448
6448 7 9 11 16 434 1222 2956
2338 427 434 841 842 853 1897 2340
1897 1 2 7 9 11 13 16
2340 427 434 720 722 853 1221 6450
6450 427 434 830 1883 1888 1896
2349 314 342 366 367 427 2341 6452
2341 427 434 1032 1105 1221 1877
6452 7 9 11 16 164 434 2332
2332 427 434 1032 1105 1220 1296 1877
2358 180 184 723 1196 1288 1865 6461
6461 180 184 1368 1803 2183 2191 6458
6458 180 184 434 723 786 2191 2353
2353 1 2 7 9 11 13 16
908 531 874 880 890 894 902 6439
880 405 697 699 772 868 1313 5216
5216 1 2 7 9 11 13 16
6439 314 342 521 891 896 899 905
891 556 719 720 722 835 893 1896
893 7 9 11 16 166 719 1377
905 1 2 3 4 6 13 1936
874 858 859 861 863 5988 6423 6428
6423 7 9 11 16 164 556 719
6428 366 367 699 719 868 5985 6425
5985 7 9 11 16 164 166 556
6425 4 164 166 244 699 772 1936
244 3 6
863 405 699 835 839 922 1313
858 314 366 556 719 1196 1364 1883
861 556 719 841 853 1896 1897
5988 7 9 11 16 164 166 556
859 342 556 719 722 1221 1877 1878
890 405 699 799 841 853 883 886
883 1 2 7 9 11 13 16
799 7 9 11 16 166 699 801
801 7 9 11 16 164 405 1222
886 1 2 7 9 11 13 16
2362 7 9 11 16 427 1222
6467 314 342 367 405 422 610 699
422 1 2 3 4 6 13 1936
610 1 2 3 4 6 13 1936
2359 342 405 699 722 1221 2360 3163
3163 405 699 1032 1105 1221 1877 2703
2360 314 366 405 699 1196 2347 3166
3166 405 699 1364 1877
2347 1 2 7 9 11 13 16
1860 427 434 839 1122 1313 1794 1859
2365 427 434 697 868 922 1313 2367
2367 427 434 772 1859 2710 3291
2710 1 2 7 9 11 13 16
849 1 2 7 9 11 13 16
843 521 767 830 839 841 842 845
845 521 720 722 767 831 835 1883
831 521 697 767 772 868 922
856 342 767 817 820 823 6419
817 521 767 1032 1105 1220 1296 1877
6419 7 9 11 16 164 521 767
823 521 767 1032 1105 1221 1877
81 65 278 279 280 284 814 1928
278 7 9 11 16 164 453 6400
6400 210 350 1118 1443 1445 1902 6397
6397 7 9 11 16 164 453
284 294 348 428 1841 1902 1919 6414
6414 350 366 367 706 770 1919
1841 348 350 706 1032 1105 1220 1296
280 210 213 282 770 915 940 6404
6404 210 213 366 1902 1915 1919
1915 210 213 706 1032 1105 1220 1296
282 213 367 706 770 1902 1912 1920
1912 7 9 11 16 164 210 1913
1913 7 9 11 16 164 166 213
814 348 350 782 813 816 915 940
816 219 348 350 804 806 936 1410
279 210 237 915 936 940 1410 1900
1900 7 9 11 16 164 213 1222
237 210 213 219 695 1120 1133 1320
1928 348 350 770 804 915 1410 1930
1930 348 350 782 806 813 936 940
6477 1389 1394 3299 4068 6445 6446 6474
3299 294 428 541 1902 1919 3292 3300
3300 366 367 540 706 770 1919
6445 540 541 804 806 813 940
6474 540 541 813 936 1359 1410 3689
1359 540 541 706 1032 1105 1220 1296
6446 219 540 541 782 936 1410 6443
6443 540 541 782 804 806 915
4068 767 835 839 2710 3291 4070
4070 7 9 11 16 521 767 1033
25 65 78 247 254 1568 6342 6394
1568 210 213 706 813 1032 2999 3002
3002 1 2 7 9 11 13 16
2999 1 2 7 9 11 13 16
6394 251 252 256 261 262 6360 6361
252 405 699 915 989 1543 1549 6328
1543 557 578 1533 1538 1539 6324 6325
1538 1 2 7 9 11 13 16
6324 1 2 13 295 405 699
1533 7 9 11 16 578 702
6325 314 405 557 578 699 1064 1542
1542 1 2 7 9 11 13 16
1539 1 2 7 9 11 13 16
6328 405 699 989 1028 1501 1549 1551
1028 1 2 7 9 11 13 16
1551 1 2 7 9 11 13 16
1501 1 2 7 9 11 13 16
251 405 699 706 915 1032 1516 1519
1519 1 2 7 9 11 13 16
1516 1 2 7 9 11 13 16
262 264 348 350 1412 1528 2098 2101
264 348 350 1020 1021 1064 2097 3209
1021 1 2 13 295 348 350 1013
1013 1 2 7 9 11 13 16
2097 174 348 350 1538 1539 2038 3206
2038 1 2 7 9 11 13 16
3206 1 2 7 9 11 13 16
3209 1 2 7 9 11 13 16
1020 7 9 11 16 164 348 1222
1528 7 9 11 16 166 348 6040
6040 7 9 11 16 164 350 601
2098 1 2 7 9 11 13 16
2101 1 2 7 9 11 13 16
256 2049 2057 2068 2071 6064 6072 6351
6072 7 9 11 16 164 166 521
2049 1 2 13 165 295 521 767
2057 7 9 11 16 164 166 767
2068 573 920 1143 1497 2060 6347 6348
2060 1 2 13 295 521 767 6071
6071 7 9 11 16 476 1148
6348 1 2 13 154 385 1148 1936
6347 1 2 13 385 719 1308 1936
1497 7 9 11 16 476 1148 1499
1499 7 9 11 16 702 1143
6351 7 9 11 16 521 601 1088
6064 7 9 11 16 601 767 1088
2071 7 9 11 16 166 767 2072
2072 7 9 11 16 521 601
261 180 2084 2085 2756 2761 2766 6355
2761 1 2 13 295 427 434
2085 427 434 783 2024 2026 2956 2984
2026 1 2 7 9 11 13 16
2984 1 2 7 9 11 13 16
2024 1 2 7 9 11 13 16
783 1 2 7 9 11 13 16
2766 1 2 7 9 11 13 16
6355 7 9 11 16 164 166 184
2084 427 434 706 783 853 1032 2026
2756 180 184 294 427 434 990 2758
2758 180 184 233 314 434 1300 1809
233 1 2 7 9 11 13 16
1809 1 2 7 9 11 13 16
6360 7 9 11 16 350 1222 6045
6045 7 9 11 16 348 350 1033
6361 348 350 1122 1542 2091 3320 3321
3320 7 9 11 16 166 180
3321 1 2 7 9 11 13 16
2091 1 2 7 9 11 13 16
78 266 269 270 271 274 2103 2109
274 275 540 541 813 1508 1513 2772
275 521 732 767 999 1002 1122 2775
2775 1 2 7 9 11 13 16
999 1 2 7 9 11 13 16
1002 294 314 540 541
1513 1 2 13 295 540 541 1502
1502 540 541 706 915 1032 1501
1508 1 2 7 9 11 13 16
2772 521 767 1064 1122 1538 1539 2774
2774 174 521 767 1539 1542 2038 2994
2994 1 2 7 9 11 13 16
2103 427 697 1122 1794 2438 2445 6035
2438 154 174 557 573 578 2038 2436
2436 7 9 11 16 427 1222
6035 7 9 11 16 434 1033 1222
2445 1 2 7 9 11 13 16
269 556 719 835 1308 2446 2481 5060
2481 1 2 7 9 11 13 16
5060 1 2 7 9 11 13 16
2446 1 2 7 9 11 13 16
270 556 719 2460 2468 2469 2472 2475
2475 556 719 722 783 2024 2026 2286
2460 1 2 7 9 11 13 16
2472 1 2 7 9 11 13 16
2469 1 2 7 9 11 13 16
2468 556 719 995 1298 1494 1496 2463
1494 1 2 7 9 11 13 16
1298 1 2 7 9 11 13 16
1496 1 2 7 9 11 13 16
2463 1 2 7 9 11 13 16
266 427 937 991 2107 2112 2113 6028
937 1 2 7 9 11 13 16
6028 7 9 11 16 434 702 1088
2113 1 2 7 9 11 13 16
2107 7 9 11 16 434 601
271 219 273 540 541 695 1563 2770
1563 1 2 7 9 11 13 16
2770 1 2 7 9 11 13 16
273 540 541 918 993 2035 2424 2427
2424 1 2 7 9 11 13 16
2427 1 2 7 9 11 13 16
2035 540 541 915 989 1549 2032 2034
2034 1 2 7 9 11 13 16
2032 1 2 7 9 11 13 16
2109 427 434 920 1298 1494 4903 5075
4903 7 9 11 16 434 1222
5075 1 2 7 9 11 13 16
254 210 213 219 918 1555 1558 1562
1555 154 210 213 219 456 2043 6089
2043 1 2 7 9 11 13 16
6089 1 2 13 295 453 920
1558 294 314 348 350 930 1560 6084
1560 453 783 853 991 2026 2452 6088
6088 7 9 11 16 456 476
2452 1 2 7 9 11 13 16
6084 7 9 11 16 456 476
1562 1 2 7 9 11 13 16
6342 210 213 989 1501 1549 1571 1577
1577 1 2 7 9 11 13 16
1571 1 2 13 210 213 295
247 219 249 405 695 699 1049 6316
249 405 699 918 993 1025 1028 1044
1025 1 2 7 9 11 13 16
1044 556 706 853 937 1045 2024 6104
6104 7 9 11 16 164 719 1222
1045 1 2 13 295 556 719 722
1049 1 2 7 9 11 13 16
6316 294 314 556 719
24 3 6 8 10 12 14 15
23 76 229 1389 2698 5096 6293 6294
229 880 2324 2656 6271 6298 6299 6301
6298 556 719 949 991 2142 2635 2944
6299 556 719 991 1316 2655 2676 2944
2676 1 2 7 9 11 13 16
6271 405 699 839 922 949 2286 6270
6270 7 9 11 16 601 699 6126
6126 7 9 11 16 405 1088 1222
6301 556 1364 1877 2284 2727 2930 2935
2935 699 772 863 868 6263 6265
6263 1 2 3 4 6 13 1936
6265 433 556 661 719 930 1849 2608
2930 556 719 1221 1878 2286 2925
2925 1 2 7 9 11 13 16
2656 719 899 1377 1379 2142 2641 2658
2658 556 719 902 1316 2635 2651 2655
2651 433 521 894 930 2608 2652 2727
2652 661 719 767 772 930 1849 6222
6222 1 2 3 4 6 13 1936
2324 7 9 11 16 699 1088 2326
2326 7 9 11 16 405 601 1088
6294 219 231 540 541 989 1394
6293 540 541 1056 1137 1549 1636 4074
2698 2365 2677 2689 2693 3163 3723 6257
6257 405 433 699 1849 1860 2362 6254
6254 4 293 295 405 601 1088 1936
2693 405 661 699 1221 2286 2608 3166
2677 434 991 2142 2655 2679 6234 6235
6234 427 434 2284 2286 2635 2944
6235 427 434 949 991 1221 1316 2676
2679 427 433 442 2332 2341 2659 2728
2659 7 9 11 16 427 601 2661
2661 7 9 11 16 434 1088 6231
6231 7 9 11 16 434 1222 2112
2689 180 184 1374 1768 2680 6248 6249
6249 184 433 434 930 1413 1763 2354
1763 7 9 11 16 180 184 1088
2680 180 184 185 661 1300 1865
6248 180 184 232 990 1300 1413 3428
5096 780 781 1359 4068 5091 6277 6278
780 7 9 11 16 540 767 1222
6277 241 540 541 770
781 540 541 661 927 932 1008 2915
2915 1 2 7 9 11 13 16
5091 521 831 3852 5080 5088 5092 5105
5080 521 767 835 839 949 1316 2655
3852 7 9 11 16 601 767
5092 433 521 767 817 823 1221 5089
5089 1 2 7 9 11 13 16
5088 7 9 11 16 767 1088 1652
1652 7 9 11 16 521 601
5105 1 2 7 9 11 13 16
6278 234 540 541 989 1056 1549
76 224 226 1841 1852 5069 6158 6312
6312 210 221 237 1443 1445 6205 6310
6205 210 350 453 661 932 1118
221 7 9 11 16 453 1088
6310 65 210 213 219 234 241 6309
6309 210 213 217 231 1056 1549
217 1 2 7 9 11 13 16
6158 7 9 11 16 348 601 1088
1852 350 661 706 770 927 1849
5069 219 231 350 989 1137 5071
5071 234 241 348 350 1056 1549 1636
224 231 234 241 348 350 1636 6213
6213 348 350 770 989 1056 1137 1549
226 210 213 228 234 241 989 5115
228 7 9 11 16 210 1088 5112
5112 210 213 770 927 932 1549 5114
5114 213 661 706 770 1056 1915
5115 1 2 7 9 11 13 16
22 180 184 189 3656 4388 6198 6199
6199 65 180 184 185 186 1196 1288
189 180 184 202 3658 3659
3659 1 2 7 9 11 13 16
3658 1 2 7 9 11 13 16
6198 180 184 185 202 661 1196 1288
4388 1 2 7 9 11 13 16
21 71 162 165 174 176 513 514
176 3 4 5 6 8 10 168
71 65 165 167 384 445 715 2416
2416 1 2 7 9 11 13 16
20 8 12 14 15 161 1489 4058
4058 3 5 6 8 10 153 944
1489 3 5 6 8 10 944
161 3 5 6 8 10 147 944
19 3 4 6 65 154 156 595
595 12 14 15
18 5 8 10 12 14 15 153
17 8 12 14 15 144 145 148
144 3 5 6 8 10 147 6168
6168 3 4 6 12 14 15 3682
3682 7 9 11 16 476 537 945
148 3 5 6 8 10 147
145 3 5 6 8 10 147 158
158 4 12 14 15 154 156 244
