62 143 690 691
143 692 5285 7453
7453 302 513 7452
513 181 512
181 3 4 6
512 168 1259
168 12 14 15
1259 5 8 10
7452 65 511 512
511 3 6
65 8 151 662
662 12 14 15
151 14 15
302 303 304
304 164 959
164 1 2 13
959 16 1276
1276 7 9 11
303 164 507
507 16 1273
1273 7 9 11
5285 452 480 514
452 174 403 488
403 507 702
702 1 2 13
488 702 959
174 163 702
163 16 1258
1258 7 9 11
514 4 211 512
211 3 6
480 165 617
165 163 166
166 1 2 13
617 203 496
496 166 507
203 166 959
692 451 514 516
516 3 6 512
451 162 302
162 163 164
690 513 519 1792
1792 165 174 617
519 162 403 488
691 1783 7449 7450
7449 958 982 5288
958 511 944 945
945 5 8 10
944 12 14 15
982 3 6 983
983 944 1259
5288 409 512 573
409 3 4 6
573 295 702
295 16 1273
7450 1786 1788 7447
1786 298 512 573
298 3 4 6
7447 383 511 5287
5287 3 6 943
943 944 945
383 147 945
147 12 14 15
1788 3 6 983
1783 1785 7443 7444
7443 3 6 389
389 147 1259
1785 447 1469 7442
1469 3 6 389
7442 3 6 383
447 294 1790 3030
3030 4 211 512
1790 409 512
294 164 295
7444 389 511 1485
1485 3 6 383
61 140 7440 7441
140 493 2604 2605
2604 303 483 1478
1478 162 304 403
483 181 297
297 168 537
537 5 8 10
2605 301 2601 6853
6853 165 301 5819
5819 3 6 297
301 4 211 297
2601 174 617
493 301 5214 6858
5214 403 451 488
6858 675 676 6857
675 3 6 391
391 147 156
156 5 8 10
676 3 6 677
677 156 944
6857 290 292 6855
6855 244 297 305
244 3 6
305 3 6 291
291 537 944
292 3 6 291
290 3 6 291
7440 154 687 7438
687 297 298 409
154 295 476
476 1 2 13
7438 65 312 482
482 3 6 387
387 147 537
312 3 6 387
7441 489 5289 5290
5290 483 497 499
497 165 203
499 174 488 496
5289 294 477 573
477 297 298 409
489 3 6 391
60 139 483 683
683 165 519 2601
139 679 5292 7435
7435 490 676 7434
7434 65 491 675
491 3 6 391
490 3 6 391
5292 297 409 685
685 154 294 573
679 302 483 680
680 3 6 297
59 136 672 7431
136 667 4240 4243
4240 4241 4494 4611
4494 4476 4486 4495
4495 3834 5336 5337
5336 556 4474 4493
556 156 181 662
4493 1774 1777 4044
1777 1088 1260
1088 1 2 13
1260 16 1261
1261 7 9 11
4044 1305 1316
1316 601 721
721 16 1272
1272 7 9 11
601 1 2 13
1305 601 1290
1290 16 1284
1284 7 9 11
1774 601 1260
4474 601 1256 4507
4507 601 959 1278
1278 16 1261
1256 16 1253
1253 7 9 11
5337 719 4490 4491
719 156 409 662
4491 1777 2191 3439
3439 1088 1278 1638
1638 959 1088 1256
2191 841 1302
841 166 721
1302 166 1290
4490 949 1368 1637
949 721 1088
1637 1088 1290
1368 203 1310 1369
1310 166 1256
1369 166 1278
3834 556 3831 3835
3831 786 1803 2183
2183 304 1583 2257
1583 164 1256
2257 164 1278
1803 164 1260
786 720 787
720 164 721
787 164 1290
3835 719 723 786
723 166 1260
4486 556 4482 4488
4488 4480 4481 5338
4481 719 4739 4740
4740 1141 1299 1440
1440 702 1290
1141 702 721
1299 702 1260
4739 488 1066 1315
1315 702 1278
1066 702 1256
5338 719 1794 4483
4483 1262 4755 5184
5184 1134 1257 1289
1134 959 1033
1033 1 2 13
1257 1033 1256
1289 1033 1278
4755 1307 1313
1307 1033 1290
1313 721 1033
1262 1033 1260
1794 1222 1260
1222 1 2 13
4480 556 1794 4145
4145 476 721 1290
4482 3132 4028 4483
3132 772 869
869 1222 1290
772 721 1222
4028 924 1222 1278
924 959 1222 1256
4476 556 4470 4478
4470 3439 4472 4860
4860 1141 1440
4472 1299 3438 4739
3438 949 1637
4478 4468 4469 5339
5339 719 4474 4475
4475 1292 1774 4044
1292 476 1260
4469 719 4144 4145
4144 476 1256 5141
5141 476 959 1278
4468 556 1292 4144
4611 3653 3930 7396
7396 597 606 5350
597 164 454 1936
454 3 4 6
1936 537 662
606 164 599 607
599 4 244 1936
607 166 454 1936
5350 405 699 4607
4607 4608 4759 5197
5197 772 3603
3603 1222 1256 1290
4759 1134 1262 1289
4608 1794 4744 4754
4744 959 1222 1278
4754 1257 1307 1313
699 511 700 945
700 4 662
405 385 662 945
385 3 4 6
3930 405 3925 3931
3925 3135 3926 4308
3135 488 1299 1315
4308 1292 5141
3926 3637 4307
4307 1294 4065
4065 476 1256 1290
1294 476 721
3637 1066 1141 1440
3931 699 3925 3929
3929 236 1316
236 601 1256 1290
3653 3655 5352 7394
5352 719 2183 3649
3649 1196 1288 7393
7393 1311 1803
1311 601 1287
1287 16 1272
1196 164 1287
1288 166 1287
3655 556 3645 3650
3645 556 3641 3647
3641 1317 1808 3642
1808 1222 1287
1317 702 1287
3642 723 1296
1296 1033 1287
3647 1037 1303 5354
1303 476 1287
1037 556 719
5354 719 1808 2597
2597 1296 1317
3650 1288 2191 3652
3652 1196 1311 1368
7394 598 1037 2255
2255 1088 1287
598 166 599
4241 4605 4606 4620
4620 4614 4615 7403
4615 4597 4598 7402
4598 557 578 1820
578 3 6 212
212 4 156 662
557 156 385 662
1820 476 959 4065
4597 557 3391 3433
3391 578 1294
3433 476 1260 1278
7402 422 610 7400
7400 578 1141 5342
5342 1196 1514 2255
1514 405 699
422 181 410 423
410 166 1936
423 164 409 1936
610 181 408 420
408 166 409 1936
420 164 1936
4614 5343 5344 7398
5343 578 1144 4221
1144 488 1066 1440
4221 702 1260 1278
7398 405 1311 4688
4688 557 1294
5344 405 699 1288
7403 699 4616 5340
4616 202 3656 4617
202 203 723 1369
4617 5179 5181 5199
5199 1774 4507
5181 1088 1256 3438
5179 1277 1279 1777
1277 959 1088
1279 1088 1278
3656 166 1256 2191
5340 405 3929 4617
4605 405 4600 4601
4601 202 3656 4036
4036 1303 1808
4600 1317 3658 3659
3658 304 1803 2257
3659 720 2327
2327 164 1256 1290
4606 1296 1514 5348
5348 699 4600 4603
4603 1303 1311 1808
667 4234 4237 7416
4234 4223 4231 4235
4223 4225 7372 7373
7372 348 2371 4221
2371 350 1144
350 4 211 351
351 662 1259
348 3 6 349
349 4 662 1259
7373 234 348 1144
234 236 601 959
4225 3434 5371 7371
3434 348 3430 3435
3435 350 1141 3433
3430 1294 1820 3433
5371 350 1820 4221
7371 348 1316 2545
2545 350 1294
4235 7378 7379 7381
7378 348 1313 5366
5366 350 1262 1289
7379 348 350 1133
1133 1134 1257 1307
7381 3129 3840 3841
3841 207 350 1313
207 184 208 1196
208 180 1288
180 181 662 945
184 409 662 945
3840 348 1445 3838
3838 772 1306 1794
1306 1222 1278
1445 924 1222 1290
3129 350 3125 3131
3125 772 1306 1794
3131 350 1445 5374
5374 348 1141 3128
3128 1033 1260 1278
4231 4233 7376 7377
7376 350 1316 1639
1639 348 1636
1636 1637 1638
4233 1780 1781 5369
1780 348 1774 1775
1775 601 949 1278
5369 348 4227 4228
4228 841 1279 1410
1410 203 1302 1310
4227 723 1369 1777
1781 350 1636 1776
1776 949 1279 1777
7377 234 350 4229
4229 720 1774 1802
1802 601 1278
4237 4238 4500 7386
4238 434 4497 4503
4497 427 4499 4748
427 244 700 945
4499 434 1794 4751
4751 4307 4744 4753
4753 772 3603 4308
4748 3135 4308 4750
4750 3637 4307 4759
4503 3135 3637 4504
4504 3929 5179 5181
434 454 662 945
7386 427 1774 4506
4506 4504 4507
4500 4501 4745 7385
4745 4746 5362 7383
4746 578 1303 5363
5363 557 1303 1317
7383 427 772 1794
5362 427 3603 4744
7385 427 4754 5358
5358 434 4754 4759
4501 2225 5359 5360
5359 557 1144 4221
2225 557 1141
5360 578 1317 3433
7416 3938 4046 7414
4046 4048 5378 7368
4048 4037 5376 5377
4037 427 4032 4039
4032 1303 1311 4034
4034 1317 1808
4039 1097 1296 5380
1097 427 434
5380 434 1317 4036
5376 180 3438 4044
5377 427 434 1288
5378 184 3656 4041
4041 949 1637 4044
7368 434 1311 5375
5375 1097 1196 2255
7414 186 189 7412
186 180 187 3656
187 184 3658 3659
189 184 190 202
190 180 3658 3659
7412 205 208 7411
7411 180 196 202
196 197 1098 1196
197 184 1288
1098 180 184
205 180 197 1196
3938 427 3933 3940
3940 427 723 5382
5382 434 3934 3937
3937 202 5199
3934 3656 3658 3659
3933 203 1369 3934
4243 4245 4693 4694
4694 4855 4947 4948
4947 767 4943 5318
5318 521 767 1303
521 181 351
767 351 409
4943 723 1808 4945
4945 786 1296 1317
4948 4594 4595 5317
4595 767 1803 2183
5317 521 4941 4942
4941 1317 1803 3642
4942 786 1808 2183
4594 521 1368 2191
4855 4847 4856 7406
7406 1143 1144 4850
1143 4 351 511
4850 1141 1317 4221
4847 4848 4849
4848 1148 1294 5324
5324 521 767 2255
1148 3 6 349
4849 767 4844 5322
4844 1196 1288 1311
5322 521 1288 3844
3844 1196 1311
4856 1148 4852 5319
4852 1303 1820 3433
5319 719 3132 4028
4245 3674 4370 4371
3674 3638 3667 3675
3667 540 3661 3668
3661 3663 3929 5181
3663 3659 5179 5199
540 4 244 351
3668 541 3664
3664 202 3656 3666
3666 5179 5181
541 3 6 349
3638 541 3633 3639
3633 3634 3929 5199
3634 3135 4307 4308
3639 540 3634 3637
3675 540 3670 5312
5312 541 3637 3670
3670 3671 4759 5197
3671 1794 4744 4754
4371 3923 3924 4155
3924 540 3917 5331
3917 1311 3918 4036
3918 1317 3658
5331 541 3918 3921
3921 1303 1311 3659
3923 3915 3916 5333
5333 540 541 2255
3915 202 540 3656
3916 541 1808 5334
5334 540 541 1296
4155 767 4150 4157
4150 1292 4044 4151
4151 1299 4739 4860
4157 4148 4149 5328
4149 767 4144 4145
5328 521 4151 4154
4154 1794 4145
4148 521 1292 4144
4370 521 4365 7405
7405 4030 4031 5326
4031 997 1196 5329
5329 540 541 1288
997 540 541
4030 767 3132 4028
5326 767 1794 4366
4366 1262 4755 5184
4365 3132 4028 4366
4693 767 4996 7409
7409 4686 4687 5314
4687 767 1368 2191
5314 521 4044 4997
4997 1777 3438 3439
4686 521 1774 4474
4996 1774 4474 4997
672 673 4054 4381
4381 213 4375 4383
213 156 215 662
215 3 4 6
4375 4028 4144 4376
4376 1292 1794 4145
4383 210 4372 4378
4372 213 4374 4859
4374 210 1292 4144
4859 1141 1440 4739
210 3 6 212
4378 4145 4379 4739
4379 1141 1299 1440
4054 210 4049 4056
4049 1777 2191 4050
4050 1774 4044 4474
4056 213 3441 4052
4052 1299 3438 4050
3441 210 3437 3442
3437 949 1637 3439
3442 213 1777 3439
673 210 4384 7427
7427 2599 2600 5294
2599 210 1808 2597
2600 213 1368 2595
2595 723 1296 1808
5294 213 2191 4385
4385 786 1803 2183
4384 723 1368 4385
7431 664 669 7429
669 670 4309 4316
4316 210 4312 4318
4318 213 3137 4315
4315 3132 4313
4313 1262 4755 5184
3137 453 3134 3139
453 156 454 662
3139 456 1303 7422
7422 210 3132 3133
3133 453 1196
456 3 6 212
3134 1317 2255 3135
4312 1794 4028 4313
670 4319 4322 7424
4322 1179 2717 5300
1179 348 720 805
805 350 806
806 304 2327
5300 350 1803 2257
2717 348 806
7424 348 4324 7423
4324 1803 1808 2257
7423 350 1410 4326
4326 723 841 1369
4319 350 4321 5032
5032 1317 1808 2255
4321 348 5034 5301
5301 1003 1296 1303
1003 348 350
5034 1311 1317
4309 453 4302 4311
4311 5306 7419 7420
7419 348 2255 5310
5310 350 1311
7420 1003 1196 5307
5307 348 350 1288
5306 456 4307 4308
4302 3659 4304 5179
4304 3637 3658 5181
7429 451 513 7428
7428 65 511 512
664 666 5384 7365
7365 210 1196 5383
5383 294 573 1790
666 3677 7363 7364
3677 3678 5387 5388
5388 210 1288 1311
3678 213 1317 3844
5387 345 1303 2255
345 210 213
7364 382 947 1483
1483 3 6 383
382 3 6 383
947 3 6 943
7363 213 958 1288
5384 452 480 513
58 8 135
135 12 14 15
57 134 652 653
653 5029 7353 7356
5029 3278 5022 5030
5030 521 5025 7352
7352 2223 2224 5392
5392 767 1266 5026
1266 1222 1264
1264 16 1265
1265 7 9 11
5026 696 1322 5185
1322 721 1033 1090
1090 16 1253
696 1033 1264
5185 1307 1321 2256
2256 1033 1087
1087 16 1265
1321 1033 1281
1281 16 1276
2223 767 2219 2220
2220 869 923 1308
923 1087 1222
1308 1222 1281
2219 772 1312
1312 1090 1222
2224 366 997 5400
366 164 703
703 16 1284
5400 343 540 541
343 166 703
5025 2219 2220 5026
3278 521 3272 3280
3272 2241 3273 5157
2241 912 1298 1440
1298 702 1281
912 702 1087
3273 919 994 1140
994 476 1264
919 702 1264
1140 1067 1141
1067 702 1090
5157 476 1281 5158
5158 476 1087 1290
3280 767 3269 3275
3269 767 3266 3270
3266 919 1140 2241
3270 521 1266 2244
2244 1069 1294
1069 476 1090
3275 994 1413 3277
3277 2244 5157
1413 1100 1316
1100 601 1090
5022 5023 5395 7351
7351 661 997 7350
7350 185 540 785
785 541 782
782 783 784
783 164 1281
784 720 1295
1295 164 1090
185 601 703
661 703 1088
5023 541 1225 5021
5021 185 660 5020
5020 471 4716
471 702 703
4716 787 1236 1580
1580 164 1087
1236 164 1264
660 476 703
1225 540 1223 1227
1223 936 1224
936 937 938
937 166 1281
938 841 1079
1079 166 1090
1224 916 941 1302
941 166 1087
916 166 1264
1227 541 1221 5397
1221 703 1222
5397 540 541 1220
1220 703 1033
5395 540 4572 5020
4572 660 1221
7353 3631 4465 4466
4465 1232 3828 7305
7305 5451 7304
7304 350 1313 7303
7303 184 200 661
200 180 185
5451 348 868 4463
4463 772 923 1266
868 869 1308 1312
1232 348 1230 1234
1230 696 1141 2256
1234 350 868 1229
1229 772 923 1266
3828 350 3827 3830
3830 348 1313 1859
1859 1307 1321 2175
2175 1033 1090
3827 696 1859 2256
3631 3618 3619 3632
3619 241 541 3615
3615 3614 3616
3616 1270 1300 1305
1300 601 1264
1270 601 1087
3614 457 3261 3907
3261 1440 2229
2229 702 1087 1264
3907 476 1290 2227
2227 476 1087 1264
457 476 1281 2244
241 1413 1809
1809 601 1281
3618 540 1436 3614
1436 1140 1298
3632 3625 3626 7299
7299 5459 5460 7297
7297 540 1443 7296
1443 1222 1281 2219
7296 541 1320 1436
1320 1033 1281 1322
5459 541 1443 3629
3629 4668 4670
4670 696 1307 2256
4668 869 923 1266
5460 540 1320 3629
3625 241 540 7295
7295 231 540 541
231 232 233
233 1088 1281
232 948 949
948 1088 1090
3626 540 3620 5461
5461 541 1224 3623
3623 936 5153
5153 990 1086 1637
990 1088 1264
1086 1087 1088
3620 782 3616 5153
4466 4450 4451 4459
4451 348 3398 4444
3398 350 3397 3400
3400 348 1316 2655
2655 1100 1305 1809
3397 2229 2230
2230 1067 1298 1440
4444 2229 2587 4446
2587 1069 1291 1801
1291 476 1290
1801 476 1281
4446 1294 2227 2230
4459 2555 4452 4461
2555 350 1316
4461 348 4455 5453
4455 1270 1300 4456
4456 949 2635 5152
2635 233 948 1637
5152 990 1086
5453 350 2655 4456
4452 350 4454 5017
4454 348 842 5016
5016 841 916 941
842 937 1079 1302
5017 720 1270 1300
4450 350 1294 4447
4447 1141 2227 2587
7356 4937 4994 4995
4937 2252 4925 4938
4938 556 4931 7342
7342 719 4928 4934
4928 719 4929 4986
4986 232 990 3428
3428 233 1086 1637
4929 556 990 1413
4934 784 916 4936
4936 938 1239
1239 937 941 1302
4931 1237 1768 4932
1768 1270 1305 1809
1237 783 787 1580
4932 784 1236 1300
4925 719 4919 4927
4927 556 4813 4922
4813 556 4810 4814
4810 919 1140 2241
4814 719 994 1413
4922 232 994 4924
4924 3428 5157
4919 1300 2244 4921
4921 1768 5157
2252 556 2248 2254
2254 719 2245 2251
2251 1266 2249
2249 696 1322 5185
2245 719 2240 2246
2240 919 1140 2241
2246 556 1266 2244
2248 2219 2220 2249
4995 1250 2592 2593
1250 1240 1251 5412
1240 521 1238 1242
1242 767 1236 1237
1238 938 1239
1251 767 1247 7345
1247 784 916 1248
1248 471 1220
7345 660 821 1243
1243 521 767
821 767 1221
5412 521 1245 1246
1245 471 1221 4021
4021 916 1220
1246 784 1236 1237
2593 2582 2583 7347
2583 660 1148 5409
5409 471 1143 2229
2582 719 2219 2220
7347 767 2584 5404
2584 185 343 366
5404 1141 1143 2230
2592 1148 2586 7346
7346 661 1243 5405
5405 343 521 657
657 185 366
2586 1294 2227 2587
4994 767 4989 7348
7348 1770 1771 5402
1771 767 938 1239
5402 521 1413 4990
4990 232 990 3428
1770 521 1300 1768
4989 1300 1768 4990
652 4588 4678 7355
7355 4735 4842 4843
4843 3911 3912 4836
3912 405 3908 7332
3908 457 1436 3906
3906 3261 3907
7332 457 699 1436
4836 4838 5421 7335
7335 600 661 1037
600 599 601
4838 556 4023 4833
4833 343 938 4835
4835 185 366 1239
4023 4024 4025
4025 556 4020 5425
5425 556 660 719
4020 471 1221 4021
4024 719 1221 1248
5421 719 1237 4832
4832 185 366 7333
7333 343 1236
3911 241 699 3906
4842 5418 7338 7339
5418 699 1443 4839
4839 4668 4670
7338 405 1320 7336
7336 602 603
602 454 1088 1936
603 599 604 1088
604 454 601 1936
7339 405 4839 7337
7337 405 1323 1443
1323 699 1320
4735 4718 4728 4736
4728 4730 5432 7329
7329 416 421 5433
5433 578 2587
416 409 601 1936
421 181 1088 1936
4730 4722 4723 7330
4723 609 4688 4689
4689 578 1141
609 181 407 417
417 409 1088 1936
407 601 1936
7330 5430 5431 7327
7327 185 405 3391
5431 343 405 699
5430 366 661 1514
4722 578 2229 2230
5432 557 2227 2587
4736 699 4733 7331
4733 936 1224 4731
4731 231 3616 5153
7331 241 405 4731
4718 4720 5434 7323
7323 1220 1514 3169
3169 699 1221
4720 405 4712 7324
7324 699 782 3444
3444 405 936
4712 782 4714 4716
4714 471 1224 4572
5434 699 4716 4717
4717 185 471 660
4678 4569 4671 4679
4679 434 4674 5437
4674 1436 3261 4675
4675 231 241 5153
5437 427 3616 4675
4671 4673 5439 5440
5439 434 1320 4670
5440 427 1320 4668
4673 2231 5441 7320
7320 576 2396 2436
576 471 557
2396 427 772 1312
2436 427 1222 1281
2231 2225 2232 5442
5442 471 578 2227
2232 557 2229 2230
5441 557 578 660
4569 427 4563 4570
4570 434 4566
4566 457 1443 4568
4568 3907 4668
4563 457 3907 4565
4565 1436 3261 4670
4588 4575 4582 4589
4589 1763 2682 7317
1763 180 990 1764
1764 184 232
2682 180 1413 2683
2683 184 990 3428
7317 7313 7314 7315
7315 4585 5443 7311
7311 180 185 2191
4585 180 183 661
183 184 185
5443 184 720 787
7313 180 192 786
192 183 661 1098
7314 180 1768 2576
2576 180 1300 2190
2190 184 2191
4575 2686 4576 7310
2686 184 1300 2687
2687 180 232 3428
7310 427 4573 7308
4573 185 471 660
7308 1097 1220 5446
5446 434 660 1221
4576 1940 2911 7307
1940 184 1768
7307 434 471 2668
2668 427 1221
2911 2912 5448 5449
5449 185 343 434
5448 366 661 1097
2912 343 427 2685
2685 184 1413
4582 427 4578 4583
4578 782 936 4580
4580 1224 4716
4583 434 3616 4578
134 650 651 7361
650 210 5123 7294
7294 3264 3265 5464
3265 453 3261 7287
7287 210 2219 3262
3262 453 661
5464 213 2219 5124
5124 696 1322 5185
3264 456 660 7286
7286 366 453 471
5123 1266 2220 5124
7361 646 7358 7359
646 647 3411 3421
647 210 3424 7285
3424 1413 1768 3426
3426 232 1300 3428
7285 213 3404 3427
3404 213 3401 3405
3401 1300 1413 1768
3405 210 938 990
3427 232 3428 7283
7283 919 990
3421 213 3417 3423
3423 3415 3416 5479
5479 210 919 3418
3418 994 2244 5157
3416 210 1140 2241
3415 213 1266 2220
3417 1140 2241 3418
3411 210 3407 3413
3413 2238 2239 5480
2238 210 1221 1248
2239 213 1239 2235
2235 916 1220 1221
5480 213 938 3408
3408 784 1236 1237
3407 916 1239 3408
7358 65 345 659
659 660 661
7359 210 654 5390
5390 213 656
656 343 471 657
654 185 343 366
651 4828 4917 4918
4917 5466 7290 7292
5466 343 348 661
7290 185 343 350
7292 453 455 1436
455 456 457
4918 453 4912 7293
7293 456 3907 5468
5468 348 350 366
4912 231 782 4914
4914 4716 5153
4828 4820 4829 5471
4829 350 4824 4825
4825 841 842 5154
5154 164 1087 1264
4824 916 941 1896
1896 783 787 1295
4820 350 4816 4822
4822 348 4818 5472
4818 185 471
5472 660 1003 1220
4816 471 661 1221
5471 348 1896 4827
4827 720 1221 5154
56 131 7281 7282
7282 624 625 7280
624 1209 1212 7174
1209 1210 4116 7167
1210 405 4121 5570
5570 578 1701 3807
3807 488 912 1066
1701 1140 1440
4121 1804 2915 3607
3607 926 1311
926 601 1085
1085 16 1258
2915 1797 2255
1797 1085 1088
1804 702 1085
4116 405 4113 4118
4118 408 699 4115
4115 344 1089 1196
1089 164 1085
344 1084 1288
1084 166 1085
4113 344 1089 1196
7167 699 4119 7166
7166 181 420 422
4119 1797 2255 3607
1212 1213 4284 7170
4284 405 4280 4285
4285 699 1174 1355
1174 705 1808
705 1085 1222
1355 1105 1296
1105 1033 1085
4280 496 1105 4282
4282 165 723 1296
1213 405 4355 4356
4355 1174 1302 1317
4356 1054 2842 3577
1054 166 1090 1256
3577 203 941 1369
2842 1285 1303
1285 476 1085
7170 699 877 4357
4357 1317 1804 2842
877 405 841 878
878 699 853
853 162 1803
7174 1198 1215 7173
1215 699 804 806
804 164 1087 1581
1581 164 507 1278
1198 162 405 1199
1199 699 784
7173 405 1207 1217
1217 784 1219 1581
1219 787 1803 1888
1888 304 3159
3159 164 1087 1256
1207 699 3904 3905
3904 165 723 1054
3905 496 1302 3577
7280 65 620 7277
620 621 1176 1186
1186 348 1182 1188
1182 1184 1658 5166
5166 304 1580 2257
1658 496 723 1369
1184 830 1162 4202
1162 1295 2327
830 203 941 1310
4202 303 853
1188 1179 5590 7145
5590 350 784 853
7145 165 348 803
803 350 804
621 453 1192 7149
1192 1194 2559 2944
1194 784 1412 1679
1679 232 1637
1412 163 1088
2944 1086 1638
2559 1275 1279 1777
1275 507 1088
7149 1189 5587 5588
5587 344 350 711
711 1089 1196
5588 348 1089 1196
1189 350 1191 3079
3079 926 1311 2915
1191 344 348 3078
3078 926 2915
1176 350 1170 1178
1178 348 1167 1173
1167 348 1168 2841
2841 574 1311 2842
574 1317 1804
1168 350 574 2845
2845 1285 1303
1173 1105 1174 1296
1170 1172 1657 1658
1657 938 1302
1172 165 1174 7143
7143 830 1355
7277 626 632 633
633 2179 2197 2198
2179 1868 2181 7244
7244 350 1133 1863
1863 208 1098 1196
1868 205 1869 4394
1869 180 723 1288
4394 184 1196 1288
2181 348 2177 7245
2177 922 1688 2207
922 924 1087 1222
1688 1366 1794
1366 507 1222 1278
2207 1222 1290 2219
7245 180 1368 7243
7243 350 1322 2176
2176 348 1122
1122 163 1222
2197 2184 2187 7247
2187 180 1803 2188
2188 184 786
7247 184 1368 2183
2184 184 1803 2185
2185 180 2191
2198 180 2194 7249
2194 1270 2149 2183
2149 601 1290 1413
7249 184 2192 7246
2192 948 1086 1637
7246 184 789 2191
789 180 786 788
788 184 723
626 627 1691 1703
627 210 1706 7178
7178 213 727 1709
727 210 729 1140
729 213 1122
1709 697 922 1711
697 1127 1262
1127 163 1033
1711 1688 2207
1706 1708 1749 5165
5165 1134 1289 2256
1749 1307 2820
2820 1033 1090 1256
1708 1144 1313 2204
2204 697 1799
1799 507 1033
1703 1694 1696 1705
1694 453 804 806
1705 453 1700 5564
1700 1701 3807 3808
3808 913 1299
913 507 702 1278
5564 456 1697
1697 1294 1699 5155
5155 476 1087 5141
1699 2550 5170
5170 1069 4065
2550 476 507 995
995 1064 1292
1064 163 476
1696 453 853
1691 1333 1693 5565
1693 210 1684 1687
1684 453 1686 3354
1686 3133 3351 5567
3351 453 1804 3353
3353 456 1285
5567 456 1303
3354 174 1089 3356
3356 1317 2915
1687 922 1688 2207
5565 213 1120 1133
1120 1289 1799 2256
1333 210 1122 1334
1334 213 1322
632 5500 7250 7252
7250 348 1119 1313
1119 350 1120
5500 350 697 2207
7252 348 2199 2203
2203 1749 2204 5165
2199 1121 2200 5502
5502 348 1140
2200 350 922 1688
1121 350 1122
625 1202 1203 1204
1202 434 2894 7154
7154 2665 2891 5582
2891 232 427 2893
2893 434 1412
5582 427 1137 1636
1137 1086 1275 1279
2665 427 991 2667
991 1412 1777
2667 434 1316
2894 2488 2558 2896
2558 236 1100
2896 2487 2559 2944
2487 1270 4507
2488 1309 2286
2286 956 1774
956 163 601
1309 507 601
1204 1205 2898 2901
1205 434 2904 7164
2904 1120 1133 2906
2906 922 1366 2207
7164 427 2907 7163
7163 434 1794 2329
2329 427 1313 2330
2330 434 697
2907 1749 2204 5165
2898 2900 7157 7158
7158 427 3383 3389
3383 557 574 3385
3385 578 1285
3389 1222 1290 1366
2900 3387 3388 7159
3388 574 578 2435
2435 174 557
3387 557 3807 3808
7159 1856 2396 7156
1856 427 1794
7156 578 1303 5579
5579 557 1285 1303
7157 427 922 2393
2393 427 1122 2394
2394 434 1322
2901 2903 5576 7160
5576 557 1701 2244
2903 578 3393 7161
7161 557 1820 3390
3390 557 995 3391
3393 3395 5155 5170
3395 2550 3808
7160 174 578 1597
1597 557 1060
1060 476 1062 1087
1062 476 507 1278
1203 2879 2880 2888
2879 2112 2377 2720
2377 427 1064 2378
2378 434 1140
2112 427 956 1774
2720 427 1316 2721
2721 434 920
920 174 1299
2888 427 2882 2890
2882 911 1144 2884
911 702 913 1087
2884 3348 5098
3348 476 1290 2244
5098 476 959 5143
5143 476 1087 1256
2890 434 2885 7151
7151 427 920 2381
2381 427 1140 2383
2383 434 1122
2885 1294 2887 5155
2887 2550 5170
2880 434 2876 5586
5586 427 2874 2875
2874 1309 2487
2875 1150 2558
1150 1062 1292
2876 911 1144 1679
131 629 1725 1751
1751 1731 1743 1752
1752 1737 1740 7218
1740 1741 3250 3253
1741 540 3256 5532
3256 711 926 1311
5532 541 2915 3259
3259 344 1196
3253 540 3254 4294
4294 1174 1303 1355
3254 541 574 4297
4297 1105 1296
3250 540 3251 4290
4290 574 1285 2915
3251 541 2842 4293
4293 926 1311
7218 5527 7214 7217
7214 767 1122 1734
1734 521 697 1736
1736 767 1313
7217 1729 1730 7215
7215 521 1120 1750
1750 1133 1322
1730 344 540 5541
5541 541 1089
1729 767 922 2207
5527 767 1688 1749
1737 1739 7207 7208
1739 521 3248 5535
5535 767 3245
3245 1140 1144 3247
3247 697 1799 5165
3248 1294 1688 2207
7208 767 911 1132
1132 521 922
7207 767 920 2992
2992 521 1122
1731 1732 2853 2862
1732 2865 5536 5537
2865 540 697 2866
2866 541 1749 3601
3601 1313 5165
5536 540 1120 2872
2872 1133 1322
5537 541 2868
2868 922 1122 2870
2870 1688 2207
2862 540 2856 2864
2856 1144 2858 5155
2858 920 1140 2550
2864 541 914 2859
2859 1150 2860 5098
2860 1064 1316 3348
914 540 911
2853 540 2847 2855
2855 541 1144 2850
2850 920 1140 2852
2852 697 911 1799
2847 2207 2849 5170
2849 922 1688 7202
7202 1122 1294
1743 1744 3363 3372
3372 540 3366 3374
3374 540 804 5530
5530 541 3370 3371
3371 720 1162 1174
3370 303 853 5166
3366 830 1657 3368
3368 165 853 1658
1744 540 3377 7213
7213 541 3376 3380
3380 232 2487 3382
3382 2488 2558
3376 1137 1636
3377 1412 2944 3379
3379 232 1637 2559
3363 540 3357 3365
3365 541 1388 3360
1388 540 806
3360 830 1657 3362
3362 165 991 1658
3357 2487 2558 3359
3359 784 1316 2488
1725 1681 1712 1726
1681 1659 1668 1682
1668 521 1663 1670
1663 1665 5155 5170
1665 1140 1144 2550
1670 767 1666 7184
1666 1150 3348 5098
7184 767 987 1064
987 521 911
1682 767 1675 7187
1675 1677 2487 2558
1677 232 1636 2488
7187 521 1678 7186
7186 521 1412 1671
1671 521 920 1673
1673 767 1316
1678 1679 2559 2944
1659 1661 5554 7181
7181 165 767 830
5554 767 1657 1658
1661 521 1653 7182
7182 767 1137 1650
1650 521 1316 1651
1651 767 991
1653 784 1655 2487
1655 2488 2558
1712 1714 5545 7197
1714 2508 2524 2525
2525 556 2520 7194
7194 900 7192
7192 719 2219 2515
2515 1148 1285
900 556 1313 2511
2511 719 835
835 1122 1794
2520 1749 2204 5165
2524 719 2517 7193
7193 574 1143 7191
7191 2518 5546
2518 476 1033 2513
2513 4 511 1936
5546 164 1088 2513
2517 1118 1445
1118 1087 1222 1366
2508 556 2502 2510
2510 719 2499 2505
2505 1060 2244 2507
2507 403 920 1820
2499 556 1141 2500
2500 719 995
2502 1150 2503 7190
7190 1064 1065 1440
1065 702 1090 1256
2503 3348 5098
7197 556 2526 2532
2526 719 2527 4204
4204 1065 1440 2839
2839 488 912 1315
2527 719 1141 1379
1379 556 835
2532 1118 1445 2219
5545 719 2530 2531
2530 1127 1307 3128
2531 1322 1799 3291
3291 1134 1257 2256
1726 1154 1164 7200
1154 1145 1155 5558
1145 1147 1148 3348
1147 521 3350 5560
3350 344 1089 1196
5560 767 1089 1196
1155 1143 1144 1152
1152 911 920 1140
5558 1148 1150 1151
1151 1064 1303 5098
1164 521 1158 1166
1166 767 1161 7180
1161 1162 4202 5166
7180 521 804 846
846 720 767 847
847 521 853
1158 1159 1657 1658
1159 806 830
7200 1715 1718 7198
1718 521 1720 4300
4300 574 1285 1303
1720 767 2842 4299
4299 574 1311
1715 521 1717 3243
1717 344 767 3242
3242 926 2915
3243 926 1311 2915
7198 521 1723 5543
5543 767 1174 1722
1722 1105 1296
1723 165 1174 1355
629 1761 1762 7242
7242 1754 1758 1759
1758 1438 3096 7235
7235 405 3105 3109
3109 835 3111 3603
3111 731 1312 1314
731 1087 1222 4744
1314 507 1222
3105 699 1322 3106
3106 405 3291 4353
4353 1127 1799 3128
3096 405 772 3097
3097 697 699
1438 699 1120 1133
1754 1756 7227 7228
7227 719 2170 7226
7226 719 2142 2167
2142 235 1270 1301
235 601 959
1301 601 1256
2167 556 991 2169
2169 719 949
2170 956 1774 1946
1946 507 601 1278
7228 556 2164 2172
2164 556 2166 2838
2166 719 1305 1413
2838 403 920 2839
2172 232 1137 1636
1756 2152 2153 2160
2153 556 2148 5525
5525 719 2146 2147
2147 938 951 991
951 1086 1277 1279
2146 1275 1629 1637
1629 1088 1090 1256
2148 1305 1413 2150
2150 956 1774 1946
2160 556 2157 2162
2157 2159 4202 5166
2159 938 1162 1410
2162 719 2154 7225
2154 784 1803 2156
2156 162 787 1581
7225 719 724 1888
724 556 720 725
725 165 719 723
2152 556 2142 2143
2143 719 940 1410
940 496 941 1369
1759 3100 3101 3102
3101 3604 5514 5515
5514 556 719 3612
3612 1089 1196 1288
3604 866 3605 5519
866 606 699 772
5519 699 1312 3603
3605 556 1084 7229
7229 166 597 599
5515 405 1307 1322
3102 3103 3817 5512
3103 719 1038 3820
3820 574 1303 3821
3821 705 1355 1808
1038 165 556 723
3817 556 3815 3819
3815 574 1797 2255
3819 719 2915 3814
3814 926 1285 1311
5512 556 3821 3824
3824 940 1285 1303
3100 699 3609 7230
3609 731 835 1314
7230 719 1084 5517
5517 556 926 1311
1762 3112 3116 3117
3112 405 3114 4133
3114 699 4136 7237
4136 234 1056 2550
1056 1270 1946
7237 1417 2937
1417 174 405 1418
1418 699 1413
2937 405 949 2938
2938 699 2286
4133 3807 3808 4135
4135 1629 1637 1701
3116 699 4139 4140
4140 1294 5155 7239
7239 3807 5170
4139 1140 1440 3808
3117 405 1951 4141
1951 174 699 1952
1952 405 2244
4141 995 1060 1820
1761 1414 1969 7241
1969 234 405 1056
7241 405 3121 5508
5508 699 3118
3118 841 2944 3120
3120 232 1637 2559
3121 951 2286 3122
3122 991 1275
1414 405 1413 1416
1416 699 1412
7281 634 637 7279
7279 641 642 643
643 645 4219 4220
4219 213 4214 4215
4215 1174 1355 1658
4214 165 830 1303
645 4130 5481 5482
5482 210 4359
4359 344 2915 4360
4360 1089 1196
5481 213 4363 4364
4363 926 1311
4364 344 1089 1196
4130 210 4124 4132
4124 1658 4126 5166
4126 720 1162 4202
4132 213 735 4127
735 165 210 736
736 213 784
4127 804 853 4129
4129 806 1657
4220 210 4210 4216
4210 210 4206 4211
4211 213 2915 4209
4209 574 1285
4206 926 1311 2842
4216 574 1174 4217
4217 1105 1296
642 2561 2562 2563
2562 427 3080 3086
3080 427 3081 4202
3081 434 830 1657
3086 574 2842 3088
3088 1105 1174 1296
2561 434 3084 3085
3085 1174 1303 1658
3084 165 1285 1355
2563 427 2565 3092
2565 3089 5487 7268
7268 427 723 1966
1966 165 427 1967
1967 434 784
5487 434 804 806
3089 427 720 3090
3090 434 853
3092 1162 3093 7267
7267 496 830 1369
3093 1657 5166
641 2566 2569 7270
2569 427 2570 4287
4287 926 1311 2915
2570 434 574 4288
4288 1311 2915
7270 180 2574 5486
2574 232 1086 1637
5486 184 2149 2573
2573 949 1270
2566 427 2567 3809
3809 344 1089 1196
2567 434 711 3812
3812 344 926
634 635 1646 2208
2208 759 2210 2492
2210 210 2497 5498
5498 213 2494
2494 2488 2495 2558
2495 1316 2487
2497 830 991 1657
759 213 760 1412
760 210 232
2492 210 1137 1636
1646 210 1640 1648
1648 213 747 1643
1643 1294 1645 5155
1645 2550 5170
747 210 748 1064
748 213 1140
1640 1642 3348 5098
1642 911 920 1150
635 210 2214 5496
5496 213 2212 2213
2213 911 920 7255
7255 1144 2944
2212 232 1637 2559
2214 2215 2488 2558
2215 1316 2487
637 639 7262 7263
7263 1639 2489 5490
2489 348 1657 2490
2490 350 2487 2488
5490 232 348 991
639 2541 2553 2554
2554 348 2546 5491
5491 350 2549
2549 2550 5155 5170
2546 920 2548 3348
2548 1150 5098
2553 348 1144 7258
7258 348 911 2545
2541 2543 7256 7257
7257 350 911 1144
7256 348 1064 1316
2543 348 2539 5494
2539 2487 2488 2558
5494 350 2536
2536 920 1140 2538
2538 232 1637 2944
7262 1139 5489 7259
7259 350 1316 1412
1139 348 1137
5489 350 2558 2559
55 65 618 619
618 4059 7135 7136
4059 2834 3046 7133
7133 2804 2822 2823
2823 2808 2809 2810
2810 2811 5645 5646
2811 3334 3335 5647
3335 541 705 5648
5648 540 541 1105
5647 540 541 1797
3334 540 3345 4008
3345 166 1054 1087
4008 165 496 1369
5645 541 3337 3340
3340 926 1285 5191
5191 1295 3159
3337 162 1581 1804
5646 540 3337 3338
3338 705 926 1285
2809 3329 3330 7101
3330 767 1060 1068
1068 476 1090 1256
3329 521 1060 1064
7101 767 911 5650
5650 174 1065 3331
3331 521 767
2808 987 7098 7099
7099 521 1068 5651
5651 767 1632
1632 601 1090 1256
7098 767 1064 2992
2822 5641 7102 7105
5641 521 1118 1128
1128 1090 1222 1256
7102 521 1120 1746
1746 767 1122
7105 2814 2815 7103
7103 767 1120 5640
5640 521 767 2819
2819 1127 2820
2815 997 1089 5643
5643 540 541 1084
2814 767 1118 1128
2804 2788 2797 2805
2797 541 2794 2799
2799 540 2792 2793
2792 1086 1629 5196
5196 1275 1279 1412
2793 3058 5190 5191
5190 956 1946
3058 1100 1270 1301
2794 2796 3345 4008
2796 1086 1629 5196
2805 540 2800 5653
5653 541 2787 2800
2787 912 1066 1067
2800 2802 4001 5164
4001 1087 1128 1222
2802 2256 2820 3227
3227 1122 1366
5164 1127 1289 1799
2788 541 2783 2789
2789 540 2784 2787
2784 1062 1064 5254
5254 174 913 5189
5189 1069 5143
2783 2784 3058 5190
3046 3040 3041 3047
3047 3036 5619 7116
3036 405 3037 3802
3037 699 3058 3802
3802 2787 3803 5192
5192 1062 1064
3803 174 913 5189
7116 556 1084 5620
5620 556 719 1089
5619 405 699 3042
3042 3044 4001 5164
3044 2256 2820 3227
3040 1037 1105 5622
5622 719 1076 4019
4019 705 1080 1295
1080 162 303
1076 164 1278 3159
3041 4013 4014 5623
4014 556 4009 5626
4009 926 1797 1804
5626 556 719 1285
4013 719 1084 4009
5623 556 4016 4017
4016 165 496 1080
4017 705 1079 1107
1107 941 1310 1369
2834 2836 7112 7113
2836 2824 2828 2829
2829 3012 5629 7108
7108 1069 1148 5630
5630 521 767 1797
3012 1143 3008 3013
3008 702 1090 3009
3009 912 1066 1315
3013 1148 1590 3011
1590 476 1278 5143
3011 1064 1805
1805 476 507
5629 521 767 3220
3220 926 1084 1089
2828 3213 5632 7107
5632 1143 1593 1804
1593 174 403
7107 2513 2519 3211
2519 1 2 13
3211 1 2 13
3213 719 1312 2515
2824 2826 5635 7106
7106 767 3217 5637
3217 705 1105 1804
5637 521 767 1285
2826 1586 2121 2122
2122 162 767 804
1586 1587 1588
1588 521 804 1585
1585 162 1582
1582 164 1090 1256
1587 165 767 1582
2121 521 940 1054
5635 165 521 3217
7112 521 2832 5628
2832 1137 1629 1632
5628 767 1056 2831
2831 956 1412 1629
7113 1058 1059 7111
7111 521 1412 1649
1649 767 1137
1058 521 956 1056
1059 767 940 1054
7135 3051 3060 3074
3060 3049 3050 7124
7124 699 3054 5607
5607 405 3055 3058
3055 5190 5195 5196
5195 1086 1629
3054 3055 3345 4008
3049 1597 1598 7120
1598 578 911
7120 557 1068 5614
5614 578 1065
3050 1073 1074 7122
7122 5611 5612 7118
5612 405 926 1084
5611 1089 1514 1797
7118 174 578 5615
5615 699 1084
1074 578 1060 5616
5616 557 578 1064
1073 557 1065 5617
5617 578 1068
3051 405 3053 5010
3053 1105 1514 5609
5609 699 5011 5014
5014 705 926 1285
5011 1804 5187 5191
5187 162 1581
5010 3345 5011 7123
7123 705 1285 4008
3074 3061 3064 3075
3061 719 3063 4107
3063 556 3019 4110
3019 719 3017 3021
3021 556 2127 3016
2127 1270 1301 1802
3016 956 1100 1309
3017 1079 1275 1412
4110 1076 4111 5103
4111 1275 1295 1412
5103 1086 1279 1796
1796 1088 1256
4107 1107 4108 5103
4108 165 496 948
3075 719 3070 7127
3070 3071 4278 4279
4278 1222 1256 5172
5172 1087 1222 1278
4279 1122 1314
3071 2175 5163 5174
5163 1127 1799
5174 1257 1289 2256
7127 3068 3069 5603
3069 719 1067 3009
3068 556 4278 4279
5603 556 1312 3071
3064 1594 3065 5605
5605 556 3009 4201
4201 948 1067 1593
1594 556 1589 1595
1589 1069 1590 3011
1595 719 1069 1593
3065 719 4198 4199
4198 956 1309 1590
4199 1100 2127 3011
7136 1129 1633 5061
1633 1608 1619 1634
1608 1600 1609 7090
1609 350 1603 7089
7089 350 804 940
1603 162 165 1605
1605 1054 1105
7090 348 804 1606
1606 162 705 1582
1600 348 1602 4348
4348 926 1105 1804
1602 350 4350 5665
5665 1003 1285 1797
4350 705 1804
1619 1612 1620 7091
1612 1613 3215 5661
3215 348 1060
1613 348 1064 1068
5661 350 1064 1065
1620 348 1615 5659
1615 174 1056 1632
5659 350 1060 1618
1618 174 1068
7091 348 350 911
1634 1623 7094 7095
1623 810 1624 5657
5657 350 956 1582
1624 165 348 1054
810 348 940
7095 1139 1627 7093
7093 350 1056 1137
1627 350 1412
7094 348 1628 5655
5655 350 1629 1632
1628 956 1412 1629
5061 4807 4908 5062
4807 4800 4808 5601
4800 434 4797 4801
4797 1069 1590 3011
4801 427 1069 1593
4808 434 4805 5599
5599 427 434 4806
4806 702 1090 3009
4805 1122 1314 4278
5601 427 1590 3011
4908 3324 4909 5596
3324 557 911 3326
3326 3322 3323 7128
7128 427 1312 2435
3322 557 578
3323 1285 1804
4909 427 4905 4906
4906 1122 1314 4278
4905 2175 5163 5174
5596 434 1312 4905
5062 2130 5594 5595
5594 427 5103 5104
5104 948 1079 3018
3018 1275 1412
5595 434 5100 5101
5100 956 1309 5103
5101 1100 2127 3018
2130 427 2126 2132
2132 427 956 5602
5602 434 948 1593
2126 1100 1309 2127
1129 1131 7087 7088
7088 348 1114 1123
1123 1065 1125 1127
1125 1120 2820
1114 1115 3022 7084
1115 348 1128 5670
5670 350 2820
7084 180 1369 2176
3022 348 1118
7087 1119 5667 7085
5667 350 1127 1128
7085 350 1118 1122
1131 1102 1112 1113
1102 1104 7082 7083
7082 1089 1097 5676
5676 180 184 1086
7083 184 1099 7081
1099 948 1100 1270
7081 180 948 5679
5679 434 1084
1104 1092 1093 1094
1092 427 1084 2123
2123 926 1797 1804
1093 434 2123 5681
5681 427 434 1285
1094 180 1095 2779
2779 1100 1270 2780
2780 1310 1583 2257
1095 184 1369 2780
1112 427 1106 5674
1106 705 1107 5201
5201 165 496
5674 427 434 1105
1113 434 1081 1109
1081 427 1075 1082
1075 1076 1080 1295
1082 434 1079 1080
1109 1076 1106 1295
619 3346 7139 7140
3346 2138 3033 7080
2138 210 2133 2140
2133 705 1804 2134
2134 4008 5187 5191
2140 345 1105 5688
5688 213 2134 2137
2137 705 1285 3345
3033 514 3031 3035
3031 165 519 2601
3035 3027 7077 7078
7077 148 982 1468
148 3 6 389
1468 3 6 389
3027 3028 5686 5687
3028 210 1084 3024
3024 926 1285
5686 345 1089 1797
5687 213 926 1804
7078 1786 1788 7076
7076 213 448 1084
448 294 298 512
7080 213 3341 5683
3341 3058 3342 5196
3342 1086 1629 5190
5683 210 3341 3345
7140 3228 3231 3240
3240 5691 5692 7072
7072 350 926 5690
5690 348 350 3238
3238 1084 1089
5692 453 3009 3236
3236 948 1067 5103
5691 456 1590 3011
3228 210 3223 3229
3229 213 3223 3227
3223 2787 3224 5192
3224 174 913 5189
3231 456 1069 3232
3232 453 3800 3801
3801 1076 1275 1412
3800 162 303 1295
7139 515 4004 7138
7138 210 4061 5592
4061 1122 1366 4062
4062 2256 2820 5164
5592 213 4001 4062
4004 210 4001 4006
4006 453 3351 4002
4002 1089 1593 1797
515 302 514 516
54 110 614 7070
7070 612 613 7069
612 165 435 2616
2616 513 514 715
715 168 181 945
435 294 427 436
436 434 1902 1919
1902 314 1084
314 166 295
1919 343 1288
613 717 718 7068
718 165 483 713
713 167 475
167 156 168 181
475 168 215 945
7068 617 2618 7067
2618 301 483 513
7067 165 301 535
535 5 211 245
245 8 10 168
717 617 713 715
7069 514 535 617
110 505 506
505 3155 6904 6905
6904 699 1426 3149
3149 951 3151 3200
3200 1300 1309 1774
3151 956 2078 3153
3153 233 1637 1796
2078 990 1275 1777
1426 699 1420 1428
1428 405 1417 1423
1423 1140 1425 2038
1425 2839 5176
5176 1066 1298 1440
2038 403 919 1299
1420 1422 2487 5155
1422 1064 1538 2739
2739 236 1809
1538 994 1292 1805
6905 953 3146 5786
953 232 699 954
954 405 950
950 951 1412 2078
5786 232 405 3153
3146 699 3148 4339
4339 1524 3577 4341
1524 496 723 916
4341 165 938 2918
2918 937 1302 1310
3148 405 1414 4342
4342 2487 3200 4344
4344 784 956 2739
3155 3141 3142 3143
3142 1198 3532 5793
3532 3533 3723 5796
3723 405 2727 3724
3724 433 699 930
930 295 601
433 926 927
927 185 1311
2727 661 2255
3533 2609 2695 5795
5795 699 1834 1835
1835 660 1303
1834 154 1285
2695 405 433 2697
2697 699 1849
1849 1008 2915
1008 295 1088
2609 405 2608 2611
2611 661 699
2608 1008 1797
5796 405 3546 3727
3546 660 1285 1303
3727 154 471 572
572 573 574
5793 162 699 3536
3536 1017 5166 5186
1017 303 1236 1803
5186 783 2327
3143 1960 2735 3144
2735 2732 2737 5791
5791 405 1120 1133
2737 535 698 6895
698 405 695
695 696 697
6895 405 1320 1450
1450 699 1443 1445
2732 219 699 1118
219 835 1266
3144 2374 5790 6898
6898 535 1323 5789
5789 405 1349 2219
1349 1222 1281 3603
5790 699 3539
3539 2094 3540 5165
3540 1127 1257 1307
2094 696 1262 1799
2374 405 2372 2376
2372 731 732 1122
732 1266 1314 1794
2376 699 1140
1960 699 1954 1962
1962 405 1951 1957
1957 1064 1538 1959
1959 4623 5155
4623 476 1281 4065
1954 1956 2839 4623
1956 2038 2244 5176
3141 405 3529 3535
3529 405 3523 3531
3531 699 3526 6889
3526 1364 2612 3527
3527 705 706 1032
1032 295 1033
706 295 1222
1364 1220 1355
2612 1221 1808
6889 572 699 707
707 471 699 708
708 405 705 706
3523 1354 1524 3525
3525 2612 3577 6887
6887 165 1220
1354 1032 1355
3535 938 2918 3536
506 65 3744 6919
3744 3732 3735 3745
3745 427 3741 5784
5784 434 3738
3738 241 1056 3740
3740 234 989 1549
989 990 991
1549 1300 2286
3741 231 989 3743
3743 1137 1636
3732 434 3733 4170
4170 1144 1436 4171
4171 993 1060 1820
993 994 995
3733 427 457 4171
3735 434 3737 4255
3737 427 2112 4258
4258 234 1300 4260
4260 241 1056
4255 918 1137 4257
4257 231 911 1636
918 919 920
6919 3757 3758 3769
3769 3771 5773 6917
6917 434 1855 3765
3765 695 1133 3767
3767 1120 1320
1855 427 1122 1794
3771 3760 3761 3762
3761 405 3884 5777
5777 699 3881
3881 294 428 3882
3882 1902 1919
428 366 1089 1196
3884 366 367 3882
367 294 1089 1196
3760 2725 2726 6915
6915 405 535 930
2725 427 1118 1445
2726 427 1308 2396
3762 434 3764 4099
4099 457 1445 4101
4101 1118 1266 1443
3764 427 2954 4102
2954 434 1122 1794
4102 911 918 4104
4104 1144 1436
5773 427 1266 3765
3758 3729 3748 3749
3748 535 1948 3573
3573 427 2612 3574
3574 165 434 1524
1948 162 427 1949
1949 434 938
3729 3550 3730 6909
3730 1407 2613 3570
3570 427 1364 3571
3571 434 1354
2613 427 1032 2614
2614 434 2612
1407 434 572
3550 434 704 3551
3551 427 471 572
704 705 706
6909 434 3546 3547
3547 427 3549 5208
3549 154 434 471
5208 154 1285 1835
3749 3543 5780 5781
5781 427 806 3894
3894 804 1236 1803
3543 434 1220 3544
3544 427 705 706
5780 434 2918 3577
3757 427 3750 6914
3750 936 940 3752
3752 782 916 1410
6914 434 2956 3753
2956 165 427 723
3753 782 813 3755
813 853 1236
3755 804 806
614 439 615 6876
6876 427 1849 6873
6873 427 428 429
429 431 434 930
431 427 1919
439 427 440 1902
440 366 367 434
615 443 2728 6874
6874 427 433 434
2728 434 929 2727
929 427 930
443 427 661 2730
2730 434 2608
53 65 153 5697
153 154 215 595
595 12 14 15
5697 5 8 10
52 126 7064 7065
126 603 606 7063
7063 609 610
7064 65 416 7059
7059 421 597
7065 422 602 7060
7060 166 599 601
51 65 125
125 156 476 5699
5699 4 511 595
50 120 123 7057
123 592 593 7056
592 2270 2271 7054
2270 210 572 2260
2260 210 471 2261
2261 213 704 2612
2271 210 2266 5706
5706 213 2263
2263 1524 2264 3577
2264 165 1220 1354
2266 1364 2267 2612
2267 705 706 1032
7054 2621 2622 5700
5700 210 784 2626
2626 5166 5186
2621 213 938 2918
2622 162 210 1017
593 2281 2623 5701
5701 213 2625
2625 162 1017 2626
2623 1920 2624
2624 213 2919 7053
7053 210 1909 1919
1909 210 1902 1911
1911 213 366
2919 367 930 1902
1920 213 1919 1921
1921 210 294 428
2281 213 2275 2283
2283 2273 2274 5704
2273 213 572 2727
5704 210 2279 2280
2280 660 1303 1849
2279 154 661 1285
2274 210 433 930
2275 433 2276 3546
2276 154 471 2608
7056 65 583 584
584 756 759 5716
5716 213 232 763
763 951 2078 3153
756 210 750 758
758 213 747 753
753 754 2839 5176
754 174 2038
750 752 2487 5155
752 1413 1538 2739
583 210 744 762
762 763 956 3200
744 210 738 746
746 213 735 741
741 743 2487 3200
743 956 1413 2739
738 740 1524 3577
740 938 1412 2918
120 564 565
565 2315 2630 2631
2631 899 1377 2921
899 556 900 3290
3290 1859 3291
1377 556 839 2258
2258 868 922
839 1266 1366
2921 719 2923 4861
4861 2230 3944 4863
3944 913 919
4863 920 1294 3807
2923 556 2527 4864
4864 2587 4866 5098
4866 995 1294 5049
5049 994 1062
2630 894 902 7001
902 556 904 5222
904 719 5219
5219 1859 3291 5221
5221 697 1313 2710
2710 696 1289 1799
5222 697 772 2710
7001 896 2645 6999
896 719 772 898
898 164 2066 2513
2066 166 385 1936
6999 906 2064 2518
906 385 1222 1936
2064 385 702 1936
2645 1088 2063 2513
2063 385 601 1936
894 719 839 2705
2705 868 922
2315 2298 2310 2316
2298 1873 1878 2300
1878 556 1880 5232
1880 719 2703 3158
3158 1032 1105
2703 1220 1296
5232 1032 1221
1873 719 1875 1877
1877 706 1174
1875 719 1038 1221
2300 556 2296 6988
6988 556 1364 1877
2296 830 842 1883
1883 496 916 1369
2310 719 2304 2312
2304 1831 2306 3701
2306 661 2915 6991
6991 573 660 932
932 926 930
3701 471 574
1831 154 1285 1303
2312 556 2301 2307
2307 1835 1849 2309
2309 661 1834 3701
2301 556 573 2302
2302 719 927
2316 5734 5735 6995
5735 719 1896 1897
1897 1236 1581
6995 1380 1889 6992
6992 719 1884 1888
1884 556 853 1886
1886 719 720
1889 556 841 1890
1890 719 853
1380 556 724 1896
5734 556 1888 1897
564 2293 2632 7009
2293 719 2290 2295
2295 2287 5738 6986
5738 556 2284
2284 1300 1946
2287 719 991 2288
2288 556 1316 2655
6986 556 2142 2286
2290 1883 2292 2676
2292 830 841 842
2676 990 1275 1279
7009 2641 7006 7007
2641 556 949 2642
2642 719 2284 2286
7007 2163 2167 2639
2163 719 2142
2639 719 2635 2944
7006 556 2635 2638
2638 2676 2944
2632 719 2634 4760
4760 2587 4762 5098
4762 1316 2655 5049
2634 556 2499 4763
4763 920 3944 4765
4765 2230 3807
7057 585 589 590
585 586 1330 1342
1330 210 1324 1331
1324 1326 4623 5176
1326 174 2244 7039
7039 2038 2839
1331 213 1327
1327 1329 1538 5155
1329 1064 2244 4623
1342 1333 1344 7040
7040 453 460 573
460 456 462 1285
462 453 661 1196
1344 210 1336 5713
5713 213 1339
1339 1340 2094 5165
1340 1257 1307 1321
1336 731 1338 2219
1338 732 1349
586 210 1345 7042
7042 213 733 1348
733 213 727 730
730 731 732
1348 1127 1349 2219
1345 1347 2094 5165
1347 1127 1322 1340
589 566 569 7048
7048 455 5707 5708
5708 314 344 556
5707 453 813 1137
566 556 567 3284
3284 294 343 428
567 719 1882 2347
1882 366 1196
2347 294 1089
569 570 719 3287
3287 343 575 1008
575 314 344
570 556 927 932
590 1812 1813 7050
1812 458 3593 4247
3593 366 453 2347
458 154 456 1835
4247 453 918 1849
1813 453 4249 7044
4249 911 1144 3701
7044 456 993 4246
4246 453 1436
7050 464 1815 7046
7046 468 1694
468 231 453 1636
464 453 782 989
1815 456 1060 1820
49 96 580 581
96 94 438
438 3563 3578 6839
3563 2741 3565 6828
6828 434 3560 6827
6827 2891 5830 6825
5830 427 1300 1309
6825 427 956 1774
3560 232 2078 3562
3562 951 3153
3565 2971 3556
2971 434 2965 2973
2965 1538 2839 2967
2967 1064 2038 5176
2973 427 2377 2968
2968 1538 2244 2970
2970 4623 5155
3556 427 3557 3979
3557 434 3982
3982 2487 3200 3984
3984 956 1413 2739
3979 2918 3153 3981
3981 938 1412 6824
6824 951 2078
2741 174 434 2742
2742 427 2738
2738 1413 2487 2739
6839 65 2411 2412
2412 2400 2403 5832
2400 2402 6817 6818
6817 425 1856 2396
425 314 405
2402 411 427 2398
2398 731 1349 4899
4899 1266 1314
411 367 412 699
412 405 1965 5210
1965 314 366 699
5210 366 1196 2347
6818 342 405 2393
342 343 344
5832 427 1127 2094
2403 427 2405 3315
3315 1322 1340 5165
2405 434 1127
2411 434 2390 2406
2406 1349 2094 2408
2408 1340 2219 5165
2390 434 2384 2392
2384 731 2386 5155
2386 2244 4623 4899
2392 427 2387 6815
6815 434 1794 2381
2387 2388 2839 5176
2388 174 2038
3578 3553 3566 3579
3579 3573 6836 6837
6837 1948 3543 5824
5824 434 2918 3577
6836 427 1017 3570
3553 3550 3554 6831
3554 2613 2728 6829
6829 434 572 928
928 427 433
6831 434 3546 3547
3566 427 3568 3896
3568 434 3899 6834
6834 427 723 1966
3899 162 1017 3901
3901 5166 5186
3896 3577 3898 5166
3898 784 5186 6832
6832 496 916
94 414 1461 3306
1461 1446 1453 1462
1453 1455 5847 6786
6786 405 695 1048
1048 219 699
1455 1450 5848 6787
6787 405 699 1320
5848 699 1118
5847 405 1120 1133
1446 1448 5849 6784
1448 1437 6785
1437 695 699 3108
3108 1120 1133
6785 405 1443 5850
5850 699 1144
6784 219 405 1435
1435 699 1436
5849 405 1118 1445
1462 405 1457 6790
1457 457 993 1458
1458 1060 1820
6790 699 1460 6789
6789 457 699 918
1460 911 1060 1820
414 1974 1984 6803
6803 3310 5837 6802
5837 699 1137
3310 231 699 1636
6802 405 3312 6800
6800 241 405 1546
1546 699 989
3312 231 989 3314
3314 1137 1636
1974 1971 1976 5843
1976 1547 1548 6792
1547 699 915
915 165 723 916
1548 405 1549
6792 699 940 1969
1971 699 936 1410
5843 405 782 806
1984 1977 1980 1985
1985 699 993 1982
1982 405 1144 1436
1977 241 699 1979
1979 405 911 918
1980 699 1549 3978
3978 234 1056
3306 3307 3776 4268
3307 4332 5838 6799
6799 3444 3825 4345
3825 699 782
4345 699 813 1216
1216 804 806
4332 405 940 1410
5838 405 804 813
3776 3186 3777 6794
3777 405 3773 6793
3773 770 2703 3158
770 1174 1221
6793 699 706 917
917 405 915
3186 405 3181 3187
3181 660 706 1831
3187 699 3184 3185
3185 471 1317
3184 573 1804
6794 699 770 3775
3775 1220 1354
4268 3453 3454 4270
4270 405 4265 5840
4265 1008 3184 4267
4267 661 2915 3185
5840 699 4263 4264
4264 2608 2727 3974
3974 932 1311
4263 154 185 3546
3453 185 405
3454 405 2701 3974
2701 342 699
580 3780 7025 7026
7025 426 511 677
426 427 428
3780 435 439 442
442 427 443 1849
7026 429 433 434
581 966 7030 7031
966 304 961 967
961 301 483 963
963 475 513 514
967 203 488 964
964 301 483 965
965 513 514
7031 1433 1434 3190
3190 3191 5725 7024
7024 304 384 7021
384 168 385 945
7021 3 6 387
5725 384 488 715
3191 1469 1485 7022
7022 383 389 511
1434 682 958 7020
682 3 6 391
7020 293 983 1431
1431 156 944 945
293 3 6
1433 292 675 5728
5728 291 511 983
7030 5721 5722 7028
5721 203 304 715
5722 203 475 488
7028 167 203 5720
5720 167 445 3783
445 156 168 385
3783 304 488
48 120 7016 7017
7017 558 562 563
558 560 5741 6981
5741 457 557 993
560 1598 1818 6983
1818 578 918
6983 557 1820 1821
1821 457 578 1820
6981 557 578 1060
562 1827 1828 5739
1828 557 1144 1436
5739 557 1834 1835
1827 573 578
563 578 1824 1830
1824 578 1825 3701
1825 557 911 918
1830 660 993 1831
7016 569 7013 7014
7014 566 5729 7011
7011 65 471 557
5729 314 344 556
7013 557 572 577
577 578 1144 1436
47 119 542 6980
119 545 549 550
549 541 4660 6977
6977 540 4545 4663
4663 1008 3184 4665
4665 661 2915 3185
4545 4158 4159 5749
4159 342 541 4160
4160 540 932 1311
4158 185 540
5749 541 2608
4660 3546 3974 4661
4661 154 185 2727
550 4655 4656 4657
4657 4066 4659 6973
4659 1392 5746 6974
1392 541 804 806
5746 540 940
6974 540 804 813
4066 540 936 1410
6973 541 782 813
4655 1351 1356 6969
1356 540 1357 2703
1357 541 706
1351 540 1353 3158
1353 541 1220
6969 540 706 770
4656 1500 3688 6972
1500 540 915
6972 541 4651 5747
5747 540 660 1831
4651 1354 3184 3185
3688 541 770
545 546 4550 6968
6968 1397 4076 6965
1397 540 782 1398
1398 541 915
4076 540 1144 1436
6965 914 996 4079
4079 541 1056 1549
996 541 993
4550 4552 5751 6958
6958 540 988 989
988 231 541
4552 3317 4547 6959
4547 540 1137 1636
3317 241 540
6959 231 540 2031
2031 541 989
5751 541 1137 1636
546 3194 3999 6966
3194 540 1549 3193
3193 234 1056
3999 541 940 1401
1401 936 1410
6966 6962 6963
6963 234 241 541
6962 540 806 918
6980 540 552 6979
6979 65 551 5742
551 314 541
5742 366 367 541
552 314 554 2347
554 342 366 1196
542 543 1389 6957
6957 540 4426 6955
6955 2846 4072
2846 541 1144
4072 541 911 918
4426 457 1820 4427
4427 993 1060
543 1394 4424 6954
1394 1395 6113 6114
1395 540 1443 2423
2423 541 695
6114 540 1118 1445
6113 541 1120 1133
4424 541 1820 4895
4895 457 1060
6954 541 1385 1436
1385 219 540
1389 540 1391 3172
1391 3170 6272
3170 541 1443 4327
4327 1118 1445
6272 219 541 1320
3172 695 1133 3174
3174 1120 1320
46 65 245 293
45 116 5753 6951
116 535 5754 6952
6952 244 512 538
538 5 245 511
5754 3 6 297
5753 5 245 511
6951 65 511 512
44 113 525 528
528 529 2013 6947
529 767 2017 4892
4892 918 4893
4893 457 1060 1820
2017 767 911 5757
5757 521 993 4893
6947 767 2018 6946
6946 521 1120 2021
2021 695 1133 1320
2018 219 1445 2020
2020 1118 1320 1443
2013 521 2015 4788
4788 219 1118 4790
4790 1443 1445
2015 767 4786 4787
4787 695 1120 1133
4786 1144 1436
525 526 2001 2004
2004 521 2006 3791
2006 767 3445 3794
3445 521 706 3446
3446 767 3185
3794 770 1354 3795
3795 706 1220 3184
3791 770 1831 3793
3793 660 2703 6942
6942 915 3158
526 767 2007 6943
2007 782 813 2009
2009 804 806
6943 521 804 2010
2010 813 1410 2011
2011 936 940
2001 767 2003 3587
3587 2608 2727 3589
3589 342 932 1311
2003 521 3584 3590
3590 661 2915 3592
3592 185 1008 3974
3584 767 3581 3585
3585 521 3184 3185
3581 154 185 3546
113 522 531 6949
6949 342 521 6948
6948 65 314 521
522 523 1991 1994
1994 767 1996 4192
4192 241 1056 4194
4194 234 993 1549
1996 521 911 4195
4195 918 1144 1436
523 521 1999 6938
1999 241 1137 1997
1997 231 989 1636
6938 767 1137 1997
1991 521 1992 3993
1992 767 3996
3996 915 936 3998
3998 940 1410
3993 806 1056 3995
3995 234 782 1549
531 532 767 2706
2706 314 366 367
532 521 1882 2347
43 112 508 509
508 1482 5767 5769
1482 679 5770 6923
5770 301 451 452
6923 244 297 5768
5768 167 302 475
5769 487 513 1478
487 174 488
5767 174 519 1475
1475 475 483
112 515 5765 6934
6934 303 513 6933
6933 65 511 512
5765 174 514 519
509 1473 6930 6931
6931 1483 1486 1489
1489 947 982 1491
1491 3 6 983
1486 305 676 1488
1488 290 292 958
1473 1465 1466 1474
1474 5771 6920 6921
5771 384 715 1470
1470 174 302 519
6921 150 174 445
150 3 6 389
6920 244 389 1467
1467 382 389 511
1465 167 174 519
1466 302 445 519
6930 311 491 6928
6928 309 675 6926
309 3 6 387
6926 387 490 511
311 3 6 387
42 109 110
109 503 614 6885
6885 435 6882 6883
6883 148 1489 5799
5799 384 452
6882 535 1467 6880
6880 958 1484 1485
1484 3 6 383
503 3891 3892 4176
3891 475 715 3886
3886 451 452 480
4176 692 4177 5800
5800 499 514 4175
4175 165 203 403
4177 451 513 6877
6877 511 512 535
3892 384 451 5802
5802 452 480 513
41 65 108
108 502 2749 6871
2749 1148 2744 2751
2751 1143 1144 2747
2747 911 918 1436
2744 457 1820 2746
2746 993 1060 6865
6865 154 660 1303
6871 557 5043 5045
5045 920 3944 5047
5047 2230 3807
5043 578 3390 5097
5097 2587 5098
502 5037 5040 6870
6870 578 2225 5048
5048 471 995 5049
5037 5039 5809 6868
6868 2515 4688 4689
5039 557 5057 5811
5811 578 5055 5056
5055 920 3944
5056 2230 3807
5057 2587 5049 5098
5809 573 1143 3701
5040 3383 5042 5807
5042 576 2432 5808
5808 572 578 1835
2432 154 578 2434
2434 557 573
5807 154 557 3546
40 65 106 5813
5813 294 477
106 384 451 452
39 104 140 6864
104 485 486 6863
485 167 487 1478
6863 482 489 5815
5815 167 496 497
486 303 445 1478
6864 483 498 6862
498 487 496 497
6862 445 487 6860
6860 167 303 6859
6859 65 211 387
38 103 475 479
103 65 154 477
479 451 452 480
37 100 6851 6852
6852 453 472 6850
6850 455 468 6847
6847 65 453 471
472 474 572 1137
474 804 813
6851 458 460 463
463 453 806 1814
1814 782 989
100 467 4247 5822
5822 453 911 1144
467 3593 4246 6846
6846 456 993 1816
1816 1060 1820
36 65 98 447
98 445 451 452
35 96 97
97 439 6842 6843
6842 433 434 435
6843 426 429 442
34 94 411 6813
6813 6809 6810 6811
6811 404 421 425
404 342 405
6809 65 406 422
406 181 601 1936
6810 408 416 6807
6807 181 417 420
33 92 399 6783
92 393 397 398
393 394 5854 6774
394 496 715 3986
3986 167 475
5854 402 445 715
402 303 403
6774 167 303 403
398 290 490 5852
5852 3 6 4180
4180 291 983 4179
4179 156 944 945
397 211 983 4179
6783 6778 6779 6782
6779 211 389 391
6782 384 402 6780
6780 65 382 6777
6777 3 6 387
6778 244 383 389
399 400 496 4271
4271 513 514 4272
4272 301 483
400 402 4272 4275
4275 475 513 514
32 91 380 381
380 4878 4889 6769
4878 4871 4874 4879
4874 3945 4875 6693
3945 427 3807 5213
5213 1141 2230
6693 427 697 920
4875 427 4950 4951
4950 5049 5098
4951 2587 3944 6691
6691 995 1294 1316
4879 2958 5872 6697
6697 2671 4768 6694
6694 427 991 2112
4768 427 2655 4767
4767 2142 2284
2671 427 2635 2944
5872 427 949 2676
2958 427 841 842
4871 2712 4872 6689
6689 1827 1855 5873
5873 578 1834 1835
2712 427 2709
2709 1859 2710 3291
4872 2363 3502 6686
6686 427 772 1313
3502 427 839 922
2363 427 868
6769 4698 4775 6767
4698 4699 6682 6683
4699 699 4696 4697
4697 1849 2347 6679
6679 661 932 3546
4696 154 927 5203
5203 314 366 1196
6682 408 416 6681
6681 409 418 420
418 1088 1936
6683 342 572 699
6767 4345 6764 6765
6765 699 4330 5072
5072 471 3158 4648
4648 706 2703
4330 699 915 940
6764 699 770 782
4775 1821 4777 5875
4777 577 1818 6684
6684 578 911 1060
5875 578 993 3701
4889 4891 6707 6708
6707 184 1941 4887
1941 184 1300 1768
4887 232 1803 3428
6708 4513 4514 6706
6706 2182 4394 6704
6704 184 185 661
2182 184 2183
4513 184 723 2191
4514 184 1368 4511
4511 786 990
4891 4882 4883 4884
4883 427 5119 5127
5127 2608 2727 5129
5129 294 343 575
5119 3184 3185 5121
5121 660 1032 1831
4882 929 2685 6701
6701 427 428 433
4884 2960 3848 4886
3848 427 1888 1896
2960 427 830 1883
4886 427 5130 6703
5130 1364 1897 5131
5131 720 853 1221
6703 427 1877 2956
91 377 6771 6772
6772 371 375 376
376 4635 4636 4640
4636 348 4631 4632
4632 3546 5198 6663
6663 154 927 5203
5198 661 932
4631 342 2347 6661
6661 572 1849
4640 1903 4642 5881
1903 210 1443 1445
4642 456 4637 6665
4637 1831 4639 5098
4639 660 995 5049
6665 210 219 1118
5881 210 1320
4635 456 1294 2587
371 372 4537 6659
6659 210 4540 4542
4540 210 231 2493
2493 1137 1636
4542 457 1820 4543
4543 993 1060
4537 3302 3304 4539
3302 210 936 1410
4539 210 4535 6655
6655 210 813 989
4535 782 804 806
3304 210 915 940
372 4085 4093 6657
4093 210 234 243
243 1056 1549
6657 240 1561 2715
2715 210 1120 2714
2714 695 1133
1561 210 918
240 210 241
4085 210 1436 4867
4867 911 1144
375 4643 6666 6667
6667 348 809 4646
809 348 915 940
4646 471 3158 4648
4643 348 813 4645
4645 348 804 806
6666 348 770 782
377 378 4397 4627
4397 1373 4398 6671
4398 3022 3180 4334
3180 219 348
4334 348 1443 1445
6671 348 1320 6669
6669 184 661 4394
1373 348 1120 1372
1372 695 1133
4627 807 4440 4629
4440 231 348 1636
807 348 936 1410
4629 3705 6672
6672 348 989 1137
3705 234 348 3704
3704 1056 1549
378 4561 6673 6677
6673 348 911 918
6677 4553 5877 6674
4553 348 457 1820
5877 348 993
6674 241 348 1060
4561 348 1144 1436
6771 65 369 370
369 210 4422 4423
4422 367 1849 6652
6652 471 3158 3546
4423 4648 6650 6653
6653 154 927 5198
6650 314 342 366
370 210 572 770
381 4981 5008 5009
4981 4782 4970 4982
4970 4972 6722 6723
4972 4958 4959 4963
4959 3963 5863 5864
5864 154 1148 1285
5863 2513 4955
4955 1 2 13
3963 219 719 2517
4963 719 4961 4962
4962 457 1436 6721
6721 695 911 1820
4961 918 993 6719
6719 1060 1144
4958 719 4953 4954
4953 1133 1320
4954 1120 1443
6723 767 4964 5861
5861 1148 4967
4967 1538 4968 5155
4968 660 1064 1303
4964 343 2608 4966
4966 314 344 2727
6722 2644 4625 4626
4626 294 428 767
4625 1148 2244 4623
2644 767 930
4782 4508 4778 4783
4508 1971 3310 4510
4510 1980 6709
6709 699 989 1137
4778 1450 2732 4780
4780 1323 1437 6710
6710 166 599 3211
4783 3711 6713 6714
3711 699 1436 4393
4393 911 1144
6714 1022 1023 5865
5865 699 1060 1820
1023 699 918
1022 699 993
6713 241 457 699
4982 4973 4975 6732
4973 719 3468 5000
5000 770 4648 5002
5002 782 813 6725
6725 804 806
3468 719 915 2144
2144 940 1410
4975 600 1854 4976
1854 342 719
4976 719 5004 5005
5005 4647 5198 6729
4647 471 3158
6729 154 927 5203
5004 572 2347 6727
6727 1849 3546
6732 719 3478 4978
4978 1549 1636 4980
4980 231 936 6731
6731 989 1137
3478 234 241 1056
5008 4701 4704 6762
4704 3375 4079 4706
3375 541 1137 1636
4706 988 2031 3999
6762 5857 6758 6761
6761 2578 2768 3170
2578 541 1436
2768 219 541
6758 541 695 1320
5857 541 1120 1133
4701 4072 4074 4703
4074 234 241 541
4703 996 2846 4424
5009 4418 4533 4534
4418 4403 4409 4419
4409 541 4406 4411
4406 806 4408 4647
4408 572 804 4648
4411 1398 3688 6738
6738 541 782 813
4419 3866 5859 6741
5859 767 1859 4417
4417 697 1141 1313
3866 767 3807 4392
4392 2230 3944
6741 4412 4414
4412 767 2710 3291
4414 767 835 839
4403 766 771 4404
766 767 868 922
771 767 772
4404 541 4401 4402
4401 342 2347 5203
4402 1849 3546 6736
6736 154 927 5198
4534 4519 4520 4524
4520 433 767 1877
4524 767 4521 4526
4521 4523 5049 5098
4523 995 1316 6751
6751 949 1294 2587
4526 3852 6752
6752 767 920 2655
3852 767 2142 5205
5205 2284 2286
4519 767 4516 4517
4517 1888 1897 6748
6748 660 853 1831
4516 3184 3185 6746
6746 1032 1221 1364
4533 767 4529 6755
6755 3693 4527
3693 767 830 5212
5212 841 842
4527 767 2635 2944
4529 1883 1896 4531
4531 991 2676 6753
6753 165 720 723
31 88 355 358
355 357 1865 2354
2354 1373 2355
2355 350 1443 6237
6237 350 1118 1445
1865 1866 4334 6238
6238 350 1133 3022
1866 350 1320 3180
357 1374 4558 6635
6635 219 350 4561
1374 348 1320 1376
1376 350 695 1120
4558 3215 4553 4560
4560 350 4555 6634
4555 457 1820 4556
4556 993 1060
6634 348 911 918
358 359 4794 4896
359 348 5133 6645
5133 3546 3974 5134
5134 154 185 2727
6645 350 4708 5136
5136 1008 3184 5138
5138 661 2915 3185
4708 3950 3951 5891
3951 342 348 3952
3952 350 932 1311
5891 348 2608
3950 185 350
4896 4898 6641 6642
6642 350 940 1410
6641 350 804 936
4898 2718 4643 5888
2718 348 782
5888 350 813
4794 4795 6639 6640
6639 348 350 770
6640 348 4791 5889
4791 1354 3184 3185
5889 350 660 1831
4795 1836 1839 6637
1836 348 1220 1837
1837 350 3158
6637 350 706 915
1839 348 706 1840
1840 350 2703
88 352 6648
6648 350 362 6647
362 314 364 2347
364 342 366 1196
6647 65 361 5884
5884 348 366 367
361 314 348
352 353 4431 4436
4436 3705 4252 4437
4437 348 993 4434
4434 350 1144 1436
4252 350 918 4254
4254 350 911 4251
4251 241 348
4431 4432 6628 6629
6628 234 350 5895
5895 348 915
4432 805 810 4429
4429 350 1056 1549
6629 350 782 807
353 4440 6630 6633
6633 350 4442 6631
4442 231 241 989
6631 348 989 1772
1772 350 1636
6630 348 350 1137
30 65 346 347
346 976 980 981
981 167 403 2421
2421 475 483
976 403 978 2419
2419 301 513 514
978 487 2418 5902
2418 513 514
5902 3 6 536
536 5 245
980 301 487 2421
347 969 972 6625
6625 5899 6622 6623
6622 982 985 5898
5898 3 6 944
985 5 8 10
6623 675 958 5900
5900 3 6 677
5899 291 511 536
969 971 1484 6619
971 384 487 6620
6620 308 389 511
308 3 6 387
6619 244 389 391
972 403 973 1987
973 174 488 1989
1989 167 445 715
1987 384 445 715
29 86 318 327
86 339 6614 6618
339 340 4336 6610
340 3705 4252 6608
6608 6604 6605
6604 348 911 918
6605 350 1056 1549
4336 4338 6600 6601
6601 350 1445 3022
6600 219 350 1118
4338 4334 6599 6602
6602 350 1443 3180
6599 197 200 208
6610 807 4434 6607
6607 4561 4868
4868 234 241 350
6614 315 330 6612
315 316 3474 3483
3483 556 3479 3485
3485 719 3478 3482
3482 936 1549
3479 234 1056 3481
3481 241 1549
316 3486 5953 6498
5953 556 3490 3491
3490 185 705 706
3491 932 1311 3701
3486 1854 3487 6497
3487 556 1902 1919
6497 314 600 719
6498 719 2301 3492
3492 471 572 932
3474 3468 3475 5956
5956 706 719 770
3475 556 3471 3472
3472 915 1410 2612
3471 936 940
330 331 5918 6582
331 210 3976 6581
6581 210 706 770
3976 342 927 932
5918 213 3974 3975
3975 185 573 3701
6582 210 572 2260
6612 213 342 6611
6611 65 314 345
6618 321 324 6616
321 322 3708 6547
322 1980 3711 6545
6545 1023 1548 1977
6547 1971 1982 6543
6543 241 405 1970
1970 234 1056
3708 2732 3710 5936
5936 405 1118 1445
3710 1450 6539 6540
6539 454 598 3707
3707 166 601 1936
6540 219 405 1443
324 325 3713 3716
3713 3715 6550 6551
6550 906 2064 5933
5933 1143 3184
3715 556 3963 3965
3965 1118 1443 1445
6551 719 1443 6549
6549 385 407 410
3716 1143 3718 3970
3970 2839 3972 5176
3972 174 1140 6553
6553 2038 3185
3718 3968 3969 6554
3968 343 575 767
3969 767 930 5931
5931 521 927 932
6554 314 342 521
325 719 3719 5929
5929 219 556 3719
3719 911 918 3721
3721 1144 1436
6616 333 337 338
337 1903 6594 6597
6594 453 471 1901
1901 210 1118
6597 453 4167 6595
6595 213 1443 2042
2042 210 219
4167 572 920 4169
4169 3807 3944
333 334 4082 4090
4082 3302 3304 4084
4084 1575 1923 5916
1575 213 1549
5916 213 936 1410
1923 213 915 940
4090 213 4087 4092
4087 1118 1144 4089
4089 1436 1445
4092 218 1561 4085
218 213 219
334 240 4095 6586
4095 213 234 241
6586 213 4093 4097
4097 911 918 1056
338 3465 3961 3962
3961 348 3957 5910
5910 453 1141 2230
3957 572 927 932
3465 3467 6588 6589
6589 350 915 1410
6588 350 936 940
3467 809 6587 6590
6587 348 471 706
6590 348 770 5913
5913 350 704 2612
3962 350 3954 6593
6593 361 3950 3951
3954 573 1902 3956
3956 1919 3701
318 320 6537 6538
6537 577 1828 6536
6536 1598 1818 1824
6538 3461 3521 3522
3522 4330 6530 6532
6532 699 770 3444
6530 405 1515 2612
1515 699 706
3521 707 917 4332
3461 3463 6503 6504
6504 572 699 6502
6502 699 927 5949
5949 166 181 1936
3463 405 3456 3458
3456 3453 3454 5951
5951 699 932
3458 1919 3459 3701
3459 573 1902
6503 406 408 6501
6501 314 416 699
320 3505 3518 3519
3519 3509 3510 3511
3509 6517 6518 6521
6521 180 184 1368
6518 180 723 1288
6517 184 723 1288
3510 1941 1944 6522
6522 2185 2576 6516
6516 180 184 185
1944 180 1413 1768
3511 3513 3846 6523
3513 434 4772 6524
4772 770 841 842
6524 2950 2960
2950 434 722 2668
722 165 723
6523 427 1877 2956
3846 434 830 1883
3505 3494 3497 3506
3506 6511 6512 6513
6512 1827 1855 3500
3500 434 868 922
6511 427 868 5943
5943 557 3184 3185
6513 1367 3502 6508
6508 427 434 772
1367 434 839
3497 2958 3499 4768
3499 434 4770 6507
6507 2112 2669
2669 434 2284 2286
4770 1316 2142 2655
3494 3496 6505 6506
6505 427 920 2954
6506 427 2720 3944
3496 434 3945 3947
3947 1141 3944 3949
3949 2230 3807
3518 933 6527 6528
6527 1407 2685 6525
6525 434 471 706
933 928 934 6515
934 434 927 932
6515 343 427 930
6528 427 2352 3515
2352 314 342 434
3515 575 3184 3185
327 328 3857 3871
3871 3873 6570 6571
6571 1132 3866 5920
5920 521 772 868
3873 3861 3862 3863
3863 3865 5922 6566
6566 541 706 915
5922 471 541 572
3865 3689 4066 5923
3689 540 940 3691
3691 540 915 3688
5923 540 704 2612
3861 540 4159 4162
4162 573 1919 3701
3862 3292 5924 6564
6564 314 541 4158
5924 541 927 932
3292 766 771 5968
5968 540 1902
6570 767 3868 6568
3868 835 839 1141
6568 521 835 839
328 3874 3877 6578
3877 3194 3878 3999
3878 241 540 4079
3874 3876 4074 4076
3876 2846 4072 6572
6572 540 911 918
6578 3170 6575 6576
6575 540 1443 2768
6576 1385 2578 5919
5919 540 1118 1445
3857 3859 6562 6563
6562 767 2655 6561
6561 767 920 1671
6563 521 3852 3854
3854 2230 3807 3855
3855 1141 1316 3944
3859 820 3452 3698
820 521 821 2952
2952 722 830 1883
3452 521 3449 6557
3449 471 572 770
6557 3445 3448 6555
6555 767 1877 3184
3448 433 767
3698 521 3695 3700
3695 842 2655 3697
3697 841 2286 6559
6559 2142 2284
3700 836 3693
836 722 767 1883
28 84 299 300
300 165 301 5959
5959 154 296 573
296 4 211 297
299 301 519 2601
84 6492 6493 6494
6493 65 290 6490
6490 3 6 291
6494 301 302 6491
6491 244 297 308
6492 294 296 311
27 65 288 289
288 4184 4190 4191
4184 303 4183 4186
4183 301 513 514
4186 245 5963 5964
5963 3 5 6
5964 513 514 3784
3784 162 304
4191 167 303 4187
4187 475 483
4190 301 3784 4187
289 3990 6485 6488
3990 682 1788 3992
3992 290 292 5965
5965 3 6 3988
3988 156 944 945
6488 3789 3790 6486
3790 303 384 3786
3786 445 715
6486 311 5960 6481
5960 162 304 384
6481 211 383 391
3789 167 3784 3786
6485 1469 1485 6482
6482 211 389 538
26 81 286 287
286 855 856 6477
856 826 846 5991
826 820 823 827
823 767 824 3158
824 521 1221 1877
827 342 767 817
817 818 819
819 767 1877 2703
818 521 1032 1364
5991 767 850 853
850 1888 1896 1897
855 521 843 849
849 841 842 850
843 845 5993 6417
845 831 836 6416
831 521 833 2328
2328 772 868
833 697 767 1132
6416 521 720 835
6417 767 830 838
838 521 839
5993 767 841 842
6477 1402 6474 6475
1402 1389 1403 6446
1403 1394 6441 6442
6441 540 804 813
6442 541 940 1388
6446 1392 1397 6444
6444 785 1385 1400
1400 541 936 1410
6474 1359 3689 6472
6472 541 813 4066
1359 541 1354 1361
1361 1351 1356
6475 3300 3301 4068
3300 540 3297 6471
3297 366 367 1919
6471 540 706 770
3301 541 3292 3294
3294 294 1902 3296
3296 428 1919
4068 4070 4412 4414
4070 521 5225 6275
5225 1313 1859 5227
5227 2710 3291
6275 767 1734 1859
287 908 2369 2370
2370 2348 2357 2358
2357 1374 2354 6457
6457 180 2183 2187
2348 2335 2338 2349
2335 2337 2958 2960
2337 434 2962 6448
2962 720 1888 2964
2964 1896 1897
6448 1367 2954 2956
2338 2340 5975 5976
5976 427 853 1897
2340 2950 3089 6450
6450 3846 3848
5975 434 841 842
2349 2341 5974 6452
5974 367 427 2345
2345 314 342 366
2341 427 2342 3158
2342 434 1221 1877
6452 434 2332 2346
2346 366 1196 2347
2332 2333 2334
2333 434 1032 1364
2334 427 1877 2703
2358 1871 6458 6459
6458 789 2190 2352
1871 1863 1865 1868
6459 2182 2184 6455
6455 180 184 1368
2369 2359 2365 6469
2365 2367 3500 6229
2367 434 2712 5239
5239 772 2710 3291
6229 427 697 2329
2359 412 2361 3166
2361 2701 3163 6462
3163 405 3160 3164
3164 699 2703 3158
3160 1032 1221 1877
6462 405 722 3169
3166 405 1364 3168
3168 699 1877
6469 1860 2362 6467
2362 427 868 2364
2364 427 772 922
1860 434 1858 1862
1862 427 839 1855
1858 1313 1859
6467 404 610 6466
6466 367 699 6464
6464 314 405 422
908 874 889 909
889 799 880 6432
880 405 882 5215
882 699 3096 5218
5218 1313 5216
5216 1859 2710 3291
5215 697 868 5216
799 699 793 801
801 405 792 796
792 839 922
796 720 798 835
798 1888 1896
793 795 830 1883
795 722 841 842
6432 405 883 6431
883 842 885 1883
885 830 853 1897
6431 699 877 886
886 720 888 1888
888 1896 1897
874 857 860 875
857 859 5989 6420
5989 556 1882 1883
859 1873 1878 6421
6421 556 1854 1877
6420 314 719 1365
1365 556 1364
860 862 1889 5987
5987 719 1896 1897
862 556 1892 6423
1892 830 1888 1894
1894 842 1897
6423 719 1884 1888
875 863 6426 6427
863 405 864 1313
864 699 839 3942
3942 835 922
6427 556 871 6425
871 314 342 2347
6425 597 598 866
6426 699 868 5984
5984 366 367 719
909 891 6437 6438
6438 531 894 902
6437 899 6433 6434
6433 314 521 905
905 906 1033 2513
6434 342 521 896
891 893 1379 1380
893 719 1377 1382
1382 830 841 1384
1384 842 1883
81 65 277 6479
277 237 278 1898
278 453 1906 6400
1906 1888 1896 1908
1908 367 720 1897
6400 1903 6397 6398
6397 366 453 853
6398 350 1901 1902
1898 216 1899 6395
216 213 217
217 1118 1443 1445
1899 3302 3304
6395 213 219 782
237 213 239 5233
5233 695 1133 5235
5235 1120 1320
239 2715 6304
6304 210 219 1320
6479 280 283
283 285 6414 6415
6414 350 1934 6413
6413 350 706 770
1934 366 367 1919
6415 348 1841 1931
1841 348 1354 1843
1843 1836 1839
1931 294 1902 1933
1933 428 1919
285 814 1928
1928 1930 6409 6410
6409 350 915 1410
1930 2717 2718 6412
6412 348 813 6408
6408 350 936 940
6410 348 770 804
814 809 816 5999
816 805 807 6406
6406 219 350 804
5999 350 782 813
280 281 1912 6405
1912 213 1914 3175
3175 804 1410 3177
3177 806 813 936
1914 210 813 3178
3178 782 804 806
281 1915 6402 6403
1915 210 1917 3686
1917 210 706 6155
6155 213 2703 3158
3686 1220 1354
6402 210 1909 1919
6403 210 770 1923
6405 213 1920 1925
1925 367 770 1926
1926 706 1902
25 78 6393 6394
78 271 274 6391
271 272 2035 2429
2035 2037 6020 6376
6020 541 1501 1551
1501 617 937
1551 1275 5161
5161 959 1088 1281
6376 540 989 1398
2037 540 2032 6377
2032 1028 1509 1551
1509 302 783
1028 1309 2994
2994 601 959 1281
6377 540 1549 2031
2429 541 2424 2431
2424 918 1549 2426
2426 1028 5188
5188 476 507 1539
1539 476 959 1281
2431 540 2427 6378
2427 993 1563 5188
1563 403 488 1298
6378 540 918 996
272 6017 6018 6380
6380 1385 2423 2768
6017 541 1563 2770
2770 999 1050 1314
1050 1799 2091
2091 959 1033 1281
999 959 1222 1281
6018 540 695 2770
6391 266 267 268
266 2106 2112 6372
2106 434 2108 3595
2108 427 937 991
3595 1809 2286 3596
3596 235 1300 1309
6372 427 2113 6028
6028 434 2114 2117
2117 920 991
2114 233 5167
5167 990 1275 1277
2113 1809 2114 3596
267 2103 2110 2111
2111 434 4901 5077
5077 1298 1494 5075
5075 995 1496 1801
1496 476 959 5162
5162 476 507 1264
1494 403 488 919
4901 427 4900 4903
4903 434 2446 2954
2446 959 1222 4899
4900 1298 1494
2110 427 920 5075
2103 2105 2438 6370
6370 427 697 1855
2105 434 2442 6034
2442 697 1308 2443
2443 1033 1281 5202
5202 696 1134 1799
6034 427 2443 2446
2438 2432 2439 6369
2439 154 557 2038
6369 1827 2435 2436
268 269 2466 2474
269 719 2480 6375
6375 2478 2479 6022
2479 556 835 2446
6022 556 1308 2481
2481 697 1321 5202
2478 719 1298 1494
2480 835 2446 2481
2474 2027 2285 2476
2285 556 2286
2476 556 2472 6026
6026 719 2470 2471
2471 166 1088 1281
2470 991 5167
2472 1809 2470 3596
2027 719 2023 2028
2028 556 783 2026
2026 302 1236
2023 617 722 916
2466 719 2460 2468
2468 556 2457 2463
2463 920 995 2465
2465 233 1496 1801
2457 556 2459 3197
3197 1298 1494
2459 719 995 1496
2460 920 2286 2462
2462 1801 1809 3596
274 276 6386 6387
6386 767 1122 2775
2775 1127 2091 2094
6387 521 1000 2777
2777 732 999 2775
1000 1001 6015 6382
6382 314 540 541
6015 294 540 541
1001 732 767 999
276 1512 1513 2772
1512 541 1508 6383
6383 540 541 813
1508 573 1509 1520
1520 154 930
1513 1503 1504 6384
1504 540 1501 6014
6014 540 541 1032
1503 541 706 1500
6384 540 1505 6012
1505 573 930 1506
1506 154 706
6012 540 541 1008
2772 2773 6008 6009
6009 767 2994 2995
2995 174 1542 2038
1542 488 1298
6008 521 1539 2995
2773 2990 2991 6385
2990 521 1064 1538
2991 767 1538 1539
6385 767 1064 2992
6394 250 256 6390
256 258 6351 6352
258 2057 2058 2068
2057 165 767 2052
2052 162 1017 1527
1527 304 783
2058 2050 2051 6072
6072 521 2052 2055
2055 203 937 1524
2050 165 521 2974
2974 573 706 1032
2051 767 2974 6075
6075 154 521 767
2068 1497 2060 2069
2060 2061 2062
2062 6068 6069 6343
6069 294 314 767
6343 314 521 2644
6068 294 521 930
2061 1148 1801 6070
6070 521 767 1008
1497 1143 1493 1498
1493 1298 1494
1498 995 1148 1496
2069 6065 6347 6348
6347 906 2064 6067
6067 719 1222 1281
6065 573 920 1143
6348 154 1148 6346
6346 385 407 410
6352 767 2071 2074
2071 767 2072 3198
3198 203 937 1524
2072 521 956 3200
2074 2075 2078 3200
2075 956 1412 5161
6351 521 1412 2077
2077 2078 2994 5161
250 251 1543 6329
1543 1545 6095 6324
1545 1531 6093 6323
6093 557 578 1541
1541 488 1064 1298
1531 557 1533 2041
2041 1538 1539
1533 174 578 2038
6323 314 405 699
6095 578 1538 1539
6324 405 930 6094
6094 294 1008 1514
251 405 1516 1522
1522 917 6097 6321
6097 699 1517 1520
1517 573 813 1509
6321 1032 1514 1515
1516 1501 1506 1517
6329 1548 6326 6328
6326 699 915 989
6328 405 1553 6092
6092 699 1550
1550 1501 1549 1551
1553 989 1028 1551
6390 260 261 262
262 264 6366 6367
264 1019 2096 2097
1019 1009 1020 6042
1009 348 1005 1011
1011 1003 1007 6362
6362 350 573 706
1007 154 1008
1005 573 930 1032
1020 348 706 1016
1016 162 1017 1527
6042 350 1014 1015
1015 1032 1524 1525
1525 203 937
1014 162 165 1017
2097 3204 3205 6039
3204 350 1538 1539
6039 348 3207 3208
3207 1539 2994
3208 1538 3200
3205 174 348 2038
2096 348 1064 6038
6038 350 2038 3210
3210 174 1064 1542
6366 1529 1530 1627
1529 348 1524 1525
1530 165 348 6040
6040 350 956 1527
6367 348 2098 6036
6036 350 2099 2102
2099 2078 5161
2102 2994 3200
2098 956 1412 2099
260 6045 6046 6361
6045 348 350 2093
2093 1127 2094
6046 350 732 999
6361 2087 2088 6359
2088 350 2091 6358
6358 180 723 2176
6359 350 1122 6047
6047 348 1542 2091
2087 348 732 999
261 2080 2084 2085
2084 1032 1097 6049
6049 427 2026 2988
2988 706 783 853
2080 2081 2756 6355
2081 180 2761 2766
2761 2762 6056 6354
6354 427 434 930
6056 154 427 434
2762 314 427 6055
6055 427 434 2760
2760 573 1008
2766 1300 1809 2764
2764 203 304 1803
2756 2758 6059 6060
2758 184 2754 6353
6353 180 233 6061
6061 314 434
2754 233 1300 1809
6059 180 184 990
6060 294 427 434
6355 184 723 2764
2085 434 2981 2984
2984 722 853 2986
2986 617 916 6357
6357 706 937
2981 2956 2982 6052
6052 427 617 916
2982 434 783 2026
6393 65 247 253
247 249 6319 6320
6320 1048 6099 6316
6316 314 556 6101
6101 294 556 719
6099 695 699 1049
1049 999 1050 1314
6319 405 1049 6317
6317 219 405 695
249 1029 1045 1046
1046 719 1039 6103
1039 783 1040 2026
1040 706 853
6103 556 1040 1043
1043 617 916 937
1029 405 1024 1031
1024 918 993 1025
1025 1563 5188
1031 1022 1023 6108
6108 699 1025 1028
1045 1035 1036 6315
1035 314 719 2977
2977 573 930 1008
1036 556 2977 6107
6107 154 556 719
6315 1032 1037 1038
253 254 1568 6342
6342 1571 6339 6341
6339 210 989 1575
1571 213 1573 3004
3004 314 573 930
1573 210 3006 6078
6078 294 345 1008
3006 154 314 930
6341 210 1576 6076
1576 1501 1549 1577
1577 1028 1551
6076 213 989 1577
1568 213 1570 2999
1570 210 3002 6338
6338 345 1032 6337
6337 210 706 813
3002 573 915 1509
2999 813 1501 3001
3001 915 1506 1509
254 1558 1566 6335
1566 1556 1557 6082
6082 213 918 1562
1562 993 1563 5188
1557 453 2045 6330
6330 154 456 2042
2045 294 573 2047
2047 920 1008
1556 210 213 2043
2043 999 1314 2044
2044 695 1799 2091
1558 1560 6084 6333
1560 453 2449 2452
2449 453 2447 2451
2451 456 1696 1801
2447 783 991 2026
2452 1494 5167 6331
6331 702 1088 1281
6333 350 2454 6332
2454 294 314 930
6332 294 314 348
6084 456 995 1496
6335 210 1562 6334
6334 210 218 918
24 65 244 245
23 75 6312 6313
6313 224 225 226
226 227 5112 6219
6219 210 4540 5118
5118 661 1008 2915
227 213 5115 6218
5115 1636 1849 5117
5117 927 932 6217
6217 989 1137
6218 210 989 4095
5112 5114 6153 6215
6215 210 770 1575
6153 210 927 932
5114 213 1915 5109
5109 770 1056 6214
6214 661 706
225 1852 1853 5069
1852 350 1848 6206
1848 661 927 1849
6206 350 706 770
5069 5071 6156 6207
6207 219 350 1137
6156 231 350 989
5071 3703 4251 6208
3703 348 1056 1549
6208 234 348 1772
1853 348 1841 1845
1845 927 1008 1847
1847 661 932 2915
224 4440 4868 6213
6213 1139 2716 6211
2716 348 770
6211 348 989 4429
6312 220 237 6310
6310 216 6307 6308
6308 65 218 6306
6306 210 234 241
6307 213 231 242
242 210 1056 1549
220 222 453 5051
222 1901 1903 6204
6204 350 932 3262
5051 2676 2944 5053
5053 991 2608 6203
6203 949 2255 2635
75 230 6302 6303
6302 2928 2935 6300
2928 2930 6132 6260
2930 719 2925 6261
6261 1878 6259
6259 719 1221 2285
2925 433 930 1877
6260 556 1364 1877
6132 556 2284 2727
6300 2287 6297 6298
6297 719 2637 2676
2637 556 2676 2944
6298 2141 2167 2639
2141 556 2142
2935 863 6264 6265
6265 556 2931 6130
6130 661 719 1849
2931 433 930 2608
6264 603 6129 6262
6262 599 601 602
6129 699 772 868
230 2699 2700 5094
2699 2365 2692 6257
2692 2693 3163 3723
2693 2609 3166 6250
6250 405 2286 3169
6257 1860 2362 6255
6255 2695 6252 6253
6253 405 609 930
6252 416 421
5094 5083 5091 5095
5095 1389 6293 6294
6294 1394 6288 6289
6289 219 231 540
6288 540 988 989
6293 3375 4074 6291
6291 4079 4547
5083 779 4068 5084
779 766 781 6274
6274 540 770 6273
6273 540 706 771
781 540 774 6124
6124 541 775 778
775 927 932
778 661 1008 2915
774 661 775 1849
5084 6121 6276 6279
6279 1359 3317 3688
6276 540 1549 2031
6121 234 540 1056
5091 5079 5086 5092
5086 521 5088 5105
5105 2655 2676 5107
5107 991 2635 2944
5088 1650 4527 6116
6116 767 949 2676
5079 831 3852 5080
5080 834 6280 6282
834 521 835
6282 767 838 2655
6280 521 949 6117
6117 767 1316
5092 817 6285 6287
6287 521 823 5089
5089 2142 2284 2286
6285 433 767 1221
2700 2677 2690 2691
2691 1865 2681 6249
6249 2354 6243 6244
6243 434 930 2685
6244 433 434 1763
2681 199 6240 6241
6240 180 1300 4396
4396 184 661
6241 183 200 4586
4586 180 661
199 200 661 1098
2677 2659 2662 2678
2678 6140 6233 6236
6236 434 2673 6234
6234 2669 2671
2673 991 2142 2655
6233 427 1221 2665
6140 427 949 2676
2659 2661 4766 6143
6143 427 1316 2655
4766 427 2142 2284
2661 434 5064 6231
6231 1367 2112 2954
5064 949 2635 5066
5066 2676 2944
2662 2332 2341 2663
2663 442 928 2728
2690 1374 6245 6248
6245 180 184 1768
6248 2682 2686
6303 2657 2658 2946
2946 880 2324 6271
6271 791 2937 6270
6270 405 2943 6127
2943 835 2635 2944
6127 699 2940
2940 1316 2284 2942
2942 2142 2655
791 405 839 922
2324 699 2321 2326
2321 2323 2635 2676
2323 949 991 2944
2326 405 2319 2320
2320 991 1316 6268
6268 2142 2284
2319 2655 2676
2657 1377 2641 6226
6226 899 1379 2163
2658 902 2651 6225
6225 556 2635 6146
6146 719 1316 2655
2651 2653 6148 6223
6223 905 2645 6221
6221 719 772 2644
6148 661 767 1849
2653 521 894 2647
2647 433 2648 2727
2648 930 2608
22 73 74
74 189 6198 6199
6198 192 196 6196
6196 180 199 202
6199 186 6193 6194
6194 65 183 207
6193 180 185 205
73 180 194 4388
4388 231 241 4390
4390 3616 5153
194 184 3656 4388
21 72 170 6191
170 165 171 715
171 162 174 2413
2413 167 384 2415
2415 445 715
72 162 178 6162
6162 165 174 175
175 176 513 514
176 301 475 483
178 176 513 514
6191 65 165 167
20 65 69 146
69 160 6189 6190
160 1489 4058 6181
6181 8 147 944
4058 153 156 1486
6189 150 1467 6185
6185 311 6182
6182 8 147 944
6190 489 1483 6187
6187 310 675 6183
6183 244 387 389
310 3 6 387
146 8 147
19 68 153 156
68 65 158
158 154 159
159 156 454 595
18 65 153 6167
6167 5 8 10
17 63 148 6178
63 144 6176 6177
6176 482 675 1485
6177 158 489 1467
144 3682 6169 6175
6175 146 312 1484
6169 12 151 215
3682 154 537 3684
3684 476 507 945
6178 14 15 146
