62 690 691 5285 7454
690 165 513 519 2601
513 3 4 6 512
512 5 8 10 168
168 12 14 15
519 162 507 702 959
959 7 9 11 16
702 1 2 13
507 7 9 11 16
162 1 2 13 163
163 7 9 11 16
2601 166 174 507 959
166 1 2 13
174 1 2 13 163
165 1 2 13 163
691 447 1784 7445 7451
7451 1786 1788 7447 7449
7449 409 512 573 7446
409 3 4 6
7446 3 6 943 983
983 5 8 10 944
944 12 14 15
943 12 14 15 945
945 5 8 10
573 1 2 13 295
295 7 9 11 16
7447 3 6 383 943
383 12 14 15 945
1788 3 6 983
1786 4 211 512 573
211 3 6
7445 3 6 383 389
389 12 14 15 1259
1259 5 8 10
447 294 298 409 512
294 1 2 13 295
298 3 4 6
1784 3 6 383 389
5285 165 452 514 617
452 163 507 702 959
617 166 507 959
514 3 4 6 512
7454 302 513 692 7452
302 164 507 959
164 1 2 13
7452 3 6 65 512
65 8 12 14 15
692 215 244 451 512
215 3 4 6
244 3 6
451 163 164 507 959
61 140 5290 7439 7440
7440 154 687 7438
154 1 2 13 295
7438 3 6 65 387
387 5 8 10 147
147 12 14 15
687 3 4 6 297
297 5 8 10 168
7439 294 477 489 573
477 3 4 6 297
489 3 6 391
391 12 14 15 156
156 5 8 10
5290 483 487 496 497
496 1 2 13 507
497 163 166 959
487 163 702 959
483 3 4 6 297
140 492 5817 6856 6857
492 303 483 1478 2605
1478 163 164 403 959
403 1 2 13 507
303 1 2 13 507
2605 165 301 2601 5819
301 3 4 6 297
5819 3 6 297
5817 301 403 451 488
488 1 2 13 959
6857 3 6 291 297
291 5 8 10 944
6856 3 6 391 677
677 12 14 15 156
60 138 7433 7434 7436
7436 297 409 679 685
679 181 297 302 511
511 3 6
181 3 4 6
685 1 2 13 295
138 165 483 519 2601
7433 3 6 391 677
7434 3 6 65 391
59 136 669 672 7430
136 668 3938 7415 7417
7415 186 189 4046 7412
4046 184 4040 4048 7368
7368 427 434 1311 4045
4045 1 2 13 1287
1287 7 9 11 16
427 4 244 662 945
662 12 14 15
1311 1 2 13 1287
434 3 4 6 182
182 5 8 10 662
4048 427 4032 4039 7369
4032 1 2 13 1287
4039 427 434 1296 4035
4035 1 2 13 1287
1296 1 2 13 1287
7369 427 434 1288 5376
5376 180 949 1637 4044
949 1 2 13 721
721 7 9 11 16
1637 1 2 13 1290
1290 7 9 11 16
180 3 4 6 182
4044 601 721 1290
601 1 2 13
1288 1 2 13 1287
184 3 4 6 182
4040 949 1637 3656 4044
3656 166 721 1256 1290
1256 7 9 11 16
189 180 184 202 3660
202 166 959 1260 1278
1278 7 9 11 16
1260 7 9 11 16
3660 3658 3659
3658 164 959 1260 1278
3659 164 721 1256 1290
7412 180 196 202 7410
196 180 184 1196 1288
1196 1 2 13 1287
7410 180 184 1196 1288
186 184 188 3658 3659
188 166 180 1256 2191
2191 166 721 1290
7417 4234 4239 4497 5357
5357 434 3135 3637 4504
4504 3929 5179 5181
3929 601 721 1256 1290
5181 721 1088 1256 1290
1088 1 2 13
5179 959 1088 1260 1278
3637 702 721 1256 1290
3135 702 959 1260 1278
4497 434 1794 4498 4751
1794 1 2 13 1260
4498 427 3135 4308 4750
4308 476 959 1260 1278
476 1 2 13
4750 3637 4307 4759
4759 959 1033 1260 1278
1033 1 2 13
4307 476 721 1256 1290
4751 4307 4308 4744 5197
5197 721 1222 1256 1290
1222 1 2 13
4744 959 1222 1278
4234 3129 3839 4236 7380
7380 348 350 1133 7378
348 4 211 662 1259
1133 959 1033 1256 1290
7378 348 350 1313 3128
1313 1 2 13 721
3128 1033 1260 1278
350 3 4 6 351
351 5 8 10 662
3129 350 1445 3125 5374
3125 721 1222 1260 1278
5374 348 702 721 3128
1445 959 1222 1256 1290
3839 348 1445 3838 3841
3841 207 350 721 1033
207 180 184 1196 1288
3838 721 1222 1260 1278
4236 4224 4225 4232 4233
4232 234 350 4229 7376
234 601 959 1256 1290
4229 601 720 1260 1278
720 1 2 13 721
7376 348 350 1316 1636
1636 959 1088 1256 1290
1316 1 2 13 721
4224 234 348 1144 7372
7372 348 350 1144 4221
4221 702 1260 1278
1144 702 959 1256 1290
4233 348 1773 1781 4226
1773 601 949 1260 1278
1781 350 1636 1776
1776 721 1088 1260 1278
4226 723 1369 1777 4228
1369 1 2 13 1278
1777 1 2 13 1260
4228 841 1088 1278 1410
841 1 2 13 721
1410 166 959 1256 1290
723 1 2 13 1260
4225 350 3432 3436 7374
7374 350 1820 4221 7371
1820 476 959 1256 1290
7371 348 350 1294 1316
1294 1 2 13 721
3436 348 1294 1820 3433
3433 476 1260 1278
3432 476 1141 1260 1278
1141 1 2 13 721
4239 427 1774 4500 4506
4500 4501 4746 4747 7385
4501 557 1144 4221 7384
557 3 4 6 214
214 12 14 15 156
7384 578 1317 2225 3433
578 4 156 511 662
1317 1 2 13 1287
2225 557 702 721
4747 427 772 1794 4743
772 1 2 13 721
4743 959 1222 1278 3603
3603 1222 1256 1290
7385 427 434 4754 4759
4754 721 1033 1256 1290
4746 557 578 1303 1317
1303 1 2 13 1287
4506 601 959 1278 4504
1774 1 2 13 1260
668 4242 4243 4604 4620
4243 3675 3676 4244 4369
3675 540 541 3637 3670
541 4 244 662 1259
3670 4754 4759 5173 5197
5173 959 1222 1260 1278
540 3 4 6 351
3676 541 3638 3664 3669
3669 540 3663 3929 5181
3663 3659 5179 5199
5199 601 959 1260 1278
3664 202 3656 5179 5181
3638 540 3634 3637 3640
3640 541 3634 3929 5199
3634 3135 4307 4308
4244 4855 4946 5315 7409
5315 767 1774 4474 4997
767 3 4 6 351
4997 1088 1260 3438 3439
3438 721 1088 1290
3439 959 1088 1256 1278
4474 601 959 1256 1278
7409 521 4044 4685 4997
4685 767 1368 2191 4686
1368 166 959 1256 1278
4686 521 601 1260 4474
521 3 4 6 351
4946 521 4593 4940 4947
4593 521 1368 2191 4595
4595 164 767 1260 2183
2183 164 959 1256 1278
4947 521 767 1303 4943
4943 723 1222 1287 4945
4945 702 786 1033 1287
786 164 721 1290
4940 786 1808 2183 4941
1808 1 2 13 1287
4941 723 1296 1317 1803
1803 1 2 13 1260
4855 4848 4849 4856 7406
4848 1148 1243 1294 2255
1243 521 767
2255 1 2 13 1287
1148 4 511 662 1259
4856 719 3132 4028 5320
5320 1148 1303 1820 3433
719 3 4 6 214
4028 959 1222 1256 1278
3132 721 1222 1290
4849 521 1288 3844 5323
5323 767 1196 1288 1311
3844 1 2 13 1287
7406 1143 1144 4221 4851
1143 3 4 6 351
4851 702 721 1287
4369 3922 4155 5327 7405
3922 3914 5331 5332 5333
5333 540 541 1088 1287
5331 541 1317 3658 3921
3921 476 601 1287 3659
5332 540 1317 3658 3919
3919 1 2 13 1287
3914 202 540 3656 3916
3916 540 541 1296 1808
5327 521 3132 4028 4366
4366 1262 1307 1313 5184
1262 1 2 13 1260
1307 1 2 13 1290
5184 959 1033 1256 1278
7405 767 1794 4029 4366
4029 767 3132 4028 4031
4031 540 541 1196 1288
4155 767 4147 4150 5328
4150 476 1260 4044 4151
4151 702 1260 4739 4860
4739 702 959 1256 1278
4860 702 721 1290
4147 767 4144 4145 4148
4148 476 521 1260 4144
4144 476 959 1256 1278
4145 476 721 1290
5328 521 1794 4145 4151
4604 405 4600 4601 4606
4600 702 1287 3658 3659
405 3 4 6 182
4606 405 699 1296 4602
699 4 511 662 945
4602 1303 1311 1808 4600
4601 202 1303 1808 3656
4620 4596 4614 7402 7403
4614 578 1144 4221 7401
7401 405 699 1288 7398
7398 405 557 1294 1311
7402 422 610 4689 5342
4689 578 702 721
5342 405 699 1196 2255
610 164 181 408 1936
408 3 4 6 410
410 1 2 13 1936
1936 5 8 10 662
422 164 409 424 1936
424 3 4 6 410
7403 405 3929 4617 5341
4617 5179 5181 5199
5341 202 699 3656 4617
4596 557 578 1820 4597
4597 557 578 1294 3433
4242 4496 4611 5337 7391
7391 556 3834 4474 4493
3834 719 723 786 3836
3836 556 786 1803 2183
556 3 4 6 214
4493 601 1088 1260 4044
4611 3654 3655 3930 7396
3930 405 699 3925 3929
3925 3135 3637 4307 4308
3655 556 3641 3647 3650
3641 723 1296 1317 1808
3647 556 719 1303 3644
3644 1 2 13 1287
3650 1288 1368 2191 3844
7396 405 699 4607 7395
7395 597 606
597 4 164 244 1936
606 164 410 454 599
599 3 4 6 1936
454 3 4 6
4607 4754 4759 5173 5197
3654 719 2183 3649 7394
7394 556 598 719 2255
598 4 166 244 1936
3649 1196 1288 1311 1803
5337 719 1368 3438 4491
4491 1088 1260 2191 3439
4496 4477 4478 4487 4488
4487 556 3132 4028 4483
4483 1262 1307 1313 5184
4477 556 3439 4472 4860
4472 702 1260 3438 4739
4488 719 1794 4479 4483
4479 556 1794 4145 4481
4481 719 1299 4739 4860
1299 1 2 13 1260
4478 719 4467 4474 4475
4467 719 4144 4145 4468
4468 476 556 1260 4144
4475 476 601 1260 4044
3938 427 723 3933 5382
5382 202 434 3934 5199
3934 3656 3658 3659
3933 166 959 1278 3934
672 4054 4381 5295 7427
5295 210 723 1368 4385
4385 164 786 1260 2183
210 4 156 211 662
4381 210 4372 4378 4382
4372 213 4374 4739 4860
213 3 4 6 214
4374 210 476 1260 4144
4378 1299 4145 4739 4860
4382 213 4028 4144 4376
4376 476 1222 1260 4145
4054 213 3441 4052 4055
4055 210 1777 2191 4050
4050 601 1260 4044 4474
3441 210 3438 3439 3442
3442 213 1088 1260 3439
4052 702 1260 3438 4050
7427 213 2594 2599 4387
2594 723 1296 1368 1808
2599 210 1296 1317 1808
4387 786 1803 2183 2191
669 670 4309 4317 4318
4317 210 1794 4028 4313
4313 1262 1307 1313 5184
670 348 4324 7423 7425
4324 164 1260 1278 1808
7423 350 1410 4326
4326 166 721 1260 1278
7425 350 4321 4322 5032
4321 348 1311 1317 5301
5301 348 350 1296 1303
5032 1 2 13 1287
4322 348 806 1179 5300
5300 164 350 1260 1278
1179 348 350 720 806
806 164 959 1256 1290
4318 213 3132 3137 4313
3137 456 1303 3138 7422
3138 453 1317 2255 3135
453 3 4 6 214
456 4 156 244 662
7422 210 453 1196 3132
4309 4310 5306 7419 7420
7419 348 350 1311 2255
4310 453 3659 4304 5179
4304 3637 3658 5181
5306 456 4307 4308
7420 348 350 1196 1288
7430 665 3677 7366 7429
3677 213 1317 3679 3844
3679 210 1288 1311 5387
5387 210 213 1303 2255
665 210 1196 5383 5384
5383 294 409 512 573
5384 165 452 513 617
7366 213 958 1288 7364
958 3 6 943
7364 3 6 383 943
7429 65 451 510 513
510 3 6 512
58 8 12 14 15
57 134 652 7356 7357
7356 4937 4995 5403 7348
5403 767 1300 1768 4990
1768 601 1087 1281 1290
1281 7 9 11 16
1087 7 9 11 16
1300 1 2 13 1264
1264 7 9 11 16
4990 232 1088 1264 3428
232 721 1088 1090
1090 7 9 11 16
3428 1087 1088 1281 1290
4995 1250 2581 2592 7347
7347 1141 1143 2230 5407
5407 185 343 366 767
185 1 2 13 703
703 7 9 11 16
366 1 2 13 703
343 1 2 13 703
2230 702 1090 1281 1290
2592 661 1243 5405 5406
5405 185 343 366 521
5406 1148 1294 2227 2587
2587 476 1090 1281 1290
2227 476 1087 1264
661 1 2 13 703
2581 719 2219 2220 2583
2220 1087 1222 1281 1290
2219 721 1090 1222
2583 660 1143 1148 2580
2580 702 703 1087 1264
660 1 2 13 703
1250 767 1247 1252 7345
1252 521 1240 1245 1246
1245 471 916 1220 1221
916 1 2 13 1264
1221 1 2 13 703
1220 1 2 13 703
471 1 2 13 703
1246 164 784 1237 1264
1237 164 1087 1281 1290
784 164 721 1090
1240 521 938 1239 1242
1239 166 1087 1281 1290
1242 164 767 1237 1264
938 166 721 1090
7345 521 660 767 1221
1247 471 784 916 1220
4937 2253 2254 4925 4938
4925 719 4919 4927
4927 556 4810 4814 4922
4922 232 994 3428 5157
5157 476 1087 1281 1290
994 1 2 13 1264
4814 476 719 1264 1413
1413 601 721 1090
4810 702 1140 1264 2241
1140 702 721 1090
2241 702 1087 1281 1290
4919 1300 1768 2244 5157
2244 476 721 1090
4938 719 4928 4934 5415
4928 556 990 1413 4930
990 1 2 13 1264
4930 232 719 990 3428
5415 556 1237 1768 4932
4932 164 601 784 1264
4934 784 916 938 1239
2254 719 1266 2245 2249
1266 1 2 13 1264
2245 556 1266 2244 2247
2247 719 919 1140 2241
919 1 2 13 1264
2249 1033 1264 1322 5185
1322 721 1033 1090
5185 1033 1087 1281 1290
2253 556 2219 2220 2249
7348 521 1413 1769 4990
1769 767 938 1239 1770
1770 521 601 1264 1768
652 4588 4679 4680 7355
4680 434 4566 4571 4671
4671 2231 4672 5441 7320
2231 557 2229 2230 2233
2233 471 578 2225 2227
2229 702 1087 1264
7320 427 772 1312 7319
1312 1 2 13 1090
7319 427 471 557 1308
1308 1 2 13 1281
5441 557 578 660
4672 427 1320 4668 5439
4668 1087 1222 1264 1290
1320 721 1033 1090 1281
5439 434 1320 4670
4670 1033 1087 1264 1290
4571 427 457 3907 4565
4565 1436 3261 4670
3261 702 1087 1264 1290
1436 702 721 1090 1281
457 476 721 1090 1281
3907 476 1087 1264 1290
4566 457 1443 3907 4668
1443 721 1090 1222 1281
4588 1763 2682 4590 7317
1763 180 184 232 990
2682 180 184 1413 5209
5209 1088 1264 3428
4590 2686 4576 4582 7310
7310 427 471 4574 7308
4574 185 660
7308 427 434 1220 4572
4572 660 1221
4582 427 434 3616 4578
4578 782 936 1224 4716
4716 164 1087 1264 1290
1224 166 1087 1264 1290
782 164 721 1090 1281
936 166 721 1090 1281
3616 601 1087 1264 1290
2686 184 601 1264 2687
2687 180 232 3428
4576 184 1768 2911 7307
2911 343 427 2685 2913
2685 184 601 721 1090
2913 185 343 434 5448
5448 366 427 434 661
7307 427 434 471 1221
7317 4585 5443 7311 7316
5443 164 184 721 1290
4585 180 184 185 661
7316 180 192 786 7314
7314 180 1300 1768 2190
2190 166 184 721 1290
192 180 184 185 661
7311 180 185 2191
7355 4718 4728 4736 4841
4728 4721 4729 7327 7328
7328 343 405 699 4727
4727 366 661
7327 185 405 578 1294
4729 557 2227 2587 7329
7329 416 421 578 2587
421 181 1088 1936
416 3 4 6 407
407 1 2 13 1936
4721 578 2229 2230 4723
4723 557 609 1294 4689
609 406 409 1088 1936
406 3 4 6 407
4736 241 405 4731 5428
5428 699 936 1224 4731
241 601 721 1090 1281
4731 231 3616 5153
231 721 1088 1090 1281
5153 1087 1088 1264 1290
4718 5434 5435 7323 7324
5434 471 699 4574 4716
5435 405 782 4714 4716
4714 471 660 1221 1224
7324 405 699 782 936
7323 405 699 1220 1221
4841 3910 4836 7339 7340
3910 405 3908 3911 7332
3911 241 699 3261 3907
7332 457 699 1436
3908 457 1436 3261 3907
7340 405 1320 5418 7336
7336 454 603 1088 1936
603 407 454 599 1088
5418 699 1443 4668 4670
4836 4024 4025 4837 5420
4025 556 660 719 4020
4020 471 916 1220 1221
5420 343 556 938 4835
4835 185 366 1239
4837 719 1237 4832 7335
7335 556 600 661 719
600 4 244 601 1936
4832 185 343 366 1236
1236 1 2 13 1264
4024 471 719 1220 1221
7339 405 4668 4670 7337
7337 405 699 1320 1443
4679 427 3616 4675 5438
4675 231 241 5153
5438 434 1436 3261 4675
7357 3617 3632 4464 5029
5029 3278 5022 5393 7352
5022 1225 5394 5395 7351
5394 471 541 4574 4716
7351 540 541 661 7350
7350 185 540 541 782
5395 471 540 4572 4716
1225 540 936 1224 1227
1227 540 541 1220 1221
5393 521 2219 2220 5026
5026 1033 1264 1322 5185
3278 767 3269 3275 3279
3275 994 1413 2244 5157
3269 521 1266 2244 3271
3271 767 919 1140 2241
3279 521 2241 3273 5157
3273 476 702 1140 1264
7352 767 1266 2222 5026
2222 767 2219 2220 2224
2224 343 366 540 541
3632 3624 5459 5460 7297
3624 541 3622 3625 5462
3625 231 241 540 541
5462 540 782 3616 5153
3622 936 1224 5153
5459 541 1443 4668 4670
5460 540 1320 4668 4670
7297 541 1320 1436 3627
3627 540 1443
4464 4449 4459 7305 7306
7305 348 868 4463 7304
4463 721 1087 1222 1264
7304 350 721 1033 7303
7303 180 184 185 661
868 1090 1222 1281 1290
4449 348 3398 4444 4450
4444 2229 2230 2587 7301
7301 476 721 1087 1264
4450 350 1294 2587 4448
4448 476 1087 1141 1264
3398 350 2229 2230 3400
3400 348 601 721 2655
2655 601 1090 1281 1290
7306 350 1232 3827 3830
3830 348 721 1033 1859
1859 1033 1090 1281 1290
1232 350 868 1229 1233
1229 721 1087 1222 1264
1233 348 702 721 1231
1231 1033 1087 1264
3827 1033 1087 1264 1859
4459 350 1316 4452 4461
4461 350 2655 4456 5454
5454 348 1270 1300 4456
1270 1 2 13 1087
4456 949 990 1086 2635
1086 1 2 13 1087
2635 1088 1090 1281 1290
4452 348 842 4453 5016
842 166 1090 1281 1290
5016 166 721 1087 1264
4453 350 720 1270 1300
3617 540 1436 3614 3619
3619 241 541 3614 3616
3614 457 3261 3907
134 651 5465 7294 7361
7294 213 2219 3263 5124
3263 456 660 3265 7286
3265 453 661 3261 5475
5475 210 721 1090 1222
7286 366 453 471
5124 1033 1264 1322 5185
5465 210 1266 2220 5124
651 350 4823 4830 4916
4916 453 4912 4917 7293
4912 231 782 4716 5153
4917 453 455 1436 7291
455 456 457
7291 185 343 350 5466
5466 343 348 661
7293 348 350 366 5469
5469 456 3907
4830 348 4821 4822 4826
4826 720 1221 1896 5154
1896 164 1090 1281 1290
5154 164 1087 1264
4821 350 471 661 1221
4822 185 348 471 5472
5472 348 350 660 1220
4823 841 842 4824 5154
4824 166 1087 1264 1896
7361 648 5478 7285 7360
648 3412 3413 3422 3423
3413 213 2234 2238 3410
2234 916 1220 1221 1239
3410 784 938 1236 1237
2238 210 471 1220 1221
3412 210 916 1239 3408
3408 164 784 1237 1264
3423 210 919 3414 3418
3414 210 1140 2241 3415
3415 213 1222 1264 2220
3418 476 1264 2244 5157
3422 213 1140 2241 3418
7360 213 656 5391 7358
5391 185 210 343 366
656 1 2 13 703
7358 65 345 660 661
345 210 213
7285 213 3404 3428 3429
3404 210 938 990 3406
3406 213 1300 1413 1768
3429 232 702 1088 1264
5478 210 1413 1768 3426
3426 232 601 1264 3428
56 132 630 1760 7242
132 623 7278 7279 7280
7278 635 637 1646 2208
1646 213 747 1643 1647
1647 210 1642 3348 5098
5098 476 959 1087 1256
3348 476 721 1090 1290
1642 911 920 1150
911 507 702 1087 1278
1150 476 507 1260 1278
920 163 702 1260
747 210 213 1064 1140
1064 1 2 13 163
1643 1294 2550 5155 5170
2550 163 476 507 1260
5155 476 959 1087 1278
5170 476 1090 1256 1290
635 210 213 2211 2214
2214 1316 2487 2488 2558
2488 163 507 601 1260
2558 601 1090 1256 1290
2487 601 959 1087 1278
2211 232 1637 2213 2559
2213 911 920 1144 2944
2944 959 1087 1088 1256
2559 507 1088 1260 1278
2208 213 2209 2494 5497
2494 1316 2487 2488 2558
5497 210 830 991 1657
991 163 1088 1260
830 166 959 1087 1256
1657 166 721 1090 1290
2209 210 759 1137 1636
759 210 213 232 1412
1412 1 2 13 163
1137 507 1087 1088 1278
637 2541 2552 7262 7263
2541 350 2536 2542 5493
2542 350 911 1144 7256
7256 348 601 721 1064
5493 348 2487 2488 2558
2536 920 1140 1679 2944
1679 721 1088 1090 1290
7263 348 1657 2490 7261
7261 232 348 991 1636
2490 350 2487 2488
2552 348 2546 2553 5491
2553 348 911 1144 2545
2545 350 476 721
2546 920 1150 3348 5098
5491 350 2550 5155 5170
7262 348 1137 5489 7259
7259 163 350 1088 1316
5489 350 2558 2559
623 624 1202 1203 1204
624 1207 5568 7172 7175
7175 405 1209 1214 4354
1209 1210 4117 4118 7167
1210 578 1701 3807 5571
1701 702 721 1090 1290
5571 405 1804 2915 3607
2915 1085 1088 1287
1085 7 9 11 16
1804 1 2 13 1085
3607 601 1085 1287
3807 702 959 1087 1256
4117 344 405 1089 1196
1089 1 2 13 1085
344 166 1085 1287
7167 419 422 699 4119
419 164 181 1936
4119 601 1085 1088 1287
4118 344 408 699 711
711 1089 1196
1214 699 877 4284 4357
4357 476 702 1085 1287
4284 405 699 4280 4283
4280 496 722 1105 1296
1105 1 2 13 1085
722 163 166 1260
4283 1033 1085 1222 1287
877 405 699 841 853
853 163 164 1260
4354 1054 2842 3577 4355
2842 1285 1303
1285 1 2 13 1085
4355 166 1174 1290 1317
1174 1085 1222 1287
1054 166 1090 1256
3577 166 959 1087 1278
5568 405 784 1219 1581
1581 164 507 1278
1219 164 1260 1290 1888
1888 164 959 1087 1256
7172 699 804 806 1198
804 164 507 1087 1278
1198 162 405 699 784
1207 699 722 1054 3905
3905 166 507 1290 3577
1203 427 2878 2882 2890
2878 2112 2377 2720 2880
2112 163 427 601 1260
2377 427 434 1064 1140
2880 427 434 2873 2876
2876 232 911 1144 1637
2873 1150 1309 2487 2558
1309 1 2 13 507
2720 427 434 920 1316
2890 427 920 2381 5584
5584 434 1294 2887 5155
2887 476 507 995 5170
995 163 476 1260
2381 427 434 1122 1140
1122 1 2 13 163
2882 911 1144 3348 5098
1204 2898 2901 5575 7164
5575 434 1120 1133 2906
2906 922 1366 2207
922 959 1087 1222 1256
1366 507 1222 1278
2207 721 1090 1222 1290
1120 507 1033 1087 1278
2901 578 2902 3393 7161
3393 2550 3808 5155 5170
3808 507 702 1260 1278
2902 557 1701 2244 7160
7160 174 557 578 1060
1060 476 507 1087 1278
7161 557 1820 3390
3390 557 578 995 1294
2898 2899 3386 7155 7156
7156 557 578 1285 1303
2899 427 922 2393 7158
2393 427 434 1122 1322
7158 427 3383 3389
3389 507 1222 1278 1290
3383 557 574 578 1285
574 702 1085 1287
7155 427 772 1312 1794
3386 557 3388 3807 3808
3388 174 557 574 578
7164 434 1794 2329 5574
5574 427 1749 2204 5165
2204 163 507 1033 1260
5165 959 1033 1087 1278
1749 1033 1090 1256 1290
2329 427 434 697 1313
697 163 1033 1260
1202 2665 2891 5582 5583
2665 427 434 991 1316
5582 427 1137 1636
2891 232 427 434 1412
5583 434 2488 2558 2896
2896 2487 2559 2944
7280 627 628 631 7276
627 213 727 1709 5562
727 210 213 1122 1140
5562 210 1708 1749 5165
1708 721 1033 1144 2204
1709 697 922 1688 2207
1688 507 1222 1260 1278
7276 65 621 1176 1186
1176 1168 1169 1177 5591
1177 350 1172 1657 1658
1658 166 507 1260 1278
1172 165 830 1174 1355
1355 1033 1085 1287
1169 348 574 1311 2842
1168 350 574 1285 1303
5591 348 1105 1174 1296
621 1190 1191 5589 7148
7148 348 1089 1196 5587
5587 344 350 1089 1196
1191 344 348 926 2915
926 1 2 13 1085
1190 350 926 1311 2915
5589 453 1194 2559 2944
1194 232 784 1412 1637
1186 348 1182 7145 7146
1182 1162 1658 5166 7144
7144 164 507 830 853
5166 164 959 1087 1278
1162 164 1090 1256 1290
7145 165 348 350 804
7146 350 784 853 1179
628 1684 1692 1703 5566
1692 213 1120 1133 1333
1333 210 213 1122 1322
1703 456 1697 1704 5563
1697 1294 2550 5155 5170
5563 453 1701 3807 3808
1704 453 804 806 853
1684 453 3351 3354 7176
7176 453 456 1196 1303
3351 453 456 1285 1804
3354 174 1089 1317 2915
5566 210 922 1688 2207
631 632 2180 2181 2196
2181 180 1368 5505 7243
7243 348 350 1122 1322
5505 348 922 1688 2207
2180 350 1133 1863 1868
1868 180 723 1288 1870
1870 180 184 1196 1288
1863 180 184 1196 1288
632 348 2199 2203 7251
7251 350 697 2207 7250
7250 348 350 1120 1313
2199 350 922 1688 2201
2201 348 350 1122 1140
2203 1749 2204 5165
2196 2184 2187 2198 7247
2184 180 184 1803 2191
2187 180 184 786 1803
7247 184 1368 2183
2198 789 2190 5503 5504
789 180 184 723 786
5503 180 1270 2149 2183
2149 601 721 1090 1290
5504 184 948 1086 1637
948 1 2 13 1090
7279 640 644 4130 7275
644 213 4213 4220
4220 210 4206 4211 4216
4211 213 574 1285 2915
4206 476 601 1085 1287
4216 574 1105 1174 1296
4213 165 830 1303 4215
4215 1105 1174 1296 1658
7275 210 213 4359 4362
4359 344 1089 1196 2915
4362 344 711 926 1311
640 641 2560 2564 2565
2560 434 3080 3083 5488
3083 1174 1303 1658 3084
3084 165 1105 1285 1296
5488 427 574 2842 3088
3088 1033 1085 1222 1287
3080 434 830 1657 3082
3082 164 427 507 853
2564 427 1657 3094 5166
3094 496 830 1162 1369
641 180 2574 5486 7271
5486 184 949 1270 2149
7271 2567 2568 2570 2571
2568 344 427 1089 1196
2571 427 926 1311 2915
2567 344 434 711 926
2570 434 574 1311 2915
2574 232 1087 1088 1290
2565 427 723 1966 7269
1966 165 427 434 784
7269 434 804 806 3089
3089 427 434 720 853
4130 213 735 4127 4131
4127 804 806 853 1657
4131 210 1658 4126 5166
4126 303 720 853 1162
735 165 210 213 784
630 1726 1727 1752 1753
1726 5542 5543 7199 7201
7199 1716 1717 1719 1720
1720 574 767 1311 2842
1719 521 574 1285 1303
1717 344 767 926 2915
1716 521 926 1311 2915
5543 767 1105 1174 1296
7201 521 1154 1158 1166
1158 806 830 1657 1658
1154 1143 1144 1152 1156
1156 1147 1148 1149 3348
1147 767 1089 1196 5559
5559 344 521 1089 1196
1149 1064 1150 1303 5098
1152 911 920 1140
1166 521 804 846 5556
846 521 720 767 853
5556 767 1162 4202 5166
4202 163 164 507 1260
5542 165 521 1174 1355
1753 1732 1743 2853 2862
1732 541 2865 2868 5536
5536 540 1120 1133 1322
2865 540 541 697 3600
3600 721 1033 1749 5165
2868 922 1122 1688 2207
2853 541 1144 2850 2854
2854 540 2207 2849 5170
2849 922 1122 1294 1688
2850 911 920 1140 2204
2862 540 911 2856 5538
5538 541 1150 2860 5098
2860 601 721 1064 3348
2856 920 1140 2550 2857
2857 1144 5155
1743 3363 3372 5529 7213
3363 540 806 3357 5531
3357 2487 2488 2558 7210
7210 164 601 721 1090
5531 541 830 1657 3362
3362 165 991 1658
7213 541 1137 1636 3380
3380 232 2487 2488 2558
3372 540 804 3366 5530
5530 541 3371 4202 5166
3371 164 721 1162 1174
3366 165 853 1658 3367
3367 830 1657
5529 540 1412 2944 3379
3379 232 1088 1290 2559
1752 1728 7215 7216 7219
7215 521 1120 1133 1322
7219 1739 1740 7207 7208
1739 521 767 3245 3248
3248 476 721 1688 2207
3245 1140 1144 2204 5165
7208 521 767 911 922
1740 540 1742 3256 5532
1742 3251 3252 3254 3255
3254 541 574 1105 1296
3251 541 926 1311 2842
3252 540 574 1285 2915
3255 540 1174 1303 1355
5532 344 541 1196 2915
3256 164 601 1085 1287
7207 521 767 920 1122
7216 767 1122 1734 1748
1734 521 697 767 1313
1748 1688 1749
1728 767 922 1730 2207
1730 344 540 541 1089
1727 1683 1712 5552 7187
5552 767 1677 2487 2558
1677 232 1636 2488
1683 1659 1669 5553 7184
7184 521 767 911 1064
1669 521 1665 5155 5170
1665 1140 1144 2550
1659 521 1653 1660 7182
1660 165 767 830 1656
1656 1657 1658
7182 767 1137 1650
1650 521 767 991 1316
1653 784 2487 2488 2558
5553 767 1150 3348 5098
1712 2508 2523 5545 7197
7197 719 2527 4204 5544
2527 556 719 835 1141
835 163 1222 1260
5544 556 1118 1445 2219
1118 507 1087 1222 1278
4204 702 1065 1290 2839
2839 702 959 1087 1278
1065 702 1090 1256
5545 719 2530 3291 7196
3291 959 1033 1087 1256
7196 507 721 1033 1090
2530 163 1033 1290 3128
2508 556 2499 2502 5550
2502 1150 3348 5098 7190
7190 702 1064 1065 1290
5550 719 1060 2244 2507
2507 507 702 920 1820
2499 556 719 995 1141
2523 900 2524 5547 7192
7192 719 1148 1285 2219
2524 719 1118 1445 7193
7193 574 1143 7191
7191 1 2 13 2513
2513 3 4 6 1936
900 556 719 835 1313
5547 556 1749 2204 5165
7187 521 1412 1671 1678
1678 232 1637 2559 2944
1671 521 767 920 1316
1760 1414 1762 1969 7241
1762 1951 3112 3116 5509
3116 699 1701 3808 4140
4140 1294 3807 5155 5170
3112 1417 2937 3113 5510
2937 405 699 949 2286
2286 163 601 1260
5510 234 699 1056 2550
1056 507 601 1087 1278
3113 405 3807 3808 4135
4135 1088 1290 1629 1701
1629 1088 1090 1256
1417 174 405 699 1413
5509 405 995 1060 1820
1951 174 405 699 2244
7241 405 699 3118 3121
3118 841 1679 2559 2944
3121 951 991 1275 2286
951 959 1087 1088 1278
1275 1 2 13 507
1414 405 699 1412 1413
1969 234 405 1056
7242 1756 1757 7227 7228
7228 719 2149 2165 5521
5521 232 556 1137 1636
2165 403 556 920 2839
1757 1759 3105 5511 7234
5511 405 835 3111 3603
3111 507 731 1090 1222
731 959 1087 1222 1278
7234 699 1120 1133 3096
3096 405 697 699 772
3105 405 699 1322 4352
4352 1127 1799 3128 3291
1799 1 2 13 507
1127 1 2 13 163
1759 3101 3102 5516 7230
5516 699 731 835 1314
1314 1 2 13 507
3102 556 722 3104 5513
3104 719 3813 3818 5512
5512 556 940 2842 3821
940 166 507 1087 1278
3821 1033 1085 1222 1287
3818 556 574 1797 2255
1797 1 2 13 1085
3813 926 1285 1311 2915
5513 574 719 1303 3821
7230 556 719 1084 3607
1084 1 2 13 1085
3101 3605 3606 5514 5515
5514 556 711 719 1288
5515 405 1033 1290 1322
3605 556 597 598 1084
3606 699 866 1312 3603
866 606 699 721 1222
1756 556 2151 2157 2162
2151 556 2142 2143 2153
2153 556 719 2145 2148
2148 956 1774 1946 2149
956 1 2 13 163
1946 507 601 1278
2145 938 951 991 2146
2146 507 1088 1290 1629
2143 719 940 1410
2142 601 959 1087 1256
2157 938 1162 1410 2158
2158 164 507 853 5166
2162 719 724 1888 2154
724 556 719 720 722
2154 164 784 1260 2156
2156 163 164 1290 1581
7227 719 2142 2167 2170
2167 556 719 949 991
2170 163 601 1260 1946
55 65 619 4059 4060
4060 3051 3060 3074 7136
3051 405 3053 5011 5012
5011 162 1581 1804 5191
5191 164 1087 1090 1256
5012 705 1285 3345 4008
3345 166 1087 1090 1256
705 1 2 13 1085
4008 163 166 507 1278
3053 405 699 1105 5013
5013 705 926 1285 5011
3060 3050 7120 7121 7124
7121 557 578 911 1060
3050 1073 1074 7118 7119
1074 557 578 1060 1064
7118 174 578 699 1084
1073 557 578 1065 1068
1068 476 1090 1256
7119 405 926 1084 5611
5611 405 699 1089 1797
7120 557 578 1065 1068
7124 405 3055 3058 5608
5608 699 3055 3345 4008
3058 601 1087 1090 1256
3055 956 1946 5195 5196
5195 1087 1088 1090 1256
5196 163 507 1088 1278
7136 1129 1633 5062 5063
1129 1103 1104 1111 1130
1103 184 1099 7081 7082
7081 180 434 948 1084
1099 601 1087 1088 1090
7082 427 434 1089 5676
5676 180 184 1087 1088
1111 1082 1083 1112 5672
1112 427 434 1105 1106
1106 165 496 705 1107
1107 166 1087 1256 1278
1082 166 434 1080 1090
1080 163 164 507
5672 434 1076 1106 1295
1295 1 2 13 1090
1076 164 1087 1256 1278
1083 427 1076 1080 1295
1104 427 1093 1094 2125
1094 180 184 2779 2782
2782 164 166 1256 1278
2779 601 1087 1090 2780
2780 164 166 1256 1278
1093 427 434 1285 2123
2123 1 2 13 1085
2125 1 2 13 1085
1130 348 1114 1123 7087
1114 348 1115 1118 7084
1115 348 350 1128 2820
2820 1033 1090 1256
1128 1090 1222 1256
7084 180 348 1122 1369
7087 350 1118 1122 7086
7086 350 1120 1127 1128
1123 1065 1120 1127 2820
5062 434 5100 5101 7131
5100 163 507 601 5103
5103 1087 1088 1256 1278
5101 601 1090 2127 3018
2127 601 1087 1256 1278
3018 163 507 1088
7131 427 2130 5103 5104
2130 427 956 2126 5602
2126 507 601 1090 2127
5602 434 1088 1090 1593
1593 163 507 702
5104 166 1088 1090 3018
1633 1623 1635 7094 7095
1623 165 348 1054 1625
1625 348 350 940 3327
3327 164 956 1090 1256
7095 350 1056 1137 7092
7092 348 350 1137 1412
7094 350 1629 1632 5656
5656 348 956 1412 1629
1632 601 1090 1256
1635 1608 1621 5659 5660
5660 174 348 1056 1632
1621 348 350 911 1612
1612 348 1064 1068 1614
1614 348 350 1060 3216
3216 702 1064 1090 1256
5659 174 350 1060 1068
1608 1601 1602 1609 7090
7090 348 804 1582 1607
1582 164 1090 1256
1607 163 164 1085 1222
1601 348 926 1105 1804
1602 350 705 1804 5665
5665 348 350 1285 1797
1609 350 804 940 1603
1603 162 165 1054 1105
5063 4808 4809 4909 4910
4808 434 4278 4279 5599
4278 1087 1222 1256 1278
5599 427 434 1067 3009
1067 1 2 13 1090
3009 702 1087 1256 1278
4279 163 507 1222
4809 427 1590 3011 4800
1590 476 1087 1256 1278
3011 163 476 507
4800 427 1069 1593 4802
1069 1 2 13 1090
4802 434 1069 1590 3011
4910 434 1312 3324 4905
3324 557 911 5597 7128
5597 557 578 1285 1804
7128 174 427 557 1312
4905 1127 1799 2175 5174
5174 1033 1087 1256 1278
2175 1 2 13 1090
4909 427 4278 4279 4905
3074 719 3070 3076 7127
3070 1122 1314 3071 4278
3071 1127 1799 2175 5174
3076 719 3061 3066 4197
4197 1100 2127 3011 4198
4198 163 507 601 1590
1100 1 2 13 1090
3061 556 3019 3062 4110
3019 556 2127 3016 3020
3016 163 507 601 1090
3020 166 719 1090 3018
4110 1076 1295 3018 5103
3062 719 1107 4108 5103
4108 165 496 1088 1090
3066 556 1594 3009 4201
4201 702 1088 1090 1593
1594 719 1069 1593 1596
1596 556 1069 1590 3011
7127 556 1312 3067 3071
3067 719 1067 3009 3068
3068 556 1122 1314 4278
4059 2805 2806 2821 7134
2805 540 541 2787 2800
2787 702 1087 1090 1256
2800 3227 4001 5164 5194
3227 163 507 1222 1278
4001 1087 1090 1222 1256
5194 1033 1087 1090 1256
5164 163 507 1033 1278
7134 2834 3036 3039 7117
3039 556 3040 4012 4015
4012 719 4011 4014
4011 1 2 13 1085
4014 556 719 1285 4009
4009 1 2 13 1085
3040 556 719 1105 4018
4018 705 1076 1080 1295
4015 165 496 1080 4017
4017 166 705 1090 1107
2834 1057 2836 7111 7112
7112 767 1056 2831 5627
2831 163 601 1088 1629
5627 521 1137 1629 1632
7111 521 767 1137 1412
1057 767 940 1054 1058
1058 163 521 601 1056
2836 1586 2120 2825 2827
1586 165 767 1582 1588
1588 162 521 804 1582
2827 3012 3213 3214 7109
3214 1143 1593 1804 7107
7107 1 2 13 2513
3213 719 1148 1285 1312
7109 521 767 3220 7108
3220 1 2 13 1085
7108 1069 1148 1243 1797
3012 1148 1590 3011 3014
3014 702 1090 1143 3009
2120 521 940 1054 2122
2122 163 164 767 804
2825 165 521 3217 7106
7106 521 767 1285 3217
3217 1 2 13 1085
7117 405 699 3042 7116
3042 3227 4001 5164 5194
7116 556 719 1084 1089
3036 405 699 3058 3802
3802 2787 5183 5189 5192
5183 163 507 702 1278
5192 163 476 507 1278
5189 476 1087 1090 1256
2821 2813 2823 7103 7104
2823 2808 2809 2811 2812
2809 767 911 3328 5650
5650 174 521 767 1065
3328 767 1060 1068 3329
3329 163 476 521 1060
2812 540 541 3336 3339
3336 705 926 1285 3337
3337 162 702 1085 1581
3339 926 1285 3337 5191
2811 540 541 1797 3333
3333 540 3335 3345 4008
3335 540 541 705 1105
2808 521 911 7098 7099
7099 521 767 1068 1632
7098 521 767 1064 1122
7103 521 767 1120 2819
2819 163 1033 1090 1256
2813 767 1118 1128 2815
2815 540 541 1084 1089
7104 521 1118 1128 7102
7102 521 767 1120 1122
2806 541 2788 2794 2799
2788 540 2784 2787 2790
2784 5183 5189 5192
2790 541 2784 3058 5190
5190 163 507 601 1278
2799 540 2793 5195 5196
2793 956 1946 3058 5191
2794 3345 4008 5195 5196
619 3228 3239 3346 7139
3228 210 213 3223 3227
3223 2787 5183 5189 5192
3239 453 3231 3235 7073
3231 453 456 1069 3799
3799 1076 1080 1295 3018
7073 456 1590 3011 7072
7072 348 350 926 3238
3238 1 2 13 1085
3235 948 1067 3009 5103
3346 2139 2140 3033 7080
3033 3028 3029 3034 7079
7079 1786 1788 7076 7077
7076 213 294 1084 3030
3030 3 4 6 512
7077 3 6 389 983
3029 213 926 1804 5686
5686 210 213 1089 1797
3034 165 514 519 2601
3028 210 926 1084 1285
2139 210 705 1804 2134
2134 162 1581 4008 5191
7080 210 213 3341 3345
3341 3058 5190 5195 5196
2140 210 213 1105 2136
2136 705 1285 2134 3345
7139 515 4004 5592 5593
4004 210 3351 4001 5682
5682 453 1089 1593 1797
515 215 244 302 512
5593 210 3227 4062
4062 1033 1087 2820 5164
5592 213 4001 4062
54 110 611 614 7069
110 506 3140 3143 3154
3154 1426 3146 5787 6903
1426 405 1417 1423 1427
1423 1140 2038 2839 5176
5176 702 1256 1281 1290
2038 507 702 1260 1264
1427 699 1422 2487 5155
1422 163 476 1538 2739
2739 601 1256 1281 1290
1538 476 507 1260 1264
5787 699 951 3151 3200
3151 163 601 2078 3153
3153 1088 1256 1281 1290
2078 507 1088 1260 1264
3200 507 601 1260 1264
6903 232 405 953 3153
953 232 405 699 950
950 163 951 1088 2078
3146 699 1414 4339 5788
5788 405 2487 3200 4344
4344 163 601 784 2739
4339 1524 2918 3577 6901
6901 163 166 721 1090
1524 166 507 1260 1264
2918 166 1256 1281 1290
506 65 3744 3756 3769
3756 3730 3731 3747 3757
3731 434 3546 3547 3550
3547 154 434 471 3548
3548 154 427 1285 1835
1835 660 1303
3550 427 471 572 3552
3552 434 705 706
706 1 2 13 295
572 573 574
3546 660 1285 1303
3730 434 572 2613 3570
2613 427 434 1032 2612
1032 1 2 13 295
2612 1221 1808
3570 427 434 1354 1364
1364 1105 1220 1296
1354 1032 1105 1296
3747 535 1948 3573 3749
535 3 5 6 245
245 8 10 168
3573 165 434 1524 3575
3575 427 2612
1948 162 427 434 938
3749 427 806 3894 6912
6912 434 2918 3543 3577
3543 427 434 704 1220
704 705 706
3894 164 804 1260 1264
3757 434 2956 3753 5779
5779 427 936 940 3752
3752 166 782 1264 1410
3753 782 804 806 813
813 163 164 1260 1264
2956 163 166 427 1260
3769 3760 3761 3762 3770
3761 405 699 3881 3884
3881 294 428 1902 1919
428 366 1089 1196
1919 343 1288
1902 314 1084
314 1 2 13 295
3884 366 367 1902 1919
367 294 1089 1196
3762 427 2954 3763 4102
4102 911 918 1144 1436
918 702 920 1264
3763 434 457 1445 4101
4101 1118 1222 1264 1443
2954 163 434 1222 1260
3760 405 535 930 2724
930 1 2 13 295
2724 427 1118 1445 2726
2726 427 772 1308 1312
3770 434 1855 3765 5773
3765 695 1120 1133 1320
695 163 1033 1260 1264
5773 427 1222 1264 3765
1855 163 427 1222 1260
3744 427 3741 3746 5784
3746 427 3734 3735 4173
3735 427 2112 3736 4258
4258 234 241 1056 1300
3736 434 918 1137 4257
4257 231 911 1636
4173 457 993 1060 1820
993 163 476 1260 1264
3734 434 1144 1436 4171
4171 993 1060 1820
5784 241 434 1056 3740
3740 234 989 1549
1549 163 601 1260 1264
989 163 1088 1260 1264
3741 231 989 1137 1636
3140 3142 3530 3531 5794
3531 572 699 707 3526
3526 704 1032 1364 2612
707 405 471 699 704
3530 405 1354 1524 3525
3525 165 1220 2612 3577
5794 405 938 2918 3536
3536 1017 5166 5186
1017 164 507 1260 1264
5186 164 1256 1281 1290
3142 2695 3534 6891 6892
6892 162 699 1198 3536
2695 405 433 699 1849
433 926 927
927 185 1311
1849 1008 2915
1008 1 2 13 295
3534 405 3546 3723 3727
3723 405 699 2727 5224
2727 703 1088 1287
5224 433 930
3727 154 471 572
6891 699 1834 1835 2609
2609 405 661 699 2608
2608 295 1085 1088
1834 154 1285
3143 1960 2736 2737 3144
3144 699 1140 2375 6899
2375 405 731 732 1122
732 507 1222 1260 1264
6899 405 3542 5790 6897
5790 699 2094 3540 5165
3540 163 1033 1256 1290
2094 507 1033 1260 1264
3542 721 1090 1222 1349
1349 1222 1256 1281 1290
6897 535 699 1320
2737 405 535 695 6895
6895 405 1320 1450
1450 699 1443 1445
1960 405 1951 1957 1961
1961 699 1956 2839 4623
4623 476 1256 1281 1290
1956 2038 2244 5176
1957 1064 1538 4623 5155
2736 405 1120 1133 2732
2732 219 699 1118
219 163 1222 1260 1264
614 439 615 6876
6876 427 428 429 1849
429 427 434 930 1919
439 366 367 434 441
441 427 1902
615 427 433 434 6875
6875 443 2728
443 427 434 661 2608
2728 427 434 930 2727
7069 514 535 617
611 612 717 718 7068
7068 165 301 535 5695
5695 301 483 513 617
718 165 167 475 483
167 156 168 181
475 4 168 211 945
717 167 475 617 715
715 168 181 945
612 165 435 715 2617
435 434 437 1902 1919
437 294 427
2617 3 4 6 512
53 10 65 153 7066
153 4 154 211 595
595 12 14 15
7066 5 8
52 126 7064 7065
7064 65 416 421 597
7065 422 598 600 602
602 4 244 1088 1936
126 603 606 609 610
51 65 156 476 5699
5699 12 14 15 385
385 3 4 6
50 120 123 585 588
588 566 569 590 7048
566 568 719 1882 2347
568 294 343 428 556
2347 294 1089
1882 366 1196
7048 453 813 1137 7045
7045 456 457 556 575
575 314 344
569 556 571 927 932
932 926 930
571 343 575 719 1008
590 1812 1813 7046 7047
1812 453 918 1849 7043
7043 366 453 458 2347
458 154 456 660 1303
1813 453 1436 4249 5710
4249 471 574 911 1144
5710 456 993
7047 453 782 989 1815
1815 456 1060 1820
7046 453 469 804 806
469 231 1636
120 565 7009 7010
7009 2639 2641 7005 7006
7005 719 2142 2167
7006 556 2635 2676 2944
2676 507 1088 1264 1278
2639 719 2635 2944
2641 556 721 1088 2642
2642 719 2284 2286
2284 507 601 1264 1278
565 2317 2629 6994 6995
6995 719 1884 1888 6993
6993 556 724 1889 1896
1889 556 719 841 853
1884 556 719 720 853
2317 1873 1878 2300 2310
2310 556 2301 2307 2311
2311 719 1831 2306 3701
1831 154 1285 1303
2306 573 660 932 3591
3591 661 2915
3701 471 574
2301 556 573 719 927
2307 660 1303 1849 2309
2309 154 661 1285 3701
1878 556 1032 1221 1880
1880 719 2703 3158
3158 1032 1105
2703 1220 1296
2300 556 1364 1877 2296
2296 830 842 1883
1883 166 507 1264 1278
1877 706 1174
1873 719 1038 1221 1877
1038 163 166 556 1260
2629 899 1377 2630 2921
899 556 900 1859 3291
1377 556 839 868 922
839 507 1222 1264 1278
2630 894 896 902 7000
7000 906 2064 2518 2645
2518 1 2 13 2513
2645 385 407 1088 2513
906 4 511 1222 1936
2064 4 511 702 1936
902 556 719 5219 5222
5222 697 721 1222 2710
2710 507 1033 1264 1278
5219 1859 2710 3291 6220
6220 163 721 1033 1260
894 719 839 868 922
896 719 721 898 1222
898 164 385 410 2513
2921 556 2527 2922 4864
4864 2587 5049 5098 6996
6996 163 476 721 1260
5049 476 507 1264 1278
2922 719 2230 3944 4863
4863 476 721 920 3807
3944 507 702 1264 1278
6994 556 1888 1897 5735
5735 719 1896 1897
1897 164 507 1264 1278
7010 2287 2294 2632 6987
6987 556 2142 2284 2286
2294 719 1883 2292 2676
2292 166 721 830 842
2287 556 719 991 5237
5237 601 721 2655
2632 556 2499 2633 4763
4763 920 2230 3807 3944
2633 719 2587 4762 5098
4762 601 721 2655 5049
123 593 2269 7054 7056
2269 210 572 2260 2271
2260 210 213 471 5243
5243 705 706 2612
2271 210 213 2263 2266
2266 704 1032 1364 2612
2263 165 1220 1354 2265
2265 1524 3577
7054 210 784 2620 2626
2620 213 938 2622 2918
2622 163 164 210 1017
2626 5166 5186
593 1920 2281 2624 5701
1920 210 213 1919 5242
5242 294 428
2624 210 1909 1919 5702
1909 210 213 366 1902
5702 213 367 930 1902
2281 210 2272 2278 2282
2272 213 572 2274 2727
2274 210 433 930
2278 661 1834 1835 1849
2282 213 433 2276 3546
2276 154 471 2608
5701 162 213 1017 2626
7056 65 583 756 7036
7036 213 232 759 763
763 951 2078 3153
583 735 745 5717 5719
5719 213 743 2487 3200
743 163 601 1413 2739
5717 210 763 956 3200
745 210 740 1524 3577
740 163 938 1088 2918
756 213 747 753 757
753 174 2038 2839 5176
757 210 752 2487 5155
752 1413 1538 2739
585 586 1331 1332 1342
1342 210 1336 1343 5713
1336 731 732 1349 2219
5713 213 1340 2094 5165
1340 1033 1256 1281 1290
1343 453 460 573 1333
460 453 461 661 1196
461 456 1285
1332 210 1326 4623 5176
1326 174 2038 2244 2839
1331 213 1329 1538 5155
1329 163 476 2244 4623
586 213 733 1348 5712
5712 210 1347 2094 5165
1347 163 1033 1322 1340
733 213 727 731 732
1348 163 1033 1349 2219
49 96 580 7031 7032
7031 1432 3191 5725 7024
1432 5728 7018 7019 7020
5728 3 6 291 983
7018 3 6 291 391
7020 293 677 943 983
293 3 6
7019 3 6 391 943
5725 384 702 715 959
384 4 168 511 945
3191 3 6 383 389
7024 3 6 387 5726
5726 164 384 959
96 65 94 2410 6840
2410 2390 2400 5833 6820
6820 427 1127 2094 2403
2403 163 434 1033 2404
2404 427 1322 1340 5165
2400 411 427 2398 2401
2398 731 1266 1314 1349
411 367 412 699
412 314 366 699 1964
1964 366 405 1196 2347
2401 342 405 2393 6817
342 343 344
6817 427 772 1312 6816
6816 314 405 427 1794
2390 427 2387 2391 6815
2391 434 731 2386 5155
2386 1266 1314 2244 4623
6815 434 1222 1260 2381
2387 174 2038 2839 5176
5833 434 1349 2094 2408
2408 1340 2219 5165
94 414 1461 3307 3308
414 1975 1976 1984 6803
1976 699 940 1969 6791
6791 405 699 915 1549
915 163 166 1260 1264
1975 405 782 806 1971
1971 699 936 1410
1984 699 993 1982 1986
1982 405 1144 1436
1986 1977 1980
1980 234 699 1056 1549
1977 241 405 699 3692
3692 911 918
6803 405 3312 6800 6801
6800 241 405 699 989
3312 231 989 1137 1636
6801 231 699 1137 1636
1461 405 1457 1463 6790
1463 1446 1454 6787 6788
1454 405 1120 1133 6786
6786 219 405 695 699
1446 1437 1447 6785
1447 405 1118 1445 6784
6784 219 405 699 1436
6785 405 699 1144 1443
1437 695 699 1120 1133
6787 405 699 1320
6788 699 1118 1443 1445
6790 457 699 918 1460
1460 911 1060 1820
1457 457 993 1060 1820
3308 3186 3777 4268 6794
6794 699 770 1220 1354
770 1174 1221
4268 185 405 3454 4270
3454 342 405 699 3974
3974 932 1311
4270 405 699 4262 4265
4265 1008 3184 3185 3591
3185 471 1317
3184 295 702 1085
4262 154 185 3546 4264
4264 932 1311 2608 2727
3777 699 706 917 5842
917 405 915
5842 405 770 2703 3158
3186 699 3184 3185 3188
3188 405 660 706 1831
3307 4332 4345 5838 6797
4332 405 940 1410
5838 405 804 813
4345 699 804 806 813
6797 405 699 782 936
6840 3553 3563 3566 3579
3566 434 3567 3899 6834
3567 427 3577 3898 5166
3898 496 784 916 5186
6834 166 427 1260 1966
3899 162 1017 5166 5186
3579 1948 3543 5824 6838
5824 434 2918 3577
6838 427 1017 3570 3573
3563 2971 3557 3558 3564
3558 427 2918 3153 3981
3981 938 951 1412 2078
2971 427 2377 2968 2972
2972 434 1538 2839 2967
2967 163 476 2038 5176
2968 1538 2244 4623 5155
3557 434 2487 3200 3984
3984 163 601 1413 2739
3564 174 434 2742 6828
6828 434 2891 3560 6826
3560 232 951 2078 3153
6826 427 956 1774 3559
3559 507 601 1264
2742 427 1413 2487 2739
3553 2613 2728 3555 6829
6829 427 433 434 572
3555 434 3546 3547 3550
7032 304 961 967 7030
961 179 301 475 483
179 3 4 6 512
967 166 702 959 964
964 301 483 513 514
7030 167 203 5720 7029
7029 203 304 715 5722
5722 166 475 702 959
5720 167 304 445 488
445 4 156 168 511
203 1 2 13 959
304 1 2 13 959
580 435 439 442 3779
3779 429 433 434 7025
7025 427 428 511 677
442 427 443 1849
48 120 7014 7015 7017
7015 557 569 572 577
577 578 1144 1436
7014 556 566 575 7011
7011 65 471 557
7017 558 562 1824 5740
558 559 560
559 557 578 1060 1823
1823 457 993
560 578 911 918 6983
6983 457 557 578 1820
1824 471 574 578 1825
1825 557 911 918
5740 578 660 993 1831
562 557 1144 1436 6984
6984 557 573 578 1833
1833 154 660 1285 1303
47 119 542 5743 6979
6979 65 314 541 555
555 366 367
5743 314 540 554 2347
554 342 366 1196
119 545 550 5745 6977
6977 540 4159 4546 4663
4159 342 540 541 3974
4663 1008 3184 3185 3591
4546 185 540 541 2608
5745 541 3546 3974 4661
4661 154 185 2727
550 4654 4658 6974 6975
4654 1351 1356 4656 6969
1356 540 541 706 2703
4656 540 915 3688 6972
3688 541 770
6972 540 660 1831 5748
5748 541 1354 3184 3185
6969 540 706 770
1351 540 541 1220 3158
6974 540 804 813
4658 541 782 813 4066
4066 540 936 1410
6975 540 541 940 1393
1393 804 806
545 547 3194 3999 6966
547 4551 6959 6960 6968
6960 241 540 1137 1636
6959 231 540 541 989
6968 1397 4076 4079 6961
4079 541 1056 1549
1397 540 541 782 915
6961 540 541 911 993
4076 540 1144 1436
4551 541 1137 1636 6958
6958 231 540 541 989
6966 234 241 541 6962
6962 540 806 918
3194 234 540 1056 1549
3999 541 936 940 1410
542 544 1394 4424 6954
544 540 1389 4426 6955
1389 540 3170 3172 6272
3170 541 1118 1443 1445
3172 695 1120 1133 1320
6272 219 541 1320
6955 541 911 918 1144
4426 457 993 1060 1820
1394 541 695 1396 3627
1396 540 1118 1445 6113
6113 541 1120 1133
4424 457 541 1060 1820
6954 219 540 541 1436
46 3 6 65 245
45 65 116 510 5753
116 244 512 538 6953
538 3 5 6 245
6953 3 6 297 535
5753 3 5 6 245
44 113 525 529 530
113 523 524 531 6949
524 767 1993 1994 3996
3996 915 936 940 1410
1993 521 806 1056 3995
3995 234 782 1549
1994 521 911 1995 4195
4195 918 1144 1436
1995 241 767 1056 4194
4194 234 993 1549
523 767 1137 1997 5762
1997 231 989 1636
5762 241 521 1137 1997
6949 65 314 342 521
531 521 533 1882 2347
533 314 366 367 767
530 521 2015 4788 6947
2015 767 1144 1436 4787
4787 695 1120 1133
4788 219 1118 1443 1445
6947 521 1120 2021 5756
2021 695 1133 1320
5756 219 767 1445 2020
2020 1118 1320 1443
525 527 767 2007 6943
2007 782 804 806 813
6943 521 804 2010
2010 813 936 940 1410
527 2001 2005 3445 5760
2005 521 770 1831 3793
3793 660 915 2703 3158
5760 767 770 1354 3795
3795 706 1220 3184
2001 767 3584 3587 5761
5761 521 661 2915 3592
3592 185 932 1008 1311
3587 342 2608 2727 3974
3584 521 3184 3185 3586
3586 154 185 767 3546
3445 521 706 767 3185
529 767 911 4892 5757
5757 521 993 1820 5277
5277 457 1060
4892 457 918 1060 1820
43 111 515 5765 6934
111 508 1464 1474 6932
6932 1483 1486 1489 6930
1486 1487 1488
1487 3 6 291 677
1488 3 6 291 943
6930 3 6 387 391
1483 3 6 383
1489 3 6 943 983
1474 384 715 1470 6922
6922 150 174 445 6920
6920 3 6 383 389
150 3 6 389
1470 174 302 519
508 679 1481 5770 6923
1481 487 513 1478 5767
5767 174 475 483 519
5770 301 451 452
6923 167 302 307 475
307 3 6 297
1464 167 174 519 1466
1466 302 445 519
5765 174 514 519
6934 65 303 510 513
42 110 504 3890 4176
3890 384 451 3891 5802
5802 165 452 513 617
3891 475 715 3886
3886 165 451 452 617
504 435 614 6882 6883
6883 148 384 452 1489
148 3 6 389
6882 535 1467 6880
6880 3 6 383 943
1467 3 6 383 389
4176 514 692 4174 4177
4174 403 487 496 497
4177 451 510 513 535
41 65 501 5037 6872
6872 2225 5041 5042 5805
5042 471 557 2432 5808
2432 154 557 573 578
5808 572 578 660 1303
5805 471 578 995 5049
5041 154 557 3383 3546
5037 578 5038 5054 5810
5054 920 2230 3807 3944
5810 557 2587 5049 5098
5038 578 1141 5809 6867
5809 471 573 574 1143
6867 557 1148 1285 1294
501 557 2749 5043 5045
5043 578 2587 3390 5098
5045 920 2230 3807 3944
2749 1143 1144 2747 2750
2747 911 918 1436
2750 457 1148 1820 2746
2746 154 993 1060 1835
40 107 384 451 452
107 65 294 477
39 140 484 6863 6864
6863 167 496 497 6861
6861 3 6 387 391
484 167 486 487 1478
486 164 445 507 1478
6864 445 487 5814 6860
6860 65 167 303 312
312 3 6 387
5814 483 487 496 497
38 65 102 154 477
102 451 452 475 480
480 163 166 507 959
37 101 466 6845 6846
101 458 460 463 6852
463 453 782 806 989
6852 453 469 472 6848
6848 65 453 455 471
472 572 804 813 1137
466 453 911 1144 4248
4248 918 1849
6846 456 993 1060 1820
6845 366 453 1436 2347
36 65 445 447 450
450 451 452
35 96 6843 6844
6844 433 434 435 439
6843 427 428 429 442
34 94 411 6811 6812
6811 314 342 405 421
6812 408 416 6807 6809
6807 409 419 1088 1936
6809 65 181 407 422
33 93 394 395 396
396 244 397 4180 6775
397 211 677 943 983
4180 5 8 10 944
6775 3 6 291 391
394 167 475 496 715
93 400 496 4271 6783
400 164 507 702 4274
4274 179 301 475 483
6783 5851 6778 6779 6780
6780 3 6 387 6776
6776 3 6 65 383
5851 164 384 507 702
6778 3 6 383 389
6779 3 6 389 391
4271 301 483 513 514
395 167 303 403 3987
3987 445 715
32 91 380 4981 5007
4981 3477 4983 5860 6733
5860 719 1549 1636 4980
4980 231 936 989 1137
3477 234 241 719 1056
6733 719 3468 4975 5000
3468 719 915 940 1410
5000 706 770 2703 5002
5002 782 804 806 813
4975 342 600 719 5003
5003 4647 5004 5198 6729
5004 572 1849 2347 3546
6729 154 314 927 1882
5198 661 932
4647 471 3158
4983 4784 4970 6714 6715
4970 2644 4624 4972 6723
6723 767 1148 4964 4967
4964 343 575 2608 2727
4967 1064 1538 1835 5155
4972 719 4952 4959 4960
4959 1148 1834 3963 5863
3963 219 719 1118 1445
5863 1 2 13 2513
4960 457 1436 4961 6721
4961 918 993 1060 1144
6721 695 911 1820
4952 1120 1133 1320 1443
4624 294 428 767 4625
4625 1148 2244 4623
2644 767 930
6715 241 457 699 3711
3711 699 911 1144 1436
6714 699 918 993 4781
4781 1060 1820
4784 1450 2732 4508 4780
4780 699 1320 1437 6710
6710 1 2 13 599
4508 1971 1980 3310 6709
3310 231 699 1636
6709 699 989 1137
5007 4419 4420 4532 5008
4419 3866 4412 4414 5859
4414 767 835 839
4412 767 2710 3291
5859 697 767 1859 6740
6740 1 2 13 721
3866 767 2230 3807 3944
5008 3170 6759 6760 6763
6763 3375 4079 4701 4706
3375 541 1137 1636
4706 231 541 989 3999
4701 4072 4074 4424 6756
4074 234 241 541
6756 541 993 1144
4072 541 911 918
6759 219 541 1436
6760 541 695 1320 5006
5006 1120 1133
4420 541 4403 4406 4411
4411 541 770 915 6738
6738 541 782 813
4406 471 806 3158 4408
4408 572 706 804 2703
4403 541 766 771 4400
771 721 767 1222
4400 342 2347 4402 5203
5203 314 366 1196
4402 1849 3546 5198 5200
5200 154 927
766 767 868 922
4532 3693 4527 4534 5858
5858 767 1883 1896 4531
4531 720 722 991 2676
3693 767 830 841 842
4527 767 2635 2944
4534 3852 4518 4525 6752
3852 767 2142 2284 2286
4518 433 767 1877 4515
4515 1888 1897 4516 6748
6748 660 853 1831
4516 1032 1221 1364 6745
6745 3184 3185
6752 767 920 2655
4525 767 4523 5049 5098
4523 995 1316 2587 6749
6749 1 2 13 721
91 65 368 377 6772
377 379 4561 6673 6677
6677 241 348 1060 6675
6675 348 457 993 1820
6673 348 911 918
379 807 4397 4440 4629
4397 1373 4334 6670 6671
6671 348 1320 4394 4396
4396 184 661
4394 164 166 184 1287
1373 348 695 1120 1133
6670 219 348 1118
4334 348 1443 1445
4629 348 989 1137 3705
3705 234 348 1056 1549
4440 231 348 1636
807 348 936 1410
4561 348 1144 1436
6772 371 376 6667 6668
6668 348 770 782 4643
4643 348 804 806 813
376 4634 4641 4642
4634 348 4631 4632 4635
4635 456 476 721 2587
4631 342 572 1849 2347
4632 3546 5198 5200 5203
4642 210 219 1118 5880
5880 456 1831 4639 5098
4639 660 995 5049
4641 210 1320 1443 1445
371 373 4085 4093 6657
6657 210 241 918 2713
2713 695 1120 1133
373 3302 3304 4539 6659
6659 210 4540 4542
4540 210 231 1137 1636
4542 457 993 1060 1820
4539 210 813 989 4535
4535 782 804 806
3302 210 936 1410
3304 210 915 940
4093 210 234 1056 1549
4085 210 911 1144 1436
6667 348 809 4647 4648
809 348 915 940
4648 706 2703
368 210 572 770 4421
4421 4422 5198 5200 6654
6654 314 342 366 4648
4422 367 1849 3546 4647
380 4879 4880 4889 6769
4880 3945 4871 4875 6693
4875 427 4951 5049 5098
4951 995 2587 3944 6690
6690 1 2 13 721
6693 427 697 920
3945 427 1141 2230 3807
4871 2712 3502 6688 6689
6688 427 772 868 1313
3502 427 839 922
2712 427 1859 2710 3291
6689 573 578 1855 4870
4870 154 660 1285 1303
6769 4330 5856 6766 6768
5856 699 706 2703 4647
4330 699 915 940
6766 699 770 782 4345
6768 4699 4700 4776 4777
4777 578 911 1060 6685
6685 578 918 1144 1436
4700 342 572 699 6682
6682 407 409 410 6681
6681 164 409 1088 1936
4776 457 578 1820 4774
4774 471 574 993
4699 699 4697 5200 5203
4697 1849 2347 3546 5198
4889 1941 4891 5868 6708
5868 184 232 1803 3428
6708 184 2183 4512 6705
6705 184 185 661 4394
4512 184 723 2191 4514
4514 184 786 990 1368
4891 4882 4884 5122 5870
5870 427 2608 2727 5129
5129 294 314 343 344
4884 2960 3848 5869 6703
5869 427 1364 1897 5131
5131 164 721 853 1221
6703 165 427 723 1877
3848 427 1888 1896
2960 427 830 1883
5122 427 3184 3185 5121
5121 660 1032 1831
4882 427 428 433 6700
6700 184 427 930 1413
1941 184 601 1264 1768
4879 2958 4768 5872 6695
5872 427 721 1088 2676
4768 427 2142 2284 2655
6695 427 991 2112 2672
2672 2635 2944
2958 166 427 721 842
31 89 352 5885 6647
89 355 360 5887 6645
360 4643 4794 4897 6643
4794 1836 1839 4796 6637
1836 348 350 1220 3158
4796 348 350 770 6640
6640 350 660 1831 5890
5890 348 1354 3184 3185
1839 348 350 706 2703
6637 350 706 915
4897 350 804 936 6642
6642 350 940 1410
6643 348 350 782 813
355 1865 2354 4558 6636
1865 1866 4334 6238
6238 348 350 1118 1133
1866 219 348 350 1320
4558 350 4555 4559 6634
4555 457 993 1060 1820
4559 348 457 1060 1820
6634 348 911 918
2354 1373 2355
2355 350 1118 1443 1445
6636 219 350 1374 4561
1374 348 1320 1376
1376 350 695 1120
5887 348 3546 3974 5134
5134 154 185 2727
6645 350 3951 4709 5136
3951 342 348 350 3974
5136 1008 3184 3185 3591
4709 185 348 350 2608
6647 65 314 348 365
365 366 367
352 354 5893 6631 6632
6632 348 350 1137 4440
5893 231 241 350 989
6631 348 350 989 1636
354 3705 4252 4431 4437
4437 348 993 4434
4434 350 1144 1436
4252 350 911 918 4251
4251 241 348
4431 4429 4433 6627
6627 348 350 806 940
4429 350 1056 1549
4433 350 782 807 6628
6628 234 348 350 915
5885 314 350 364 2347
364 342 366 1196
30 65 346 6625 6626
6625 5899 5900 6621 6622
5899 5 245 291 511
6622 3 6 983 5897
5897 244 537 944 945
537 5 8 10
6621 3 6 391 943
5900 3 6 677
6626 969 973 974
969 384 487 970 6620
970 244 389 391 1484
1484 3 6 383
6620 3 6 387 389
974 384 403 445 715
973 167 445 487 715
346 977 978 980 981
977 301 403 513 514
980 301 475 483 487
981 167 403 475 483
978 487 513 514 5902
5902 3 5 6 245
29 86 318 328 329
328 3170 6575 6576 6579
6576 540 1118 1445 6574
6574 219 540 541 1436
6579 3194 3874 3878 3999
3878 241 540 4079
3874 3876 4074 4076
3876 540 911 918 6573
6573 541 911 918 1144
6575 219 540 541 1443
86 315 339 6613 6618
315 316 3475 3476 3483
3475 556 936 940 3472
3472 915 1410 2612
316 2301 3486 5952 5953
3486 556 1902 1919 3488
3488 314 342 600 719
5953 556 3490 3701 3974
3490 185 705 706
5952 471 572 719 932
3476 706 719 770 3468
3483 556 3477 3479 5955
5955 719 936 1549
3479 234 241 1056 1549
6618 333 337 338 6615
337 453 4167 6595 6596
6596 453 471 1901 1903
1901 210 1118
1903 210 1443 1445
6595 210 213 219 1443
4167 572 920 3807 3944
333 335 4093 5915 6585
335 3302 3304 4084 4090
4084 213 936 1410 6583
6583 213 915 940 1549
4090 213 4085 4087 6584
6584 210 213 219 918
4087 1118 1144 1436 1445
5915 213 911 918 1056
6585 210 213 234 241
6615 322 323 325 326
322 1977 1980 3711 6542
6542 405 699 918 1549
325 219 556 719 3719
3719 911 918 1144 1436
323 1971 1982 3708 6543
6543 234 241 405 1056
3708 1450 3709 6539 6540
6540 219 405 1443
3709 405 1118 1445 2732
6539 407 410 454 598
326 3714 3716 3963 5932
3714 719 1443 6549 6550
6550 906 1143 2064 3184
6549 4 407 410 511
3716 3717 3968 3969 6554
3968 314 343 344 767
3969 521 927 932 2644
3717 1143 2839 3972 5176
3972 174 1140 2038 3185
6554 314 342 521
5932 556 1118 1443 1445
338 3466 3467 3961 3962
3961 453 1141 2230 5911
5911 348 572 927 932
3962 350 3951 3954 6592
6592 185 314 348 350
3954 573 1902 1919 3701
3467 348 770 5913 6591
6591 348 471 706 809
5913 350 705 706 2612
3466 350 915 1410 6588
6588 350 936 940
339 341 3705 4252 6608
341 4336 4561 4868 6606
4336 4334 4337 6599 6602
6599 180 184 185 1288
4337 219 350 1118 6601
6601 348 350 1118 1445
6602 219 348 350 1443
4868 234 241 350
6606 350 807 1144 1436
6608 348 911 918 6605
6605 350 1056 1549
6613 213 330 342 6611
330 213 331 3973 6582
331 210 706 770 3976
3976 342 927 932
3973 185 573 3701 3974
6582 210 572 2260
6611 65 210 213 314
318 320 6535 6536 6538
6535 557 578 1144 1436
6536 578 911 918 1824
320 3505 3519 6528 6529
6528 314 342 434 5938
5938 427 575 3184 3185
3505 3502 3507 6510 6514
6514 427 868 5943 6512
5943 557 3184 3185
6512 573 578 1855 3500
3500 434 868 922
3507 2958 3494 3499 4768
3494 434 3495 3945 3947
3495 427 920 2954 6506
6506 427 2720 3944
3947 1141 2230 3807 3944
3499 2112 2669 5945
5945 434 1316 2142 2655
2669 434 2284 2286
6510 427 434 772 839
3519 1943 3509 3511 6522
3509 180 184 1368 6520
6520 180 184 723 1288
6522 180 1300 2190 6519
6519 180 184 185 2191
3511 2950 2960 3512 5940
2950 427 434 722 1221
3512 427 1877 2956 3846
3846 434 830 1883
5940 434 770 841 842
1943 180 1413 1768 1941
6529 434 572 933 6526
933 434 927 932 935
935 343 427 433 930
6526 434 471 706 2685
6538 3463 3520 6503 6504
6503 314 416 699 6500
6500 181 407 409 410
3520 3521 4330 6530 6532
6532 405 699 770 936
6530 405 699 706 2612
3521 707 917 4332
3463 405 3454 3457 3458
3457 185 405 699 932
3458 573 1902 1919 3701
6504 572 699 927 5949
5949 3 4 6 410
329 3857 3860 3863 3872
3857 3451 3699 3700 3858
3700 722 767 1883 3693
3699 521 842 2655 3697
3697 841 2142 2284 2286
3451 521 820 3449 6557
6557 433 767 3445 6555
6555 767 1877 3184
3449 471 572 770
820 767 822 1221
822 521 722 830 1883
3858 521 3852 3854 6562
3854 2230 3807 3944 6560
6560 1 2 13 721
6562 767 920 1671 2655
3872 3866 5921 6568 6569
6569 521 772 868 922
6568 521 835 839
5921 767 835 839 1141
3863 3689 3864 4066 5923
3864 541 706 915 4166
4166 471 572
3689 540 915 940 3688
5923 540 705 706 2612
3860 3292 4159 5925 6565
6565 541 927 932 6564
6564 185 314 540 541
5925 540 573 1919 3701
3292 540 766 771 1902
28 83 5957 6491 6495
5957 164 301 507 959
83 165 301 4106 5959
4106 174 519 617
5959 154 296 573
296 3 4 6 297
6495 294 296 311 6493
311 3 6 387
6493 3 6 65 291
6491 3 6 297 387
27 65 288 6487 6488
288 4185 4186 4190 4191
4190 301 475 483 3784
3784 163 164 959
4191 167 303 475 483
4186 513 514 3784 5962
5962 3 5 6 245
4185 301 303 513 514
6487 3991 3992 6482 6483
6482 3 6 389 538
6483 3 6 383 389
3992 3 6 291 3988
3988 5 8 10 944
3991 3 6 391 983
6488 3789 3790 5960 6484
3789 167 445 715 3784
5960 163 164 384 959
6484 211 311 383 391
3790 303 384 445 715
26 65 80 277 6479
80 287 855 856 6477
856 820 823 827 6419
823 521 767 3158 5241
5241 1221 1877
827 342 767 817
817 521 819 1032 1364
819 767 1877 2703
6419 767 846 850 853
850 1888 1896 1897
6477 1394 1404 6445 6476
1404 1389 1392 1397 6444
6444 541 936 1410 6440
6440 219 540 541 782
1392 541 804 806
6445 540 804 813 6442
6442 540 541 806 940
6476 1359 3689 6472 6475
6472 541 813 4066
1359 541 1351 1354 1356
6475 3299 4068
3299 541 3292 3294 3300
3294 294 428 1902 1919
3300 540 706 770 3297
3297 366 367 1919
4068 4070 4412 4414
4070 767 1734 1859 6122
6122 521 2710 3291 5226
5226 721 1033 1859
855 831 844 5992 6418
5992 521 841 842 850
831 521 772 833 868
833 521 697 767 922
6418 722 767 1883 6416
6416 164 521 721 835
844 767 841 842 6417
6417 521 767 830 839
287 909 910 2369 2370
2369 1860 2362 6467 6470
6470 412 2361 2365 3166
3166 405 699 1364 1877
2361 342 699 3163 6462
6462 405 699 722 1221
3163 699 2703 3158 3165
3165 405 1032 1221 1877
2365 2712 3500 6134 6229
6229 427 434 697 1313
6134 434 772 2710 3291
1860 434 1313 1859 1862
1862 427 839 1122 1794
6467 342 405 610 6466
6466 367 422 425 699
425 314 405
2362 427 772 868 922
909 531 894 902 6439
6439 891 899 6433 6434
6434 342 521 896
891 719 892 1377 1382
1382 830 841 842 1883
892 556 724 835 1896
6433 314 521 906 907
907 1 2 13 2513
910 863 876 889 6428
863 405 721 864 1033
864 699 835 839 922
6428 699 868 5984 6427
5984 366 367 719
6427 597 598 866 5985
5985 314 342 556 2347
876 857 862 1889 5987
862 556 1884 1887 1892
1887 719 1888
1892 830 842 1888 1897
857 858 1873 1878 6421
858 556 1882 1883 6420
6420 314 556 719 1364
6421 342 556 719 1877
5987 719 1896 1897
889 800 801 880 6432
6432 699 877 886 5982
886 720 1888 1896 1897
5982 405 842 885 1883
885 830 853 1897
800 699 795 830 1883
795 166 721 722 842
880 699 881 3096 5218
5218 1313 1859 2710 3291
881 405 697 868 5216
5216 1859 2710 3291
801 405 796 839 922
796 720 835 1888 1896
2370 2348 2354 2358 6460
2348 2335 2339 2340 2349
2339 427 853 1897 5975
5975 166 434 721 842
2349 427 2341 2344 6452
6452 434 1882 2332 2347
2332 427 1877 2333 2703
2333 434 1032 1364
2341 427 434 3158 5238
5238 1221 1877
2344 314 342 366 367
2340 2950 3089 3846 3848
2335 2337 2958 2960
2337 434 839 2962 6447
2962 720 1888 1896 1897
6447 165 427 723 2954
2358 1863 1865 1868 6461
6461 789 2190 2352 6459
2352 314 342 434
6459 180 184 1368 6456
6456 184 2183 2184
6460 180 1374 2183 2187
6479 281 282 284 285
282 213 1912 1920 1925
1912 210 813 1913 3178
1913 213 804 1410 3177
3177 806 813 936
3178 782 804 806
1925 367 706 770 1902
285 815 816 1929 1930
1929 348 770 804 6409
6409 350 915 1410
1930 348 782 806 6412
6412 348 813 6408
6408 350 936 940
816 219 350 804 6407
6407 350 806 807
815 350 782 809 813
284 348 1841 1931 6414
1841 348 1354 1836 1839
1931 294 428 1902 1919
6414 350 706 770 1934
1934 366 367 1919
281 210 770 1923 6404
1923 213 915 940
6404 210 1909 1915 1919
1915 210 706 3686 6155
6155 213 2703 3158
3686 1220 1354
277 279 6003 6398 6399
6003 453 1888 1896 1908
1908 164 367 721 1897
279 237 1900 3302 3304
237 213 239 5233
239 210 219 1320 2713
5233 695 1120 1133 1320
1900 213 217 219 782
217 1118 1443 1445
6398 210 350 1118 1902
6399 366 453 853 1903
25 79 271 274 6391
79 254 255 6388 6394
254 1559 1560 1566 6335
1566 213 918 1555 1562
1562 993 1563 5188
5188 476 507 959 1281
1563 507 702 959 1281
1555 210 213 1557 2043
1557 453 2045 6330
6330 154 210 219 456
2045 294 573 920 1008
2043 695 999 1050 1314
1050 507 959 1033 1281
999 959 1222 1281
6335 210 218 918 1562
218 213 219
1560 453 1494 2449 2453
2449 453 853 2447 6088
6088 456 476 1281
2447 302 783 991 1236
783 1 2 13 1281
2453 702 1088 1281 5167
5167 507 959 1088 1264
1494 507 702 959 1264
1559 456 995 1496 6333
1496 476 507 959 1264
6333 294 314 348 6085
6085 294 314 350 930
6388 65 249 6319 6320
6319 219 405 695 1049
1049 507 999 1050 1222
6320 219 699 1052 6316
1052 695 999 1050 1314
6316 294 314 556 719
249 405 1024 1031 1044
1024 918 993 1563 5188
1031 699 918 993 1027
1027 1028 1563 5188
1028 507 601 959 1281
1044 1034 6103 6104 6315
1034 314 719 1036 2977
1036 154 556 719 2977
2977 1 2 13 295
6103 556 706 853 1043
1043 166 617 1264 1281
6315 556 719 722 1032
6104 706 719 853 1041
1041 164 302 1264 1281
6394 250 256 259 262
250 252 405 1516 1522
1522 405 915 6097 6321
6321 405 699 706 1032
6097 154 699 930 1517
1517 302 573 783 813
252 1531 1544 6325 6329
1531 174 578 1532 2038
1532 557 1538 1539
1539 476 959 1281
6325 314 405 699 6093
6093 557 578 1064 1542
1542 702 959 1281
1544 578 1538 1539 6324
6324 405 699 930 1540
1540 1 2 13 295
6329 405 1549 6326 6328
6326 699 915 989
6328 699 1551 1552 6091
1551 507 959 1088 1281
1552 166 617 1281 1549
6091 405 989 1028 1551
1516 154 706 1501 1517
1501 166 507 959 1281
256 258 2071 6064 6351
2071 521 956 2073 3200
2073 203 767 937 1524
937 1 2 13 1281
258 1497 2056 2060 2069
2060 1008 1243 2062 6071
6071 476 1148 1281
2062 314 521 2644 6344
6344 294 314 767 6068
6068 294 521 930
1497 995 1148 1496 1499
1499 702 1143 1281 1494
2056 165 767 2052 2058
2058 521 2051 2054 2976
2976 165 573 706 1032
2051 154 521 767 2974
2974 1 2 13 295
2054 203 937 1524 2052
2052 162 304 783 1017
2069 154 1148 6346 6349
6346 4 407 410 511
6349 573 920 1143 6347
6347 719 906 1308 2064
6351 521 1412 2078 2079
2079 601 959 1088 1281
6064 767 2075 2078 3200
2075 233 956 1277 1412
1277 1 2 13 959
233 1 2 13 1281
259 261 2086 6359 6360
2086 348 732 999 2088
2088 350 2091 6358
6358 180 348 723 1122
2091 959 1033 1281
261 2082 2083 2761 6053
6053 180 1300 1809 2764
1809 1 2 13 1281
2764 164 166 959 1260
2761 314 427 2763 6055
2763 154 427 434 930
6055 427 434 573 1008
2082 184 723 2756 2764
2756 184 2754 2757 6353
6353 180 233 314 434
2757 294 427 434 6059
6059 180 184 1088 1264
2754 601 1088 1264 1281
2083 2084 2982 2983 6050
6050 434 722 853 2986
2986 617 706 916 937
2982 302 434 783 1236
2983 427 617 916 2956
2084 427 434 1032 2987
2987 164 302 1264 2988
2988 164 706 853 1281
6360 350 732 999 6045
6045 348 350 1127 2094
6359 348 350 1122 2090
2090 702 959 1033 1281
262 263 1020 1021 2095
1020 348 706 1017 1018
1018 163 164 959 1281
2095 348 2096 3203 3206
2096 348 350 1064 3209
3209 174 1064 1542 2038
3206 1538 1539 2994 3200
2994 601 959 1281
3203 174 348 2038 3204
3204 350 1538 1539
1021 350 1010 1011 1013
1010 348 573 930 1032
1011 350 573 706 6043
6043 154 348 350 1008
1013 162 165 1015 1017
1015 203 937 1032 1524
263 350 1412 1528 6367
6367 350 2099 2102 6037
2102 601 959 1281 3200
2099 959 1088 1281 2078
6037 348 956 1412 2099
1528 165 348 1523 6040
1523 166 959 1281 1524
6040 304 350 783 956
255 1569 1570 6340 6341
6340 1572 6078 6079 6339
6339 210 213 989 1549
1572 213 314 573 930
6079 154 210 314 930
6078 210 213 294 1008
1569 213 813 1501 3001
3001 154 706 915 1509
1509 164 507 959 1281
1570 345 1032 6080 6337
6080 210 573 915 1509
6337 210 706 813
6341 213 989 1577 6077
6077 210 1501 1549 1577
1577 1028 1551
271 273 6017 6018 6380
273 2036 2429 6021 6377
6377 540 541 989 1549
6021 540 1028 1509 1551
2036 541 1501 1551 6376
6376 540 541 915 989
2429 541 2424 6019 6378
6378 540 541 918 993
2424 918 1028 1549 5188
6019 540 993 1563 5188
6018 540 695 1050 1051
1051 507 959 1222 1281
6380 219 540 541 695
6017 541 1050 1051 1563
6391 265 270 6023 6375
270 2457 2467 2474 6027
2467 719 920 2286 2462
2462 476 601 1281 3596
3596 507 601 959 1264
6027 556 920 995 2465
2465 476 1088 1281 1496
2474 719 2469 2475 6025
6025 556 1809 2470 3596
2470 990 991 1275 1277
2475 556 2025 2029 2286
2029 617 719 722 916
2025 164 302 1264 1281
2469 166 1088 1281 2470
2457 719 995 1496 2458
2458 556 702 1281 1494
265 266 2104 2105 2109
2105 427 2443 2446 6035
6035 434 697 1308 2443
2443 959 1033 1281 5149
5149 507 1033 1264
2446 507 959 1222 1264
2104 427 697 1855 2438
2438 154 557 2038 2440
2440 573 578 2432 6368
6368 174 427 557 1308
266 2106 2112 6028 6029
2106 427 937 991 2107
2107 434 1809 2286 3596
6029 427 1809 2114 3596
2114 233 990 1275 1277
6028 434 920 991 2114
2109 427 920 2111 5075
5075 476 995 1281 1496
2111 434 4902 4903 5077
4903 434 1122 1794 2446
4902 427 702 1281 1494
5077 702 1281 1494 5075
6375 556 1308 2477 2481
2477 556 835 2446 2478
2478 702 719 1281 1494
2481 697 1033 1281 5202
5202 507 959 1033 1264
6023 719 835 2446 2481
274 276 1000 6006 6386
6386 767 1122 2775
2775 163 1033 2091 2094
6006 521 732 999 2775
1000 732 767 999 1002
1002 294 314 540 541
276 1511 2774 2989 6385
2774 521 1539 2995 6009
2995 174 1542 2038
6009 767 2994 2995
2989 767 1538 1539 2990
2990 163 476 521 1538
6385 521 767 1064 1122
1511 1503 1504 1512 6384
1504 540 541 1032 1501
6384 540 541 1008 1505
1505 1 2 13 295
1512 540 541 813 1508
1508 154 573 930 1509
1503 540 541 706 915
24 3 6 65 245
23 75 6310 6311 6313
6311 221 237 1903 6205
6205 350 932 1901 3262
3262 453 661
221 453 2676 2944 5053
5053 991 2608 2635 6201
6201 721 1088 1287
6313 223 227 5112 6219
5112 213 1915 5109 5113
5109 661 706 770 1056
5113 210 927 932 6215
6215 210 213 770 1549
227 210 989 4095 6152
4095 213 234 241
6152 213 1636 1849 5117
5117 927 932 989 1137
6219 210 1008 3591 4540
223 225 4440 4868 6213
225 1851 5070 6208 6209
6208 234 348 350 1636
1851 348 1841 1845 1852
1845 927 932 1008 3591
1852 350 706 770 1848
1848 661 927 1849
6209 241 348 1056 1549
5070 219 350 1137 5068
5068 231 989
6213 348 770 1137 6211
6211 348 989 4429
6310 65 218 6306 6309
6306 210 234 241
6309 213 217 231 242
242 210 1056 1549
75 2698 5094 6302 6303
6303 2651 2657 2946 6228
2657 899 1377 2641 6224
6224 556 719 835 2142
6228 556 902 2635 6146
6146 601 719 721 2655
2651 521 894 2647 2652
2652 661 767 1849 6223
6223 719 772 2644 6222
6222 906 1033 2513 2645
2647 433 930 2608 2727
2946 880 2325 2326 6271
6271 699 2940 6126 6269
6126 405 835 2635 2944
6269 405 839 922 2937
2940 1316 2142 2284 2655
2326 405 2320 2655 2676
2320 991 1316 2142 2284
2325 699 2323 2635 2676
2323 721 991 1088 2944
5094 1394 5096 6292 6295
5096 5085 5091 6278 6279
6279 241 540 1359 3688
6278 234 540 1056 6276
6276 540 541 989 1549
5085 766 781 4068 6274
781 540 541 774 777
777 927 932 1008 3591
774 661 927 932 1849
6274 540 706 770 771
5091 823 5093 6115 6286
6115 521 2142 2284 2286
5093 831 3852 5080 5086
5080 521 835 6280 6282
6280 521 767 949 1316
6282 521 767 839 2655
5086 1650 4527 5087 6116
5087 521 2655 2676 5107
5107 991 2635 2944
6116 721 767 1088 2676
6286 433 767 817 1221
6295 1389 3375 4074 6291
6291 540 1137 1636 4079
6292 219 231 540 6288
6288 231 540 541 989
6302 2287 6297 6298 6301
6301 863 2928 6264 6265
2928 1878 2929 6133 6259
6259 556 719 1221 2286
2929 556 1364 1877 2927
2927 2284 2727
6133 433 719 930 1877
6264 600 602 603 6129
6129 699 721 868 1222
6265 661 719 1849 6131
6131 433 556 930 2608
6297 556 719 2676 2944
6298 556 2142 2167 2639
2698 2677 2689 6257 6258
2677 2679 6141 6234 6235
6235 427 1221 2665 2675
2675 721 1088 2676
6234 427 2635 2669 2944
6141 434 991 2142 2655
2679 2332 2341 2659 2663
2659 434 2660 5064 6231
6231 434 839 2112 2954
2660 427 2142 2284 5067
5067 601 721 2655
5064 949 2635 2676 2944
2663 427 433 442 2728
6257 1860 2362 2695 6254
6254 416 421 609 1535
1535 405 930
6258 2365 2693 3163 3723
2693 2609 3166 6250
6250 405 699 1221 2286
2689 2354 2680 2690 6246
2690 1374 2682 2686 6245
6245 180 184 1768
6246 433 434 1763 6243
6243 184 434 930 1413
2680 199 1865 6240 6241
6240 180 184 661 1300
199 180 184 185 661
6241 180 184 185 661
22 73 186 6197 6200
6197 180 185 205 6194
6194 65 184 185 207
205 180 184 1196 1288
73 180 184 3656 4388
4388 231 241 3616 5153
6200 189 192 196 6196
6196 180 199 202
21 71 162 178 6162
71 65 165 167 170
170 165 715 2413 2416
2416 1 2 13 163
2413 167 384 445 715
178 179 301 475 483
6162 165 174 175
175 177 301 475 483
177 3 4 6 512
20 65 146 160 161
146 8 12 14 15
161 489 1483 6187 6189
6187 387 391 511 6183
6183 3 6 387 389
6189 150 311 1467 6182
6182 8 12 14 15
160 153 156 1486 4057
4057 8 147 944 1489
19 65 153 156 158
158 154 156 454 595
18 10 65 153 6179
6179 5 8
17 144 145 148 6178
145 158 489 1467 6176
6176 3 6 387 6173
6173 3 6 383 391
144 146 312 1484 6168
6168 154 537 3684 6169
6169 12 14 15 215
3684 476 507 945
6178 8 12 14 15
