62 142 452 480 514 7454
7454 65 302 510 513 692
692 3 4 6 451 512
451 7 9 11 16 164
164 1 2 13
512 5 8 10 168
168 12 14 15
510 3 6 512
513 3 4 6 512
65 8 12 14 15
302 7 9 11 16 164
514 3 4 6 512
480 7 9 11 16 166
166 1 2 13
142 165 513 519 691 2601
691 1783 1786 1788 7447 7449
7449 409 512 573 958 982
409 3 4 6
982 3 6 983
983 5 8 10 944
944 12 14 15
958 3 6 944 945
945 5 8 10
573 7 9 11 16 702
702 1 2 13
1786 3 4 6 512 573
7447 3 6 383 943
943 12 14 15 945
383 12 14 15 945
1783 3 6 383 389 447
447 3 4 6 294 512
294 7 9 11 16 164
389 5 8 10 147
147 12 14 15
1788 3 6 983
2601 174 617
174 7 9 11 16 702
617 7 9 11 16 166
165 7 9 11 16 166
519 162 403 488
488 7 9 11 16 702
162 7 9 11 16 164
403 7 9 11 16 702
452 7 9 11 16 702
61 140 5291 7438 7441
140 303 483 493 1478 2605
1478 403 3784
3784 7 9 11 16 164
493 301 403 451 488 6858
301 3 4 6 297
297 5 8 10 168
6858 3 6 291 297 6856
6856 3 6 391 677
391 12 14 15 156
156 5 8 10
677 12 14 15 156
291 5 8 10 944
303 7 9 11 16 164
2605 165 215 297 511 2601
215 3 4 6
511 3 6
483 3 4 6 297
7438 3 6 65 387
387 5 8 10 147
5291 3 4 6 154 297
154 7 9 11 16 476
476 1 2 13
7441 3 6 391 5289 5290
5290 165 203 483 487 496
487 7 9 11 16 702
203 7 9 11 16 166
496 7 9 11 16 166
5289 294 477 573
477 3 4 6 297
60 138 679 5292 7435
679 3 4 6 297 302
5292 154 294 297 409 573
7435 3 6 65 391 677
138 165 174 483 519 617
59 667 668 669 672 7430
672 213 673 4054 4375 4383
4054 210 1777 2191 4050 4056
1777 7 9 11 16 1088
1088 1 2 13
2191 7 9 11 16 166
210 3 4 6 156 662
662 12 14 15
4050 7 9 11 16 601
601 1 2 13
4056 213 1299 3438 3441 4050
1299 7 9 11 16 702
3438 7 9 11 16 1088
3441 210 213 1777 3438 3439
3439 7 9 11 16 1088
673 210 723 1368 4385 7427
723 7 9 11 16 166
4385 7 9 11 16 164
7427 213 2191 2594 2599 4385
2594 723 1033 1222 1287 1368
1222 1 2 13
1287 7 9 11 16
1033 1 2 13
2599 1 2 13 210 1287
1368 7 9 11 16 166
4375 1292 1794 4028 4144 4145
4145 7 9 11 16 476
4144 7 9 11 16 476
1292 7 9 11 16 476
1794 7 9 11 16 1222
4028 7 9 11 16 1222
4383 210 4145 4372 4379 4739
4739 7 9 11 16 702
4379 7 9 11 16 702
4372 210 213 1292 4144 4859
4859 7 9 11 16 702
213 3 4 6 156 662
668 4242 4243 4604 4613 7403
4604 405 699 1296 4599 4602
1296 7 9 11 16 1033
699 3 4 6 662 945
4599 202 1303 1808 3656 4600
1303 7 9 11 16 476
4600 702 1287 3658 3659
3659 7 9 11 16 164
3658 7 9 11 16 164
3656 7 9 11 16 166
1808 7 9 11 16 1222
202 7 9 11 16 166
4602 1 2 13 1287 4600
405 3 4 6 662 945
7403 405 699 3929 4617 4618
4618 7 9 11 16 166
4617 5179 5181 5199
5199 7 9 11 16 601
5181 7 9 11 16 1088
5179 7 9 11 16 1088
3929 7 9 11 16 601
4613 578 1144 4221 4615 7401
1144 7 9 11 16 702
7401 166 405 699 1287 7398
7398 405 557 601 1287 1294
557 3 4 6 156 662
1294 7 9 11 16 476
578 3 4 6 156 662
4221 7 9 11 16 702
4615 578 1141 4596 5342 7399
5342 164 405 699 1088 1287
7399 4 164 166 293 1936
1936 5 8 10 662
293 3 6
1141 7 9 11 16 702
4596 557 578 1294 1820 3433
1820 7 9 11 16 476
3433 7 9 11 16 476
4242 719 4489 4496 4611 7391
4611 405 699 3925 3929 4612
3925 3135 3637 4307 4308
4308 7 9 11 16 476
3135 7 9 11 16 702
4307 7 9 11 16 476
3637 7 9 11 16 702
4612 556 3645 3650 3654 7396
7396 405 597 606 699 4607
597 3 4 6 164 1936
4607 1794 4744 4754 4759 5197
4759 7 9 11 16 1033
4754 7 9 11 16 1033
4744 7 9 11 16 1222
5197 7 9 11 16 1222
606 4 164 166 244 1936
244 3 6
3650 1196 1288 1311 1368 2191
1196 7 9 11 16 164
1288 7 9 11 16 166
1311 7 9 11 16 601
3645 556 719 1303 3641 3644
3644 1 2 13 1287
3641 1 2 13 723 1287
3654 556 598 719 2255 3648
598 3 4 6 166 1936
2255 7 9 11 16 1088
3648 1196 1288 1311 1803 2183
1803 7 9 11 16 164
2183 7 9 11 16 164
556 3 4 6 156 662
7391 719 723 786 3836 5336
786 7 9 11 16 164
3836 556 786 1803 2183
5336 556 1774 1777 4044 4474
4474 7 9 11 16 601
4044 7 9 11 16 601
1774 7 9 11 16 601
719 3 4 6 156 662
4496 556 4467 4470 4486 5339
4486 556 3132 4028 4483 4488
4488 719 1794 4480 4483 4738
4738 7 9 11 16 702
4480 556 1794 4145
3132 7 9 11 16 1222
4483 7 9 11 16 1033
5339 719 1292 1774 4044 4474
4467 556 719 1292 4144 4145
4470 1299 3438 3439 4739 4860
4860 7 9 11 16 702
4489 1368 1777 2191 3438 3439
4243 3674 3922 4155 4244 4370
4370 521 3132 4028 4366 7405
4366 7 9 11 16 1033
521 3 4 6 351
351 5 8 10 662
7405 767 1794 4027 4031 4366
4031 164 166 540 541 1287
540 3 4 6 351
541 5 8 10 244 700
700 4 12 14 15
4027 7 9 11 16 1222
767 3 4 6 351
3674 540 541 3637 3670 3676
3676 540 541 3638 3661 3664
3638 540 541 3634 3635 3637
3634 3135 4307 4308
3635 7 9 11 16 601
3661 3659 3929 5179 5181 5199
3664 202 3656 5179 5181
3670 1794 4744 4754 4759 5197
4155 767 1292 4044 4151 4157
4157 521 1794 4145 4147 4151
4147 521 767 1292 4144 4145
4151 7 9 11 16 702
4244 767 4694 4997 4998 7409
4694 4848 4849 4856 4946 7406
7406 1141 1143 1144 1317 4221
1143 3 4 6 351
1317 7 9 11 16 702
4849 521 767 1196 1288 1311
4848 521 767 1148 1294 2255
1148 5 8 10 511 700
4856 719 1148 3132 4028 4852
4852 7 9 11 16 476
4946 521 767 1303 4943 4948
4948 521 1368 2191 4595 4940
4940 786 1222 1287 2183 4941
4941 702 723 1033 1287 1803
4595 767 1803 2183
4943 723 786 1296 1317 1808
7409 521 4044 4684 4687 4997
4684 7 9 11 16 601
4687 767 1368 2191
4997 7 9 11 16 1088
4998 7 9 11 16 601
3922 540 541 3917 3920 3923
3923 540 541 2255 3913 3916
3913 7 9 11 16 166
3916 540 541 1033 1222 1287
3917 1 2 13 1287 3658
3920 1303 1311 1317 3658 3659
669 453 670 4302 4311 4316
4302 3637 3658 3659 5179 5181
4316 210 1794 4028 4313 4318
4318 213 3132 3138 3139 4313
3139 210 456 1303 3132 3133
456 3 4 6 156 662
3133 1 2 13 453 1287
3138 453 702 1088 1287 3135
4313 7 9 11 16 1033
453 3 4 6 156 662
4311 456 4307 4308 7419 7420
7420 164 166 348 350 1287
348 5 8 10 211 700
211 3 6
350 3 4 6 351
7419 348 350 601 1088 1287
670 4320 4321 4322 5299 7423
5299 348 1222 1287 1803 2257
2257 7 9 11 16 164
4321 348 601 702 1287 5301
5301 348 350 476 1033 1287
7423 350 723 841 1369 1410
1369 7 9 11 16 166
1410 7 9 11 16 166
841 7 9 11 16 166
4320 1 2 13 350 1287
4322 348 350 720 806 5036
806 7 9 11 16 164
5036 7 9 11 16 164
720 7 9 11 16 164
7430 65 451 510 513 664
664 210 666 1196 5383 5384
5383 4 293 294 512 573
666 213 958 1288 3677 7364
7364 3 6 383 943
3677 210 1288 1311 3678 5387
3678 1 2 13 213 1287
5387 210 213 476 1088 1287
5384 165 452 513 617
667 3938 4234 4238 4239 7415
7415 186 189 4047 4048 7412
189 180 184 202 3658 3659
184 3 4 6 662 945
180 3 4 6 662 945
186 180 184 3656 3658 3659
4048 180 3438 4037 4044 5377
5377 166 427 434 1287
434 3 4 6 662 945
427 3 4 6 662 945
4037 427 434 1296 4032 4035
4032 1 2 13 1287
4035 1 2 13 1287
7412 180 184 202 1196 1288
4047 184 3656 4044 7367 7368
7367 7 9 11 16 1088
7368 427 434 1196 1311 2255
4239 427 1774 4500 4504 4507
4500 557 1144 4221 4502 7384
7384 557 578 1141 1317 3433
4502 427 434 4745 4754 4759
4745 557 578 1303 1317 4747
4747 427 772 1794 3603 4744
772 7 9 11 16 1222
3603 7 9 11 16 1222
4507 7 9 11 16 601
4504 3929 5179 5181
4238 434 3135 3637 4497 4504
4497 427 434 1794 4748 4751
4748 3135 3637 4307 4308 4759
4751 772 3603 4307 4308 4744
3938 427 434 723 3933 3936
3936 202 3656 3658 3659 5199
3933 203 1369 3656 3658 3659
4234 4224 4225 4232 4233 4235
4233 350 1636 1776 1780 5369
5369 348 723 1369 1777 4228
4228 16 841 1088 1261 1410
1261 7 9 11
1780 348 949 1774 1802
949 7 9 11 16 1088
1802 7 9 11 16 601
1776 7 9 11 16 1088
1636 7 9 11 16 1088
4232 348 350 1316 1636 7377
1316 7 9 11 16 601
7377 234 350 720 1774 1802
234 7 9 11 16 601
4225 350 1820 3434 4221 7371
3434 348 350 1141 3430 3433
3430 7 9 11 16 476
7371 348 350 1294 1316
4224 234 348 350 1144 4221
4235 350 3125 3131 3839 7380
3839 207 348 350 1313 3837
207 164 166 180 184 1287
1313 7 9 11 16 1033
3837 7 9 11 16 1222
7380 348 350 1133 1313 3128
3128 7 9 11 16 1033
1133 7 9 11 16 1033
3125 7 9 11 16 1222
3131 348 350 1141 1445 3128
1445 7 9 11 16 1222
58 8 12 14 15
57 133 646 649 7358 7359
133 653 4735 4842 4843 7354
7354 434 4588 4674 4680 5437
4674 231 241 1436 3261 5153
231 7 9 11 16 1088
5153 7 9 11 16 1088
3261 7 9 11 16 702
1436 7 9 11 16 702
241 7 9 11 16 601
5437 231 241 427 3616 5153
3616 7 9 11 16 601
4680 427 4563 4570 4672 4673
4672 427 434 1320 4668 4670
1320 7 9 11 16 1033
4670 7 9 11 16 1033
4668 7 9 11 16 1222
4673 557 578 660 2231 7320
660 7 9 11 16 476
2231 557 1141 2229 2230 5442
2229 7 9 11 16 702
5442 471 578 2227
471 7 9 11 16 702
2227 7 9 11 16 476
2230 7 9 11 16 702
7320 427 471 557 1308 2396
1308 7 9 11 16 1222
2396 427 772 1312
1312 7 9 11 16 1222
4563 457 1436 3261 3907 4670
457 7 9 11 16 476
3907 7 9 11 16 476
4570 434 457 1443 3907 4668
1443 7 9 11 16 1222
4588 2686 4576 4582 4589 7310
4582 427 434 3616 4578
4578 782 936 1224 4716
782 7 9 11 16 164
936 7 9 11 16 166
4716 7 9 11 16 164
1224 7 9 11 16 166
7310 185 427 471 660 7308
185 7 9 11 16 601
7308 427 434 660 1220 1221
1221 7 9 11 16 1222
1220 7 9 11 16 1033
2686 180 184 232 1300 3428
1300 7 9 11 16 601
3428 7 9 11 16 1088
232 7 9 11 16 1088
4589 1763 2682 7313 7314 7315
7315 180 185 2191 7312
7312 180 184 185 661 4587
4587 7 9 11 16 164
661 7 9 11 16 1088
2682 180 184 990 1413 3428
1413 7 9 11 16 601
990 7 9 11 16 1088
1763 180 184 232 990
7313 180 184 185 661 786
7314 180 184 1300 1768 2191
1768 7 9 11 16 601
4576 184 1768 2912 2913 7307
2913 185 343 427 434 2910
2910 366 661
366 7 9 11 16 164
343 7 9 11 16 166
7307 427 434 471 1221
2912 184 343 427 1413
4842 405 1320 5418 7336 7339
5418 699 1443 4668 4670
7339 405 1323 1443 4668 4670
1323 699 1320
7336 4 244 601 1088 1936
4735 4719 4720 4729 4730 4736
4730 578 2229 2230 4723 7330
4723 557 578 609 1141 1294
609 4 293 601 1088 1936
7330 185 405 578 1294 7328
7328 343 366 405 661 699
4719 405 699 1220 1221 4715
4715 185 471 660 4716
4736 241 405 699 4731 4734
4731 231 3616 5153
4734 7 9 11 16 166
4720 405 699 782 936 4712
4712 471 660 1221 1224 4713
4713 7 9 11 16 164
4729 557 578 2227 2587 7326
7326 4 293 601 1088 1936
2587 7 9 11 16 476
4843 556 3910 4023 4833 4837
4837 556 600 661 719 4831
4831 185 343 366 1236 1237
1237 7 9 11 16 164
1236 7 9 11 16 164
600 3 4 6 601 1936
3910 241 699 3261 3907 3912
3912 405 457 699 1436 3906
3906 3261 3907
4023 471 719 1220 1221 4025
4025 556 660 719 4020
4020 471 916 1220 1221
916 7 9 11 16 166
4833 185 343 366 938 1239
1239 7 9 11 16 166
938 7 9 11 16 166
653 4937 4993 5030 5031 7353
5031 1225 3278 5394 5395 7351
7351 185 540 541 661 782
3278 521 767 3269 3272 3275
3272 919 994 1140 2241 5157
919 7 9 11 16 702
1140 7 9 11 16 702
2241 7 9 11 16 702
994 7 9 11 16 476
5157 7 9 11 16 476
3269 521 767 1266 2244 3266
1266 7 9 11 16 1222
3266 7 9 11 16 702
2244 7 9 11 16 476
3275 994 1413 2244 5157
5395 471 540 660 1221 4716
1225 540 541 1220 1221 1223
1223 7 9 11 16 166
5394 185 471 541 660 4716
4937 556 4928 4931 4939 5414
5414 719 784 916 938 1239
784 7 9 11 16 164
4939 556 2252 4813 4922 4926
2252 556 2219 2220 2249 2254
2254 719 1266 2240 2246 2249
2240 7 9 11 16 702
2246 556 1266 2244
2219 7 9 11 16 1222
2220 7 9 11 16 1222
2249 7 9 11 16 1033
4813 556 719 994 1413 4810
4810 7 9 11 16 702
4922 232 994 3428 5157
4926 719 1300 1768 2244 5157
4931 784 1236 1237 1300 1768
4928 556 719 990 1413 4986
4986 7 9 11 16 1088
7353 1232 3631 3828 4466 7305
3631 241 541 3615 3618 3632
3615 457 3261 3616 3907
3618 457 540 1436 3261 3907
3632 540 1443 3624 7296 7298
3624 231 241 540 541 3626
3626 540 782 3616 5153 5461
5461 541 936 1224 5153
7298 540 541 1320 1443 3629
3629 4668 4670
7296 541 1320 1436
4466 4450 4451 4460 4461
4460 348 350 1316 5015 5017
5017 720 1270 1300
1270 7 9 11 16 601
5015 7 9 11 16 166
4450 350 1141 1294 2227 2587
4461 348 350 2655 4456 4457
2655 7 9 11 16 601
4457 7 9 11 16 601
4456 7 9 11 16 1088
4451 348 1316 2655 3399 4444
4444 1294 2227 2229 2230 2587
3399 350 2229 2230
7305 348 350 1313 4462 7303
4462 7 9 11 16 1222
7303 180 184 185 661
3828 348 350 1231 1313 1859
1231 7 9 11 16 1033
1859 7 9 11 16 1033
1232 348 350 1141 1228 1231
1228 7 9 11 16 1222
4993 1251 1252 2592 2593 4994
1251 521 660 767 1221 1247
1247 471 784 916 1220
4994 767 1300 1768 4990 7348
4990 7 9 11 16 1088
7348 521 1300 1768 1771 4992
4992 232 990 1413 3428
1771 767 938 1239
2593 719 2219 2220 2583 7347
2583 471 660 1143 1148 2229
7347 185 343 366 767 5404
5404 1141 1143 2230
1252 521 938 1239 1242 1244
1244 471 916 1220 1221 1246
1246 7 9 11 16 164
1242 767 1236 1237
2592 1148 1294 2227 2587 7346
7346 343 521 657 661 767
657 185 366
5030 521 2219 2220 5026 7352
5026 7 9 11 16 1033
7352 767 1266 2218 2224 5026
2218 7 9 11 16 1222
2224 343 366 540 541
7358 65 210 213 660 661
7359 185 210 343 366 5390
5390 185 213 343 366 471
649 650 4828 4917 5467 7293
5467 231 453 782 4716 5153
7293 348 350 366 456 3907
650 210 1266 2220 5124 7294
7294 213 2219 3264 3265 5124
3265 210 453 661 2219 3261
3264 366 453 456 471 660
5124 7 9 11 16 1033
4917 453 456 457 1436 7291
7291 185 343 348 350 661
4828 350 4816 4822 4823 5471
4816 471 661 1221
4823 841 842 1896 5154 5156
842 7 9 11 16 166
5156 7 9 11 16 166
1896 7 9 11 16 164
5154 7 9 11 16 164
5471 348 720 1221 1896 5154
4822 185 348 350 471 4819
4819 660 1220
646 210 3411 3421 3424 7285
7285 210 938 990 3406 5477
5477 213 232 919 990 3428
3406 213 1300 1413 1768
3411 210 916 1239 3408 3413
3413 213 938 2234 2238 3408
2234 916 1220 1221 1239
2238 210 471 1220 1221
3408 7 9 11 16 164
3424 232 1300 1413 1768 3428
3421 213 1140 2241 3418 3423
3418 7 9 11 16 476
3423 210 919 3415 3418 4710
4710 7 9 11 16 702
3415 213 1266 2220
56 132 1725 1751 1760 7242
1751 1732 1733 1743 7218 7219
1732 540 541 697 3600 7206
697 7 9 11 16 1033
3600 7 9 11 16 1033
7206 540 1120 1133 1322 5537
1322 7 9 11 16 1033
5537 541 922 1122 1688 2207
1688 7 9 11 16 1222
2207 7 9 11 16 1222
922 7 9 11 16 1222
1122 7 9 11 16 1222
1120 7 9 11 16 1033
7218 767 1688 1749 7214 7217
1749 7 9 11 16 1033
7214 521 697 767 1122 1313
7217 521 1120 1133 1322 1728
1728 767 922 1730 2207
1730 164 344 540 541 1085
1085 7 9 11 16
344 7 9 11 16 166
7219 1738 1739 1741 3250 3253
1741 344 541 1196 2915 5533
5533 164 540 601 1085 1287
2915 7 9 11 16 1088
1739 521 1294 1688 2207 5535
5535 767 1140 1144 2204 5165
2204 7 9 11 16 1033
5165 7 9 11 16 1033
1738 521 767 911 922 7207
7207 521 767 920 1122
920 7 9 11 16 702
911 7 9 11 16 702
3253 540 1174 1303 1355 3254
3254 541 702 1033 1085 1287
1174 7 9 11 16 1222
1355 7 9 11 16 1033
3250 540 574 1285 2915 3251
1285 7 9 11 16 476
574 7 9 11 16 702
3251 476 541 601 1085 1287
1733 541 1144 2850 2854 2862
2862 540 541 911 2856 2859
2859 1064 1150 1316 3348 5098
1150 7 9 11 16 476
3348 7 9 11 16 476
1064 7 9 11 16 476
5098 7 9 11 16 476
2856 920 1140 1144 2550 5155
5155 7 9 11 16 476
2550 7 9 11 16 476
2850 911 920 1140 2204
2854 540 2207 2849 5170
5170 7 9 11 16 476
2849 922 1122 1294 1688
1743 540 3363 3372 3377 7213
3377 7 9 11 16 1088
3363 540 541 806 3357 3360
3360 165 830 991 1657 1658
991 7 9 11 16 1088
1657 7 9 11 16 166
1658 7 9 11 16 166
830 7 9 11 16 166
3357 784 1316 2487 2488 2558
2487 7 9 11 16 601
2488 7 9 11 16 601
2558 7 9 11 16 601
3372 540 541 804 3366 3369
3369 720 1162 1174 4202 5166
5166 7 9 11 16 164
4202 7 9 11 16 164
1162 7 9 11 16 164
3366 165 830 853 1657 1658
853 7 9 11 16 164
804 7 9 11 16 164
7213 541 1137 1636 3380
3380 232 2487 2488 2558
1137 7 9 11 16 1088
1725 1715 1718 1727 7198 7201
7198 165 521 1174 1355 5543
5543 767 1033 1085 1222 1287
1715 344 521 767 1311 3242
3242 1 2 13 1085 1287
1727 719 1681 1714 2529 7197
7197 556 1118 1445 2219 2526
1118 7 9 11 16 1222
2526 556 719 835 1141 4204
4204 7 9 11 16 702
835 7 9 11 16 1222
2529 7 9 11 16 1033
1681 521 1659 1663 1670 1682
1663 1140 1144 2550 5155 5170
1659 767 1137 1650 1660 5555
5555 521 784 2487 2488 2558
1660 165 767 830 1657 1658
1650 521 767 991 1316
1682 521 767 1675 1678 7186
1675 232 1636 2487 2488 2558
1678 7 9 11 16 1088
7186 521 767 920 1316 1412
1412 7 9 11 16 1088
1670 521 767 911 1064 1666
1666 7 9 11 16 476
1714 556 2508 2520 2524 7194
2520 7 9 11 16 1033
7194 719 900 1148 1285 2219
900 556 719 835 1313
2524 574 719 1143 2517 7191
7191 1 2 13 2513
2513 3 4 6 1936
2517 7 9 11 16 1222
2508 556 2504 2510 3348 5098
2504 702 1064 1065 1150 1290
1290 7 9 11 16
1065 7 9 11 16 702
2510 556 719 995 1141 2505
2505 403 920 1060 1820 2244
1060 7 9 11 16 476
995 7 9 11 16 476
1718 521 574 1285 1303 1720
1720 574 767 1285 1303 1311
7201 767 1154 1161 1165 7180
1161 7 9 11 16 164
1154 1147 1148 1149 1155 3348
1149 7 9 11 16 476
1147 344 521 767 1089 1196
1089 7 9 11 16 164
1155 911 920 1140 1143 1144
7180 521 720 767 804 853
1165 521 806 830 1657 1658
7242 1755 1756 1758 3099 3102
3102 556 719 722 3104 3820
3104 556 719 3813 3815 3823
3823 476 940 1085 1287 3821
940 7 9 11 16 166
3821 1 2 13 1085 1287
3815 1 2 13 1085 1287
3813 1 2 13 1085 1287
3820 1 2 13 1085 1287
722 7 9 11 16 166
1756 556 2148 2152 2160 5525
2148 7 9 11 16 601
5525 719 938 951 991 2146
951 7 9 11 16 1088
2146 7 9 11 16 1088
2152 556 719 940 1410 2142
2142 7 9 11 16 601
2160 556 719 2154 2157 7225
2157 938 1162 1410 4202 5166
7225 556 719 720 722 1888
1888 7 9 11 16 164
2154 7 9 11 16 164
1755 719 2142 2167 2170 7228
2170 7 9 11 16 601
2167 556 719 949 991
7228 556 719 2149 2172 2838
2838 7 9 11 16 702
2149 7 9 11 16 601
2172 7 9 11 16 1088
1758 699 1120 1133 3096 7235
7235 405 699 1322 3109 4352
3109 7 9 11 16 1222
4352 7 9 11 16 1033
3096 405 697 699 772
3099 699 3604 3609 7230 7231
7230 556 719 926 1084 1311
926 7 9 11 16 601
1084 7 9 11 16 166
7231 405 1033 1290 1322 5514
5514 556 719 1089 1196 1288
3609 7 9 11 16 1222
3604 556 597 598 1084 3606
3606 606 699 772 1312 3603
132 634 638 639 7279 7282
7282 65 620 624 625 7277
625 434 1203 1204 2894 7154
1204 1205 2898 2902 5577 7161
1205 434 1120 1133 2906 7164
2906 7 9 11 16 1222
7164 427 434 1794 2329 2907
2907 7 9 11 16 1033
2329 427 434 697 1313
2902 174 557 578 1060 3396
3396 1701 2244
1701 7 9 11 16 702
5577 578 2550 3808 5155 5170
3808 7 9 11 16 702
2898 427 2900 3383 3389 7157
7157 427 434 922 1122 1322
3389 7 9 11 16 1222
2900 427 1794 2396 3386 7156
3386 174 557 574 578 3806
3806 7 9 11 16 702
7156 476 557 578 1085 1287
3383 476 557 574 578 1085
7161 557 578 995 1294 1820
1203 434 2878 2885 2889 7151
2889 427 911 1144 3348 5098
7151 427 434 920 1122 1140
2885 7 9 11 16 476
2878 427 2720 2873 5585 7150
7150 427 434 1064 1140 2112
2112 427 956 1774
956 7 9 11 16 601
5585 434 911 1144 1679
1679 7 9 11 16 1088
2873 507 601 1150 2487 2558
507 7 9 11 16
2720 427 434 920 1316
2894 2487 2488 2558 2559 2944
2559 7 9 11 16 1088
2944 7 9 11 16 1088
7154 427 1137 1636 2665 2891
2891 232 427 434 1412
2665 427 434 991 1316
620 348 621 1176 1182 1188
1188 165 348 350 804 7146
7146 348 350 720 806 1185
1185 7 9 11 16 164
621 453 1189 1192 7148
1189 344 348 350 1311 3078
3078 1 2 13 1085 1287
7148 344 348 350 1089 1196
1192 784 1412 1679 2559 2944
1182 830 1162 1658 4202 5166
1176 350 1172 1178 1657 1658
1172 165 830 1174 1355
1178 348 1105 1167 1174 1296
1167 350 574 1169 1285 1303
1169 348 574 1285 1303 1311
1105 7 9 11 16 1033
7277 626 2179 2196 7251 7252
2196 184 1368 2183 2198 7248
2198 180 1270 2149 2183 7249
7249 184 948 1086 1637 7246
1086 7 9 11 16 1088
7246 180 184 723 786 2191
1637 7 9 11 16 1088
948 7 9 11 16 1088
7248 180 184 786 1803 2191
7252 348 1749 2199 2204 5165
2199 348 350 1122 1140 2485
2485 7 9 11 16 1222
7251 350 697 1120 2202 2207
2202 348 1313
2179 350 1133 1863 1868 2181
1868 180 184 723 1196 1288
2181 180 348 1368 2177 7243
7243 348 350 1122 1322
2177 7 9 11 16 1222
1863 164 166 180 184 1287
626 210 1691 1703 1706 7178
1691 213 1120 1133 1333 1693
1693 210 922 1684 1688 2207
1684 456 1303 1685 3133 3351
3351 453 456 476 702 1085
1685 174 453 1089 1317 2915
1333 210 213 1122 1322
1706 1144 1313 1749 2204 5165
7178 210 213 1122 1140 1709
1709 697 922 1688 2207
1703 453 456 1697 1700 1704
1697 7 9 11 16 476
1700 7 9 11 16 702
1704 453 804 806 853
624 1210 1212 4116 7167 7174
1212 405 877 4284 4354 5569
4354 1054 1285 1303 3577 4355
3577 7 9 11 16 166
4355 166 702 1174 1287 1290
1054 7 9 11 16 166
877 405 699 841 853
5569 476 699 702 1085 1287
4284 405 699 1174 1355 4280
4280 496 722 1033 1085 1287
7167 164 181 422 1936 5572
422 4 164 166 293 1936
5572 601 699 1085 1088 1287
181 3 4 6
7174 405 699 1208 1217 7172
1217 7 9 11 16 164
1208 7 9 11 16 166
7172 162 405 699 784 1216
1216 7 9 11 16 164
4116 166 409 1936 4117 5573
4117 164 166 405 1085 1287
5573 164 166 699 1085 1287
1210 405 578 1701 3807 4121
3807 7 9 11 16 702
4121 1 2 13 1085 1287
634 210 635 1640 1648 2208
1640 911 920 1150 3348 5098
635 213 1679 2213 2559 5495
2213 911 920 1144 2944
5495 210 1316 2487 2488 2558
2208 210 759 1137 1636 2210
2210 210 830 991 1657 5498
5498 213 1316 2487 2488 2558
759 210 213 232 1412
1648 210 213 1064 1140 1643
1643 7 9 11 16 476
638 350 2558 2559 7260 7263
7263 232 348 991 1636 2489
2489 348 350 1657 2487 2488
7260 348 350 1137 1316 1412
7279 642 643 2566 2569 7270
2569 427 434 574 926 4288
4288 1 2 13 1085 1287
642 427 2561 2563 3080 3086
2563 427 1657 2565 3094 5166
2565 434 804 806 3089 7268
7268 165 427 434 723 784
3089 427 434 720 853
3094 496 830 1162 1369
3080 427 434 830 1657 4202
3086 1 2 13 1085 1287
2561 434 1174 1303 1658 3084
3084 165 476 1033 1085 1287
643 210 645 4210 4216 4219
4219 165 213 830 1303 4215
4215 1033 1085 1222 1287 1658
645 210 213 4130 4359 4362
4359 1 2 13 1085 1287
4362 1 2 13 1085 1287
4130 210 1658 4126 4132 5166
4126 7 9 11 16 164
4132 165 210 213 784 4127
4127 804 806 853 1657
4216 1 2 13 1085 1287
4210 213 574 1285 2915 4212
4212 210 476 601 1085 1287
2566 344 427 1089 1196 2567
2567 344 434 926 1089 1196
7270 180 232 1086 1637 5486
5486 184 949 1270 2149
639 350 2541 2549 2553 5492
5492 348 920 1150 3348 5098
2541 348 1064 1316 2543 7257
2543 348 2487 2488 2558 5494
5494 350 920 1140 1679 2944
7257 350 911 1144
2549 7 9 11 16 476
2553 348 350 911 1144 1294
1760 405 1761 3114 3115 4133
3114 234 699 1056 2550 7237
7237 174 405 699 1413 2937
2937 405 699 949 2286
2286 7 9 11 16 601
1056 7 9 11 16 601
3115 699 1701 3117 3808 4140
4140 1294 3807 5155 5170
3117 174 405 699 2244 4141
4141 7 9 11 16 476
1761 234 405 1056 1414 7241
7241 405 951 2286 3122 5508
3122 7 9 11 16 1088
5508 699 841 1679 2559 2944
1414 405 699 1412 1413
4133 1629 1637 1701 3807 3808
1629 7 9 11 16 1088
55 65 618 3346 7139 7140
7140 210 213 3223 3227 3239
3223 174 913 2787 5189 5192
2787 7 9 11 16 702
5192 7 9 11 16 476
913 7 9 11 16 702
5189 7 9 11 16 476
3239 453 456 1069 3240 3799
3799 162 303 1076 1295 3018
3018 7 9 11 16 1088
1076 7 9 11 16 164
1295 7 9 11 16 164
1069 7 9 11 16 476
3240 456 1590 3011 5692 7072
7072 348 350 926 1084 1089
3011 7 9 11 16 476
5692 453 948 1067 3009 5103
1067 7 9 11 16 702
5103 7 9 11 16 1088
3009 7 9 11 16 702
1590 7 9 11 16 476
3227 7 9 11 16 1222
3346 2138 3027 3034 7079 7080
7080 210 213 3341 3345
3341 1086 1629 3058 5190 5196
5190 7 9 11 16 601
5196 7 9 11 16 1088
3058 7 9 11 16 601
3345 7 9 11 16 166
3034 165 174 514 519 617
7079 3 6 389 983 7078
7078 213 448 1084 1786 1788
448 3 4 6 294 512
2138 210 213 1105 2133 2136
2133 1 2 13 1085 2134
2134 162 1581 4008 5191
5191 7 9 11 16 164
1581 7 9 11 16 164
4008 7 9 11 16 166
2136 476 1085 1222 2134 3345
3027 210 926 1084 1285 3029
3029 213 601 702 1085 5686
5686 164 210 213 1085 1088
618 3059 3074 7133 7134 7136
3059 1072 3049 3051 7122 7124
7122 174 578 699 1084 7119
7119 166 405 601 1085 5611
5611 164 405 699 1085 1088
1072 557 578 1060 1064 1073
1073 557 578 1065 1068
1068 7 9 11 16 476
3049 557 578 911 1060 7120
7120 557 578 1065 1068
3051 405 699 1105 5010 5013
5010 705 1285 3345 4008 5011
5011 162 702 1085 1581 5191
705 7 9 11 16 1222
5013 1 2 13 1085 5011
7124 405 699 3055 3056 3058
3056 7 9 11 16 166
3055 1086 1629 5190 5196
7134 2834 3040 3047 4012 5623
2834 2825 2826 2827 7112 7113
2827 3012 3213 3214 5629 7108
5629 521 767 926 1084 1089
7108 521 767 1069 1148 1797
1797 7 9 11 16 1088
3214 1 2 13 2513 5632
5632 702 1085 1143 1593
1593 7 9 11 16 702
3213 476 719 1085 1148 1312
3012 1067 1143 1148 3009 3010
3010 7 9 11 16 476
7112 521 1137 1629 1632 5628
1632 7 9 11 16 601
5628 767 956 1056 1412 1629
2826 165 767 1582 1588 2120
1582 7 9 11 16 164
2120 162 521 767 804 2119
2119 7 9 11 16 166
1588 162 521 804 1582
2825 165 521 767 1285 3217
3217 1 2 13 1085
7113 521 767 1057 1137 1412
1057 521 767 956 1053 1056
1053 7 9 11 16 166
3040 556 719 1076 1105 4019
4019 162 303 1085 1222 1295
4012 556 719 1084 1285 4009
4009 1 2 13 1085
5623 556 705 1079 1107 4016
1079 7 9 11 16 166
4016 162 165 303 496
1107 7 9 11 16 166
3047 405 699 3036 3042 7116
3036 405 699 3058 3802
3802 174 913 2787 5189 5192
3042 3227 4001 5164 5194
5194 7 9 11 16 1033
5164 7 9 11 16 1033
4001 7 9 11 16 1222
7116 164 166 556 719 1085
3074 719 3071 3072 3076 7127
3072 7 9 11 16 1222
3071 7 9 11 16 1033
7127 556 1312 3069 3071 4277
3069 719 1067 3009
4277 7 9 11 16 1222
3076 719 3019 3064 4107 5606
4107 165 496 948 1107 5103
5606 556 1076 1295 3018 5103
3064 556 719 1594 4197 4200
4197 1100 1590 2127 3011 5206
5206 7 9 11 16 601
2127 7 9 11 16 601
1100 7 9 11 16 601
1594 556 719 1069 1589 1593
1589 7 9 11 16 476
4200 174 403 948 1067 3009
3019 556 719 1079 3015 3018
3015 7 9 11 16 601
7133 2788 2797 2805 2822 2823
2822 521 1118 1128 7102 7105
7105 767 1118 1128 2815 7103
7103 521 767 1120 1127 2820
2820 7 9 11 16 1033
1127 7 9 11 16 1033
2815 164 166 540 541 1085
7102 521 767 1120 1122
1128 7 9 11 16 1222
2788 540 541 2784 2785 2787
2784 174 913 5189 5192
2785 7 9 11 16 601
2805 540 541 2787 2800
2800 3227 4001 5164 5194
2823 2808 2811 2812 3328 7101
2811 540 541 1797 3335 4007
4007 7 9 11 16 166
3335 540 541 1033 1085 1222
3328 521 767 1060 1064 1068
2812 540 541 3337 3338 3340
3337 162 702 1085 1581
3338 1 2 13 1085
3340 1 2 13 1085 5191
2808 521 767 1068 1632 7100
7100 521 767 911 1064 1122
7101 174 521 767 911 1065
2797 541 2796 2799 3345 4008
2796 7 9 11 16 1088
2799 540 2792 3058 5190 5191
2792 7 9 11 16 1088
7136 434 5063 5099 7131 7132
7131 427 956 2126 5102 5602
5102 948 1079 3018 5103
2126 7 9 11 16 601
5602 174 403 434 948
7132 1129 1608 1619 7095 7096
7095 348 350 1056 1137 1412
1608 350 804 940 1603 1610
1603 162 165 1033 1054 1085
1610 348 804 1602 1606 4348
1602 350 702 1085 1222 5665
5665 348 350 476 1085 1088
1606 162 1085 1222 1582
4348 1 2 13 1085
1129 1091 1094 1103 1111 1130
1094 180 184 1369 2780 2781
2780 1 2 13 1256 2257
1256 7 9 11 16
2781 7 9 11 16 601
1103 180 184 1086 5677 7083
5677 164 427 434 1085
7083 184 948 1100 1270 7081
7081 166 180 434 948 1085
1111 427 434 1105 1106 1113
1113 434 1076 1081 1106 1295
1081 162 303 434 1079 1083
1083 162 303 427 1076 1295
1106 165 496 1085 1107 1222
1091 427 434 1084 1285 2123
2123 1 2 13 1085
1130 350 1118 1122 7086 7088
7088 348 1065 1114 1125 1127
1125 7 9 11 16 1033
1114 348 350 1116 1128 2820
1116 180 348 1118 1122 1369
7086 350 1120 1127 1128
7096 165 348 1054 1625 7094
1625 348 350 940 956 1582
7094 348 350 1629 1630 1632
1630 956 1412
1619 348 350 911 1612 1620
1620 174 348 1056 1632 5659
5659 174 350 1060 1068
1612 348 1060 1064 1068 5661
5661 350 1064 1065
5099 1100 2127 3018 5103 5206
5063 427 4807 4905 4906 4910
4906 7 9 11 16 1222
4807 427 1590 3011 4800 4808
4808 427 434 1067 3009 4805
4805 7 9 11 16 1222
4800 427 434 1069 1593 4797
4797 7 9 11 16 476
4905 7 9 11 16 1033
4910 434 1312 3324 4905
3324 557 578 911 3323 7128
7128 174 427 557 1312
3323 1 2 13 1085
7139 210 515 4001 4006 7138
515 3 4 6 302 512
4006 453 1089 1593 1797 3351
7138 210 213 3227 4001 4062
4062 7 9 11 16 1033
54 110 612 613 614 7069
7069 514 535 617
535 3 5 6 245
245 8 10 12 14 15
612 165 435 513 514 715
435 294 427 434 1902 1919
1919 7 9 11 16 166
1902 7 9 11 16 166
715 12 14 15 181 945
614 427 433 434 616 6875
616 427 428 429 439 1849
439 366 367 427 434 1902
367 7 9 11 16 164
428 7 9 11 16 164
1849 7 9 11 16 1088
429 427 434 930 1919
930 7 9 11 16 601
6875 427 434 661 2608 2728
2728 427 434 930 2727
2727 7 9 11 16 1088
2608 7 9 11 16 1088
433 7 9 11 16 601
613 165 301 535 716 5695
5695 301 483 513 617
716 165 483 617 713 715
713 167 475
475 12 14 15 215 945
167 12 14 15 156 181
110 505 3757 3758 3769 6918
3758 535 1948 3573 3729 3749
1948 162 427 434 938
3749 434 2918 3543 3577 5781
5781 427 804 806 1236 1803
3543 427 434 704 1220
704 7 9 11 16 1222
2918 7 9 11 16 166
3729 434 3546 3547 3550 3730
3550 427 434 471 572 704
572 7 9 11 16 702
3547 154 427 434 471 5208
5208 7 9 11 16 476
3546 7 9 11 16 476
3730 427 434 1354 1364 6908
6908 427 434 572 1032 2612
2612 7 9 11 16 1222
1032 7 9 11 16 1033
1354 7 9 11 16 1033
1364 7 9 11 16 1033
3573 165 427 434 1524 2612
1524 7 9 11 16 166
3757 165 427 723 3750 5778
3750 782 916 936 940 1410
5778 434 782 804 806 813
813 7 9 11 16 164
6918 65 434 3738 3746 5783
3738 234 241 989 1056 1549
989 7 9 11 16 1088
1549 7 9 11 16 601
3746 427 434 3735 4170 4173
4173 7 9 11 16 476
4170 993 1060 1144 1436 1820
993 7 9 11 16 476
3735 427 434 2112 4255 4258
4258 7 9 11 16 601
4255 231 911 918 1137 1636
918 7 9 11 16 702
5783 231 427 989 1137 1636
3769 3760 3762 3770 5776 5777
5777 294 428 699 1902 1919
3760 405 535 930 2724
2724 427 1118 1308 1445 2396
3762 434 1122 1794 4099 5775
4099 457 1118 1266 1443 1445
5775 427 911 918 1144 1436
3770 427 434 1266 1855 3765
3765 7 9 11 16 1033
1855 427 1122 1794
5776 366 367 405 1902 1919
505 3141 3143 3154 3532 6892
3154 699 1420 1428 3149 6905
3149 951 956 2078 3153 3200
3153 7 9 11 16 1088
2078 7 9 11 16 1088
3200 7 9 11 16 601
1420 1064 1538 2487 2739 5155
1538 7 9 11 16 476
2739 7 9 11 16 601
6905 699 3148 4339 6903
3148 405 699 1412 1413 4342
4342 784 956 2487 2739 3200
6903 232 405 699 950 3153
950 7 9 11 16 1088
4339 7 9 11 16 166
1428 174 405 699 1413 1423
1423 7 9 11 16 702
3532 2609 2695 3723 5795 5796
5796 154 405 471 572 3546
2609 405 661 699 2608
3723 405 433 699 930 2727
5795 154 660 699 1285 1303
2695 405 433 699 1849
3143 699 1954 1962 2735 3144
1962 174 405 699 1957 2244
1957 7 9 11 16 476
3144 405 699 1140 2372 6899
6899 535 699 1320 3539 5789
5789 405 1349 2219
1349 7 9 11 16 1222
3539 7 9 11 16 1033
2372 7 9 11 16 1222
2735 405 1120 1133 2732 2737
2737 405 535 695 1320 1450
695 7 9 11 16 1033
1450 699 1443 1445
2732 219 699 1118
219 7 9 11 16 1222
1954 2038 2244 2839 4623 5176
2038 7 9 11 16 702
4623 7 9 11 16 476
5176 7 9 11 16 702
2839 7 9 11 16 702
6892 162 405 699 784 3536
3536 7 9 11 16 164
3141 405 938 2918 3529 3536
3529 405 1354 1524 3525 3531
3531 572 699 707 3526
707 405 471 699 704
3526 704 1032 1364 2612
3525 165 1220 2612 3577
53 5 8 10 65 153
153 12 14 15 154 215
52 127 603 606 609 610
603 4 244 601 1088 1936
610 4 164 166 293 1936
127 65 416 421 597 7065
7065 166 422 599 601 602
599 3 4 6 1936
602 3 4 6 1088 1936
421 3 4 6 1088 1936
416 3 4 6 601 1936
51 65 156 385 476 595
385 3 4 6
595 12 14 15
50 65 120 582 591 7057
7057 210 587 588 1345 7042
587 210 213 1324 1327 1342
1342 210 213 1336 1339 1343
1339 7 9 11 16 1033
1343 453 460 573 1333
460 453 456 661 1196 1285
1336 7 9 11 16 1222
1327 7 9 11 16 476
1324 174 2244 4623 5176 7039
7039 7 9 11 16 702
1345 7 9 11 16 1033
588 566 569 1811 7048 7050
1811 453 918 1813 1849 7043
7043 366 453 456 459 2347
459 7 9 11 16 476
2347 7 9 11 16 164
1813 453 456 993 1436 4249
4249 7 9 11 16 702
569 556 571 927 932
932 7 9 11 16 601
927 7 9 11 16 601
571 314 343 344 719 1008
1008 7 9 11 16 1088
314 7 9 11 16 166
566 294 343 428 556 567
567 366 719 1196 2347
7050 453 782 989 1815 7046
7046 231 453 804 806 1636
1815 456 1060 1820
7048 453 813 1137 7045
7045 314 344 456 457 556
7042 213 733 1127 1349 2219
733 210 213 730 1122 1140
730 7 9 11 16 1222
591 213 592 2275 2283 7055
7055 213 1920 2625 2919 7053
1920 210 213 294 428 1919
7053 210 213 366 1902 1919
2919 367 930 1902
2625 7 9 11 16 164
2275 154 433 471 2608 3546
592 210 572 2260 2271 7054
7054 162 210 1017 2621 2628
1017 7 9 11 16 164
2628 7 9 11 16 164
2621 213 938 2918
2271 210 213 2263 2266
2266 704 1032 1364 2612
2263 165 1220 1354 1524 3577
2260 210 213 471 704 2612
2283 210 433 930 2273 2278
2273 213 572 2727
2278 154 661 1285 1835 1849
1835 7 9 11 16 476
120 2315 2629 7007 7008 7010
2315 1380 1889 2317 6992 6994
6992 556 719 720 853 1888
2317 1873 1878 2300 2310
1873 556 719 722 1221 1877
1877 7 9 11 16 1222
2300 556 1364 1877 2296
2296 7 9 11 16 166
2310 719 1831 2306 2312 3701
2312 556 573 719 927 2307
2307 661 1834 1835 1849 3701
1834 7 9 11 16 476
3701 7 9 11 16 702
1831 7 9 11 16 476
2306 573 660 661 932 2915
1878 556 719 1032 1221 5231
5231 7 9 11 16 1033
1380 556 719 720 722 1896
1889 556 719 841 853
6994 556 719 1888 1896 1897
1897 7 9 11 16 164
7008 556 2635 2641 2676 2944
2635 7 9 11 16 1088
2641 556 719 949 2284 2286
2284 7 9 11 16 601
2676 7 9 11 16 1088
7010 719 2290 2295 2634 4760
4760 1316 2587 2655 5049 5098
5049 7 9 11 16 476
2295 556 2142 2284 2286 2287
2287 556 719 991 1316 2655
2290 830 841 842 1883 2676
1883 7 9 11 16 166
2634 556 719 995 1141 4763
4763 7 9 11 16 702
2629 894 896 902 2631 7000
2631 719 899 1377 2923 4861
2923 556 719 835 1141 4864
4864 7 9 11 16 476
899 556 900 1859 3291
3291 7 9 11 16 1033
1377 556 839 868 922
839 7 9 11 16 1222
868 7 9 11 16 1222
4861 920 1294 2230 3807 3944
3944 7 9 11 16 702
902 556 697 772 904 2710
904 719 5219
5219 7 9 11 16 1033
2710 7 9 11 16 1033
7000 476 1033 2513 2645 6998
2645 4 511 601 1088 1936
6998 4 511 702 1222 1936
896 719 772 898
898 4 164 166 511 1936
894 719 839 868 922
7007 719 2142 2167 2635 2944
582 210 583 750 758 7036
7036 210 213 232 763 1412
763 7 9 11 16 1088
583 210 738 746 763 764
764 7 9 11 16 601
738 938 1412 1524 2918 3577
746 165 210 213 741 784
741 7 9 11 16 601
758 210 213 753 1064 1140
753 7 9 11 16 702
750 1413 1538 2487 2739 5155
49 96 580 1432 3190 7032
3190 3 6 383 389 3192
3192 304 384 488 715 7021
304 7 9 11 16 164
7021 3 6 387
384 12 14 15 385 945
1432 293 391 958 1433 7020
1433 3 6 291 391 983
7020 5 8 10 293 944
580 435 439 442 7025 7026
7026 427 433 434 930 1919
7025 3 6 427 428 677
442 427 434 661 1849 2608
96 94 3564 3565 3578 6839
94 414 1446 1453 1462 3306
1462 457 699 918 1460 5846
5846 405 457 993 1060 1820
1460 911 1060 1820
3306 3777 3778 4268 6798 6799
3778 699 770 1220 1354 3186
770 7 9 11 16 1222
3186 405 699 3181 3184 3185
3184 7 9 11 16 702
3185 7 9 11 16 702
3181 154 660 706 1285 1303
706 7 9 11 16 1222
3777 405 699 706 915 3773
915 7 9 11 16 166
3773 770 2703 3158
3158 7 9 11 16 1033
2703 7 9 11 16 1033
6798 405 804 813 940 1410
6799 405 699 782 936 4345
4345 699 804 806 813
4268 185 405 3454 4265 5840
4265 661 1008 2915 3184 3185
5840 154 185 699 3546 4264
4264 601 932 1287 2608 2727
3454 342 405 699 3974
3974 7 9 11 16 601
342 7 9 11 16 166
1446 405 1118 1445 1448 6784
6784 219 405 699 1436
1448 405 699 1144 1437 1443
1437 695 699 1120 1133
1453 405 699 1320 1454 6788
1454 219 405 695 699 1452
1452 7 9 11 16 1033
6788 699 1118 1443 1445
414 1974 1977 1980 1985 6803
1974 405 782 806 1971 1976
1971 699 936 1410
1976 405 699 915 1549 6792
6792 234 405 699 940 1056
1977 241 405 699 911 918
1985 405 699 993 1144 1436
1980 234 699 1056 1549
6803 231 699 1137 1636 6802
6802 241 405 699 989 3312
3312 7 9 11 16 1088
3565 434 2965 2973 3558 3982
2973 427 434 1064 1140 2968
2968 7 9 11 16 476
2965 1064 1538 2038 2839 5176
3558 427 2918 3153 3981
3981 938 951 1412 2078
3982 7 9 11 16 601
3578 3553 3566 3573 6836 6837
3553 434 3546 3547 3550 3554
3554 434 572 928 2613 2728
928 427 433
2613 427 434 1032 2612
6837 434 1948 2918 3543 3577
3566 427 434 3896 3899 6834
3896 784 3577 5166 5186 6832
6832 7 9 11 16 166
5186 7 9 11 16 164
6834 165 427 434 723 784
3899 7 9 11 16 164
6836 427 434 1017 1354 1364
3564 174 434 2742 3560 6827
6827 427 956 1774 2891 3559
3559 7 9 11 16 601
3560 7 9 11 16 1088
2742 427 1413 2487 2739
6839 65 434 2390 2406 2412
2390 427 434 2384 2387 6815
2387 7 9 11 16 702
6815 427 434 1122 1140 1794
2384 731 2244 4623 4899 5155
731 7 9 11 16 1222
4899 7 9 11 16 1222
2406 1340 1349 2094 2219 5165
1340 7 9 11 16 1033
2094 7 9 11 16 1033
2412 411 427 2398 2401 6820
411 367 412 699
412 314 366 405 699 5210
5210 7 9 11 16 164
2401 342 405 2393 2396 6816
6816 314 405 427 1794
2393 427 434 1122 1322
6820 427 434 1127 2094 3315
3315 7 9 11 16 1033
2398 7 9 11 16 1222
7032 304 961 967 7028 7029
961 301 475 483 513 514
7028 167 203 304 445 488
445 12 14 15 156 385
967 1 2 13 959 964
964 3 4 6 297 512
959 7 9 11 16
7029 203 304 475 488 715
48 120 569 7013 7014 7017
7017 558 562 578 1824 1830
558 559 578 911 918 6983
6983 457 557 578 1820
559 457 557 578 993 1060
1830 7 9 11 16 476
562 557 1144 1436 6984
6984 557 573 578 1834 1835
1824 557 578 911 918 3701
7014 65 471 557 566 5729
5729 314 344 556
7013 557 572 578 1144 1436
47 119 540 542 552 6979
119 547 548 3194 3999 6966
547 1397 4076 4079 4550 6961
4079 541 1056 1549
4550 231 540 2031 4551 6960
6960 241 540 1137 1636
4551 231 541 992 1137 1636
992 540 989
2031 541 989
1397 540 541 782 915
6961 540 541 911 993
4076 540 1144 1436
3999 541 936 940 1410
6966 234 241 541 6962
6962 540 806 918
548 549 4655 4656 4657
4656 540 541 770 915 6972
6972 541 1354 3184 3185 5747
5747 154 540 660 1285 1303
4657 541 782 813 4066 4659
4066 540 936 1410
4659 540 804 813 940 1392
1392 541 804 806
549 540 541 4545 4660 4663
4545 185 540 541 2608 4159
4159 342 540 541 3974
4663 661 1008 2915 3184 3185
4660 154 185 2727 3546 3974
4655 540 706 770 1351 1356
1356 540 541 706 2703
1351 540 541 1220 3158
3194 234 540 1056 1549
552 314 342 366 1196 2347
6979 65 314 366 367 541
542 1389 1394 5752 6955 6956
5752 457 540 993 1060 1820
6955 541 911 918 1144
1389 219 541 1320 1390 3171
3171 7 9 11 16 1222
1390 540 695 1120 1133 1320
1394 540 541 695 1396 1443
1396 540 541 1118 1445 5229
5229 7 9 11 16 1033
6956 219 540 541 1436 4425
4425 7 9 11 16 476
46 3 6 65 245
45 115 6952 6953
6952 3 5 6 245 512
6953 3 5 6 245 297
115 5 65 245 511 512
44 522 525 529 530 6950
530 767 2014 2018 4785 6946
2014 219 521 1118 1443 1445
6946 521 695 1120 1133 1320
4785 695 1120 1133 1144 1436
2018 219 1118 1320 1443 1445
525 526 767 2003 2004 3587
2003 521 3184 3185 3586 3590
3590 185 661 1008 2915 3974
3586 154 185 767 3546
2004 521 770 1831 2006 3793
2006 521 706 767 3185 3794
3794 706 770 1220 1354 3184
3793 660 915 2703 3158
3587 342 2608 2727 3974
526 521 767 804 2007 2010
2007 7 9 11 16 164
2010 813 936 940 1410
522 523 767 1991 1996 4192
1996 521 911 918 1144 1436
523 241 521 767 1137 1997
1997 7 9 11 16 1088
4192 234 241 993 1056 1549
1991 521 767 3993 3996
3993 234 782 806 1056 1549
3996 7 9 11 16 166
529 521 767 911 4892 4894
4894 7 9 11 16 476
4892 457 918 1060 1820
6950 65 314 342 521 531
531 314 366 367 532 767
532 366 521 1196 2347
43 111 174 514 519 6935
6935 65 303 510 513 515
111 508 1464 5771 6922 6932
1464 167 174 302 445 519
5771 174 302 384 519 715
508 487 513 1478 1482 5767
1482 301 451 452 679 6923
6923 167 244 297 302 475
5767 174 475 483 519
6922 3 6 383 389 5772
5772 174 445
6932 3 6 387 391 6931
6931 3 6 383 1486 1489
1489 3 6 943 983
1486 3 6 291 677 943
42 110 504 3891 3892 4176
3892 384 451 452 480 513
3891 451 452 475 480 715
4176 451 510 513 535 4178
4178 215 244 451 512 4174
4174 165 203 403 487 496
504 384 452 614 6881 6884
6881 3 6 389 943 983
6884 435 535 1467 6880
6880 3 6 383 943
1467 3 6 383 389
41 65 501 5038 5039 6872
5039 557 2587 5049 5098 5811
5811 578 920 2230 3807 3944
501 1148 2744 2751 5043 5806
2744 7 9 11 16 476
2751 911 918 1143 1144 1436
5043 557 578 995 1294 5097
5097 7 9 11 16 476
5806 557 920 2230 3807 3944
5038 578 1141 1143 5059 6867
5059 7 9 11 16 702
6867 557 1148 1285 1294
6872 557 578 1141 5040 5048
5040 154 557 3383 3546 5042
5042 572 578 660 1303 6869
6869 154 471 557 573 578
5048 471 995 5049
40 65 384 451 452 5813
5813 3 4 6 294 297
39 105 167 484 495 6861
105 140 445 487 5814 6860
6860 65 167 211 303 387
5814 165 203 483 487 496
484 167 303 445 487 1478
6861 3 6 387 391
495 7 9 11 16 166
38 65 102 154 477
102 165 451 452 475 617
37 463 466 467 6849 6852
467 366 453 1436 2347 6846
6846 456 993 1060 1820
6852 231 453 472 1636 6848
6848 65 453 456 457 471
472 572 804 813 1137
463 453 782 806 989
466 453 911 918 1144 1849
6849 154 456 460 660 1303
36 65 445 447 451 452
35 96 439 442 6841 6842
6841 427 428 434 930 1919
6842 433 434 435
34 94 411 6809 6810 6811
6809 65 181 422 601 1936
6811 314 342 405 421
6810 166 409 601 1936 6807
6807 4 164 293 1088 1936
33 393 397 398 399 6783
393 167 395 475 496 715
395 167 303 403 445 715
397 5 8 10 211 944
398 3 6 291 391 4180
4180 5 8 10 944
6783 303 384 403 6780 6781
6780 3 6 65 383 387
6781 3 6 383 389 391
399 303 403 496 4271 4274
4274 301 475 483 513 514
4271 3 4 6 297 512
32 377 380 381 6771 6772
381 4782 4970 5007 6732 6733
4970 719 4952 4959 4960 4971
4959 154 1148 1285 3963 5863
5863 1 2 13 2513
3963 219 719 1118 1445
4952 1120 1133 1320 1443
4960 918 993 1060 1144 4962
4962 457 695 911 1436 1820
4971 767 1148 4964 4967 6722
6722 294 428 767 930 4625
4625 1148 2244 4623
4967 7 9 11 16 476
4964 314 343 344 2608 2727
4782 1980 4509 4778 4783 6709
6709 699 989 1137
4778 699 1320 1437 4779 6710
4779 219 699 1118 1443 1445
6710 1 2 13 599
4783 241 457 699 3711 6714
3711 699 911 1144 1436
6714 699 918 993 1060 1820
4509 231 699 936 1410 1636
6733 342 600 719 4973 5003
5003 572 1849 2347 3546 5005
5005 154 927 4647 5198 5203
5198 661 932
5203 314 366 1196
4647 471 3158
4973 719 770 3468 4648 5002
4648 706 2703
5002 7 9 11 16 164
3468 719 915 940 1410
5007 4418 4518 4524 4533 5008
4518 433 767 1877 4516 4517
4516 1032 1221 1364 3184 3185
4517 660 853 1831 1888 1897
4524 767 4523 4526 5049 5098
4523 949 995 1294 1316 2587
4526 351 409 920 2655 3852
3852 767 2142 2284 2286
5008 3170 4701 4704 6759 6760
6759 219 541 1436
3170 541 1118 1443 1445
6760 541 695 1120 1133 1320
4701 541 993 1144 4425 4702
4702 234 241 541 911 918
4704 231 541 989 3999 4705
4705 541 1056 1137 1549 1636
4418 3866 4412 4414 4420 5859
3866 767 2230 3807 3944
4414 767 835 839
4412 767 2710 3291
5859 697 767 1141 1313 1859
4420 541 4400 4405 4406 4411
4406 572 804 806 4647 4648
4411 541 770 782 813 915
4405 767 772 868 922
4400 314 342 1882 2347 4402
4402 154 927 1849 3546 5198
1882 7 9 11 16 164
4533 767 2635 2944 3693 4529
4529 720 722 1883 1896 6754
6754 7 9 11 16 1088
3693 767 830 841 842
6732 719 1549 1636 3478 4980
4980 231 936 989 1137
3478 7 9 11 16 601
6772 371 375 4634 4641 4642
375 348 770 782 4643 6667
6667 348 915 940 4647 4648
4643 348 804 806 813
4642 210 219 456 1118 4637
4637 7 9 11 16 476
4641 210 1320 1443 1445
4634 348 456 1294 2587 4630
4630 342 572 1849 2347 4632
4632 154 927 3546 5198 5203
371 210 372 4537 4540 4542
372 210 241 918 2713 6658
2713 7 9 11 16 1033
6658 210 911 1144 1436 4093
4093 210 234 1056 1549
4540 210 231 1137 1636
4537 210 813 989 4535 4538
4538 210 915 936 940 1410
4535 7 9 11 16 164
4542 7 9 11 16 476
380 4698 4775 4878 4889 6767
4775 578 911 1060 4776 6685
4776 457 578 993 1820 3701
6685 578 918 1144 1436
4889 4882 4883 4885 4886 4890
4886 165 427 723 1877 5130
5130 720 853 1221 1364 1897
4883 427 2608 2727 5119 5129
5129 294 314 343 344
5119 660 1032 1831 3184 3185
4885 427 830 1883 1888 1896
4890 184 1300 1768 4887 6708
4887 232 1803 3428
6708 184 723 2191 4514 6706
4514 184 786 990 1368
6706 184 185 661 2183 4394
4394 1 2 13 184 1287
4882 427 428 433 930 2685
2685 184 1413
6767 699 770 782 4345 6765
6765 699 915 940 4647 4648
4878 4768 4871 4874 6695 6696
4768 427 2142 2284 2655
6695 427 991 2112 2635 2944
4871 427 839 922 4873 6688
6688 427 772 868 1313
4873 573 578 1855 2712 4870
4870 7 9 11 16 476
2712 427 1859 2710 3291
6696 427 841 842 949 2676
4874 427 697 920 3946 4949
3946 7 9 11 16 702
4949 2587 3944 5049 5098 6691
6691 995 1294 1316
4698 342 572 699 4695 6682
4695 154 314 927 1882 4697
4697 661 932 1849 2347 3546
6682 1 2 13 409 1936
377 378 1373 4398 4627 6671
4398 219 348 1118 1443 1445
4627 348 989 1137 3705 4628
3705 234 348 1056 1549
4628 231 348 936 1410 1636
1373 348 695 1120 1133
378 241 348 1060 6675 6676
6676 348 911 918 1144 1436
6675 348 457 993 1820
6671 184 348 661 1320 4394
6771 65 210 572 770 4421
4421 367 1849 3546 4423 4647
4423 154 661 927 932 6654
6654 314 342 366 706 2703
31 88 357 358 1865 2354
1865 219 348 350 1320 1867
1867 348 350 1118 1133 4335
4335 7 9 11 16 1222
2354 350 1118 1373 1443 1445
88 354 5885 6632 6633 6647
6633 348 350 989 1636 4442
4442 231 241 989
6647 65 314 348 366 367
6632 231 348 350 1137 1636
5885 314 342 350 1882 2347
354 3705 4252 4432 4433 4437
4252 241 348 350 911 918
4433 234 348 350 915 6629
6629 348 350 782 936 1410
4432 350 806 810 1056 1549
810 348 940
4437 348 350 993 1144 1436
358 359 4795 4796 4897 4898
4897 350 804 936 940 1410
359 348 350 4708 5133 5136
5136 661 1008 2915 3184 3185
5133 154 185 2727 3546 3974
4708 185 348 350 2608 3951
3951 342 348 350 3974
4898 348 350 782 813 4643
4795 350 706 915 1836 1839
1839 348 350 706 2703
1836 348 350 1220 3158
4796 348 350 770 4791 4793
4791 1354 3184 3185
4793 7 9 11 16 476
357 219 350 1374 4558 4561
4561 348 1144 1436
4558 348 457 1060 1820 4560
4560 348 350 911 918 4555
4555 7 9 11 16 476
1374 348 350 695 1120 1320
30 65 347 976 979
976 301 403 487 2418 5902
5902 3 5 6 245
2418 3 4 6 512
979 167 301 403 487 2421
2421 3 4 6 297 475
347 982 5897 5899 6623 6626
5897 5 8 10 244 944
5899 3 5 6 245 291
6623 3 6 391 677 943
6626 384 487 970 972 6620
6620 3 6 387 389
972 167 384 403 487 1988
1988 445 715
970 3 6 383 389 391
29 85 321 324 6616 6617
324 219 326 556 719 3719
3719 7 9 11 16 702
326 1143 3714 3715 3718 3970
3715 556 1118 1443 1445 3963
3718 314 342 521 3967
3967 314 343 344 767 3969
3969 521 767 926 927 930
3714 906 1143 2064 3184 6551
906 3 4 6 1222 1936
2064 3 4 6 702 1936
6551 385 407 410 719 1443
410 1 2 13 1936
407 1 2 13 1936
3970 7 9 11 16 702
321 1980 3708 3711 6545 6547
6547 234 241 405 1056 6544
6544 405 1144 1436 1971
6545 405 699 918 1549 1977
3708 405 1118 1445 2732 3710
3710 219 405 1443 1450 6539
6539 4 166 244 601 1936
6617 340 4337 4338 6610 6614
4338 219 348 350 1443 6603
6603 348 1443 1445 6599
6599 166 180 184 185 1287
4337 219 348 350 1118 1445
6610 234 241 350 4561 6606
6606 350 807 1144 1436
807 348 936 1410
6614 317 330 6498 6499 6612
317 556 3470 3476 3479 3485
3476 706 719 770 3468
3470 915 936 940 1410 2612
3479 7 9 11 16 601
3485 719 936 1549 3478
6498 556 573 719 927 3492
3492 471 572 932
6612 65 210 213 314 342
330 210 331 572 2260 5918
5918 185 213 573 3701 3974
331 210 342 706 770 3977
3977 7 9 11 16 601
6499 556 1902 1919 3488 3489
3488 314 342 600 719
3489 185 704 3701 3974
340 348 911 918 6605 6609
6605 350 1056 1549
6609 234 348 1056 1549 4252
85 327 3505 3517 6537 6538
6538 3456 3462 3521 3522 5948
3456 185 405 699 932 3454
5948 405 573 1902 1919 3701
3462 314 416 699 6500 6504
6500 4 166 293 601 1936
6504 181 410 572 699 927
3521 405 707 915 940 1410
3522 405 699 770 936 6533
6533 699 706 915 940 5937
5937 405 2612
6537 557 578 1144 1436 6536
6536 557 578 911 918 3701
3505 3495 3496 3497 6513 6514
3497 427 841 842 3499 4768
3499 434 2112 2284 2286 4770
4770 7 9 11 16 601
6513 427 434 772 839 922
3496 427 1141 2230 3807 5946
5946 434 1141 2230 3807 3944
3495 427 920 2720 2954 3944
2954 434 1122 1794
6514 573 578 1855 3500 6511
3500 434 868 922
6511 427 557 868 3184 3185
327 328 3857 3873 6570 6571
6571 521 772 868 922 3866
3873 3689 3861 3862 3864 6567
6567 540 704 936 1410 2612
3864 471 541 572 706 915
3862 541 927 932 3292 6564
3292 540 767 768 772 1902
768 7 9 11 16 1222
6564 185 314 540 541
3861 540 573 1919 3701 4159
3689 540 541 770 915 940
6570 521 767 835 839 1141
328 3170 3874 3877 6575 6576
3874 234 241 541 3876 4076
3876 540 541 911 918 1144
6576 219 540 541 1436 3880
3880 7 9 11 16 1222
3877 241 540 3194 3999 4079
6575 219 540 541 1443
3857 521 3852 3854 3859 6562
6562 521 767 920 1316 2655
3854 1141 1316 2230 3807 3944
3859 820 836 3452 3693 3699
820 521 767 1221 2952
2952 7 9 11 16 166
3452 471 521 572 770 6557
6557 433 767 1877 3184 3445
3445 521 706 767 3185
836 165 723 767 1883
3699 521 842 2655 3697
3697 841 2142 2284 2286
3517 1943 3509 3511 3518 6522
6522 180 184 185 1300 2191
3518 314 342 434 5938 6529
5938 314 344 427 3184 3185
6529 434 927 932 935 6527
935 343 427 433 930
6527 434 471 572 706 2685
3509 180 184 723 1288 1368
3511 434 830 1883 3513 6523
6523 165 427 723 1877
3513 427 830 1883 2950 5940
5940 434 770 841 842
2950 165 427 434 723 1221
1943 180 184 1300 1413 1768
6616 334 336 4082 4091 4092
334 210 213 234 241 6586
6586 213 911 918 1056 4093
4091 213 1118 1144 1436 1445
4092 210 213 219 918 4086
4086 7 9 11 16 702
336 337 3466 3960 6590 6591
6590 348 350 704 770 2612
3960 453 3959 5911 5912 6593
5912 350 573 1902 1919 3701
3959 7 9 11 16 702
5911 348 572 927 932
6593 185 314 348 350 3951
3466 350 915 936 940 1410
337 210 1443 1445 6594 6597
6594 210 453 471 1118
6597 210 213 219 1443 5908
5908 453 572 920 3807 3944
6591 348 471 706 915 940
4082 213 936 1410 4083 6583
6583 213 915 940 1549
4083 210 915 936 940 1410
28 83 301 302 6491 6495
6491 3 6 297 387
83 165 301 519 2601 5959
5959 4 154 211 297 573
6495 3 6 65 291 6492
6492 4 211 294 297 311
311 3 6 387
27 65 289 4184 4189
4184 301 303 3784 4182 5962
5962 3 5 6 245
4182 3 4 6 512
289 384 3784 3788 6484 6487
6484 3 6 383 387 391
6487 293 383 389 3990 6482
3990 3 6 391 983 3992
3992 3 6 291 677 943
6482 3 5 6 245 389
3788 167 303 384 3784 3786
3786 445 715
4189 167 301 303 3784 4187
4187 3 4 6 297 475
26 286 908 2368 6478 6479
286 854 1389 1403 6446 6476
854 826 844 845 5992 6419
844 521 767 830 839 840
840 7 9 11 16 166
6419 521 720 767 850 853
850 7 9 11 16 164
5992 521 841 842 850
845 521 720 831 835 836
831 521 697 767 922 2328
2328 7 9 11 16 1222
826 342 767 817 820 823
823 521 767 1221 1877 3158
817 521 767 1877 2703 2949
2949 7 9 11 16 1033
1403 540 804 813 1394 6442
6442 540 541 806 940
6446 541 804 806 1397 6444
6444 219 540 541 782 1401
1401 7 9 11 16 166
6476 3292 3300 4068 5967 6474
4068 521 4412 4414 5225 6275
5225 7 9 11 16 1033
6275 521 697 767 1313 1859
3300 367 540 706 770 3298
3298 366 1919
6474 541 813 1359 3689 4066
1359 541 1351 1354 1356
5967 294 428 541 1902 1919
908 531 894 902 910 6439
6439 892 899 1377 5980 6435
892 556 835 1380
6435 314 342 521 896 905
905 4 511 1033 1222 1936
5980 719 830 841 842 1883
910 863 876 889 6426 6427
863 405 699 1313 3941
3941 7 9 11 16 1222
876 858 860 1873 1878 6421
858 314 556 719 1364 1881
1881 366 1196 1883
6421 342 556 719 1877
860 719 1889 1895 5988 6423
5988 556 830 842 1888 1897
1895 7 9 11 16 164
6423 556 719 720 853 1888
6426 366 367 699 719 868
889 699 793 801 880 6432
793 7 9 11 16 166
6432 405 699 877 883 886
883 830 842 853 1883 1897
886 7 9 11 16 164
801 405 796 839 922
796 720 835 1888 1896
880 405 697 868 882 5216
5216 7 9 11 16 1033
882 405 697 699 772 5218
5218 7 9 11 16 1033
6427 314 342 556 2347 6425
6425 597 598 606 699 772
6478 65 279 453 1906 6400
1906 7 9 11 16 164
6400 210 350 1118 1902 6399
6399 366 453 853 1903
1903 210 1443 1445
279 216 237 3302 3304 6395
237 210 219 238 1320 2713
238 213 695 1120 1133 1320
3304 210 915 940
3302 210 936 1410
6395 213 219 782
216 213 1118 1443 1445
2368 1860 2362 2370 6467 6470
2370 1374 2348 2354 2358 6457
2348 2335 2338 2341 5974 6452
2338 427 853 1897 2340 5975
2340 427 1888 1896 3846 6449
3846 434 830 1883
6449 427 434 720 853 2950
5975 434 841 842
5974 314 342 366 367 427
2341 427 434 1221 1877 3158
6452 366 434 1196 2332 2347
2332 427 434 1877 2703 2704
2704 7 9 11 16 1033
2335 434 839 2336 2962 6447
6447 165 427 723 2954
2962 7 9 11 16 164
2336 427 830 841 842 1883
2358 1865 1872 2352 6454 6459
1872 180 184 723 1196 1288
2352 314 342 434
6459 180 184 1368 2183 2184
2184 180 184 1803 2191
6454 180 184 723 786 2191
6457 180 184 786 1803 2183
6470 412 2365 3163 3166 6463
2365 427 697 2329 2367 3500
2367 434 772 2710 2712 3291
3163 405 699 2703 3158 3160
3160 1032 1221 1877
3166 405 699 1364 1877
6463 342 405 699 722 1221
2362 427 772 868 922
1860 427 434 839 1855 1858
1858 7 9 11 16 1033
6467 342 405 610 6466
6466 314 367 405 422 699
6479 282 283 1915 6402 6403
282 213 1914 1920 1925 3175
3175 804 806 813 936 1410
1914 210 782 804 806 813
1925 367 706 770 1902
283 814 1841 1928 5997 6414
1928 350 915 1410 1930 6410
6410 348 770 804
1930 348 782 806 813 6408
6408 350 936 940
1841 348 1354 1836 1839
6414 350 367 706 770 1935
1935 366 1919
814 348 816 915 940 5999
816 219 350 804 806 807
5999 350 782 813
5997 294 348 428 1902 1919
6402 210 213 366 1902 1919
6403 210 213 770 915 940
1915 210 706 1220 1354 6155
6155 213 2703 3158
25 265 268 6392 6393 6394
265 267 2106 2112 6028 6029
6028 233 434 920 991 5167
5167 7 9 11 16 1088
233 7 9 11 16 1088
2106 427 434 937 991 3595
3595 7 9 11 16 601
937 7 9 11 16 166
267 427 920 2103 2111 5075
2103 427 697 1855 2105 2438
2105 427 434 2443 2444 2446
2444 697 1308
2446 7 9 11 16 1222
2443 7 9 11 16 1033
2438 154 557 2038 2440
2440 154 557 573 578 6368
6368 174 427 557 1308
2111 434 1298 1494 4901 5075
4901 427 434 2446 2954 4900
4900 7 9 11 16 702
1494 7 9 11 16 702
1298 7 9 11 16 702
5075 7 9 11 16 476
6029 233 427 1809 3596 5167
3596 7 9 11 16 601
1809 7 9 11 16 601
6394 250 256 259 263 264
256 258 767 2071 2074 6351
2071 521 767 956 3198 3200
3198 7 9 11 16 166
258 1497 2056 2061 2062 2069
2069 573 920 1143 6347 6348
6348 154 385 407 410 1148
6347 719 906 1308 2064
2061 521 767 1008 1148 1801
1801 7 9 11 16 476
1497 995 1143 1148 1493 1496
1496 7 9 11 16 476
1493 7 9 11 16 702
2062 294 314 521 767 930
2056 165 767 2049 2052 6072
2052 7 9 11 16 164
2049 154 165 521 767 2974
2974 573 706 1032
6072 203 521 937 1524 2052
2074 956 1412 2078 3200 5161
5161 7 9 11 16 1088
6351 521 1412 2078 2994 5161
2994 7 9 11 16 601
250 1521 1522 1543 6327 6328
1543 578 1538 1539 1545 6324
1539 7 9 11 16 476
6324 294 405 699 930 1008
1545 314 405 699 1531 6093
1531 174 557 578 2038 2041
2041 7 9 11 16 476
6093 488 557 578 1064 1298
6327 405 699 915 989 1549
6328 405 989 1028 1551 6092
1028 7 9 11 16 601
1551 7 9 11 16 1088
6092 699 1501 1549 1551
1501 7 9 11 16 166
1521 154 405 706 1501 1517
1517 302 573 783 813
783 7 9 11 16 164
1522 154 699 930 1517 6322
6322 405 699 706 915 1032
263 350 1412 1528 2101 6037
2101 2078 2994 3200 5161
1528 165 348 350 1523 1526
1523 7 9 11 16 166
1526 304 783 956
6037 348 956 1412 2078 5161
264 348 1019 1064 2097 6038
2097 174 348 2038 3204 3206
3206 1538 1539 2994 3200
3204 350 1538 1539
6038 174 350 1064 1542 2038
1542 7 9 11 16 702
1019 348 706 1009 1016 6042
6042 162 165 350 1015 1017
1015 203 937 1032 1524
1009 348 573 930 1011 1032
1011 348 350 573 706 1007
1007 154 1008
1016 7 9 11 16 164
259 2080 2083 2086 6359 6360
2086 348 350 2091 3321 6358
2091 7 9 11 16 1033
3321 7 9 11 16 1222
6358 180 348 723 1122
6360 348 350 1127 2092 2094
2092 7 9 11 16 1222
6359 348 350 1122 1542 2091
2083 427 434 1032 2085 2987
2085 434 783 2026 2983 2984
2984 706 722 853 937 2024
2024 7 9 11 16 166
2026 7 9 11 16 164
2983 165 427 617 723 916
2987 706 783 853 2026
2080 184 723 2081 2756 2764
2756 180 184 990 2758 6060
6060 294 427 434
2758 180 233 314 434 6058
6058 184 233 1300 1809
2081 180 1300 1809 2761 2764
2761 154 427 434 930 2762
2762 314 427 434 573 1008
2764 1 2 13 959 1803
6393 65 248 249 254 255
254 213 918 1555 1562 1567
1562 993 1563 5188
1563 7 9 11 16 702
5188 7 9 11 16 476
1555 210 213 1051 1557 2044
2044 7 9 11 16 1033
1051 7 9 11 16 1222
1557 154 210 219 456 6089
6089 294 453 573 920 1008
1567 2449 6084 6086 6333 6335
6333 294 314 348 350 930
6335 210 213 219 918 1562
6084 456 995 1496
6086 233 453 1298 1494 5167
2449 453 456 853 1801 2447
2447 783 991 2026
248 219 405 695 1049 6320
1049 507 959 1033 1222 1281
1281 7 9 11 16
6320 219 695 699 1049 6316
6316 294 314 556 719
255 1569 6080 6338 6340 6341
1569 213 813 1501 3001
3001 154 302 706 783 915
6338 210 213 706 813 1032
6080 210 302 573 783 915
6340 210 213 989 1549 1571
1571 213 314 573 930 1573
1573 210 213 294 1008 3006
3006 154 314 930
6341 213 989 1028 1551 6077
6077 210 1028 1501 1549 1551
249 556 1029 1042 1045 6104
1029 405 918 993 1025 1031
1031 699 918 993 1025 1028
1025 1563 5188
1042 617 706 853 916 937
1045 556 719 722 1032 1034
1034 154 314 556 719 2977
2977 573 930 1008
6104 706 719 783 853 2026
6392 271 275 1511 2773 2774
2774 521 767 1539 2994 2995
2995 7 9 11 16 702
275 767 1000 1122 2775 6006
2775 7 9 11 16 1033
1000 294 314 540 541 1001
1001 732 767 999
999 7 9 11 16 1222
732 7 9 11 16 1222
6006 521 732 999 2775
1511 540 541 813 1508 1513
1508 154 302 573 783 930
1513 540 541 1008 1502 1505
1505 154 573 706 930
1502 540 541 706 915 1504
1504 540 541 1032 1501
271 272 2036 2037 2430 2431
2430 541 918 1028 1549 5188
2036 541 915 992 1501 1551
272 219 540 541 695 6381
6381 540 541 695 1563 2770
2770 507 959 1033 1222 1281
2037 540 541 989 1549 2032
2032 302 783 1028 1551
2431 540 541 918 993 2427
2427 993 1563 5188
2773 521 767 1064 1122 2989
2989 521 767 1064 1538 1539
268 269 2466 2475 6025 6026
6025 556 991 1809 3596 5167
269 556 1308 2477 2481 6023
2477 556 719 835 2446 5060
5060 7 9 11 16 702
6023 719 835 2446 2481
2481 7 9 11 16 1033
6026 233 719 937 991 5167
2475 556 783 2026 2029 2286
2029 165 617 719 723 916
2466 556 719 2457 2460 2463
2460 920 1801 1809 2286 3596
2463 233 920 995 1496 1801
2457 556 719 995 1496 3197
3197 7 9 11 16 702
24 3 6 65 245
23 76 2698 5094 6302 6303
5094 1389 1394 5096 6292 6293
6292 219 231 540 541 989
5096 779 4068 5091 6278 6279
779 767 781 868 922 6274
6274 540 706 767 770 772
781 541 778 927 932 6125
6125 540 661 927 932 1849
778 7 9 11 16 1088
6278 234 540 1056 1549 2031
6279 241 540 541 770 1359
5091 831 3852 5080 5086 5092
5086 521 2655 2676 5088 5107
5088 767 1650 2635 2944 5108
5108 7 9 11 16 1088
5107 7 9 11 16 1088
5092 433 767 817 1221 6287
6287 521 823 2142 2284 2286
5080 521 767 839 2655 6281
6281 521 767 835 949 1316
6293 540 1137 1636 4079 6290
6290 234 241 541 1137 1636
2698 1860 2362 2700 6255 6258
6258 2365 3163 3166 3723 6251
6251 405 699 1221 2286 2609
6255 405 609 930 2695 6252
6252 4 293 601 1088 1936
2700 2677 2682 2686 2691 6247
6247 180 184 1374 1768
2691 1865 2354 2681 6246
2681 180 184 185 661 1300
6246 433 434 930 1763 2685
2677 2660 2661 2662 6235 6236
2660 427 1316 2142 2284 2655
6236 434 991 2142 2655 6234
6234 427 434 2284 2286 2672
2672 7 9 11 16 1088
2661 434 839 2112 2954 5064
5064 7 9 11 16 1088
2662 442 928 2332 2341 2728
6235 427 949 1221 2665 2676
6303 1377 2641 2658 2946 6226
2946 699 880 2321 2326 6271
2321 7 9 11 16 1088
6271 405 839 922 2937 6270
6270 405 835 2635 2944 6127
6127 699 1316 2142 2284 2655
2326 405 2320 2655 2676
2320 991 1316 2142 2284
6226 556 719 835 899 2142
2658 894 902 2652 6149 6225
6225 556 719 1316 2635 2655
2652 767 905 2645 2650 6221
6221 719 767 772 930
2650 7 9 11 16 1088
6149 433 521 930 2608 2727
76 216 6307 6308 6311 6313
6307 210 213 231 1056 1549
6311 222 237 453 5051
5051 7 9 11 16 1088
222 210 1118 1443 1445 6204
6204 350 453 661 932
6308 65 213 219 6306
6306 210 234 241
6313 224 226 1851 5070 5071
224 231 348 1636 4868 6213
6213 348 770 989 1137 4429
4429 350 1056 1549
4868 234 241 350
5071 234 348 350 1636 6209
6209 241 348 1056 1549
1851 348 1841 1845 1852
1852 350 706 770 1848
1848 661 927 1849
1845 661 927 932 1008 2915
226 227 1915 5113 6154 6219
5113 210 213 770 1549 5111
5111 7 9 11 16 601
6154 213 661 706 770 1056
227 213 1636 1849 5117 6218
5117 927 932 989 1137
6218 210 213 234 241 989
6219 210 661 1008 2915 4540
5070 219 231 350 989 1137
6302 863 2929 2930 2936 6300
2936 661 719 1849 6131 6264
6264 699 772 868 6263
6263 4 244 601 1088 1936
6131 433 556 930 2608
2929 556 1364 1877 2284 2727
6300 719 2635 2944 6296 6299
6296 556 719 949 991 2142
6299 556 719 2287 2676 2944
2930 433 719 930 1877 6261
6261 556 719 1221 1878 2286
22 74 180 184 3656 4388
4388 231 241 3616 5153
74 186 189 6195 6196 6197
6197 65 184 185 207 6193
6193 180 184 185 1196 1288
6195 180 184 185 196 661
196 164 166 180 184 1287
6196 180 184 185 202 661
21 65 72 165 167 170
170 162 165 174 715 2413
2413 167 384 445 715
72 162 173 176 513 514
176 3 4 6 297 475
173 165 174
20 8 12 14 15 69
69 1486 4057 6165 6189 6190
6190 3 6 383 391 6187
6187 3 6 387 389 391
6189 3 6 383 389 6185
6185 8 12 14 15 311
6165 5 8 10 153
4057 8 12 14 15 1489
19 65 153 156 158
158 4 154 156 244 595
18 5 8 10 65 153
17 64 6168 6175 6176 6177
6177 3 6 158 391 1467
6175 3 6 146 383 387
146 8 12 14 15
6168 12 14 15 215 3682
3682 5 8 10 154 1805
1805 7 9 11 16 476
6176 3 6 383 387 391
64 3 6 389 6178
6178 8 12 14 15
